--- Circuit ---
  Inputs: 8, Outputs to optimize: 1

Phase 1: Computing truth table...
  Truth table: 2^8 = 256 inputs, 4 batches, 1 output(s), 104 thread(s)

Phase 2: Raw ANF baseline...
  Sum T = 120
  Max deg = 7
    om_0: T=120, m=7

Phase 2c: d1c product-based simplification...
    [d1c] output 0 (t=8): T_nl 120 → 8 (b=0xff)
      → T_union=8
    Searched 1 output(s), 1 improved
    d1c time: 0.00124393 s

Phase 2b: Computing Aut(F) basis...
  dim(Aut(F)) = 6
  basis vectors: 1 2 4 8 16 32
  Aut(F) time: 2.8883e-05 s
  Dependency union: 8/8 bits (0 don't-care)

Phase 3: Computing Walsh correlations...
  Output om_0 top-5 bits: 0(0) 1(0) 2(0) 3(0) 4(0)
  Walsh time: 0.000284142 s

Phase 4: Searching for M,b...
  4a-pr: Progressive M construction (max m=16)...
    progressive result: m=8 T_union=128
    progressive time: 0.000904573 s
  4a: Single-row Walsh (80 candidates)
  4b: Multi-row Walsh (10 progressive + pair combinations)
  4c: Random M,b (100000 candidates)
  Search time: 16.212 s
  4e: Hill climbing from top 100000 candidates (+ identity)
    hill climb #1: T=22 -> T=8
    hill climb #2: T=24 -> T=7
    hill climb #3: T=24 -> T=6
    hill climb #4: T=24 -> T=8
    hill climb #5: T=24 -> T=14
    hill climb #6: T=24 -> T=8
    hill climb #7: T=25 -> T=12
    hill climb #8: T=26 -> T=14
    hill climb #9: T=26 -> T=8
    hill climb #10: T=26 -> T=10
    hill climb #11: T=26 -> T=10
    hill climb #13: T=28 -> T=10
    hill climb #14: T=28 -> T=10
    hill climb #15: T=28 -> T=10
    hill climb #16: T=28 -> T=20
    hill climb #17: T=28 -> T=10
    hill climb #18: T=29 -> T=10
    hill climb #19: T=30 -> T=12
    hill climb #20: T=30 -> T=6
    hill climb #21: T=30 -> T=12
    hill climb #22: T=30 -> T=14
    hill climb #23: T=30 -> T=8
    hill climb #24: T=30 -> T=6
    hill climb #25: T=30 -> T=18
    hill climb #26: T=30 -> T=12
    hill climb #28: T=32 -> T=10
    hill climb #29: T=32 -> T=16
    hill climb #30: T=32 -> T=12
    hill climb #31: T=32 -> T=14
    hill climb #32: T=32 -> T=10
    hill climb #33: T=32 -> T=10
    hill climb #34: T=32 -> T=16
    hill climb #35: T=34 -> T=18
    hill climb #36: T=34 -> T=24
    hill climb #37: T=34 -> T=8
    hill climb #38: T=34 -> T=12
    hill climb #39: T=34 -> T=8
    hill climb #40: T=34 -> T=10
    hill climb #41: T=34 -> T=26
    hill climb #42: T=34 -> T=16
    hill climb #43: T=34 -> T=12
    hill climb #44: T=34 -> T=28
    hill climb #45: T=34 -> T=20
    hill climb #46: T=34 -> T=10
    hill climb #47: T=34 -> T=10
    hill climb #48: T=35 -> T=10
    hill climb #49: T=35 -> T=12
    hill climb #50: T=35 -> T=12
    hill climb #51: T=35 -> T=8
    hill climb #52: T=36 -> T=8
    hill climb #53: T=36 -> T=12
    hill climb #55: T=36 -> T=18
    hill climb #56: T=36 -> T=12
    hill climb #57: T=36 -> T=14
    hill climb #58: T=36 -> T=14
    hill climb #60: T=36 -> T=10
    hill climb #61: T=36 -> T=14
    hill climb #62: T=36 -> T=12
    hill climb #63: T=36 -> T=8
    hill climb #64: T=36 -> T=12
    hill climb #65: T=36 -> T=16
    hill climb #66: T=36 -> T=8
    hill climb #67: T=36 -> T=10
    hill climb #69: T=36 -> T=10
    hill climb #70: T=36 -> T=9
    hill climb #71: T=36 -> T=14
    hill climb #72: T=38 -> T=8
    hill climb #73: T=38 -> T=14
    hill climb #74: T=38 -> T=12
    hill climb #75: T=38 -> T=11
    hill climb #76: T=38 -> T=12
    hill climb #77: T=38 -> T=6
    hill climb #78: T=38 -> T=12
    hill climb #79: T=38 -> T=8
    hill climb #80: T=38 -> T=12
    hill climb #81: T=38 -> T=10
    hill climb #83: T=38 -> T=10
    hill climb #84: T=38 -> T=12
    hill climb #85: T=38 -> T=12
    hill climb #86: T=38 -> T=12
    hill climb #87: T=38 -> T=14
    hill climb #88: T=38 -> T=14
    hill climb #89: T=38 -> T=12
    hill climb #90: T=38 -> T=12
    hill climb #91: T=38 -> T=12
    hill climb #92: T=38 -> T=12
    hill climb #93: T=38 -> T=10
    hill climb #96: T=38 -> T=10
    hill climb #97: T=38 -> T=14
    hill climb #98: T=38 -> T=16
    hill climb #99: T=39 -> T=12
    hill climb #100: T=39 -> T=14
    hill climb #102: T=40 -> T=10
    hill climb #103: T=40 -> T=14
    hill climb #104: T=40 -> T=10
    hill climb #105: T=40 -> T=20
    hill climb #106: T=40 -> T=10
    hill climb #107: T=40 -> T=6
    hill climb #109: T=40 -> T=18
    hill climb #110: T=40 -> T=10
    hill climb #111: T=40 -> T=12
    hill climb #112: T=40 -> T=10
    hill climb #113: T=40 -> T=11
    hill climb #114: T=40 -> T=16
    hill climb #115: T=40 -> T=10
    hill climb #116: T=40 -> T=18
    hill climb #117: T=40 -> T=16
    hill climb #118: T=40 -> T=8
    hill climb #119: T=40 -> T=12
    hill climb #120: T=40 -> T=8
    hill climb #121: T=40 -> T=10
    hill climb #122: T=40 -> T=12
    hill climb #123: T=40 -> T=8
    hill climb #124: T=40 -> T=8
    hill climb #125: T=40 -> T=16
    hill climb #126: T=40 -> T=12
    hill climb #127: T=40 -> T=18
    hill climb #128: T=40 -> T=10
    hill climb #129: T=40 -> T=12
    hill climb #130: T=40 -> T=8
    hill climb #131: T=40 -> T=14
    hill climb #132: T=40 -> T=12
    hill climb #133: T=40 -> T=12
    hill climb #134: T=40 -> T=14
    hill climb #135: T=40 -> T=11
    hill climb #136: T=40 -> T=10
    hill climb #137: T=41 -> T=14
    hill climb #139: T=42 -> T=12
    hill climb #141: T=42 -> T=8
    hill climb #143: T=42 -> T=6
    hill climb #144: T=42 -> T=20
    hill climb #145: T=42 -> T=14
    hill climb #147: T=42 -> T=18
    hill climb #148: T=42 -> T=24
    hill climb #149: T=42 -> T=12
    hill climb #150: T=42 -> T=16
    hill climb #151: T=42 -> T=18
    hill climb #152: T=42 -> T=14
    hill climb #153: T=42 -> T=12
    hill climb #154: T=42 -> T=16
    hill climb #155: T=42 -> T=16
    hill climb #156: T=42 -> T=8
    hill climb #157: T=42 -> T=11
    hill climb #158: T=42 -> T=10
    hill climb #159: T=42 -> T=10
    hill climb #160: T=42 -> T=8
    hill climb #161: T=42 -> T=10
    hill climb #162: T=42 -> T=24
    hill climb #163: T=42 -> T=14
    hill climb #164: T=42 -> T=16
    hill climb #165: T=42 -> T=10
    hill climb #167: T=42 -> T=12
    hill climb #168: T=42 -> T=12
    hill climb #169: T=42 -> T=12
    hill climb #170: T=42 -> T=6
    hill climb #171: T=42 -> T=12
    hill climb #172: T=42 -> T=14
    hill climb #173: T=42 -> T=22
    hill climb #174: T=42 -> T=16
    hill climb #175: T=43 -> T=12
    hill climb #176: T=43 -> T=10
    hill climb #177: T=43 -> T=8
    hill climb #178: T=43 -> T=8
    hill climb #179: T=44 -> T=12
    hill climb #181: T=44 -> T=6
    hill climb #182: T=44 -> T=16
    hill climb #183: T=44 -> T=14
    hill climb #184: T=44 -> T=12
    hill climb #185: T=44 -> T=12
    hill climb #186: T=44 -> T=10
    hill climb #187: T=44 -> T=8
    hill climb #188: T=44 -> T=20
    hill climb #189: T=44 -> T=8
    hill climb #191: T=44 -> T=12
    hill climb #192: T=44 -> T=14
    hill climb #193: T=44 -> T=10
    hill climb #195: T=44 -> T=10
    hill climb #196: T=44 -> T=12
    hill climb #197: T=44 -> T=18
    hill climb #198: T=44 -> T=7
    hill climb #199: T=44 -> T=12
    hill climb #201: T=44 -> T=12
    hill climb #202: T=44 -> T=12
    hill climb #205: T=44 -> T=12
    hill climb #207: T=44 -> T=10
    hill climb #209: T=44 -> T=8
    hill climb #210: T=44 -> T=10
    hill climb #211: T=44 -> T=12
    hill climb #212: T=44 -> T=12
    hill climb #213: T=44 -> T=10
    hill climb #214: T=44 -> T=12
    hill climb #215: T=44 -> T=14
    hill climb #216: T=44 -> T=12
    hill climb #217: T=44 -> T=12
    hill climb #218: T=44 -> T=20
    hill climb #219: T=44 -> T=12
    hill climb #220: T=44 -> T=16
    hill climb #221: T=44 -> T=8
    hill climb #223: T=45 -> T=10
    hill climb #224: T=46 -> T=14
    hill climb #225: T=46 -> T=12
    hill climb #226: T=46 -> T=12
    hill climb #227: T=46 -> T=16
    hill climb #228: T=46 -> T=10
    hill climb #229: T=46 -> T=14
    hill climb #230: T=46 -> T=16
    hill climb #231: T=46 -> T=10
    hill climb #233: T=46 -> T=14
    hill climb #234: T=46 -> T=10
    hill climb #235: T=46 -> T=12
    hill climb #236: T=46 -> T=10
    hill climb #237: T=46 -> T=12
    hill climb #238: T=46 -> T=8
    hill climb #239: T=46 -> T=22
    hill climb #240: T=46 -> T=10
    hill climb #241: T=46 -> T=16
    hill climb #245: T=46 -> T=12
    hill climb #246: T=46 -> T=18
    hill climb #247: T=46 -> T=10
    hill climb #249: T=46 -> T=14
    hill climb #250: T=46 -> T=16
    hill climb #252: T=46 -> T=12
    hill climb #253: T=46 -> T=12
    hill climb #254: T=46 -> T=12
    hill climb #255: T=46 -> T=22
    hill climb #256: T=46 -> T=14
    hill climb #257: T=46 -> T=12
    hill climb #259: T=46 -> T=14
    hill climb #260: T=46 -> T=24
    hill climb #261: T=46 -> T=10
    hill climb #262: T=46 -> T=10
    hill climb #264: T=46 -> T=10
    hill climb #266: T=46 -> T=10
    hill climb #267: T=46 -> T=10
    hill climb #268: T=46 -> T=14
    hill climb #269: T=46 -> T=14
    hill climb #271: T=46 -> T=12
    hill climb #272: T=46 -> T=14
    hill climb #276: T=48 -> T=8
    hill climb #278: T=48 -> T=14
    hill climb #280: T=48 -> T=10
    hill climb #281: T=48 -> T=20
    hill climb #282: T=48 -> T=10
    hill climb #283: T=48 -> T=12
    hill climb #284: T=48 -> T=12
    hill climb #287: T=48 -> T=16
    hill climb #289: T=48 -> T=14
    hill climb #290: T=48 -> T=12
    hill climb #291: T=48 -> T=12
    hill climb #292: T=48 -> T=10
    hill climb #293: T=48 -> T=16
    hill climb #294: T=48 -> T=14
    hill climb #295: T=48 -> T=24
    hill climb #297: T=48 -> T=22
    hill climb #298: T=48 -> T=12
    hill climb #300: T=48 -> T=14
    hill climb #301: T=48 -> T=10
    hill climb #302: T=48 -> T=12
    hill climb #303: T=48 -> T=22
    hill climb #306: T=48 -> T=22
    hill climb #307: T=48 -> T=12
    hill climb #312: T=48 -> T=10
    hill climb #314: T=48 -> T=12
    hill climb #316: T=48 -> T=6
    hill climb #317: T=48 -> T=8
    hill climb #318: T=48 -> T=12
    hill climb #319: T=48 -> T=10
    hill climb #321: T=48 -> T=16
    hill climb #322: T=48 -> T=14
    hill climb #323: T=48 -> T=10
    hill climb #324: T=48 -> T=6
    hill climb #325: T=48 -> T=12
    hill climb #326: T=48 -> T=12
    hill climb #328: T=48 -> T=18
    hill climb #329: T=48 -> T=16
    hill climb #330: T=48 -> T=10
    hill climb #332: T=48 -> T=16
    hill climb #333: T=48 -> T=12
    hill climb #334: T=50 -> T=10
    hill climb #335: T=50 -> T=18
    hill climb #336: T=50 -> T=12
    hill climb #337: T=50 -> T=14
    hill climb #338: T=50 -> T=12
    hill climb #339: T=50 -> T=14
    hill climb #340: T=50 -> T=12
    hill climb #341: T=50 -> T=10
    hill climb #342: T=50 -> T=16
    hill climb #344: T=50 -> T=12
    hill climb #345: T=50 -> T=8
    hill climb #346: T=50 -> T=12
    hill climb #347: T=50 -> T=8
    hill climb #348: T=50 -> T=10
    hill climb #349: T=50 -> T=8
    hill climb #350: T=50 -> T=10
    hill climb #353: T=50 -> T=10
    hill climb #354: T=50 -> T=14
    hill climb #355: T=50 -> T=18
    hill climb #356: T=50 -> T=22
    hill climb #357: T=50 -> T=6
    hill climb #358: T=50 -> T=8
    hill climb #359: T=50 -> T=10
    hill climb #362: T=50 -> T=14
    hill climb #363: T=50 -> T=6
    hill climb #364: T=50 -> T=18
    hill climb #365: T=50 -> T=12
    hill climb #366: T=50 -> T=10
    hill climb #367: T=50 -> T=18
    hill climb #368: T=50 -> T=12
    hill climb #369: T=50 -> T=10
    hill climb #370: T=50 -> T=8
    hill climb #371: T=50 -> T=10
    hill climb #373: T=50 -> T=16
    hill climb #376: T=50 -> T=12
    hill climb #379: T=50 -> T=18
    hill climb #380: T=50 -> T=12
    hill climb #382: T=50 -> T=6
    hill climb #383: T=50 -> T=12
    hill climb #385: T=50 -> T=10
    hill climb #389: T=50 -> T=10
    hill climb #390: T=50 -> T=10
    hill climb #391: T=50 -> T=12
    hill climb #392: T=50 -> T=20
    hill climb #393: T=51 -> T=20
    hill climb #395: T=52 -> T=14
    hill climb #396: T=52 -> T=8
    hill climb #398: T=52 -> T=12
    hill climb #399: T=52 -> T=16
    hill climb #401: T=52 -> T=12
    hill climb #404: T=52 -> T=14
    hill climb #407: T=52 -> T=14
    hill climb #408: T=52 -> T=10
    hill climb #409: T=52 -> T=16
    hill climb #410: T=52 -> T=10
    hill climb #412: T=52 -> T=8
    hill climb #414: T=52 -> T=12
    hill climb #415: T=52 -> T=10
    hill climb #417: T=52 -> T=12
    hill climb #418: T=52 -> T=10
    hill climb #419: T=52 -> T=16
    hill climb #420: T=52 -> T=10
    hill climb #421: T=52 -> T=12
    hill climb #423: T=52 -> T=12
    hill climb #426: T=52 -> T=10
    hill climb #427: T=52 -> T=10
    hill climb #428: T=52 -> T=14
    hill climb #430: T=52 -> T=10
    hill climb #431: T=52 -> T=10
    hill climb #432: T=52 -> T=20
    hill climb #433: T=52 -> T=8
    hill climb #435: T=52 -> T=8
    hill climb #438: T=52 -> T=8
    hill climb #439: T=52 -> T=10
    hill climb #441: T=52 -> T=14
    hill climb #442: T=52 -> T=10
    hill climb #445: T=52 -> T=14
    hill climb #447: T=53 -> T=8
    hill climb #449: T=54 -> T=28
    hill climb #450: T=54 -> T=10
    hill climb #451: T=54 -> T=20
    hill climb #452: T=54 -> T=8
    hill climb #455: T=54 -> T=8
    hill climb #458: T=54 -> T=14
    hill climb #459: T=54 -> T=6
    hill climb #460: T=54 -> T=12
    hill climb #461: T=54 -> T=16
    hill climb #463: T=54 -> T=10
    hill climb #465: T=54 -> T=12
    hill climb #466: T=54 -> T=12
    hill climb #467: T=54 -> T=16
    hill climb #469: T=54 -> T=20
    hill climb #470: T=54 -> T=12
    hill climb #473: T=54 -> T=12
    hill climb #474: T=54 -> T=8
    hill climb #476: T=54 -> T=12
    hill climb #477: T=54 -> T=12
    hill climb #478: T=54 -> T=10
    hill climb #479: T=54 -> T=12
    hill climb #480: T=54 -> T=28
    hill climb #481: T=54 -> T=8
    hill climb #482: T=54 -> T=32
    hill climb #483: T=54 -> T=20
    hill climb #484: T=54 -> T=12
    hill climb #486: T=54 -> T=14
    hill climb #487: T=54 -> T=16
    hill climb #488: T=54 -> T=10
    hill climb #489: T=54 -> T=10
    hill climb #490: T=54 -> T=20
    hill climb #492: T=54 -> T=14
    hill climb #493: T=54 -> T=19
    hill climb #497: T=54 -> T=12
    hill climb #498: T=54 -> T=14
    hill climb #500: T=54 -> T=12
    hill climb #501: T=54 -> T=12
    hill climb #503: T=54 -> T=10
    hill climb #504: T=54 -> T=12
    hill climb #507: T=54 -> T=16
    hill climb #508: T=54 -> T=12
    hill climb #510: T=54 -> T=16
    hill climb #512: T=54 -> T=8
    hill climb #513: T=54 -> T=12
    hill climb #515: T=54 -> T=16
    hill climb #516: T=54 -> T=8
    hill climb #517: T=54 -> T=6
    hill climb #518: T=54 -> T=10
    hill climb #519: T=54 -> T=10
    hill climb #520: T=54 -> T=12
    hill climb #522: T=54 -> T=24
    hill climb #523: T=54 -> T=20
    hill climb #524: T=54 -> T=12
    hill climb #525: T=54 -> T=14
    hill climb #526: T=54 -> T=12
    hill climb #527: T=55 -> T=6
    hill climb #528: T=56 -> T=16
    hill climb #529: T=56 -> T=18
    hill climb #530: T=56 -> T=12
    hill climb #533: T=56 -> T=12
    hill climb #534: T=56 -> T=12
    hill climb #535: T=56 -> T=18
    hill climb #536: T=56 -> T=12
    hill climb #537: T=56 -> T=22
    hill climb #538: T=56 -> T=10
    hill climb #539: T=56 -> T=8
    hill climb #540: T=56 -> T=16
    hill climb #541: T=56 -> T=12
    hill climb #542: T=56 -> T=8
    hill climb #543: T=56 -> T=22
    hill climb #545: T=56 -> T=8
    hill climb #548: T=56 -> T=12
    hill climb #549: T=56 -> T=14
    hill climb #550: T=56 -> T=12
    hill climb #551: T=56 -> T=12
    hill climb #552: T=56 -> T=12
    hill climb #554: T=56 -> T=14
    hill climb #558: T=56 -> T=20
    hill climb #559: T=56 -> T=10
    hill climb #561: T=56 -> T=8
    hill climb #562: T=56 -> T=10
    hill climb #564: T=56 -> T=10
    hill climb #567: T=56 -> T=12
    hill climb #570: T=56 -> T=12
    hill climb #571: T=56 -> T=8
    hill climb #573: T=56 -> T=12
    hill climb #574: T=56 -> T=14
    hill climb #575: T=56 -> T=10
    hill climb #576: T=56 -> T=10
    hill climb #577: T=56 -> T=12
    hill climb #578: T=56 -> T=10
    hill climb #580: T=56 -> T=12
    hill climb #581: T=56 -> T=8
    hill climb #582: T=56 -> T=16
    hill climb #583: T=56 -> T=16
    hill climb #584: T=56 -> T=12
    hill climb #585: T=56 -> T=10
    hill climb #586: T=56 -> T=10
    hill climb #588: T=56 -> T=8
    hill climb #589: T=56 -> T=14
    hill climb #590: T=56 -> T=10
    hill climb #591: T=56 -> T=24
    hill climb #592: T=56 -> T=10
    hill climb #593: T=56 -> T=14
    hill climb #594: T=56 -> T=12
    hill climb #595: T=56 -> T=10
    hill climb #596: T=56 -> T=12
    hill climb #597: T=56 -> T=8
    hill climb #598: T=56 -> T=24
    hill climb #600: T=56 -> T=18
    hill climb #601: T=56 -> T=12
    hill climb #602: T=58 -> T=16
    hill climb #604: T=58 -> T=26
    hill climb #605: T=58 -> T=12
    hill climb #606: T=58 -> T=18
    hill climb (complement) #607: T=58 -> T=5
    hill climb #608: T=58 -> T=14
    hill climb #610: T=58 -> T=6
    hill climb #611: T=58 -> T=14
    hill climb #612: T=58 -> T=12
    hill climb #613: T=58 -> T=9
    hill climb #614: T=58 -> T=14
    hill climb #616: T=58 -> T=14
    hill climb #617: T=58 -> T=10
    hill climb #619: T=58 -> T=8
    hill climb #620: T=58 -> T=8
    hill climb #621: T=58 -> T=10
    hill climb #623: T=58 -> T=16
    hill climb #624: T=58 -> T=10
    hill climb #626: T=58 -> T=14
    hill climb #628: T=58 -> T=30
    hill climb #629: T=58 -> T=10
    hill climb #631: T=58 -> T=12
    hill climb #632: T=58 -> T=16
    hill climb #635: T=58 -> T=22
    hill climb #637: T=58 -> T=14
    hill climb #638: T=58 -> T=12
    hill climb #641: T=58 -> T=14
    hill climb #643: T=58 -> T=10
    hill climb #645: T=58 -> T=12
    hill climb #647: T=58 -> T=12
    hill climb #648: T=58 -> T=12
    hill climb #649: T=58 -> T=12
    hill climb #650: T=58 -> T=12
    hill climb #652: T=58 -> T=12
    hill climb #653: T=58 -> T=10
    hill climb #655: T=58 -> T=10
    hill climb #656: T=58 -> T=10
    hill climb #659: T=58 -> T=10
    hill climb #660: T=58 -> T=6
    hill climb #662: T=58 -> T=14
    hill climb #663: T=58 -> T=8
    hill climb #664: T=58 -> T=12
    hill climb #668: T=58 -> T=10
    hill climb #671: T=58 -> T=12
    hill climb #672: T=58 -> T=14
    hill climb #674: T=58 -> T=12
    hill climb #675: T=58 -> T=10
    hill climb #676: T=58 -> T=8
    hill climb #677: T=58 -> T=14
    hill climb #678: T=58 -> T=12
    hill climb #682: T=58 -> T=16
    hill climb #685: T=58 -> T=14
    hill climb #688: T=58 -> T=12
    hill climb #689: T=58 -> T=14
    hill climb #690: T=58 -> T=8
    hill climb #691: T=58 -> T=12
    hill climb #692: T=58 -> T=14
    hill climb #695: T=58 -> T=9
    hill climb #696: T=58 -> T=16
    hill climb #697: T=59 -> T=12
    hill climb #698: T=59 -> T=12
    hill climb #700: T=60 -> T=16
    hill climb #701: T=60 -> T=12
    hill climb #703: T=60 -> T=20
    hill climb #707: T=60 -> T=10
    hill climb #708: T=60 -> T=14
    hill climb #709: T=60 -> T=15
    hill climb #711: T=60 -> T=12
    hill climb #712: T=60 -> T=10
    hill climb #714: T=60 -> T=10
    hill climb #715: T=60 -> T=14
    hill climb #716: T=60 -> T=12
    hill climb #717: T=60 -> T=10
    hill climb #718: T=60 -> T=16
    hill climb #719: T=60 -> T=10
    hill climb #720: T=60 -> T=18
    hill climb #724: T=60 -> T=14
    hill climb #729: T=60 -> T=14
    hill climb #731: T=60 -> T=16
    hill climb #732: T=60 -> T=20
    hill climb #734: T=60 -> T=16
    hill climb #737: T=60 -> T=10
    hill climb #738: T=60 -> T=12
    hill climb #740: T=60 -> T=10
    hill climb #741: T=60 -> T=12
    hill climb (complement) #744: T=60 -> T=14
    hill climb #745: T=60 -> T=10
    hill climb #746: T=60 -> T=14
    hill climb #747: T=60 -> T=18
    hill climb #748: T=60 -> T=12
    hill climb #750: T=60 -> T=16
    hill climb #751: T=60 -> T=18
    hill climb #752: T=60 -> T=18
    hill climb #753: T=60 -> T=12
    hill climb #754: T=60 -> T=12
    hill climb #755: T=60 -> T=8
    hill climb #756: T=60 -> T=18
    hill climb #757: T=60 -> T=34
    hill climb #760: T=60 -> T=16
    hill climb #761: T=60 -> T=6
    hill climb #762: T=60 -> T=8
    hill climb #763: T=60 -> T=18
    hill climb #764: T=60 -> T=8
    hill climb #765: T=60 -> T=10
    hill climb #768: T=60 -> T=9
    hill climb #771: T=60 -> T=6
    hill climb #773: T=60 -> T=12
    hill climb #774: T=60 -> T=18
    hill climb #775: T=60 -> T=12
    hill climb #776: T=60 -> T=14
    hill climb #777: T=60 -> T=18
    hill climb #779: T=60 -> T=14
    hill climb #780: T=60 -> T=12
    hill climb #781: T=60 -> T=12
    hill climb #782: T=60 -> T=20
    hill climb #783: T=60 -> T=12
    hill climb #785: T=60 -> T=10
    hill climb #786: T=60 -> T=12
    hill climb #789: T=60 -> T=16
    hill climb #790: T=60 -> T=14
    hill climb #791: T=60 -> T=10
    hill climb #792: T=60 -> T=12
    hill climb #794: T=60 -> T=16
    hill climb #795: T=60 -> T=14
    hill climb #796: T=60 -> T=12
    hill climb #797: T=61 -> T=16
    hill climb #799: T=62 -> T=24
    hill climb #802: T=62 -> T=16
    hill climb #803: T=62 -> T=12
    hill climb #805: T=62 -> T=18
    hill climb #806: T=62 -> T=16
    hill climb #808: T=62 -> T=14
    hill climb #809: T=62 -> T=14
    hill climb #813: T=62 -> T=16
    hill climb #814: T=62 -> T=12
    hill climb #815: T=62 -> T=12
    hill climb #816: T=62 -> T=10
    hill climb #818: T=62 -> T=18
    hill climb #819: T=62 -> T=8
    hill climb #822: T=62 -> T=16
    hill climb #824: T=62 -> T=24
    hill climb #826: T=62 -> T=14
    hill climb #828: T=62 -> T=18
    hill climb #829: T=62 -> T=10
    hill climb #830: T=62 -> T=11
    hill climb #831: T=62 -> T=12
    hill climb #833: T=62 -> T=12
    hill climb #836: T=62 -> T=8
    hill climb #837: T=62 -> T=6
    hill climb #838: T=62 -> T=10
    hill climb #840: T=62 -> T=22
    hill climb #841: T=62 -> T=12
    hill climb #842: T=62 -> T=14
    hill climb #843: T=62 -> T=10
    hill climb #845: T=62 -> T=22
    hill climb #849: T=62 -> T=10
    hill climb #850: T=62 -> T=14
    hill climb #855: T=62 -> T=14
    hill climb #856: T=62 -> T=10
    hill climb #857: T=62 -> T=10
    hill climb #858: T=62 -> T=8
    hill climb #859: T=62 -> T=8
    hill climb #861: T=62 -> T=18
    hill climb #863: T=62 -> T=12
    hill climb #865: T=62 -> T=12
    hill climb #868: T=62 -> T=10
    hill climb #869: T=62 -> T=10
    hill climb #872: T=62 -> T=10
    hill climb #874: T=62 -> T=10
    hill climb #876: T=62 -> T=14
    hill climb #879: T=62 -> T=22
    hill climb #881: T=62 -> T=34
    hill climb #882: T=62 -> T=6
    hill climb #883: T=62 -> T=14
    hill climb #885: T=62 -> T=12
    hill climb #889: T=62 -> T=12
    hill climb #893: T=62 -> T=16
    hill climb #894: T=62 -> T=8
    hill climb #899: T=62 -> T=14
    hill climb #901: T=62 -> T=8
    hill climb #905: T=63 -> T=12
    hill climb #906: T=64 -> T=12
    hill climb #908: T=64 -> T=16
    hill climb #909: T=64 -> T=19
    hill climb #911: T=64 -> T=18
    hill climb #912: T=64 -> T=16
    hill climb #913: T=64 -> T=12
    hill climb #915: T=64 -> T=18
    hill climb #916: T=64 -> T=14
    hill climb #918: T=64 -> T=26
    hill climb #920: T=64 -> T=8
    hill climb #921: T=64 -> T=12
    hill climb #923: T=64 -> T=14
    hill climb #925: T=64 -> T=12
    hill climb #929: T=64 -> T=10
    hill climb #930: T=64 -> T=28
    hill climb #932: T=64 -> T=12
    hill climb #933: T=64 -> T=12
    hill climb #934: T=64 -> T=12
    hill climb #938: T=64 -> T=16
    hill climb #939: T=64 -> T=16
    hill climb #941: T=64 -> T=10
    hill climb #943: T=64 -> T=14
    hill climb #944: T=64 -> T=14
    hill climb #945: T=64 -> T=16
    hill climb #946: T=64 -> T=12
    hill climb #947: T=64 -> T=10
    hill climb #948: T=64 -> T=20
    hill climb #949: T=64 -> T=12
    hill climb #950: T=64 -> T=10
    hill climb #952: T=64 -> T=16
    hill climb #953: T=64 -> T=18
    hill climb #955: T=64 -> T=16
    hill climb #959: T=64 -> T=16
    hill climb #962: T=64 -> T=8
    hill climb #963: T=64 -> T=16
    hill climb #965: T=64 -> T=14
    hill climb #966: T=64 -> T=18
    hill climb #968: T=64 -> T=12
    hill climb #969: T=64 -> T=24
    hill climb #970: T=64 -> T=8
    hill climb #971: T=64 -> T=8
    hill climb #973: T=64 -> T=20
    hill climb #975: T=64 -> T=12
    hill climb #977: T=64 -> T=10
    hill climb #979: T=64 -> T=12
    hill climb #980: T=64 -> T=12
    hill climb #982: T=64 -> T=10
    hill climb #983: T=64 -> T=12
    hill climb #985: T=64 -> T=10
    hill climb #986: T=64 -> T=14
    hill climb #988: T=64 -> T=12
    hill climb #989: T=64 -> T=10
    hill climb #990: T=64 -> T=14
    hill climb #991: T=64 -> T=8
    hill climb #992: T=65 -> T=20
    hill climb #993: T=65 -> T=8
    hill climb #995: T=65 -> T=10
    hill climb #997: T=66 -> T=8
    hill climb #998: T=66 -> T=16
    hill climb #1000: T=66 -> T=10
    hill climb #1001: T=66 -> T=12
    hill climb #1003: T=66 -> T=6
    hill climb #1005: T=66 -> T=12
    hill climb #1009: T=66 -> T=20
    hill climb #1010: T=66 -> T=14
    hill climb #1011: T=66 -> T=14
    hill climb #1012: T=66 -> T=14
    hill climb #1013: T=66 -> T=8
    hill climb #1016: T=66 -> T=8
    hill climb #1017: T=66 -> T=16
    hill climb #1018: T=66 -> T=10
    hill climb #1019: T=66 -> T=10
    hill climb #1020: T=66 -> T=10
    hill climb #1022: T=66 -> T=16
    hill climb #1026: T=66 -> T=16
    hill climb #1027: T=66 -> T=12
    hill climb #1028: T=66 -> T=18
    hill climb #1029: T=66 -> T=12
    hill climb #1030: T=66 -> T=12
    hill climb #1031: T=66 -> T=16
    hill climb #1032: T=66 -> T=8
    hill climb #1035: T=66 -> T=8
    hill climb #1036: T=66 -> T=12
    hill climb #1037: T=66 -> T=18
    hill climb #1040: T=66 -> T=12
    hill climb #1041: T=66 -> T=14
    hill climb #1042: T=66 -> T=10
    hill climb #1045: T=66 -> T=14
    hill climb #1046: T=66 -> T=16
    hill climb #1048: T=66 -> T=10
    hill climb #1049: T=66 -> T=10
    hill climb #1050: T=66 -> T=10
    hill climb #1052: T=66 -> T=8
    hill climb #1054: T=66 -> T=10
    hill climb #1056: T=66 -> T=14
    hill climb #1057: T=66 -> T=14
    hill climb #1058: T=66 -> T=12
    hill climb #1059: T=66 -> T=6
    hill climb #1061: T=66 -> T=20
    hill climb #1063: T=66 -> T=12
    hill climb #1064: T=66 -> T=14
    hill climb #1066: T=66 -> T=10
    hill climb #1069: T=66 -> T=16
    hill climb #1072: T=66 -> T=8
    hill climb #1080: T=66 -> T=12
    hill climb #1082: T=66 -> T=10
    hill climb #1083: T=66 -> T=12
    hill climb #1084: T=66 -> T=12
    hill climb #1086: T=67 -> T=12
    hill climb #1090: T=68 -> T=16
    hill climb #1091: T=68 -> T=14
    hill climb #1092: T=68 -> T=12
    hill climb #1093: T=68 -> T=12
    hill climb #1094: T=68 -> T=8
    hill climb #1096: T=68 -> T=10
    hill climb #1099: T=68 -> T=14
    hill climb #1101: T=68 -> T=16
    hill climb #1103: T=68 -> T=14
    hill climb #1104: T=68 -> T=12
    hill climb #1105: T=68 -> T=22
    hill climb #1107: T=68 -> T=8
    hill climb #1108: T=68 -> T=16
    hill climb #1109: T=68 -> T=14
    hill climb #1110: T=68 -> T=12
    hill climb #1111: T=68 -> T=8
    hill climb #1112: T=68 -> T=8
    hill climb #1113: T=68 -> T=16
    hill climb #1114: T=68 -> T=10
    hill climb #1118: T=68 -> T=10
    hill climb #1120: T=68 -> T=14
    hill climb #1122: T=68 -> T=14
    hill climb #1124: T=68 -> T=12
    hill climb #1126: T=68 -> T=12
    hill climb #1128: T=68 -> T=14
    hill climb #1130: T=68 -> T=8
    hill climb #1132: T=68 -> T=12
    hill climb #1133: T=68 -> T=8
    hill climb #1134: T=68 -> T=10
    hill climb #1135: T=68 -> T=14
    hill climb #1136: T=68 -> T=32
    hill climb #1138: T=68 -> T=8
    hill climb #1139: T=68 -> T=6
    hill climb #1140: T=68 -> T=10
    hill climb #1141: T=68 -> T=12
    hill climb #1147: T=68 -> T=16
    hill climb #1148: T=68 -> T=14
    hill climb #1149: T=68 -> T=14
    hill climb #1152: T=68 -> T=12
    hill climb #1157: T=68 -> T=28
    hill climb #1160: T=68 -> T=8
    hill climb #1161: T=68 -> T=22
    hill climb #1166: T=68 -> T=10
    hill climb #1167: T=68 -> T=20
    hill climb #1168: T=68 -> T=14
    hill climb #1169: T=68 -> T=18
    hill climb #1172: T=68 -> T=12
    hill climb #1174: T=68 -> T=10
    hill climb #1175: T=68 -> T=12
    hill climb #1176: T=68 -> T=20
    hill climb #1178: T=68 -> T=16
    hill climb #1180: T=68 -> T=12
    hill climb #1181: T=68 -> T=10
    hill climb #1183: T=68 -> T=12
    hill climb #1185: T=68 -> T=12
    hill climb #1186: T=68 -> T=12
    hill climb #1189: T=68 -> T=6
    hill climb #1190: T=68 -> T=20
    hill climb #1191: T=68 -> T=12
    hill climb #1193: T=68 -> T=14
    hill climb #1195: T=68 -> T=8
    hill climb #1196: T=68 -> T=14
    hill climb #1197: T=68 -> T=18
    hill climb #1198: T=68 -> T=10
    hill climb #1199: T=68 -> T=12
    hill climb #1200: T=68 -> T=6
    hill climb #1201: T=68 -> T=16
    hill climb #1205: T=69 -> T=18
    hill climb #1206: T=69 -> T=18
    hill climb #1207: T=69 -> T=16
    hill climb #1208: T=69 -> T=16
    hill climb #1210: T=70 -> T=10
    hill climb #1212: T=70 -> T=16
    hill climb #1213: T=70 -> T=12
    hill climb #1214: T=70 -> T=14
    hill climb #1216: T=70 -> T=10
    hill climb #1219: T=70 -> T=8
    hill climb #1221: T=70 -> T=24
    hill climb #1222: T=70 -> T=14
    hill climb #1224: T=70 -> T=12
    hill climb #1227: T=70 -> T=20
    hill climb #1228: T=70 -> T=14
    hill climb #1230: T=70 -> T=8
    hill climb #1231: T=70 -> T=10
    hill climb #1232: T=70 -> T=14
    hill climb #1233: T=70 -> T=20
    hill climb #1234: T=70 -> T=18
    hill climb #1235: T=70 -> T=14
    hill climb #1236: T=70 -> T=10
    hill climb #1237: T=70 -> T=16
    hill climb #1243: T=70 -> T=8
    hill climb #1244: T=70 -> T=14
    hill climb #1248: T=70 -> T=12
    hill climb #1249: T=70 -> T=15
    hill climb #1251: T=70 -> T=14
    hill climb #1252: T=70 -> T=16
    hill climb #1253: T=70 -> T=18
    hill climb #1259: T=70 -> T=14
    hill climb #1260: T=70 -> T=18
    hill climb #1263: T=70 -> T=10
    hill climb #1265: T=70 -> T=14
    hill climb #1267: T=70 -> T=10
    hill climb #1269: T=70 -> T=10
    hill climb #1271: T=70 -> T=12
    hill climb #1277: T=70 -> T=24
    hill climb #1278: T=70 -> T=12
    hill climb #1280: T=70 -> T=8
    hill climb #1282: T=70 -> T=10
    hill climb #1283: T=70 -> T=12
    hill climb #1284: T=70 -> T=12
    hill climb #1285: T=70 -> T=10
    hill climb #1286: T=70 -> T=8
    hill climb #1287: T=70 -> T=10
    hill climb #1288: T=70 -> T=8
    hill climb #1289: T=70 -> T=18
    hill climb #1291: T=70 -> T=14
    hill climb #1292: T=70 -> T=10
    hill climb #1293: T=70 -> T=10
    hill climb #1295: T=70 -> T=12
    hill climb #1296: T=70 -> T=12
    hill climb #1299: T=70 -> T=12
    hill climb #1301: T=70 -> T=22
    hill climb #1304: T=70 -> T=12
    hill climb #1308: T=70 -> T=12
    hill climb #1311: T=70 -> T=16
    hill climb #1313: T=70 -> T=12
    hill climb #1318: T=70 -> T=14
    hill climb #1320: T=70 -> T=8
    hill climb #1321: T=70 -> T=14
    hill climb #1324: T=70 -> T=10
    hill climb #1327: T=70 -> T=10
    hill climb #1328: T=70 -> T=12
    hill climb #1329: T=71 -> T=10
    hill climb #1330: T=71 -> T=12
    hill climb #1331: T=71 -> T=12
    hill climb #1332: T=71 -> T=10
    hill climb #1333: T=71 -> T=12
    hill climb #1336: T=72 -> T=10
    hill climb #1337: T=72 -> T=10
    hill climb #1338: T=72 -> T=10
    hill climb #1340: T=72 -> T=10
    hill climb #1341: T=72 -> T=18
    hill climb #1343: T=72 -> T=10
    hill climb #1344: T=72 -> T=12
    hill climb #1345: T=72 -> T=28
    hill climb #1346: T=72 -> T=14
    hill climb #1347: T=72 -> T=12
    hill climb #1348: T=72 -> T=14
    hill climb #1351: T=72 -> T=12
    hill climb #1353: T=72 -> T=16
    hill climb #1354: T=72 -> T=8
    hill climb #1355: T=72 -> T=12
    hill climb #1356: T=72 -> T=18
    hill climb #1358: T=72 -> T=6
    hill climb #1359: T=72 -> T=12
    hill climb #1360: T=72 -> T=18
    hill climb #1361: T=72 -> T=10
    hill climb #1362: T=72 -> T=12
    hill climb #1364: T=72 -> T=18
    hill climb #1365: T=72 -> T=8
    hill climb #1368: T=72 -> T=20
    hill climb #1369: T=72 -> T=24
    hill climb #1370: T=72 -> T=10
    hill climb #1371: T=72 -> T=14
    hill climb #1374: T=72 -> T=28
    hill climb #1377: T=72 -> T=12
    hill climb #1378: T=72 -> T=12
    hill climb #1380: T=72 -> T=8
    hill climb #1381: T=72 -> T=8
    hill climb #1384: T=72 -> T=14
    hill climb #1385: T=72 -> T=10
    hill climb #1386: T=72 -> T=14
    hill climb #1388: T=72 -> T=14
    hill climb #1389: T=72 -> T=12
    hill climb #1390: T=72 -> T=14
    hill climb #1392: T=72 -> T=12
    hill climb #1394: T=72 -> T=16
    hill climb #1395: T=72 -> T=16
    hill climb #1397: T=72 -> T=10
    hill climb #1399: T=72 -> T=15
    hill climb #1401: T=72 -> T=20
    hill climb #1402: T=72 -> T=20
    hill climb #1404: T=72 -> T=8
    hill climb #1405: T=72 -> T=16
    hill climb #1408: T=72 -> T=10
    hill climb #1412: T=72 -> T=8
    hill climb #1414: T=72 -> T=12
    hill climb #1415: T=72 -> T=12
    hill climb #1416: T=72 -> T=14
    hill climb #1417: T=72 -> T=14
    hill climb #1418: T=72 -> T=10
    hill climb #1419: T=72 -> T=8
    hill climb #1421: T=72 -> T=18
    hill climb #1423: T=72 -> T=26
    hill climb #1425: T=72 -> T=30
    hill climb #1426: T=72 -> T=10
    hill climb #1427: T=72 -> T=6
    hill climb #1428: T=72 -> T=18
    hill climb #1429: T=72 -> T=12
    hill climb #1431: T=72 -> T=10
    hill climb #1432: T=72 -> T=10
    hill climb #1434: T=72 -> T=10
    hill climb #1437: T=72 -> T=12
    hill climb #1438: T=72 -> T=18
    hill climb #1440: T=72 -> T=14
    hill climb #1445: T=72 -> T=16
    hill climb #1446: T=72 -> T=10
    hill climb #1447: T=72 -> T=16
    hill climb #1448: T=72 -> T=16
    hill climb #1449: T=72 -> T=16
    hill climb #1450: T=72 -> T=12
    hill climb #1451: T=72 -> T=12
    hill climb #1453: T=72 -> T=18
    hill climb #1454: T=72 -> T=12
    hill climb #1455: T=72 -> T=14
    hill climb #1456: T=72 -> T=16
    hill climb #1457: T=72 -> T=12
    hill climb #1458: T=72 -> T=6
    hill climb #1459: T=72 -> T=12
    hill climb #1461: T=72 -> T=12
    hill climb #1462: T=72 -> T=14
    hill climb #1463: T=72 -> T=14
    hill climb #1464: T=72 -> T=10
    hill climb #1465: T=72 -> T=14
    hill climb #1467: T=73 -> T=9
    hill climb #1470: T=74 -> T=20
    hill climb #1471: T=74 -> T=24
    hill climb #1472: T=74 -> T=16
    hill climb #1477: T=74 -> T=14
    hill climb #1478: T=74 -> T=16
    hill climb #1482: T=74 -> T=16
    hill climb #1486: T=74 -> T=22
    hill climb #1487: T=74 -> T=12
    hill climb #1488: T=74 -> T=20
    hill climb #1494: T=74 -> T=18
    hill climb #1500: T=74 -> T=12
    hill climb #1505: T=74 -> T=10
    hill climb #1507: T=74 -> T=20
    hill climb #1508: T=74 -> T=12
    hill climb #1512: T=74 -> T=18
    hill climb #1513: T=74 -> T=12
    hill climb #1514: T=74 -> T=6
    hill climb #1518: T=74 -> T=10
    hill climb #1519: T=74 -> T=16
    hill climb #1521: T=74 -> T=14
    hill climb #1523: T=74 -> T=10
    hill climb #1524: T=74 -> T=8
    hill climb #1525: T=74 -> T=16
    hill climb #1526: T=74 -> T=20
    hill climb #1527: T=74 -> T=18
    hill climb #1528: T=74 -> T=10
    hill climb #1529: T=74 -> T=10
    hill climb #1531: T=74 -> T=14
    hill climb #1532: T=74 -> T=10
    hill climb #1533: T=74 -> T=12
    hill climb #1536: T=74 -> T=14
    hill climb #1537: T=74 -> T=12
    hill climb #1544: T=74 -> T=16
    hill climb #1545: T=74 -> T=10
    hill climb #1546: T=74 -> T=8
    hill climb #1548: T=74 -> T=16
    hill climb #1549: T=74 -> T=14
    hill climb #1550: T=74 -> T=10
    hill climb #1551: T=74 -> T=22
    hill climb #1552: T=74 -> T=12
    hill climb #1553: T=74 -> T=16
    hill climb #1556: T=74 -> T=10
    hill climb #1557: T=74 -> T=14
    hill climb #1559: T=74 -> T=14
    hill climb #1561: T=74 -> T=10
    hill climb #1562: T=74 -> T=10
    hill climb #1565: T=74 -> T=14
    hill climb #1566: T=74 -> T=18
    hill climb #1567: T=74 -> T=12
    hill climb #1568: T=74 -> T=10
    hill climb #1572: T=74 -> T=12
    hill climb #1573: T=74 -> T=8
    hill climb #1575: T=74 -> T=12
    hill climb #1580: T=74 -> T=18
    hill climb #1581: T=74 -> T=12
    hill climb #1582: T=74 -> T=16
    hill climb #1584: T=74 -> T=11
    hill climb #1585: T=74 -> T=16
    hill climb #1586: T=74 -> T=10
    hill climb #1587: T=75 -> T=10
    hill climb #1588: T=75 -> T=8
    hill climb #1590: T=75 -> T=14
    hill climb #1591: T=76 -> T=14
    hill climb #1594: T=76 -> T=10
    hill climb #1597: T=76 -> T=7
    hill climb #1601: T=76 -> T=10
    hill climb #1604: T=76 -> T=6
    hill climb #1605: T=76 -> T=20
    hill climb #1606: T=76 -> T=14
    hill climb #1610: T=76 -> T=8
    hill climb #1612: T=76 -> T=12
    hill climb #1614: T=76 -> T=18
    hill climb #1620: T=76 -> T=8
    hill climb #1622: T=76 -> T=10
    hill climb #1623: T=76 -> T=8
    hill climb #1624: T=76 -> T=16
    hill climb #1626: T=76 -> T=8
    hill climb #1628: T=76 -> T=14
    hill climb #1630: T=76 -> T=14
    hill climb #1632: T=76 -> T=22
    hill climb #1637: T=76 -> T=14
    hill climb #1638: T=76 -> T=18
    hill climb #1640: T=76 -> T=16
    hill climb #1641: T=76 -> T=10
    hill climb #1644: T=76 -> T=12
    hill climb #1646: T=76 -> T=10
    hill climb #1647: T=76 -> T=20
    hill climb #1648: T=76 -> T=8
    hill climb #1650: T=76 -> T=10
    hill climb #1652: T=76 -> T=16
    hill climb #1653: T=76 -> T=12
    hill climb #1655: T=76 -> T=14
    hill climb #1656: T=76 -> T=12
    hill climb #1657: T=76 -> T=10
    hill climb #1658: T=76 -> T=8
    hill climb #1659: T=76 -> T=14
    hill climb #1661: T=76 -> T=14
    hill climb #1664: T=76 -> T=16
    hill climb #1666: T=76 -> T=12
    hill climb #1667: T=76 -> T=14
    hill climb #1669: T=76 -> T=11
    hill climb #1671: T=76 -> T=14
    hill climb #1672: T=76 -> T=14
    hill climb #1674: T=76 -> T=10
    hill climb #1675: T=76 -> T=12
    hill climb #1677: T=76 -> T=14
    hill climb #1678: T=76 -> T=10
    hill climb #1681: T=76 -> T=18
    hill climb #1683: T=76 -> T=6
    hill climb #1684: T=76 -> T=6
    hill climb #1685: T=76 -> T=12
    hill climb #1688: T=76 -> T=12
    hill climb #1689: T=76 -> T=14
    hill climb #1691: T=76 -> T=10
    hill climb #1693: T=76 -> T=10
    hill climb #1694: T=76 -> T=10
    hill climb #1695: T=76 -> T=12
    hill climb #1696: T=76 -> T=12
    hill climb #1698: T=76 -> T=10
    hill climb #1700: T=76 -> T=10
    hill climb #1702: T=76 -> T=16
    hill climb #1704: T=76 -> T=18
    hill climb #1705: T=76 -> T=12
    hill climb #1706: T=76 -> T=8
    hill climb #1709: T=76 -> T=14
    hill climb #1710: T=76 -> T=12
    hill climb #1711: T=76 -> T=18
    hill climb #1712: T=76 -> T=12
    hill climb #1714: T=76 -> T=10
    hill climb #1717: T=76 -> T=10
    hill climb #1719: T=76 -> T=15
    hill climb #1721: T=76 -> T=8
    hill climb #1723: T=76 -> T=20
    hill climb #1724: T=76 -> T=16
    hill climb #1726: T=76 -> T=6
    hill climb #1728: T=76 -> T=10
    hill climb #1731: T=76 -> T=14
    hill climb #1733: T=77 -> T=10
    hill climb #1735: T=77 -> T=12
    hill climb #1736: T=77 -> T=14
    hill climb #1737: T=78 -> T=12
    hill climb #1738: T=78 -> T=16
    hill climb #1739: T=78 -> T=18
    hill climb #1740: T=78 -> T=14
    hill climb #1742: T=78 -> T=12
    hill climb #1745: T=78 -> T=16
    hill climb #1746: T=78 -> T=8
    hill climb #1750: T=78 -> T=10
    hill climb #1751: T=78 -> T=12
    hill climb #1753: T=78 -> T=12
    hill climb #1754: T=78 -> T=14
    hill climb #1756: T=78 -> T=10
    hill climb #1757: T=78 -> T=14
    hill climb #1760: T=78 -> T=12
    hill climb #1761: T=78 -> T=10
    hill climb #1762: T=78 -> T=12
    hill climb #1763: T=78 -> T=18
    hill climb #1765: T=78 -> T=10
    hill climb #1771: T=78 -> T=10
    hill climb #1775: T=78 -> T=22
    hill climb #1776: T=78 -> T=16
    hill climb #1777: T=78 -> T=12
    hill climb #1778: T=78 -> T=10
    hill climb #1779: T=78 -> T=14
    hill climb #1782: T=78 -> T=12
    hill climb #1784: T=78 -> T=16
    hill climb #1785: T=78 -> T=12
    hill climb #1786: T=78 -> T=22
    hill climb #1789: T=78 -> T=12
    hill climb #1790: T=78 -> T=12
    hill climb #1791: T=78 -> T=16
    hill climb #1792: T=78 -> T=8
    hill climb #1795: T=78 -> T=14
    hill climb #1796: T=78 -> T=6
    hill climb #1797: T=78 -> T=14
    hill climb #1799: T=78 -> T=8
    hill climb #1803: T=78 -> T=6
    hill climb #1804: T=78 -> T=24
    hill climb #1808: T=78 -> T=18
    hill climb #1809: T=78 -> T=10
    hill climb #1812: T=78 -> T=14
    hill climb #1814: T=78 -> T=10
    hill climb #1819: T=78 -> T=8
    hill climb #1824: T=78 -> T=14
    hill climb #1829: T=78 -> T=14
    hill climb #1830: T=78 -> T=12
    hill climb #1833: T=78 -> T=14
    hill climb #1841: T=78 -> T=8
    hill climb #1843: T=78 -> T=8
    hill climb #1844: T=78 -> T=14
    hill climb #1847: T=78 -> T=14
    hill climb #1848: T=78 -> T=12
    hill climb #1853: T=78 -> T=8
    hill climb #1855: T=78 -> T=14
    hill climb #1856: T=78 -> T=14
    hill climb #1857: T=78 -> T=28
    hill climb #1858: T=78 -> T=10
    hill climb #1861: T=78 -> T=12
    hill climb #1863: T=78 -> T=12
    hill climb #1864: T=78 -> T=8
    hill climb #1865: T=78 -> T=32
    hill climb #1866: T=78 -> T=8
    hill climb #1867: T=78 -> T=16
    hill climb #1869: T=78 -> T=12
    hill climb #1870: T=78 -> T=13
    hill climb #1871: T=78 -> T=13
    hill climb #1872: T=78 -> T=14
    hill climb #1875: T=78 -> T=8
    hill climb #1877: T=78 -> T=14
    hill climb #1879: T=78 -> T=16
    hill climb #1882: T=78 -> T=10
    hill climb #1886: T=79 -> T=12
    hill climb #1887: T=79 -> T=10
    hill climb #1890: T=79 -> T=18
    hill climb #1892: T=79 -> T=12
    hill climb #1893: T=79 -> T=8
    hill climb #1894: T=80 -> T=12
    hill climb #1896: T=80 -> T=10
    hill climb #1898: T=80 -> T=14
    hill climb #1901: T=80 -> T=16
    hill climb #1902: T=80 -> T=12
    hill climb #1904: T=80 -> T=16
    hill climb #1905: T=80 -> T=14
    hill climb #1906: T=80 -> T=8
    hill climb #1908: T=80 -> T=10
    hill climb #1909: T=80 -> T=12
    hill climb #1913: T=80 -> T=10
    hill climb #1915: T=80 -> T=18
    hill climb #1919: T=80 -> T=14
    hill climb #1925: T=80 -> T=14
    hill climb #1928: T=80 -> T=12
    hill climb #1931: T=80 -> T=22
    hill climb #1933: T=80 -> T=10
    hill climb #1934: T=80 -> T=14
    hill climb #1935: T=80 -> T=8
    hill climb #1937: T=80 -> T=18
    hill climb #1938: T=80 -> T=10
    hill climb #1942: T=80 -> T=16
    hill climb #1943: T=80 -> T=16
    hill climb #1944: T=80 -> T=20
    hill climb #1947: T=80 -> T=12
    hill climb #1948: T=80 -> T=8
    hill climb #1952: T=80 -> T=10
    hill climb #1954: T=80 -> T=20
    hill climb #1955: T=80 -> T=16
    hill climb #1957: T=80 -> T=8
    hill climb #1960: T=80 -> T=12
    hill climb #1964: T=80 -> T=16
    hill climb #1966: T=80 -> T=6
    hill climb #1968: T=80 -> T=12
    hill climb #1969: T=80 -> T=14
    hill climb #1970: T=80 -> T=10
    hill climb #1973: T=80 -> T=12
    hill climb #1974: T=80 -> T=10
    hill climb #1975: T=80 -> T=12
    hill climb #1979: T=80 -> T=12
    hill climb #1982: T=80 -> T=14
    hill climb #1984: T=80 -> T=8
    hill climb #1985: T=80 -> T=18
    hill climb #1986: T=80 -> T=10
    hill climb #1988: T=80 -> T=22
    hill climb #1989: T=80 -> T=14
    hill climb #1990: T=80 -> T=16
    hill climb #1992: T=80 -> T=12
    hill climb #1993: T=80 -> T=16
    hill climb #1995: T=80 -> T=16
    hill climb #1996: T=80 -> T=20
    hill climb #1997: T=80 -> T=12
    hill climb #2000: T=80 -> T=22
    hill climb #2005: T=80 -> T=12
    hill climb #2006: T=80 -> T=8
    hill climb #2008: T=80 -> T=14
    hill climb #2009: T=80 -> T=10
    hill climb #2011: T=80 -> T=12
    hill climb #2018: T=80 -> T=12
    hill climb #2021: T=80 -> T=14
    hill climb #2022: T=80 -> T=16
    hill climb #2024: T=80 -> T=10
    hill climb #2025: T=80 -> T=12
    hill climb #2027: T=80 -> T=12
    hill climb #2028: T=80 -> T=10
    hill climb #2029: T=80 -> T=12
    hill climb #2031: T=80 -> T=8
    hill climb #2032: T=80 -> T=12
    hill climb #2033: T=80 -> T=6
    hill climb #2036: T=80 -> T=14
    hill climb #2037: T=80 -> T=20
    hill climb #2039: T=80 -> T=24
    hill climb #2040: T=80 -> T=24
    hill climb #2041: T=80 -> T=6
    hill climb #2043: T=80 -> T=14
    hill climb #2044: T=80 -> T=12
    hill climb #2047: T=80 -> T=14
    hill climb #2048: T=80 -> T=14
    hill climb #2049: T=80 -> T=18
    hill climb #2052: T=80 -> T=14
    hill climb #2053: T=80 -> T=10
    hill climb #2054: T=80 -> T=14
    hill climb #2056: T=81 -> T=8
    hill climb #2057: T=81 -> T=14
    hill climb #2058: T=81 -> T=16
    hill climb #2059: T=81 -> T=10
    hill climb #2061: T=82 -> T=12
    hill climb #2062: T=82 -> T=10
    hill climb #2064: T=82 -> T=10
    hill climb #2065: T=82 -> T=12
    hill climb #2067: T=82 -> T=12
    hill climb #2068: T=82 -> T=18
    hill climb #2069: T=82 -> T=18
    hill climb #2070: T=82 -> T=22
    hill climb #2073: T=82 -> T=12
    hill climb #2074: T=82 -> T=10
    hill climb #2076: T=82 -> T=22
    hill climb #2077: T=82 -> T=18
    hill climb #2078: T=82 -> T=12
    hill climb #2080: T=82 -> T=18
    hill climb #2082: T=82 -> T=10
    hill climb #2083: T=82 -> T=22
    hill climb #2084: T=82 -> T=12
    hill climb #2095: T=82 -> T=14
    hill climb #2096: T=82 -> T=12
    hill climb #2097: T=82 -> T=16
    hill climb #2099: T=82 -> T=26
    hill climb #2102: T=82 -> T=14
    hill climb #2104: T=82 -> T=12
    hill climb #2105: T=82 -> T=12
    hill climb #2108: T=82 -> T=12
    hill climb #2110: T=82 -> T=16
    hill climb #2116: T=82 -> T=10
    hill climb #2119: T=82 -> T=22
    hill climb #2120: T=82 -> T=14
    hill climb #2121: T=82 -> T=10
    hill climb #2123: T=82 -> T=16
    hill climb #2124: T=82 -> T=10
    hill climb #2129: T=82 -> T=10
    hill climb #2137: T=82 -> T=12
    hill climb #2139: T=82 -> T=16
    hill climb #2140: T=82 -> T=10
    hill climb #2143: T=82 -> T=8
    hill climb #2144: T=82 -> T=14
    hill climb #2145: T=82 -> T=18
    hill climb #2148: T=82 -> T=20
    hill climb #2150: T=82 -> T=16
    hill climb #2151: T=82 -> T=12
    hill climb #2152: T=82 -> T=20
    hill climb #2153: T=82 -> T=14
    hill climb #2154: T=82 -> T=22
    hill climb #2162: T=82 -> T=20
    hill climb #2163: T=82 -> T=8
    hill climb #2165: T=82 -> T=13
    hill climb #2167: T=82 -> T=22
    hill climb #2168: T=82 -> T=16
    hill climb #2171: T=82 -> T=10
    hill climb #2174: T=82 -> T=22
    hill climb #2178: T=82 -> T=20
    hill climb #2179: T=82 -> T=10
    hill climb #2182: T=82 -> T=14
    hill climb #2183: T=82 -> T=16
    hill climb #2186: T=82 -> T=12
    hill climb (complement) #2187: T=82 -> T=8
    hill climb #2191: T=83 -> T=16
    hill climb #2192: T=84 -> T=8
    hill climb #2193: T=84 -> T=18
    hill climb #2194: T=84 -> T=8
    hill climb #2195: T=84 -> T=6
    hill climb #2196: T=84 -> T=10
    hill climb #2198: T=84 -> T=14
    hill climb #2199: T=84 -> T=8
    hill climb #2202: T=84 -> T=20
    hill climb #2203: T=84 -> T=8
    hill climb #2205: T=84 -> T=12
    hill climb #2206: T=84 -> T=12
    hill climb #2209: T=84 -> T=10
    hill climb #2211: T=84 -> T=12
    hill climb #2213: T=84 -> T=24
    hill climb #2218: T=84 -> T=6
    hill climb #2219: T=84 -> T=24
    hill climb #2220: T=84 -> T=12
    hill climb #2222: T=84 -> T=18
    hill climb #2224: T=84 -> T=20
    hill climb #2227: T=84 -> T=12
    hill climb #2230: T=84 -> T=14
    hill climb #2232: T=84 -> T=18
    hill climb #2235: T=84 -> T=14
    hill climb #2237: T=84 -> T=16
    hill climb #2239: T=84 -> T=28
    hill climb #2245: T=84 -> T=16
    hill climb #2246: T=84 -> T=10
    hill climb #2247: T=84 -> T=10
    hill climb #2249: T=84 -> T=18
    hill climb #2250: T=84 -> T=16
    hill climb #2251: T=84 -> T=12
    hill climb #2253: T=84 -> T=14
    hill climb #2255: T=84 -> T=28
    hill climb #2259: T=84 -> T=10
    hill climb #2260: T=84 -> T=8
    hill climb #2261: T=84 -> T=26
    hill climb #2267: T=84 -> T=12
    hill climb #2268: T=84 -> T=16
    hill climb #2273: T=84 -> T=20
    hill climb #2275: T=84 -> T=14
    hill climb #2280: T=84 -> T=16
    hill climb #2282: T=84 -> T=10
    hill climb #2284: T=84 -> T=13
    hill climb #2286: T=84 -> T=20
    hill climb #2288: T=84 -> T=17
    hill climb #2289: T=84 -> T=16
    hill climb #2292: T=84 -> T=18
    hill climb #2294: T=84 -> T=10
    hill climb #2296: T=84 -> T=14
    hill climb #2298: T=84 -> T=18
    hill climb #2301: T=84 -> T=8
    hill climb #2306: T=84 -> T=14
    hill climb #2308: T=84 -> T=20
    hill climb #2309: T=84 -> T=22
    hill climb #2310: T=84 -> T=14
    hill climb #2311: T=84 -> T=6
    hill climb #2314: T=84 -> T=10
    hill climb #2315: T=84 -> T=20
    hill climb #2321: T=84 -> T=16
    hill climb #2323: T=84 -> T=14
    hill climb #2326: T=84 -> T=14
    hill climb #2327: T=84 -> T=24
    hill climb #2332: T=84 -> T=18
    hill climb #2333: T=84 -> T=14
    hill climb #2334: T=84 -> T=6
    hill climb #2335: T=84 -> T=14
    hill climb #2344: T=84 -> T=12
    hill climb #2348: T=84 -> T=16
    hill climb #2349: T=84 -> T=26
    hill climb #2353: T=84 -> T=8
    hill climb #2355: T=84 -> T=12
    hill climb #2356: T=84 -> T=14
    hill climb #2358: T=85 -> T=18
    hill climb #2359: T=85 -> T=14
    hill climb #2361: T=85 -> T=11
    hill climb #2362: T=85 -> T=14
    hill climb #2368: T=86 -> T=16
    hill climb #2371: T=86 -> T=8
    hill climb #2373: T=86 -> T=6
    hill climb #2375: T=86 -> T=14
    hill climb #2376: T=86 -> T=10
    hill climb #2379: T=86 -> T=12
    hill climb #2385: T=86 -> T=8
    hill climb #2387: T=86 -> T=12
    hill climb #2389: T=86 -> T=10
    hill climb #2394: T=86 -> T=14
    hill climb #2396: T=86 -> T=12
    hill climb #2398: T=86 -> T=16
    hill climb #2400: T=86 -> T=12
    hill climb #2403: T=86 -> T=16
    hill climb #2406: T=86 -> T=10
    hill climb #2407: T=86 -> T=26
    hill climb #2411: T=86 -> T=20
    hill climb #2413: T=86 -> T=12
    hill climb #2416: T=86 -> T=12
    hill climb #2420: T=86 -> T=16
    hill climb #2425: T=86 -> T=11
    hill climb #2434: T=86 -> T=14
    hill climb #2439: T=86 -> T=8
    hill climb #2442: T=86 -> T=18
    hill climb #2447: T=86 -> T=12
    hill climb #2448: T=86 -> T=14
    hill climb #2449: T=86 -> T=20
    hill climb #2450: T=86 -> T=8
    hill climb #2456: T=86 -> T=12
    hill climb #2458: T=86 -> T=12
    hill climb #2461: T=86 -> T=10
    hill climb #2462: T=86 -> T=12
    hill climb #2468: T=86 -> T=16
    hill climb #2469: T=86 -> T=12
    hill climb #2475: T=86 -> T=10
    hill climb #2477: T=86 -> T=9
    hill climb #2483: T=86 -> T=10
    hill climb #2484: T=86 -> T=12
    hill climb #2485: T=86 -> T=10
    hill climb #2487: T=86 -> T=10
    hill climb #2489: T=86 -> T=26
    hill climb #2490: T=86 -> T=16
    hill climb #2491: T=86 -> T=10
    hill climb #2499: T=86 -> T=18
    hill climb #2500: T=86 -> T=12
    hill climb #2505: T=88 -> T=12
    hill climb #2508: T=88 -> T=14
    hill climb #2514: T=88 -> T=16
    hill climb #2519: T=88 -> T=12
    hill climb #2520: T=88 -> T=20
    hill climb #2521: T=88 -> T=18
    hill climb #2529: T=88 -> T=16
    hill climb #2530: T=88 -> T=14
    hill climb #2533: T=88 -> T=16
    hill climb #2535: T=88 -> T=10
    hill climb #2536: T=88 -> T=12
    hill climb #2537: T=88 -> T=24
    hill climb #2539: T=88 -> T=10
    hill climb #2541: T=88 -> T=10
    hill climb #2547: T=88 -> T=10
    hill climb #2549: T=88 -> T=10
    hill climb #2550: T=88 -> T=10
    hill climb #2551: T=88 -> T=14
    hill climb #2552: T=88 -> T=13
    hill climb #2554: T=88 -> T=10
    hill climb #2557: T=88 -> T=30
    hill climb #2559: T=88 -> T=16
    hill climb #2560: T=88 -> T=16
    hill climb #2561: T=88 -> T=22
    hill climb #2567: T=88 -> T=18
    hill climb #2570: T=88 -> T=10
    hill climb #2571: T=88 -> T=16
    hill climb #2572: T=88 -> T=16
    hill climb #2573: T=88 -> T=10
    hill climb #2575: T=88 -> T=10
    hill climb #2581: T=88 -> T=22
    hill climb #2584: T=88 -> T=24
    hill climb #2586: T=88 -> T=8
    hill climb #2587: T=88 -> T=14
    hill climb #2590: T=88 -> T=14
    hill climb #2591: T=88 -> T=6
    hill climb #2592: T=88 -> T=14
    hill climb #2594: T=88 -> T=10
    hill climb #2596: T=88 -> T=18
    hill climb #2597: T=88 -> T=16
    hill climb #2599: T=88 -> T=20
    hill climb #2602: T=88 -> T=18
    hill climb #2603: T=88 -> T=14
    hill climb #2606: T=88 -> T=12
    hill climb #2609: T=88 -> T=8
    hill climb #2610: T=88 -> T=18
    hill climb #2612: T=88 -> T=8
    hill climb #2614: T=88 -> T=8
    hill climb #2620: T=88 -> T=24
    hill climb #2622: T=88 -> T=20
    hill climb #2623: T=88 -> T=12
    hill climb #2625: T=88 -> T=16
    hill climb #2627: T=88 -> T=12
    hill climb #2628: T=88 -> T=10
    hill climb #2630: T=88 -> T=14
    hill climb #2633: T=88 -> T=24
    hill climb #2635: T=88 -> T=6
    hill climb #2641: T=88 -> T=12
    hill climb #2642: T=88 -> T=10
    hill climb #2648: T=88 -> T=12
    hill climb #2649: T=88 -> T=22
    hill climb #2652: T=88 -> T=16
    hill climb #2654: T=88 -> T=12
    hill climb #2656: T=88 -> T=10
    hill climb #2657: T=88 -> T=10
    hill climb #2659: T=90 -> T=20
    hill climb #2660: T=90 -> T=17
    hill climb #2661: T=90 -> T=18
    hill climb #2662: T=90 -> T=12
    hill climb #2675: T=90 -> T=18
    hill climb #2681: T=90 -> T=10
    hill climb #2682: T=90 -> T=16
    hill climb #2687: T=90 -> T=20
    hill climb #2695: T=90 -> T=16
    hill climb #2696: T=90 -> T=14
    hill climb #2706: T=90 -> T=10
    hill climb #2718: T=90 -> T=12
    hill climb #2723: T=90 -> T=20
    hill climb #2725: T=90 -> T=8
    hill climb #2728: T=90 -> T=10
    hill climb #2729: T=90 -> T=10
    hill climb #2733: T=90 -> T=10
    hill climb #2734: T=90 -> T=12
    hill climb #2736: T=90 -> T=14
    hill climb #2744: T=90 -> T=14
    hill climb #2755: T=90 -> T=6
    hill climb #2759: T=90 -> T=24
    hill climb #2767: T=90 -> T=20
    hill climb #2769: T=90 -> T=10
    hill climb #2773: T=90 -> T=14
    hill climb #2776: T=90 -> T=22
    hill climb #2778: T=90 -> T=10
    hill climb #2779: T=90 -> T=16
    hill climb #2784: T=90 -> T=14
    hill climb #2789: T=90 -> T=12
    hill climb #2791: T=90 -> T=10
    hill climb #2798: T=90 -> T=18
    hill climb #2799: T=91 -> T=18
    hill climb #2800: T=91 -> T=14
    hill climb #2801: T=92 -> T=16
    hill climb #2802: T=92 -> T=14
    hill climb #2804: T=92 -> T=10
    hill climb #2809: T=92 -> T=18
    hill climb #2815: T=92 -> T=12
    hill climb #2817: T=92 -> T=12
    hill climb #2821: T=92 -> T=14
    hill climb #2823: T=92 -> T=14
    hill climb #2825: T=92 -> T=12
    hill climb #2826: T=92 -> T=14
    hill climb #2829: T=92 -> T=8
    hill climb #2834: T=92 -> T=14
    hill climb #2835: T=92 -> T=20
    hill climb #2836: T=92 -> T=12
    hill climb #2840: T=92 -> T=10
    hill climb #2843: T=92 -> T=14
    hill climb #2847: T=92 -> T=10
    hill climb #2848: T=92 -> T=10
    hill climb #2851: T=92 -> T=10
    hill climb (complement) #2855: T=92 -> T=13
    hill climb #2863: T=92 -> T=18
    hill climb (complement) #2864: T=92 -> T=23
    hill climb #2868: T=92 -> T=10
    hill climb #2870: T=92 -> T=36
    hill climb #2872: T=92 -> T=10
    hill climb #2873: T=92 -> T=22
    hill climb #2875: T=92 -> T=12
    hill climb #2880: T=92 -> T=10
    hill climb #2882: T=92 -> T=8
    hill climb #2884: T=92 -> T=8
    hill climb #2886: T=92 -> T=16
    hill climb #2889: T=92 -> T=28
    hill climb #2890: T=92 -> T=10
    hill climb #2895: T=92 -> T=16
    hill climb #2898: T=92 -> T=14
    hill climb #2900: T=92 -> T=10
    hill climb #2901: T=92 -> T=10
    hill climb #2908: T=92 -> T=10
    hill climb #2915: T=92 -> T=18
    hill climb #2917: T=92 -> T=12
    hill climb #2918: T=92 -> T=10
    hill climb #2919: T=92 -> T=14
    hill climb #2922: T=92 -> T=18
    hill climb #2926: T=92 -> T=10
    hill climb #2928: T=92 -> T=14
    hill climb #2930: T=92 -> T=20
    hill climb #2934: T=92 -> T=10
    hill climb #2935: T=92 -> T=12
    hill climb #2943: T=94 -> T=10
    hill climb #2944: T=94 -> T=30
    hill climb #2946: T=94 -> T=12
    hill climb #2953: T=94 -> T=8
    hill climb #2955: T=94 -> T=16
    hill climb #2957: T=94 -> T=26
    hill climb #2959: T=94 -> T=14
    hill climb #2960: T=94 -> T=14
    hill climb #2963: T=94 -> T=10
    hill climb #2964: T=94 -> T=14
    hill climb #2965: T=94 -> T=18
    hill climb #2969: T=94 -> T=10
    hill climb #2980: T=94 -> T=16
    hill climb #2981: T=94 -> T=18
    hill climb #2984: T=94 -> T=10
    hill climb #2989: T=94 -> T=24
    hill climb #2992: T=94 -> T=14
    hill climb #2993: T=94 -> T=10
    hill climb #2995: T=94 -> T=10
    hill climb #2996: T=94 -> T=10
    hill climb #2999: T=94 -> T=16
    hill climb #3006: T=94 -> T=18
    hill climb #3008: T=94 -> T=10
    hill climb #3012: T=94 -> T=10
    hill climb #3014: T=94 -> T=20
    hill climb #3019: T=94 -> T=20
    hill climb #3021: T=94 -> T=12
    hill climb #3025: T=94 -> T=20
    hill climb #3033: T=94 -> T=14
    hill climb #3040: T=94 -> T=10
    hill climb #3042: T=94 -> T=18
    hill climb #3044: T=94 -> T=8
    hill climb #3045: T=94 -> T=12
    hill climb #3051: T=94 -> T=12
    hill climb #3056: T=94 -> T=26
    hill climb #3061: T=94 -> T=8
    hill climb #3064: T=94 -> T=14
    hill climb #3069: T=96 -> T=18
    hill climb #3074: T=96 -> T=14
    hill climb #3077: T=96 -> T=14
    hill climb #3078: T=96 -> T=30
    hill climb #3080: T=96 -> T=16
    hill climb #3081: T=96 -> T=10
    hill climb #3082: T=96 -> T=16
    hill climb #3090: T=96 -> T=12
    hill climb #3093: T=96 -> T=16
    hill climb #3094: T=96 -> T=18
    hill climb #3095: T=96 -> T=18
    hill climb #3099: T=96 -> T=14
    hill climb #3100: T=96 -> T=12
    hill climb #3101: T=96 -> T=20
    hill climb #3102: T=96 -> T=10
    hill climb #3107: T=96 -> T=14
    hill climb #3110: T=96 -> T=14
    hill climb #3114: T=96 -> T=18
    hill climb #3118: T=96 -> T=24
    hill climb #3122: T=96 -> T=16
    hill climb #3124: T=96 -> T=14
    hill climb #3126: T=96 -> T=14
    hill climb #3129: T=96 -> T=12
    hill climb #3133: T=96 -> T=10
    hill climb #3134: T=96 -> T=8
    hill climb #3137: T=96 -> T=10
    hill climb #3139: T=96 -> T=10
    hill climb #3140: T=96 -> T=14
    hill climb #3141: T=96 -> T=24
    hill climb #3142: T=96 -> T=14
    hill climb #3144: T=96 -> T=14
    hill climb #3149: T=96 -> T=12
    hill climb #3151: T=96 -> T=8
    hill climb #3153: T=96 -> T=16
    hill climb #3162: T=96 -> T=16
    hill climb #3164: T=96 -> T=10
    hill climb #3166: T=96 -> T=12
    hill climb #3167: T=96 -> T=18
    hill climb #3168: T=96 -> T=20
    hill climb #3171: T=96 -> T=16
    hill climb #3172: T=96 -> T=16
    hill climb #3174: T=96 -> T=18
    hill climb #3179: T=96 -> T=10
    hill climb #3183: T=96 -> T=10
    hill climb #3184: T=96 -> T=18
    hill climb #3188: T=96 -> T=18
    hill climb #3195: T=96 -> T=10
    hill climb #3198: T=96 -> T=14
    hill climb #3201: T=96 -> T=12
    hill climb #3202: T=96 -> T=8
    hill climb #3203: T=96 -> T=8
    hill climb #3207: T=96 -> T=20
    hill climb #3208: T=96 -> T=10
    hill climb #3213: T=96 -> T=9
    hill climb #3214: T=96 -> T=14
    hill climb #3216: T=96 -> T=32
    hill climb #3217: T=96 -> T=16
    hill climb #3218: T=96 -> T=12
    hill climb #3221: T=96 -> T=16
    hill climb #3225: T=96 -> T=10
    hill climb #3229: T=96 -> T=8
    hill climb #3230: T=96 -> T=16
    hill climb #3234: T=96 -> T=18
    hill climb #3235: T=96 -> T=14
    hill climb #3239: T=96 -> T=8
    hill climb #3242: T=96 -> T=24
    hill climb #3244: T=96 -> T=18
    hill climb #3245: T=96 -> T=16
    hill climb #3247: T=96 -> T=6
    hill climb #3248: T=96 -> T=14
    hill climb #3252: T=96 -> T=10
    hill climb #3259: T=98 -> T=18
    hill climb #3260: T=98 -> T=20
    hill climb #3262: T=98 -> T=14
    hill climb #3268: T=98 -> T=10
    hill climb #3279: T=98 -> T=8
    hill climb #3281: T=98 -> T=16
    hill climb #3289: T=98 -> T=30
    hill climb #3292: T=98 -> T=18
    hill climb #3300: T=98 -> T=14
    hill climb #3305: T=98 -> T=10
    hill climb #3306: T=98 -> T=18
    hill climb #3307: T=98 -> T=28
    hill climb #3309: T=98 -> T=16
    hill climb #3313: T=98 -> T=14
    hill climb #3314: T=98 -> T=10
    hill climb #3317: T=98 -> T=14
    hill climb #3318: T=98 -> T=14
    hill climb #3328: T=98 -> T=16
    hill climb #3329: T=98 -> T=20
    hill climb #3333: T=98 -> T=12
    hill climb #3335: T=98 -> T=14
    hill climb #3340: T=98 -> T=18
    hill climb #3344: T=98 -> T=14
    hill climb #3346: T=98 -> T=10
    hill climb #3348: T=98 -> T=16
    hill climb #3354: T=98 -> T=10
    hill climb #3356: T=98 -> T=16
    hill climb #3362: T=98 -> T=16
    hill climb #3372: T=100 -> T=20
    hill climb #3378: T=100 -> T=12
    hill climb #3381: T=100 -> T=14
    hill climb #3382: T=100 -> T=14
    hill climb #3385: T=100 -> T=6
    hill climb #3387: T=100 -> T=12
    hill climb #3389: T=100 -> T=16
    hill climb #3390: T=100 -> T=10
    hill climb #3396: T=100 -> T=36
    hill climb #3401: T=100 -> T=14
    hill climb #3402: T=100 -> T=36
    hill climb #3403: T=100 -> T=10
    hill climb #3409: T=100 -> T=14
    hill climb #3413: T=100 -> T=12
    hill climb #3421: T=100 -> T=8
    hill climb #3430: T=100 -> T=22
    hill climb #3433: T=100 -> T=10
    hill climb #3435: T=100 -> T=12
    hill climb #3438: T=100 -> T=10
    hill climb #3440: T=100 -> T=10
    hill climb #3441: T=100 -> T=18
    hill climb #3447: T=100 -> T=10
    hill climb #3454: T=100 -> T=12
    hill climb #3461: T=100 -> T=8
    hill climb #3462: T=100 -> T=14
    hill climb #3467: T=100 -> T=26
    hill climb #3468: T=100 -> T=16
    hill climb #3472: T=100 -> T=16
    hill climb #3474: T=100 -> T=15
    hill climb #3478: T=100 -> T=18
    hill climb #3493: T=100 -> T=16
    hill climb #3494: T=100 -> T=16
    hill climb #3496: T=100 -> T=12
    hill climb #3498: T=100 -> T=12
    hill climb #3501: T=100 -> T=10
    hill climb #3503: T=100 -> T=12
    hill climb #3506: T=100 -> T=12
    hill climb #3509: T=100 -> T=26
    hill climb #3510: T=100 -> T=10
    hill climb #3512: T=100 -> T=18
    hill climb #3513: T=100 -> T=18
    hill climb #3523: T=100 -> T=24
    hill climb #3525: T=100 -> T=12
    hill climb #3528: T=100 -> T=8
    hill climb #3529: T=100 -> T=12
    hill climb #3533: T=100 -> T=12
    hill climb #3536: T=100 -> T=8
    hill climb #3543: T=100 -> T=14
    hill climb #3545: T=100 -> T=10
    hill climb #3548: T=101 -> T=6
    hill climb #3557: T=102 -> T=14
    hill climb #3567: T=102 -> T=12
    hill climb #3572: T=102 -> T=16
    hill climb #3581: T=102 -> T=16
    hill climb #3588: T=102 -> T=6
    hill climb #3591: T=102 -> T=16
    hill climb #3607: T=102 -> T=8
    hill climb #3619: T=102 -> T=24
    hill climb #3621: T=102 -> T=8
    hill climb #3628: T=102 -> T=20
    hill climb #3633: T=102 -> T=13
    hill climb #3636: T=102 -> T=8
    hill climb #3648: T=102 -> T=12
    hill climb #3650: T=102 -> T=22
    hill climb #3652: T=102 -> T=17
    hill climb #3655: T=102 -> T=9
    hill climb #3656: T=102 -> T=10
    hill climb #3662: T=102 -> T=12
    hill climb #3663: T=102 -> T=6
    hill climb #3664: T=102 -> T=20
    hill climb #3669: T=102 -> T=12
    hill climb #3676: T=102 -> T=8
    hill climb #3679: T=103 -> T=22
    hill climb #3681: T=103 -> T=10
    hill climb #3685: T=104 -> T=10
    hill climb #3688: T=104 -> T=10
    hill climb #3698: T=104 -> T=20
    hill climb #3699: T=104 -> T=8
    hill climb #3700: T=104 -> T=14
    hill climb #3706: T=104 -> T=16
    hill climb #3707: T=104 -> T=30
    hill climb #3711: T=104 -> T=18
    hill climb #3713: T=104 -> T=26
    hill climb #3715: T=104 -> T=16
    hill climb #3716: T=104 -> T=9
    hill climb #3718: T=104 -> T=10
    hill climb #3722: T=104 -> T=16
    hill climb #3725: T=104 -> T=22
    hill climb #3727: T=104 -> T=26
    hill climb #3731: T=104 -> T=12
    hill climb #3733: T=104 -> T=16
    hill climb #3738: T=104 -> T=8
    hill climb #3740: T=104 -> T=8
    hill climb #3744: T=104 -> T=18
    hill climb #3753: T=104 -> T=10
    hill climb #3762: T=104 -> T=32
    hill climb #3766: T=104 -> T=10
    hill climb #3768: T=104 -> T=12
    hill climb #3773: T=104 -> T=10
    hill climb #3805: T=104 -> T=16
    hill climb #3810: T=104 -> T=12
    hill climb #3816: T=104 -> T=28
    hill climb #3818: T=104 -> T=16
    hill climb #3822: T=104 -> T=26
    hill climb #3824: T=104 -> T=14
    hill climb #3827: T=104 -> T=16
    hill climb #3831: T=104 -> T=12
    hill climb #3852: T=106 -> T=10
    hill climb #3853: T=106 -> T=14
    hill climb #3855: T=106 -> T=8
    hill climb #3874: T=106 -> T=12
    hill climb #3883: T=106 -> T=6
    hill climb #3884: T=106 -> T=13
    hill climb #3885: T=106 -> T=10
    hill climb #3894: T=106 -> T=10
    hill climb #3909: T=106 -> T=12
    hill climb #3910: T=106 -> T=28
    hill climb #3933: T=106 -> T=20
    hill climb #3934: T=106 -> T=18
    hill climb #3943: T=106 -> T=20
    hill climb #3946: T=106 -> T=12
    hill climb #3954: T=106 -> T=12
    hill climb #3961: T=107 -> T=20
    hill climb #3976: T=108 -> T=10
    hill climb #3979: T=108 -> T=14
    hill climb #3980: T=108 -> T=10
    hill climb #3987: T=108 -> T=20
    hill climb #3996: T=108 -> T=16
    hill climb #3997: T=108 -> T=12
    hill climb #4001: T=108 -> T=12
    hill climb #4004: T=108 -> T=16
    hill climb #4013: T=108 -> T=14
    hill climb (complement) #4020: T=108 -> T=12
    hill climb #4025: T=108 -> T=6
    hill climb #4031: T=108 -> T=14
    hill climb #4032: T=108 -> T=12
    hill climb #4037: T=108 -> T=14
    hill climb #4048: T=108 -> T=12
    hill climb #4054: T=108 -> T=18
    hill climb #4062: T=108 -> T=10
    hill climb #4065: T=108 -> T=14
    hill climb #4075: T=108 -> T=14
    hill climb #4085: T=108 -> T=12
    hill climb #4087: T=108 -> T=10
    hill climb #4093: T=108 -> T=18
    hill climb #4111: T=108 -> T=22
    hill climb #4123: T=110 -> T=12
    hill climb #4129: T=110 -> T=12
    hill climb #4131: T=110 -> T=14
    hill climb #4142: T=110 -> T=12
    hill climb #4147: T=110 -> T=18
    hill climb #4148: T=110 -> T=14
    hill climb #4149: T=110 -> T=12
    hill climb #4153: T=110 -> T=20
    hill climb #4156: T=110 -> T=14
    hill climb #4173: T=110 -> T=16
    hill climb #4181: T=110 -> T=20
    hill climb #4196: T=110 -> T=22
    hill climb #4204: T=110 -> T=10
    hill climb #4209: T=110 -> T=24
    hill climb #4212: T=110 -> T=18
    hill climb #4215: T=110 -> T=10
    hill climb #4229: T=111 -> T=8
    hill climb #4231: T=112 -> T=16
    hill climb #4237: T=112 -> T=6
    hill climb #4242: T=112 -> T=8
    hill climb #4247: T=112 -> T=12
    hill climb #4253: T=112 -> T=16
    hill climb #4254: T=112 -> T=14
    hill climb #4263: T=112 -> T=12
    hill climb #4266: T=112 -> T=18
    hill climb #4268: T=112 -> T=14
    hill climb #4270: T=112 -> T=16
    hill climb #4277: T=112 -> T=8
    hill climb #4278: T=112 -> T=22
    hill climb #4280: T=112 -> T=12
    hill climb #4281: T=112 -> T=12
    hill climb #4289: T=112 -> T=20
    hill climb #4290: T=112 -> T=12
    hill climb #4294: T=112 -> T=14
    hill climb #4302: T=112 -> T=14
    hill climb #4303: T=112 -> T=14
    hill climb #4305: T=112 -> T=16
    hill climb #4306: T=112 -> T=10
    hill climb #4311: T=112 -> T=6
    hill climb #4322: T=112 -> T=16
    hill climb #4331: T=112 -> T=10
    hill climb #4338: T=112 -> T=18
    hill climb #4340: T=112 -> T=14
    hill climb #4344: T=112 -> T=16
    hill climb #4347: T=112 -> T=22
    hill climb #4356: T=112 -> T=10
    hill climb #4357: T=112 -> T=12
    hill climb #4360: T=112 -> T=14
    hill climb #4361: T=112 -> T=14
    hill climb #4362: T=112 -> T=32
    hill climb #4365: T=112 -> T=9
    hill climb #4367: T=112 -> T=8
    hill climb #4370: T=112 -> T=14
    hill climb #4371: T=112 -> T=16
    hill climb #4374: T=112 -> T=12
    hill climb #4376: T=112 -> T=12
    hill climb #4379: T=112 -> T=10
    hill climb #4394: T=114 -> T=14
    hill climb #4403: T=114 -> T=20
    hill climb #4420: T=114 -> T=14
    hill climb #4431: T=114 -> T=12
    hill climb #4443: T=114 -> T=16
    hill climb #4445: T=114 -> T=8
    hill climb #4449: T=114 -> T=16
    hill climb #4456: T=114 -> T=14
    hill climb #4463: T=114 -> T=16
    hill climb #4465: T=114 -> T=10
    hill climb #4468: T=114 -> T=14
    hill climb #4474: T=114 -> T=12
    hill climb #4475: T=114 -> T=8
    hill climb #4476: T=114 -> T=12
    hill climb #4478: T=114 -> T=10
    hill climb #4481: T=114 -> T=14
    hill climb #4484: T=114 -> T=13
    hill climb #4489: T=114 -> T=8
    hill climb #4490: T=114 -> T=16
    hill climb #4491: T=114 -> T=12
    hill climb #4492: T=114 -> T=20
    hill climb #4503: T=114 -> T=8
    hill climb #4504: T=114 -> T=14
    hill climb #4506: T=114 -> T=8
    hill climb #4511: T=114 -> T=8
    hill climb #4515: T=115 -> T=14
    hill climb #4517: T=116 -> T=12
    hill climb #4523: T=116 -> T=14
    hill climb #4524: T=116 -> T=14
    hill climb #4525: T=116 -> T=8
    hill climb #4531: T=116 -> T=16
    hill climb #4532: T=116 -> T=12
    hill climb #4538: T=116 -> T=10
    hill climb #4540: T=116 -> T=12
    hill climb #4542: T=116 -> T=20
    hill climb #4545: T=116 -> T=14
    hill climb #4548: T=116 -> T=18
    hill climb #4563: T=116 -> T=10
    hill climb #4574: T=116 -> T=12
    hill climb #4592: T=116 -> T=14
    hill climb #4602: T=116 -> T=10
    hill climb #4608: T=116 -> T=16
    hill climb #4612: T=116 -> T=16
    hill climb #4614: T=116 -> T=22
    hill climb #4617: T=116 -> T=10
    hill climb #4621: T=116 -> T=18
    hill climb #4625: T=116 -> T=12
    hill climb #4626: T=116 -> T=12
    hill climb #4628: T=116 -> T=14
    hill climb #4630: T=116 -> T=16
    hill climb #4643: T=116 -> T=16
    hill climb #4645: T=116 -> T=6
    hill climb #4648: T=116 -> T=12
    hill climb #4651: T=116 -> T=8
    hill climb #4655: T=116 -> T=10
    hill climb #4660: T=116 -> T=10
    hill climb #4661: T=116 -> T=12
    hill climb #4667: T=116 -> T=10
    hill climb #4669: T=116 -> T=12
    hill climb #4671: T=117 -> T=14
    hill climb #4672: T=118 -> T=14
    hill climb #4675: T=118 -> T=14
    hill climb #4676: T=118 -> T=18
    hill climb #4681: T=118 -> T=10
    hill climb #4684: T=118 -> T=6
    hill climb #4688: T=118 -> T=10
    hill climb #4691: T=118 -> T=18
    hill climb #4709: T=118 -> T=42
    hill climb #4721: T=118 -> T=10
    hill climb #4723: T=118 -> T=20
    hill climb #4724: T=118 -> T=10
    hill climb #4727: T=118 -> T=14
    hill climb #4742: T=118 -> T=18
    hill climb #4744: T=118 -> T=18
    hill climb #4747: T=118 -> T=12
    hill climb #4748: T=118 -> T=14
    hill climb #4760: T=118 -> T=8
    hill climb #4763: T=118 -> T=14
    hill climb #4767: T=118 -> T=18
    hill climb #4772: T=118 -> T=14
    hill climb #4781: T=118 -> T=18
    hill climb #4784: T=118 -> T=14
    hill climb #4801: T=120 -> T=16
    hill climb #4805: T=120 -> T=8
    hill climb #4817: T=120 -> T=16
    hill climb #4821: T=120 -> T=14
    hill climb #4822: T=120 -> T=8
    hill climb #4828: T=120 -> T=12
    hill climb #4829: T=120 -> T=12
    hill climb #4831: T=120 -> T=12
    hill climb #4842: T=120 -> T=8
    hill climb #4868: T=120 -> T=20
    hill climb (complement) #4873: T=120 -> T=14
    hill climb #4881: T=120 -> T=22
    hill climb #4882: T=120 -> T=12
    hill climb #4887: T=120 -> T=12
    hill climb #4888: T=120 -> T=16
    hill climb #4893: T=120 -> T=12
    hill climb #4906: T=120 -> T=16
    hill climb #4908: T=120 -> T=6
    hill climb #4912: T=120 -> T=14
    hill climb #4914: T=120 -> T=12
    hill climb #4916: T=120 -> T=18
    hill climb #4918: T=120 -> T=10
    hill climb #4919: T=120 -> T=20
    hill climb #4928: T=120 -> T=8
    hill climb #4931: T=120 -> T=14
    hill climb #4932: T=120 -> T=14
    hill climb #4936: T=120 -> T=14
    hill climb #4938: T=120 -> T=10
    hill climb #4939: T=120 -> T=18
    hill climb #4942: T=120 -> T=16
    hill climb #4948: T=120 -> T=18
    hill climb #4961: T=120 -> T=10
    hill climb #4966: T=120 -> T=12
    hill climb (complement) #4967: T=120 -> T=3
    hill climb #4970: T=122 -> T=8
    hill climb #4974: T=122 -> T=16
    hill climb #4977: T=122 -> T=16
    hill climb #5002: T=122 -> T=10
    hill climb #5003: T=122 -> T=12
    hill climb #5006: T=122 -> T=10
    hill climb #5008: T=122 -> T=10
    hill climb #5012: T=122 -> T=12
    hill climb #5013: T=122 -> T=14
    hill climb #5022: T=122 -> T=22
    hill climb #5029: T=122 -> T=14
    hill climb #5033: T=122 -> T=10
    hill climb #5042: T=122 -> T=18
    hill climb #5051: T=122 -> T=14
    hill climb #5055: T=122 -> T=22
    hill climb #5070: T=122 -> T=18
    hill climb #5076: T=122 -> T=18
    hill climb #5080: T=122 -> T=8
    hill climb #5085: T=122 -> T=8
    hill climb #5093: T=122 -> T=18
    hill climb #5104: T=124 -> T=12
    hill climb #5106: T=124 -> T=14
    hill climb #5107: T=124 -> T=10
    hill climb #5110: T=124 -> T=14
    hill climb #5113: T=124 -> T=12
    hill climb #5114: T=124 -> T=6
    hill climb #5131: T=124 -> T=30
    hill climb #5132: T=124 -> T=12
    hill climb #5133: T=124 -> T=6
    hill climb #5135: T=124 -> T=14
    hill climb #5137: T=124 -> T=16
    hill climb #5141: T=124 -> T=12
    hill climb #5150: T=124 -> T=12
    hill climb #5153: T=124 -> T=12
    hill climb #5158: T=124 -> T=14
    hill climb #5160: T=124 -> T=10
    hill climb #5162: T=124 -> T=20
    hill climb #5166: T=124 -> T=12
    hill climb #5168: T=124 -> T=20
    hill climb #5170: T=124 -> T=10
    hill climb #5173: T=124 -> T=22
    hill climb #5182: T=124 -> T=12
    hill climb (complement) #5188: T=124 -> T=24
    hill climb #5194: T=124 -> T=10
    hill climb #5196: T=124 -> T=10
    hill climb #5198: T=124 -> T=30
    hill climb #5203: T=124 -> T=32
    hill climb #5208: T=124 -> T=12
    hill climb #5209: T=124 -> T=20
    hill climb #5212: T=124 -> T=12
    hill climb #5213: T=124 -> T=10
    hill climb #5215: T=124 -> T=18
    hill climb #5219: T=124 -> T=24
    hill climb #5221: T=124 -> T=12
    hill climb #5224: T=124 -> T=8
    hill climb #5241: T=124 -> T=22
    hill climb #5242: T=124 -> T=10
    hill climb #5247: T=124 -> T=10
    hill climb #5250: T=124 -> T=32
    hill climb #5254: T=124 -> T=10
    hill climb #5256: T=124 -> T=12
    hill climb #5257: T=124 -> T=12
    hill climb #5258: T=124 -> T=22
    hill climb #5259: T=124 -> T=12
    hill climb #5260: T=124 -> T=12
    hill climb #5262: T=124 -> T=12
    hill climb #5266: T=126 -> T=8
    hill climb #5270: T=126 -> T=10
    hill climb #5273: T=126 -> T=14
    hill climb #5281: T=126 -> T=8
    hill climb #5282: T=126 -> T=8
    hill climb #5286: T=126 -> T=16
    hill climb #5287: T=126 -> T=22
    hill climb #5289: T=126 -> T=28
    hill climb #5292: T=126 -> T=22
    hill climb #5294: T=126 -> T=10
    hill climb #5296: T=126 -> T=20
    hill climb #5310: T=126 -> T=8
    hill climb #5312: T=126 -> T=12
    hill climb #5313: T=126 -> T=18
    hill climb #5315: T=126 -> T=10
    hill climb #5318: T=126 -> T=16
    hill climb #5320: T=126 -> T=14
    hill climb #5331: T=126 -> T=6
    hill climb #5348: T=126 -> T=22
    hill climb #5354: T=126 -> T=18
    hill climb #5355: T=126 -> T=14
    hill climb #5358: T=126 -> T=8
    hill climb #5368: T=126 -> T=6
    hill climb #5374: T=126 -> T=10
    hill climb #5386: T=126 -> T=10
    hill climb #5391: T=126 -> T=12
    hill climb #5396: T=126 -> T=18
    hill climb #5397: T=126 -> T=16
    hill climb #5401: T=126 -> T=12
    hill climb #5403: T=126 -> T=26
    hill climb #5406: T=126 -> T=10
    hill climb #5408: T=126 -> T=12
    hill climb #5415: T=126 -> T=10
    hill climb #5416: T=126 -> T=16
    hill climb #5418: T=126 -> T=12
    hill climb #5421: T=126 -> T=20
    hill climb #5422: T=127 -> T=30
    hill climb #5423: T=127 -> T=16
    hill climb #5429: T=128 -> T=12
    hill climb #5438: T=128 -> T=14
    hill climb #5445: T=128 -> T=14
    hill climb #5447: T=128 -> T=12
    hill climb #5448: T=128 -> T=16
    hill climb #5451: T=128 -> T=14
    hill climb #5459: T=128 -> T=18
    hill climb #5463: T=128 -> T=8
    hill climb #5469: T=128 -> T=12
    hill climb #5470: T=128 -> T=16
    hill climb #5476: T=128 -> T=12
    hill climb #5480: T=128 -> T=14
    hill climb #5484: T=128 -> T=18
    hill climb #5493: T=128 -> T=10
    hill climb #5495: T=128 -> T=18
    hill climb #5496: T=128 -> T=12
    hill climb #5509: T=128 -> T=26
    hill climb #5512: T=128 -> T=14
    hill climb #5515: T=128 -> T=10
    hill climb #5517: T=128 -> T=22
    hill climb #5518: T=128 -> T=12
    hill climb #5521: T=128 -> T=16
    hill climb #5523: T=128 -> T=14
    hill climb #5524: T=128 -> T=20
    hill climb #5527: T=128 -> T=14
    hill climb #5540: T=128 -> T=10
    hill climb #5541: T=128 -> T=14
    hill climb #5549: T=128 -> T=12
    hill climb #5554: T=128 -> T=14
    hill climb #5556: T=128 -> T=8
    hill climb #5559: T=128 -> T=14
    hill climb #5560: T=128 -> T=18
    hill climb #5561: T=128 -> T=20
    hill climb #5562: T=128 -> T=10
    hill climb #5564: T=128 -> T=14
    hill climb #5571: T=128 -> T=12
    hill climb (complement) #5577: T=128 -> T=6
    hill climb #5580: T=128 -> T=14
    hill climb #5583: T=128 -> T=26
    hill climb #5584: T=128 -> T=14
    hill climb #5585: T=128 -> T=28
    hill climb #5589: T=128 -> T=18
    hill climb #5595: T=128 -> T=12
    hill climb #5597: T=128 -> T=10
    hill climb #5598: T=129 -> T=11
    hill climb #5601: T=130 -> T=10
    hill climb #5602: T=130 -> T=17
    hill climb #5612: T=130 -> T=18
    hill climb #5619: T=130 -> T=16
    hill climb #5630: T=130 -> T=14
    hill climb #5634: T=130 -> T=10
    hill climb #5637: T=130 -> T=16
    hill climb #5650: T=130 -> T=8
    hill climb #5660: T=130 -> T=16
    hill climb #5668: T=130 -> T=14
    hill climb #5671: T=130 -> T=12
    hill climb #5675: T=130 -> T=10
    hill climb #5677: T=130 -> T=16
    hill climb #5681: T=130 -> T=10
    hill climb #5684: T=130 -> T=16
    hill climb #5686: T=130 -> T=14
    hill climb #5691: T=130 -> T=16
    hill climb #5696: T=130 -> T=10
    hill climb #5698: T=130 -> T=14
    hill climb #5707: T=130 -> T=12
    hill climb #5719: T=131 -> T=14
    hill climb #5728: T=132 -> T=12
    hill climb #5745: T=132 -> T=18
    hill climb #5779: T=132 -> T=14
    hill climb #5784: T=132 -> T=12
    hill climb (complement) #5795: T=132 -> T=24
    hill climb #5810: T=132 -> T=10
    hill climb #5822: T=132 -> T=14
    hill climb #5836: T=132 -> T=12
    hill climb #5842: T=132 -> T=12
    hill climb #5855: T=132 -> T=14
    hill climb #5857: T=132 -> T=10
    hill climb #5880: T=132 -> T=20
    hill climb #5901: T=134 -> T=8
    hill climb #5905: T=134 -> T=14
    hill climb #5925: T=134 -> T=10
    hill climb #5965: T=134 -> T=8
    hill climb #5978: T=134 -> T=12
    hill climb #5980: T=134 -> T=12
    hill climb #5993: T=134 -> T=14
    hill climb #6006: T=134 -> T=14
    hill climb #6027: T=136 -> T=18
    hill climb #6029: T=136 -> T=14
    hill climb #6054: T=136 -> T=13
    hill climb #6102: T=136 -> T=18
    hill climb #6124: T=136 -> T=12
    hill climb #6125: T=136 -> T=12
    hill climb #6164: T=136 -> T=12
    hill climb #6183: T=138 -> T=12
    hill climb #6185: T=138 -> T=14
    hill climb #6189: T=138 -> T=12
    hill climb #6196: T=138 -> T=10
    hill climb #6217: T=138 -> T=14
    hill climb #6226: T=138 -> T=14
    hill climb #6228: T=138 -> T=10
    hill climb #6256: T=138 -> T=14
    hill climb (complement) #6373: T=140 -> T=16
    hill climb #6385: T=140 -> T=18
    hill climb (complement) #6389: T=140 -> T=36
    hill climb #6423: T=140 -> T=10
    hill climb #6430: T=140 -> T=10
    hill climb #6465: T=142 -> T=12
    hill climb #6510: T=142 -> T=8
    hill climb (complement) #6533: T=142 -> T=26
    hill climb #6648: T=144 -> T=10
    hill climb (complement) #6707: T=144 -> T=36
    hill climb #6866: T=146 -> T=14
    hill climb #6909: T=146 -> T=18
    hill climb #6928: T=148 -> T=8
    hill climb (complement) #7087: T=148 -> T=18
    hill climb #7623: T=156 -> T=12
    hill climb #7723: T=158 -> T=12
    hill climb #7830: T=160 -> T=12
    hill climb #7848: T=160 -> T=16
    hill climb #7931: T=160 -> T=14
    hill climb #7937: T=160 -> T=10
    hill climb #7939: T=160 -> T=10
    hill climb #8009: T=162 -> T=10
    hill climb #8089: T=162 -> T=12
    hill climb #8110: T=164 -> T=18
    hill climb #8184: T=164 -> T=12
    hill climb (complement) #8299: T=166 -> T=26
    hill climb #8316: T=166 -> T=18
    hill climb #8492: T=168 -> T=12
    hill climb #8592: T=170 -> T=18
    hill climb #8733: T=172 -> T=8
    hill climb #8755: T=172 -> T=14
    hill climb #8980: T=176 -> T=14
    hill climb #8994: T=176 -> T=14
    hill climb (complement) #9048: T=176 -> T=30
    hill climb (complement) #9049: T=176 -> T=14
    hill climb #9050: T=176 -> T=12
    hill climb #9074: T=178 -> T=10
    hill climb #9085: T=178 -> T=10
    hill climb #9090: T=178 -> T=26
    hill climb #9138: T=178 -> T=24
    hill climb (complement) #9236: T=180 -> T=30
    hill climb #9237: T=180 -> T=10
    hill climb #9268: T=180 -> T=12
    hill climb #9279: T=180 -> T=9
    hill climb #9300: T=180 -> T=14
    hill climb #9306: T=180 -> T=16
    hill climb #9361: T=182 -> T=14
    hill climb #9404: T=182 -> T=10
    hill climb #9416: T=183 -> T=8
    hill climb #9464: T=184 -> T=14
    hill climb #9497: T=184 -> T=12
    hill climb #9609: T=186 -> T=12
    hill climb #9618: T=186 -> T=10
    hill climb #9623: T=186 -> T=10
    hill climb #9635: T=186 -> T=10
    hill climb #9653: T=186 -> T=8
    hill climb #9914: T=192 -> T=20
    hill climb #9934: T=192 -> T=20
    hill climb #9941: T=192 -> T=40
    hill climb #10192: T=194 -> T=14
    hill climb #10280: T=196 -> T=10
    hill climb #10291: T=196 -> T=14
    hill climb #10384: T=198 -> T=10
    hill climb #10388: T=198 -> T=16
    hill climb #10404: T=198 -> T=10
    hill climb #10438: T=198 -> T=16
    hill climb #10455: T=200 -> T=24
    hill climb #10667: T=202 -> T=16
    hill climb #10676: T=202 -> T=12
    hill climb #10841: T=206 -> T=10
    hill climb #10849: T=206 -> T=20
    hill climb #10851: T=206 -> T=8
    hill climb #10970: T=208 -> T=12
    hill climb #10979: T=208 -> T=8
    hill climb #11034: T=208 -> T=14
    hill climb #11062: T=210 -> T=12
    hill climb #11075: T=210 -> T=16
    hill climb #11089: T=210 -> T=10
    hill climb (complement) #11111: T=210 -> T=38
    hill climb #11114: T=210 -> T=8
    hill climb #11120: T=210 -> T=26
    hill climb #11268: T=214 -> T=10
    hill climb #11276: T=214 -> T=18
    hill climb #11427: T=216 -> T=14
    hill climb (complement) #11527: T=218 -> T=12
    hill climb #11529: T=218 -> T=10
    hill climb (complement) #11577: T=220 -> T=30
    hill climb #11597: T=220 -> T=16
    hill climb #11626: T=220 -> T=6
    hill climb #11676: T=221 -> T=8
    hill climb #11783: T=223 -> T=8
    hill climb #11890: T=224 -> T=10
    hill climb (complement) #14261: T=268 -> T=12
    hill climb (complement) #14341: T=268 -> T=28
    hill climb (complement) #14430: T=272 -> T=42
    hill climb (complement) #14500: T=272 -> T=26
    hill climb (complement) #14514: T=272 -> T=16
    hill climb (complement) #15042: T=284 -> T=22
    hill climb (complement) #15358: T=290 -> T=17
    hill climb (complement) #15445: T=292 -> T=38
    hill climb (complement) #15507: T=292 -> T=34
    hill climb (complement) #15755: T=298 -> T=40
    hill climb (complement) #15776: T=298 -> T=18
    hill climb (complement) #16076: T=304 -> T=38
    hill climb (complement) #16173: T=308 -> T=18
    hill climb (complement) #16222: T=308 -> T=24
    hill climb (complement) #16414: T=312 -> T=36
    hill climb (complement) #16783: T=320 -> T=32
    hill climb (complement) #17368: T=332 -> T=24
    hill climb (complement) #17907: T=348 -> T=36
    hill climb (complement) #18431: T=362 -> T=26
    hill climb (complement) #19043: T=380 -> T=28
    hill climb (complement) #20227: T=416 -> T=20
    hill climb (complement) #20552: T=428 -> T=30
    hill climb (complement) #20660: T=432 -> T=52
    hill climb (complement) #21386: T=464 -> T=68
    hill climb (complement) #21464: T=466 -> T=91
    hill climb (complement) #21527: T=468 -> T=30
    hill climb (complement) #21529: T=468 -> T=52
    hill climb (complement) #21801: T=480 -> T=80
    hill climb (complement) #21970: T=488 -> T=48
    hill climb (complement) #21997: T=488 -> T=54
    hill climb (complement) #22061: T=492 -> T=4
    hill climb (complement) #22161: T=496 -> T=60
    hill climb (complement) #22761: T=520 -> T=56
    hill climb (complement) #22793: T=520 -> T=48
    hill climb (complement) #23173: T=537 -> T=76
    hill climb (complement) #23958: T=576 -> T=44
    hill climb (complement) #24107: T=584 -> T=46
    hill climb (complement) #24504: T=606 -> T=31
    hill climb (complement) #25024: T=640 -> T=32
    hill climb (complement) #25223: T=654 -> T=34
    hill climb (complement) #25477: T=674 -> T=40
    hill climb (complement) #25639: T=688 -> T=36
    hill climb (complement) #25784: T=704 -> T=40
    hill climb (complement) #25804: T=704 -> T=94
    hill climb (complement) #26000: T=724 -> T=38
    hill climb (complement) #26449: T=776 -> T=120
    hill climb (complement) #26794: T=842 -> T=40
    hill climb (complement) #27139: T=922 -> T=84
    hill climb (complement) #27721: T=1046 -> T=118
    Hill climb time: 413.084 s

========================================
  Results (102494 candidates evaluated)
  Raw ANF Sum T = 120
========================================
  1. m=9 T=3 (union=3, compression 40×) M=[01000000..; 00000000..; 00000001..; 11010111..; 11000101..; 10000000..; 00111111..; 00001111..; 01000110..]
    Per-output T: om_0=3
  2. m=11 T=4 (union=4, compression 30×) M=[01000000..; 11111111..; 10110010..; 11000011..; 00010011..; 00110101..; 11011100..; 01001010..; 11111101..; 00010010..; 01010011..]
    Per-output T: om_0=4
  3. m=9 T=5 (union=5, compression 24×) M=[11101111..; 01000000..; 00100010..; 00010001..; 01011001..; 11110110..; 01111100..; 11010000..; 00000001..]
    Per-output T: om_0=5
  4. m=8 T=6 (union=6, compression 20×) M=[11111111..; 00000010..; 01100000..; 11110110..; 01100100..; 01111101..; 11011011..; 11100111..]
    Per-output T: om_0=6
  5. m=8 T=6 (union=6, compression 20×) M=[11111111..; 11101110..; 01111101..; 10111101..; 00001001..; 00010100..; 00100000..; 11010111..]
    Per-output T: om_0=6
  6. m=8 T=6 (union=6, compression 20×) M=[10110111..; 11111111..; 01011111..; 00000100..; 11111100..; 11110000..; 00000101..; 01101111..]
    Per-output T: om_0=6
  7. m=8 T=6 (union=6, compression 20×) M=[11111111..; 11110101..; 00100000..; 01110001..; 10111110..; 01111101..; 00010001..; 00100100..]
    Per-output T: om_0=6
  8. m=8 T=6 (union=6, compression 20×) M=[10100000..; 11111010..; 11101111..; 11111111..; 10110010..; 01000010..; 00001001..; 00100000..]
    Per-output T: om_0=6
  9. m=8 T=6 (union=6, compression 20×) M=[11111111..; 11111001..; 01000100..; 01000110..; 00010001..; 11011110..; 00111001..; 01110111..]
    Per-output T: om_0=6
  10. m=8 T=6 (union=6, compression 20×) M=[01000100..; 11111111..; 11011110..; 00010100..; 10111111..; 01110111..; 00100010..; 00101011..]
    Per-output T: om_0=6
  11. m=8 T=6 (union=6, compression 20×) M=[11111111..; 00001001..; 11111101..; 10111110..; 01101001..; 00100010..; 10000100..; 00010100..]
    Per-output T: om_0=6
  12. m=8 T=6 (union=6, compression 20×) M=[11111111..; 00001001..; 01100000..; 11011101..; 11111011..; 11101111..; 01101111..; 10011100..]
    Per-output T: om_0=6
  13. m=8 T=6 (union=6, compression 20×) M=[00100100..; 10000001..; 11100111..; 00000011..; 01000000..; 11111111..; 10101111..; 10100011..]
    Per-output T: om_0=6
  14. m=8 T=6 (union=6, compression 20×) M=[11111111..; 11101101..; 01110011..; 10111111..; 01100000..; 10000100..; 11111100..; 00001100..]
    Per-output T: om_0=6
  15. m=8 T=6 (union=6, compression 20×) M=[00110000..; 00000010..; 10000001..; 11111111..; 11110000..; 00001100..; 00001001..; 01010000..]
    Per-output T: om_0=6
  16. m=8 T=6 (union=6, compression 20×) M=[11111111..; 01101111..; 10111111..; 00100100..; 11110101..; 00100001..; 10100101..; 11110111..]
    Per-output T: om_0=6
  17. m=8 T=6 (union=6, compression 20×) M=[11110111..; 11111111..; 00000001..; 01111011..; 01100011..; 11101011..; 00100010..; 01000010..]
    Per-output T: om_0=6
  18. m=8 T=6 (union=6, compression 20×) M=[11111111..; 10111011..; 01011111..; 11100110..; 11110110..; 00011000..; 01111101..; 11100010..]
    Per-output T: om_0=6
  19. m=8 T=6 (union=6, compression 20×) M=[01000010..; 00010001..; 10100000..; 10100110..; 11100111..; 11111111..; 10000100..; 00100000..]
    Per-output T: om_0=6
  20. m=8 T=6 (union=6, compression 20×) M=[01100000..; 00000010..; 01111011..; 11111111..; 11111010..; 11001111..; 10001101..; 11110101..]
    Per-output T: om_0=6

Best candidate: m=9, T_sum=3, T_union=3
// Transform z = Mx + b (GF(2)):
// m=9, n=8
// z_0 = i6 + 1
// z_1 = 1
// z_2 = i0 + 1
// z_3 = i7 + i6 + i4 + i2 + i1 + i0
// z_4 = i7 + i6 + i2 + i0
// z_5 = i7 + 1
// z_6 = i5 + i4 + i3 + i2 + i1 + i0 + 1
// z_7 = i3 + i2 + i1 + i0 + 1
// z_8 = i6 + i2 + i1 + 1
  Evaluating best candidate (m=9) for output...
  Saved affine: /home/wangfz/bool/cpp/results/hd08/hd08_d1a_opt.affine (s=9, n=8)
  Saved poly: /home/wangfz/bool/cpp/results/hd08/hd08_d1a_opt.poly (m=9, 1 outputs, 16 terms)
  Saved stats: /home/wangfz/bool/cpp/results/hd08/hd08_d1a_opt_stats.txt (n=8, k=1, sum_T=16, union_T=16)

Total time: 429.323 s
