--- Circuit ---
  Inputs: 8, Outputs: 256, Strategy: opt2 (per-output transforms)

Phase 1: Computing truth table...
  Truth table: 2^8 = 256 inputs, 4 batches, 256 outputs

Phase 2: Per-output search
  Output 0/256 (osel10)...
    d1c: support=255 t=8 raw_T=128 best_T=1 best_b=127
    m=8 T=1
  Output 1/256 (osel11)...
    d1c: support=255 t=8 raw_T=64 best_T=1 best_b=126
    m=8 T=1
  Output 2/256 (osel12)...
    d1c: support=255 t=8 raw_T=64 best_T=1 best_b=125
    m=8 T=1
  Output 3/256 (osel13)...
    d1c: support=255 t=8 raw_T=32 best_T=1 best_b=124
    m=8 T=1
  Output 4/256 (osel14)...
    d1c: support=255 t=8 raw_T=64 best_T=1 best_b=123
    m=8 T=1
  Output 5/256 (osel15)...
    d1c: support=255 t=8 raw_T=32 best_T=1 best_b=122
    m=8 T=1
  Output 6/256 (osel16)...
    d1c: support=255 t=8 raw_T=32 best_T=1 best_b=121
    m=8 T=1
  Output 7/256 (osel17)...
    d1c: support=255 t=8 raw_T=16 best_T=1 best_b=120
    m=8 T=1
  Output 8/256 (osel18)...
    d1c: support=255 t=8 raw_T=64 best_T=1 best_b=119
    m=8 T=1
  Output 9/256 (osel19)...
    d1c: support=255 t=8 raw_T=32 best_T=1 best_b=118
    m=8 T=1
  Output 10/256 (osel110)...
    d1c: support=255 t=8 raw_T=32 best_T=1 best_b=117
    m=8 T=1
  Output 11/256 (osel111)...
    d1c: support=255 t=8 raw_T=16 best_T=1 best_b=116
    m=8 T=1
  Output 12/256 (osel112)...
    d1c: support=255 t=8 raw_T=32 best_T=1 best_b=115
    m=8 T=1
  Output 13/256 (osel113)...
    d1c: support=255 t=8 raw_T=16 best_T=1 best_b=114
    m=8 T=1
  Output 14/256 (osel114)...
    d1c: support=255 t=8 raw_T=16 best_T=1 best_b=113
    m=8 T=1
  Output 15/256 (osel115)...
    d1c: support=255 t=8 raw_T=8 best_T=1 best_b=112
    m=8 T=1
  Output 16/256 (osel116)...
    d1c: support=255 t=8 raw_T=64 best_T=1 best_b=111
    m=8 T=1
  Output 17/256 (osel117)...
    d1c: support=255 t=8 raw_T=32 best_T=1 best_b=110
    m=8 T=1
  Output 18/256 (osel118)...
    d1c: support=255 t=8 raw_T=32 best_T=1 best_b=109
    m=8 T=1
  Output 19/256 (osel119)...
    d1c: support=255 t=8 raw_T=16 best_T=1 best_b=108
    m=8 T=1
  Output 20/256 (osel120)...
    d1c: support=255 t=8 raw_T=32 best_T=1 best_b=107
    m=8 T=1
  Output 21/256 (osel121)...
    d1c: support=255 t=8 raw_T=16 best_T=1 best_b=106
    m=8 T=1
  Output 22/256 (osel122)...
    d1c: support=255 t=8 raw_T=16 best_T=1 best_b=105
    m=8 T=1
  Output 23/256 (osel123)...
    d1c: support=255 t=8 raw_T=8 best_T=1 best_b=104
    m=8 T=1
  Output 24/256 (osel124)...
    d1c: support=255 t=8 raw_T=32 best_T=1 best_b=103
    m=8 T=1
  Output 25/256 (osel125)...
    d1c: support=255 t=8 raw_T=16 best_T=1 best_b=102
    m=8 T=1
  Output 26/256 (osel126)...
    d1c: support=255 t=8 raw_T=16 best_T=1 best_b=101
    m=8 T=1
  Output 27/256 (osel127)...
    d1c: support=255 t=8 raw_T=8 best_T=1 best_b=100
    m=8 T=1
  Output 28/256 (osel128)...
    d1c: support=255 t=8 raw_T=16 best_T=1 best_b=99
    m=8 T=1
  Output 29/256 (osel129)...
    d1c: support=255 t=8 raw_T=8 best_T=1 best_b=98
    m=8 T=1
  Output 30/256 (osel130)...
    d1c: support=255 t=8 raw_T=8 best_T=1 best_b=97
