--- Circuit ---
  Inputs: 8, Outputs: 256, Gates: 312
  Max-m: 6, Pool-rows: 30, Hill-climb: 10000

Phase 1: Per-output sparse-g enumeration
  Output 0/256 (osel10)...
    Scoring 24 pool rows...
    m=8 T=128 [0.000608967 s]
  Output 1/256 (osel11)...
    Scoring 24 pool rows...
    m=8 T=64 [0.0041563 s]
  Output 2/256 (osel12)...
    Scoring 24 pool rows...
    m=8 T=64 [0.00375639 s]
  Output 3/256 (osel13)...
    Scoring 24 pool rows...
    m=8 T=32 [0.00600188 s]
  Output 4/256 (osel14)...
    Scoring 24 pool rows...
    m=8 T=64 [0.00382593 s]
  Output 5/256 (osel15)...
    Scoring 24 pool rows...
    m=8 T=32 [0.00682584 s]
  Output 6/256 (osel16)...
    Scoring 24 pool rows...
    m=8 T=32 [0.00615034 s]
  Output 7/256 (osel17)...
    Scoring 24 pool rows...
    m=8 T=16 [0.00643289 s]
  Output 8/256 (osel18)...
    Scoring 24 pool rows...
    m=8 T=64 [0.00384258 s]
  Output 9/256 (osel19)...
    Scoring 24 pool rows...
    m=8 T=32 [0.00731006 s]
  Output 10/256 (osel110)...
    Scoring 24 pool rows...
    m=8 T=32 [0.00667742 s]
  Output 11/256 (osel111)...
    Scoring 24 pool rows...
    m=8 T=16 [0.00670709 s]
  Output 12/256 (osel112)...
    Scoring 24 pool rows...
    m=8 T=32 [0.00689737 s]
  Output 13/256 (osel113)...
    Scoring 24 pool rows...
    m=8 T=16 [0.00711183 s]
  Output 14/256 (osel114)...
    Scoring 24 pool rows...
    m=8 T=16 [0.00787159 s]
  Output 15/256 (osel115)...
    Scoring 24 pool rows...
    m=8 T=8 [0.00566113 s]
  Output 16/256 (osel116)...
    Scoring 24 pool rows...
    m=8 T=64 [0.00279905 s]
  Output 17/256 (osel117)...
    Scoring 24 pool rows...
    m=8 T=32 [0.00674172 s]
  Output 18/256 (osel118)...
    Scoring 24 pool rows...
    m=8 T=32 [0.0078525 s]
  Output 19/256 (osel119)...
    Scoring 24 pool rows...
    m=8 T=16 [0.00746347 s]
  Output 20/256 (osel120)...
    Scoring 24 pool rows...
    m=8 T=32 [0.00584343 s]
  Output 21/256 (osel121)...
    Scoring 24 pool rows...
    m=8 T=16 [0.00668989 s]
  Output 22/256 (osel122)...
    Scoring 24 pool rows...
    m=8 T=16 [0.00731359 s]
  Output 23/256 (osel123)...
    Scoring 24 pool rows...
    m=8 T=8 [0.00685679 s]
  Output 24/256 (osel124)...
    Scoring 24 pool rows...
    m=8 T=32 [0.00659079 s]
  Output 25/256 (osel125)...
    Scoring 24 pool rows...
    m=8 T=16 [0.00630879 s]
  Output 26/256 (osel126)...
    Scoring 24 pool rows...
    m=8 T=16 [0.00718586 s]
  Output 27/256 (osel127)...
    Scoring 24 pool rows...
    m=8 T=8 [0.00791888 s]
  Output 28/256 (osel128)...
    Scoring 24 pool rows...
    m=8 T=16 [0.00665043 s]
  Output 29/256 (osel129)...
    Scoring 24 pool rows...
    m=8 T=8 [0.00796883 s]
  Output 30/256 (osel130)...
    Scoring 24 pool rows...
    m=8 T=8 [0.00603801 s]
  Output 31/256 (osel131)...
    Scoring 24 pool rows...
    m=8 T=4 [0.00638199 s]
  Output 32/256 (osel132)...
    Scoring 24 pool rows...
    m=8 T=64 [0.00363912 s]
  Output 33/256 (osel133)...
    Scoring 24 pool rows...
    m=8 T=32 [0.00727007 s]
  Output 34/256 (osel134)...
    Scoring 24 pool rows...
    m=8 T=32 [0.00766754 s]
  Output 35/256 (osel135)...
    Scoring 24 pool rows...
    m=8 T=16 [0.00648318 s]
  Output 36/256 (osel136)...
    Scoring 24 pool rows...
    m=8 T=32 [0.0063577 s]
  Output 37/256 (osel137)...
    Scoring 24 pool rows...
    m=8 T=16 [0.00666368 s]
  Output 38/256 (osel138)...
    Scoring 24 pool rows...
    m=8 T=16 [0.00595601 s]
  Output 39/256 (osel139)...
    Scoring 24 pool rows...
    m=8 T=8 [0.00765267 s]
  Output 40/256 (osel140)...
    Scoring 24 pool rows...
    m=8 T=32 [0.00644339 s]
  Output 41/256 (osel141)...
    Scoring 24 pool rows...
    m=8 T=16 [0.00700314 s]
  Output 42/256 (osel142)...
    Scoring 24 pool rows...
    m=8 T=16 [0.00655751 s]
  Output 43/256 (osel143)...
    Scoring 24 pool rows...
    m=8 T=8 [0.00723808 s]
  Output 44/256 (osel144)...
    Scoring 24 pool rows...
    m=8 T=16 [0.00773522 s]
  Output 45/256 (osel145)...
    Scoring 24 pool rows...
    m=8 T=8 [0.00666345 s]
  Output 46/256 (osel146)...
    Scoring 24 pool rows...
    m=8 T=8 [0.00741868 s]
  Output 47/256 (osel147)...
    Scoring 24 pool rows...
    m=8 T=4 [0.00682155 s]
  Output 48/256 (osel148)...
    Scoring 24 pool rows...
    m=8 T=32 [0.00644775 s]
  Output 49/256 (osel149)...
    Scoring 24 pool rows...
    m=8 T=16 [0.00695156 s]
  Output 50/256 (osel150)...
    Scoring 24 pool rows...
    m=8 T=16 [0.00619697 s]
  Output 51/256 (osel151)...
    Scoring 24 pool rows...
    m=8 T=8 [0.00666385 s]
  Output 52/256 (osel152)...
    Scoring 24 pool rows...
    m=8 T=16 [0.00707244 s]
  Output 53/256 (osel153)...
    Scoring 24 pool rows...
    m=8 T=8 [0.00709592 s]
  Output 54/256 (osel154)...
    Scoring 24 pool rows...
    m=8 T=8 [0.00810192 s]
  Output 55/256 (osel155)...
    Scoring 24 pool rows...
    m=8 T=4 [0.00781406 s]
  Output 56/256 (osel156)...
    Scoring 24 pool rows...
    m=8 T=16 [0.00700398 s]
  Output 57/256 (osel157)...
    Scoring 24 pool rows...
    m=8 T=8 [0.00752151 s]
  Output 58/256 (osel158)...
    Scoring 24 pool rows...
    m=8 T=8 [0.00705857 s]
  Output 59/256 (osel159)...
    Scoring 24 pool rows...
    m=8 T=4 [0.0073378 s]
  Output 60/256 (osel160)...
    Scoring 24 pool rows...
    m=8 T=8 [0.00785583 s]
  Output 61/256 (osel161)...
    Scoring 24 pool rows...
    m=8 T=4 [0.00701717 s]
  Output 62/256 (osel162)...
    Scoring 24 pool rows...
    m=8 T=4 [0.00740824 s]
  Output 63/256 (osel163)...
    Scoring 24 pool rows...
    m=8 T=2 [0.00742003 s]
  Output 64/256 (osel164)...
    Scoring 24 pool rows...
    m=8 T=64 [0.00393706 s]
  Output 65/256 (osel165)...
    Scoring 24 pool rows...
    m=8 T=32 [0.00783282 s]
  Output 66/256 (osel166)...
    Scoring 24 pool rows...
    m=8 T=32 [0.00632677 s]
  Output 67/256 (osel167)...
    Scoring 24 pool rows...
    m=8 T=16 [0.0071465 s]
  Output 68/256 (osel168)...
    Scoring 24 pool rows...
    m=8 T=32 [0.00651022 s]
  Output 69/256 (osel169)...
    Scoring 24 pool rows...
    m=8 T=16 [0.00762339 s]
  Output 70/256 (osel170)...
    Scoring 24 pool rows...
    m=8 T=16 [0.00722907 s]
  Output 71/256 (osel171)...
    Scoring 24 pool rows...
    m=8 T=8 [0.00747758 s]
  Output 72/256 (osel172)...
    Scoring 24 pool rows...
    m=8 T=32 [0.00652445 s]
  Output 73/256 (osel173)...
    Scoring 24 pool rows...
    m=8 T=16 [0.00742844 s]
  Output 74/256 (osel174)...
    Scoring 24 pool rows...
    m=8 T=16 [0.00866448 s]
  Output 75/256 (osel175)...
    Scoring 24 pool rows...
    m=8 T=8 [0.00678042 s]
  Output 76/256 (osel176)...
    Scoring 24 pool rows...
    m=8 T=16 [0.00696614 s]
  Output 77/256 (osel177)...
    Scoring 24 pool rows...
    m=8 T=8 [0.00639011 s]
  Output 78/256 (osel178)...
    Scoring 24 pool rows...
    m=8 T=8 [0.0072591 s]
  Output 79/256 (osel179)...
    Scoring 24 pool rows...
    m=8 T=4 [0.0067302 s]
  Output 80/256 (osel180)...
    Scoring 24 pool rows...
    m=8 T=32 [0.00690718 s]
  Output 81/256 (osel181)...
    Scoring 24 pool rows...
    m=8 T=16 [0.00676475 s]
  Output 82/256 (osel182)...
    Scoring 24 pool rows...
    m=8 T=16 [0.00764327 s]
  Output 83/256 (osel183)...
    Scoring 24 pool rows...
    m=8 T=8 [0.00676053 s]
  Output 84/256 (osel184)...
    Scoring 24 pool rows...
    m=8 T=16 [0.00547346 s]
  Output 85/256 (osel185)...
    Scoring 24 pool rows...
    m=8 T=8 [0.00717923 s]
  Output 86/256 (osel186)...
    Scoring 24 pool rows...
    m=8 T=8 [0.00593825 s]
  Output 87/256 (osel187)...
    Scoring 24 pool rows...
    m=8 T=4 [0.00679326 s]
  Output 88/256 (osel188)...
    Scoring 24 pool rows...
    m=8 T=16 [0.007952 s]
  Output 89/256 (osel189)...
    Scoring 24 pool rows...
    m=8 T=8 [0.0071613 s]
  Output 90/256 (osel190)...
    Scoring 24 pool rows...
    m=8 T=8 [0.00679812 s]
  Output 91/256 (osel191)...
    Scoring 24 pool rows...
    m=8 T=4 [0.00592635 s]
  Output 92/256 (osel192)...
    Scoring 24 pool rows...
    m=8 T=8 [0.00715078 s]
  Output 93/256 (osel193)...
    Scoring 24 pool rows...
    m=8 T=4 [0.00628429 s]
  Output 94/256 (osel194)...
    Scoring 24 pool rows...
    m=8 T=4 [0.00739188 s]
  Output 95/256 (osel195)...
    Scoring 24 pool rows...
    m=8 T=2 [0.00729194 s]
  Output 96/256 (osel196)...
    Scoring 24 pool rows...
    m=8 T=32 [0.00768657 s]
  Output 97/256 (osel197)...
    Scoring 24 pool rows...
    m=8 T=16 [0.00872318 s]
  Output 98/256 (osel198)...
    Scoring 24 pool rows...
    m=8 T=16 [0.00804532 s]
  Output 99/256 (osel199)...
    Scoring 24 pool rows...
    m=8 T=8 [0.00795404 s]
  Output 100/256 (osel1100)...
    Scoring 24 pool rows...
    m=8 T=16 [0.00699836 s]
  Output 101/256 (osel1101)...
    Scoring 24 pool rows...
    m=8 T=8 [0.00706977 s]
  Output 102/256 (osel1102)...
    Scoring 24 pool rows...
    m=8 T=8 [0.00717929 s]
  Output 103/256 (osel1103)...
    Scoring 24 pool rows...
    m=8 T=4 [0.00807705 s]
  Output 104/256 (osel1104)...
    Scoring 24 pool rows...
    m=8 T=16 [0.00659571 s]
  Output 105/256 (osel1105)...
    Scoring 24 pool rows...
    m=8 T=8 [0.00653002 s]
  Output 106/256 (osel1106)...
    Scoring 24 pool rows...
    m=8 T=8 [0.00762097 s]
  Output 107/256 (osel1107)...
    Scoring 24 pool rows...
    m=8 T=4 [0.00694963 s]
  Output 108/256 (osel1108)...
    Scoring 24 pool rows...
    m=8 T=8 [0.0069996 s]
  Output 109/256 (osel1109)...
    Scoring 24 pool rows...
    m=8 T=4 [0.00660234 s]
  Output 110/256 (osel1110)...
    Scoring 24 pool rows...
    m=8 T=4 [0.00750948 s]
  Output 111/256 (osel1111)...
    Scoring 24 pool rows...
    m=8 T=2 [0.00632364 s]
  Output 112/256 (osel1112)...
    Scoring 24 pool rows...
    m=8 T=16 [0.00685161 s]
  Output 113/256 (osel1113)...
    Scoring 24 pool rows...
    m=8 T=8 [0.00680138 s]
  Output 114/256 (osel1114)...
    Scoring 24 pool rows...
    m=8 T=8 [0.00531287 s]
  Output 115/256 (osel1115)...
    Scoring 24 pool rows...
    m=8 T=4 [0.00789444 s]
  Output 116/256 (osel1116)...
    Scoring 24 pool rows...
    m=8 T=8 [0.00618164 s]
  Output 117/256 (osel1117)...
    Scoring 24 pool rows...
    m=8 T=4 [0.00686523 s]
  Output 118/256 (osel1118)...
    Scoring 24 pool rows...
    m=8 T=4 [0.00618622 s]
  Output 119/256 (osel1119)...
    Scoring 24 pool rows...
    m=8 T=2 [0.00760906 s]
  Output 120/256 (osel1120)...
    Scoring 24 pool rows...
    m=8 T=8 [0.00664564 s]
  Output 121/256 (osel1121)...
    Scoring 24 pool rows...
    m=8 T=4 [0.0060946 s]
  Output 122/256 (osel1122)...
    Scoring 24 pool rows...
    m=8 T=4 [0.00670239 s]
  Output 123/256 (osel1123)...
    Scoring 24 pool rows...
    m=8 T=2 [0.00678802 s]
  Output 124/256 (osel1124)...
    Scoring 24 pool rows...
    m=8 T=4 [0.00720356 s]
  Output 125/256 (osel1125)...
    Scoring 24 pool rows...
    m=8 T=2 [0.00749747 s]
  Output 126/256 (osel1126)...
    Scoring 24 pool rows...
    m=8 T=2 [0.00777104 s]
  Output 127/256 (osel1127)...
    Scoring 24 pool rows...
    m=8 T=1 [0.00721733 s]
  Output 128/256 (osel20)...
    Scoring 24 pool rows...
    m=8 T=256 [0.000214642 s]
  Output 129/256 (osel21)...
    Scoring 24 pool rows...
    m=8 T=128 [0.000245048 s]
  Output 130/256 (osel22)...
    Scoring 24 pool rows...
    m=8 T=128 [0.000258337 s]
  Output 131/256 (osel23)...
    Scoring 24 pool rows...
    m=8 T=64 [0.00238521 s]
  Output 132/256 (osel24)...
    Scoring 24 pool rows...
    m=8 T=128 [0.000298557 s]
  Output 133/256 (osel25)...
    Scoring 24 pool rows...
    m=8 T=64 [0.00361994 s]
  Output 134/256 (osel26)...
    Scoring 24 pool rows...
    m=8 T=64 [0.00260122 s]
  Output 135/256 (osel27)...
    Scoring 24 pool rows...
    m=8 T=32 [0.00732373 s]
  Output 136/256 (osel28)...
    Scoring 24 pool rows...
    m=8 T=128 [0.00033241 s]
  Output 137/256 (osel29)...
    Scoring 24 pool rows...
    m=8 T=64 [0.00332909 s]
  Output 138/256 (osel210)...
    Scoring 24 pool rows...
    m=8 T=64 [0.00464698 s]
  Output 139/256 (osel211)...
    Scoring 24 pool rows...
    m=8 T=32 [0.00598699 s]
  Output 140/256 (osel212)...
    Scoring 24 pool rows...
    m=8 T=64 [0.00325854 s]
  Output 141/256 (osel213)...
    Scoring 24 pool rows...
    m=8 T=32 [0.0069051 s]
  Output 142/256 (osel214)...
    Scoring 24 pool rows...
    m=8 T=32 [0.00768293 s]
  Output 143/256 (osel215)...
    Scoring 24 pool rows...
    m=8 T=16 [0.00693518 s]
  Output 144/256 (osel216)...
    Scoring 24 pool rows...
    m=8 T=128 [0.000379736 s]
  Output 145/256 (osel217)...
    Scoring 24 pool rows...
    m=8 T=64 [0.00221905 s]
  Output 146/256 (osel218)...
    Scoring 24 pool rows...
    m=8 T=64 [0.00421521 s]
  Output 147/256 (osel219)...
    Scoring 24 pool rows...
    m=8 T=32 [0.00724877 s]
  Output 148/256 (osel220)...
    Scoring 24 pool rows...
    m=8 T=64 [0.00400692 s]
  Output 149/256 (osel221)...
    Scoring 24 pool rows...
    m=8 T=32 [0.00798826 s]
  Output 150/256 (osel222)...
    Scoring 24 pool rows...
    m=8 T=32 [0.00646392 s]
  Output 151/256 (osel223)...
    Scoring 24 pool rows...
    m=8 T=16 [0.00697643 s]
  Output 152/256 (osel224)...
    Scoring 24 pool rows...
    m=8 T=64 [0.00244514 s]
  Output 153/256 (osel225)...
    Scoring 24 pool rows...
    m=8 T=32 [0.00649943 s]
  Output 154/256 (osel226)...
    Scoring 24 pool rows...
    m=8 T=32 [0.00720113 s]
  Output 155/256 (osel227)...
    Scoring 24 pool rows...
    m=8 T=16 [0.00733157 s]
  Output 156/256 (osel228)...
    Scoring 24 pool rows...
    m=8 T=32 [0.00654706 s]
  Output 157/256 (osel229)...
    Scoring 24 pool rows...
    m=8 T=16 [0.0071881 s]
  Output 158/256 (osel230)...
    Scoring 24 pool rows...
    m=8 T=16 [0.00848918 s]
  Output 159/256 (osel231)...
    Scoring 24 pool rows...
    m=8 T=8 [0.0078798 s]
  Output 160/256 (osel232)...
    Scoring 24 pool rows...
    m=8 T=128 [0.00041638 s]
  Output 161/256 (osel233)...
    Scoring 24 pool rows...
    m=8 T=64 [0.00289057 s]
  Output 162/256 (osel234)...
    Scoring 24 pool rows...
    m=8 T=64 [0.00363617 s]
  Output 163/256 (osel235)...
    Scoring 24 pool rows...
    m=8 T=32 [0.00736989 s]
  Output 164/256 (osel236)...
    Scoring 24 pool rows...
    m=8 T=64 [0.00369526 s]
  Output 165/256 (osel237)...
    Scoring 24 pool rows...
    m=8 T=32 [0.00722511 s]
  Output 166/256 (osel238)...
    Scoring 24 pool rows...
    m=8 T=32 [0.00665468 s]
  Output 167/256 (osel239)...
    Scoring 24 pool rows...
    m=8 T=16 [0.00544908 s]
  Output 168/256 (osel240)...
    Scoring 24 pool rows...
    m=8 T=64 [0.00353498 s]
  Output 169/256 (osel241)...
    Scoring 24 pool rows...
    m=8 T=32 [0.00806498 s]
  Output 170/256 (osel242)...
    Scoring 24 pool rows...
    m=8 T=32 [0.00788511 s]
  Output 171/256 (osel243)...
    Scoring 24 pool rows...
    m=8 T=16 [0.00689833 s]
  Output 172/256 (osel244)...
    Scoring 24 pool rows...
    m=8 T=32 [0.00702103 s]
  Output 173/256 (osel245)...
    Scoring 24 pool rows...
    m=8 T=16 [0.00597997 s]
  Output 174/256 (osel246)...
    Scoring 24 pool rows...
    m=8 T=16 [0.00627169 s]
  Output 175/256 (osel247)...
    Scoring 24 pool rows...
    m=8 T=8 [0.00693033 s]
  Output 176/256 (osel248)...
    Scoring 24 pool rows...
    m=8 T=64 [0.0026174 s]
  Output 177/256 (osel249)...
    Scoring 24 pool rows...
    m=8 T=32 [0.00739254 s]
  Output 178/256 (osel250)...
    Scoring 24 pool rows...
    m=8 T=32 [0.00724997 s]
  Output 179/256 (osel251)...
    Scoring 24 pool rows...
    m=8 T=16 [0.00717008 s]
  Output 180/256 (osel252)...
    Scoring 24 pool rows...
    m=8 T=32 [0.00669979 s]
  Output 181/256 (osel253)...
    Scoring 24 pool rows...
    m=8 T=16 [0.00693719 s]
  Output 182/256 (osel254)...
    Scoring 24 pool rows...
    m=8 T=16 [0.00665145 s]
  Output 183/256 (osel255)...
    Scoring 24 pool rows...
    m=8 T=8 [0.00581706 s]
  Output 184/256 (osel256)...
    Scoring 24 pool rows...
    m=8 T=32 [0.00711309 s]
  Output 185/256 (osel257)...
    Scoring 24 pool rows...
    m=8 T=16 [0.00576871 s]
  Output 186/256 (osel258)...
    Scoring 24 pool rows...
    m=8 T=16 [0.00732361 s]
  Output 187/256 (osel259)...
    Scoring 24 pool rows...
    m=8 T=8 [0.00769504 s]
  Output 188/256 (osel260)...
    Scoring 24 pool rows...
    m=8 T=16 [0.00684074 s]
  Output 189/256 (osel261)...
    Scoring 24 pool rows...
    m=8 T=8 [0.00552396 s]
  Output 190/256 (osel262)...
    Scoring 24 pool rows...
    m=8 T=8 [0.007233 s]
  Output 191/256 (osel263)...
    Scoring 24 pool rows...
    m=8 T=4 [0.00652825 s]
  Output 192/256 (osel264)...
    Scoring 24 pool rows...
    m=8 T=128 [0.000481528 s]
  Output 193/256 (osel265)...
    Scoring 24 pool rows...
    m=8 T=64 [0.00313008 s]
  Output 194/256 (osel266)...
    Scoring 24 pool rows...
    m=8 T=64 [0.0036181 s]
  Output 195/256 (osel267)...
    Scoring 24 pool rows...
    m=8 T=32 [0.00677104 s]
  Output 196/256 (osel268)...
    Scoring 24 pool rows...
    m=8 T=64 [0.00479124 s]
  Output 197/256 (osel269)...
    Scoring 24 pool rows...
    m=8 T=32 [0.00795646 s]
  Output 198/256 (osel270)...
    Scoring 24 pool rows...
    m=8 T=32 [0.00684995 s]
  Output 199/256 (osel271)...
    Scoring 24 pool rows...
    m=8 T=16 [0.00684825 s]
  Output 200/256 (osel272)...
    Scoring 24 pool rows...
    m=8 T=64 [0.00315558 s]
  Output 201/256 (osel273)...
    Scoring 24 pool rows...
    m=8 T=32 [0.00624179 s]
  Output 202/256 (osel274)...
    Scoring 24 pool rows...
    m=8 T=32 [0.00708222 s]
  Output 203/256 (osel275)...
    Scoring 24 pool rows...
    m=8 T=16 [0.00745459 s]
  Output 204/256 (osel276)...
    Scoring 24 pool rows...
    m=8 T=32 [0.00679853 s]
  Output 205/256 (osel277)...
    Scoring 24 pool rows...
    m=8 T=16 [0.00673774 s]
  Output 206/256 (osel278)...
    Scoring 24 pool rows...
    m=8 T=16 [0.00615235 s]
  Output 207/256 (osel279)...
    Scoring 24 pool rows...
    m=8 T=8 [0.00622607 s]
  Output 208/256 (osel280)...
    Scoring 24 pool rows...
    m=8 T=64 [0.00307958 s]
  Output 209/256 (osel281)...
    Scoring 24 pool rows...
    m=8 T=32 [0.00722147 s]
  Output 210/256 (osel282)...
    Scoring 24 pool rows...
    m=8 T=32 [0.00650371 s]
  Output 211/256 (osel283)...
    Scoring 24 pool rows...
    m=8 T=16 [0.00710984 s]
  Output 212/256 (osel284)...
    Scoring 24 pool rows...
    m=8 T=32 [0.00752857 s]
  Output 213/256 (osel285)...
    Scoring 24 pool rows...
    m=8 T=16 [0.0073417 s]
  Output 214/256 (osel286)...
    Scoring 24 pool rows...
    m=8 T=16 [0.00808992 s]
  Output 215/256 (osel287)...
    Scoring 24 pool rows...
    m=8 T=8 [0.00790254 s]
  Output 216/256 (osel288)...
    Scoring 24 pool rows...
    m=8 T=32 [0.00580617 s]
  Output 217/256 (osel289)...
    Scoring 24 pool rows...
    m=8 T=16 [0.00683696 s]
  Output 218/256 (osel290)...
    Scoring 24 pool rows...
    m=8 T=16 [0.00692948 s]
  Output 219/256 (osel291)...
    Scoring 24 pool rows...
    m=8 T=8 [0.00666409 s]
  Output 220/256 (osel292)...
    Scoring 24 pool rows...
    m=8 T=16 [0.006958 s]
  Output 221/256 (osel293)...
    Scoring 24 pool rows...
    m=8 T=8 [0.00732113 s]
  Output 222/256 (osel294)...
    Scoring 24 pool rows...
    m=8 T=8 [0.00710254 s]
  Output 223/256 (osel295)...
    Scoring 24 pool rows...
    m=8 T=4 [0.0058928 s]
  Output 224/256 (osel296)...
    Scoring 24 pool rows...
    m=8 T=64 [0.0033913 s]
  Output 225/256 (osel297)...
    Scoring 24 pool rows...
    m=8 T=32 [0.00753119 s]
  Output 226/256 (osel298)...
    Scoring 24 pool rows...
    m=8 T=32 [0.0075171 s]
  Output 227/256 (osel299)...
    Scoring 24 pool rows...
    m=8 T=16 [0.00721383 s]
  Output 228/256 (osel2100)...
    Scoring 24 pool rows...
    m=8 T=32 [0.00688329 s]
  Output 229/256 (osel2101)...
    Scoring 24 pool rows...
    m=8 T=16 [0.0065446 s]
  Output 230/256 (osel2102)...
    Scoring 24 pool rows...
    m=8 T=16 [0.00623045 s]
  Output 231/256 (osel2103)...
    Scoring 24 pool rows...
    m=8 T=8 [0.00719356 s]
  Output 232/256 (osel2104)...
    Scoring 24 pool rows...
    m=8 T=32 [0.00726153 s]
  Output 233/256 (osel2105)...
    Scoring 24 pool rows...
    m=8 T=16 [0.00675643 s]
  Output 234/256 (osel2106)...
    Scoring 24 pool rows...
    m=8 T=16 [0.00592976 s]
  Output 235/256 (osel2107)...
    Scoring 24 pool rows...
    m=8 T=8 [0.00783873 s]
  Output 236/256 (osel2108)...
    Scoring 24 pool rows...
    m=8 T=16 [0.00712553 s]
  Output 237/256 (osel2109)...
    Scoring 24 pool rows...
    m=8 T=8 [0.00704039 s]
  Output 238/256 (osel2110)...
    Scoring 24 pool rows...
    m=8 T=8 [0.00753505 s]
  Output 239/256 (osel2111)...
    Scoring 24 pool rows...
    m=8 T=4 [0.00749154 s]
  Output 240/256 (osel2112)...
    Scoring 24 pool rows...
    m=8 T=32 [0.00952499 s]
  Output 241/256 (osel2113)...
    Scoring 24 pool rows...
    m=8 T=16 [0.00721618 s]
  Output 242/256 (osel2114)...
    Scoring 24 pool rows...
    m=8 T=16 [0.0068614 s]
  Output 243/256 (osel2115)...
    Scoring 24 pool rows...
    m=8 T=8 [0.00731645 s]
  Output 244/256 (osel2116)...
    Scoring 24 pool rows...
    m=8 T=16 [0.00723124 s]
  Output 245/256 (osel2117)...
    Scoring 24 pool rows...
    m=8 T=8 [0.00674492 s]
  Output 246/256 (osel2118)...
    Scoring 24 pool rows...
    m=8 T=8 [0.00750506 s]
  Output 247/256 (osel2119)...
    Scoring 24 pool rows...
    m=8 T=4 [0.00730626 s]
  Output 248/256 (osel2120)...
    Scoring 24 pool rows...
    m=8 T=16 [0.00698537 s]
  Output 249/256 (osel2121)...
    Scoring 24 pool rows...
    m=8 T=8 [0.00568052 s]
  Output 250/256 (osel2122)...
    Scoring 24 pool rows...
    m=8 T=8 [0.00594504 s]
  Output 251/256 (osel2123)...
    Scoring 24 pool rows...
    m=8 T=4 [0.0069334 s]
  Output 252/256 (osel2124)...
    Scoring 24 pool rows...
    m=8 T=8 [0.00617739 s]
  Output 253/256 (osel2125)...
    Scoring 24 pool rows...
    m=8 T=4 [0.00730937 s]
  Output 254/256 (osel2126)...
    Scoring 24 pool rows...
    m=8 T=4 [0.00727905 s]
  Output 255/256 (osel2127)...
    Scoring 24 pool rows...
    m=8 T=2 [0.00635968 s]

=== Results ===
  Sum T = 6561
  osel10: T=128 m=8
  osel11: T=64 m=8
  osel12: T=64 m=8
  osel13: T=32 m=8
  osel14: T=64 m=8
  osel15: T=32 m=8
  osel16: T=32 m=8
  osel17: T=16 m=8
  osel18: T=64 m=8
  osel19: T=32 m=8
  osel110: T=32 m=8
  osel111: T=16 m=8
  osel112: T=32 m=8
  osel113: T=16 m=8
  osel114: T=16 m=8
  osel115: T=8 m=8
  osel116: T=64 m=8
  osel117: T=32 m=8
  osel118: T=32 m=8
  osel119: T=16 m=8
  osel120: T=32 m=8
  osel121: T=16 m=8
  osel122: T=16 m=8
  osel123: T=8 m=8
  osel124: T=32 m=8
  osel125: T=16 m=8
  osel126: T=16 m=8
  osel127: T=8 m=8
  osel128: T=16 m=8
  osel129: T=8 m=8
  osel130: T=8 m=8
  osel131: T=4 m=8
  osel132: T=64 m=8
  osel133: T=32 m=8
  osel134: T=32 m=8
  osel135: T=16 m=8
  osel136: T=32 m=8
  osel137: T=16 m=8
  osel138: T=16 m=8
  osel139: T=8 m=8
  osel140: T=32 m=8
  osel141: T=16 m=8
  osel142: T=16 m=8
  osel143: T=8 m=8
  osel144: T=16 m=8
  osel145: T=8 m=8
  osel146: T=8 m=8
  osel147: T=4 m=8
  osel148: T=32 m=8
  osel149: T=16 m=8
  osel150: T=16 m=8
  osel151: T=8 m=8
  osel152: T=16 m=8
  osel153: T=8 m=8
  osel154: T=8 m=8
  osel155: T=4 m=8
  osel156: T=16 m=8
  osel157: T=8 m=8
  osel158: T=8 m=8
  osel159: T=4 m=8
  osel160: T=8 m=8
  osel161: T=4 m=8
  osel162: T=4 m=8
  osel163: T=2 m=8
  osel164: T=64 m=8
  osel165: T=32 m=8
  osel166: T=32 m=8
  osel167: T=16 m=8
  osel168: T=32 m=8
  osel169: T=16 m=8
  osel170: T=16 m=8
  osel171: T=8 m=8
  osel172: T=32 m=8
  osel173: T=16 m=8
  osel174: T=16 m=8
  osel175: T=8 m=8
  osel176: T=16 m=8
  osel177: T=8 m=8
  osel178: T=8 m=8
  osel179: T=4 m=8
  osel180: T=32 m=8
  osel181: T=16 m=8
  osel182: T=16 m=8
  osel183: T=8 m=8
  osel184: T=16 m=8
  osel185: T=8 m=8
  osel186: T=8 m=8
  osel187: T=4 m=8
  osel188: T=16 m=8
  osel189: T=8 m=8
  osel190: T=8 m=8
  osel191: T=4 m=8
  osel192: T=8 m=8
  osel193: T=4 m=8
  osel194: T=4 m=8
  osel195: T=2 m=8
  osel196: T=32 m=8
  osel197: T=16 m=8
  osel198: T=16 m=8
  osel199: T=8 m=8
  osel1100: T=16 m=8
  osel1101: T=8 m=8
  osel1102: T=8 m=8
  osel1103: T=4 m=8
  osel1104: T=16 m=8
  osel1105: T=8 m=8
  osel1106: T=8 m=8
  osel1107: T=4 m=8
  osel1108: T=8 m=8
  osel1109: T=4 m=8
  osel1110: T=4 m=8
  osel1111: T=2 m=8
  osel1112: T=16 m=8
  osel1113: T=8 m=8
  osel1114: T=8 m=8
  osel1115: T=4 m=8
  osel1116: T=8 m=8
  osel1117: T=4 m=8
  osel1118: T=4 m=8
  osel1119: T=2 m=8
  osel1120: T=8 m=8
  osel1121: T=4 m=8
  osel1122: T=4 m=8
  osel1123: T=2 m=8
  osel1124: T=4 m=8
  osel1125: T=2 m=8
  osel1126: T=2 m=8
  osel1127: T=1 m=8
  osel20: T=256 m=8
  osel21: T=128 m=8
  osel22: T=128 m=8
  osel23: T=64 m=8
  osel24: T=128 m=8
  osel25: T=64 m=8
  osel26: T=64 m=8
  osel27: T=32 m=8
  osel28: T=128 m=8
  osel29: T=64 m=8
  osel210: T=64 m=8
  osel211: T=32 m=8
  osel212: T=64 m=8
  osel213: T=32 m=8
  osel214: T=32 m=8
  osel215: T=16 m=8
  osel216: T=128 m=8
  osel217: T=64 m=8
  osel218: T=64 m=8
  osel219: T=32 m=8
  osel220: T=64 m=8
  osel221: T=32 m=8
  osel222: T=32 m=8
  osel223: T=16 m=8
  osel224: T=64 m=8
  osel225: T=32 m=8
  osel226: T=32 m=8
  osel227: T=16 m=8
  osel228: T=32 m=8
  osel229: T=16 m=8
  osel230: T=16 m=8
  osel231: T=8 m=8
  osel232: T=128 m=8
  osel233: T=64 m=8
  osel234: T=64 m=8
  osel235: T=32 m=8
  osel236: T=64 m=8
  osel237: T=32 m=8
  osel238: T=32 m=8
  osel239: T=16 m=8
  osel240: T=64 m=8
  osel241: T=32 m=8
  osel242: T=32 m=8
  osel243: T=16 m=8
  osel244: T=32 m=8
  osel245: T=16 m=8
  osel246: T=16 m=8
  osel247: T=8 m=8
  osel248: T=64 m=8
  osel249: T=32 m=8
  osel250: T=32 m=8
  osel251: T=16 m=8
  osel252: T=32 m=8
  osel253: T=16 m=8
  osel254: T=16 m=8
  osel255: T=8 m=8
  osel256: T=32 m=8
  osel257: T=16 m=8
  osel258: T=16 m=8
  osel259: T=8 m=8
  osel260: T=16 m=8
  osel261: T=8 m=8
  osel262: T=8 m=8
  osel263: T=4 m=8
  osel264: T=128 m=8
  osel265: T=64 m=8
  osel266: T=64 m=8
  osel267: T=32 m=8
  osel268: T=64 m=8
  osel269: T=32 m=8
  osel270: T=32 m=8
  osel271: T=16 m=8
  osel272: T=64 m=8
  osel273: T=32 m=8
  osel274: T=32 m=8
  osel275: T=16 m=8
  osel276: T=32 m=8
  osel277: T=16 m=8
  osel278: T=16 m=8
  osel279: T=8 m=8
  osel280: T=64 m=8
  osel281: T=32 m=8
  osel282: T=32 m=8
  osel283: T=16 m=8
  osel284: T=32 m=8
  osel285: T=16 m=8
  osel286: T=16 m=8
  osel287: T=8 m=8
  osel288: T=32 m=8
  osel289: T=16 m=8
  osel290: T=16 m=8
  osel291: T=8 m=8
  osel292: T=16 m=8
  osel293: T=8 m=8
  osel294: T=8 m=8
  osel295: T=4 m=8
  osel296: T=64 m=8
  osel297: T=32 m=8
  osel298: T=32 m=8
  osel299: T=16 m=8
  osel2100: T=32 m=8
  osel2101: T=16 m=8
  osel2102: T=16 m=8
  osel2103: T=8 m=8
  osel2104: T=32 m=8
  osel2105: T=16 m=8
  osel2106: T=16 m=8
  osel2107: T=8 m=8
  osel2108: T=16 m=8
  osel2109: T=8 m=8
  osel2110: T=8 m=8
  osel2111: T=4 m=8
  osel2112: T=32 m=8
  osel2113: T=16 m=8
  osel2114: T=16 m=8
  osel2115: T=8 m=8
  osel2116: T=16 m=8
  osel2117: T=8 m=8
  osel2118: T=8 m=8
  osel2119: T=4 m=8
  osel2120: T=16 m=8
  osel2121: T=8 m=8
  osel2122: T=8 m=8
  osel2123: T=4 m=8
  osel2124: T=8 m=8
  osel2125: T=4 m=8
  osel2126: T=4 m=8
  osel2127: T=2 m=8
  Sum T = 6544
  Union T = 6544
  Saved: /home/wangfz/bool/cpp/results/dec/dec_d2_opt2.affine (s=2048, n=8)
  Saved: /home/wangfz/bool/cpp/results/dec/dec_d2_opt2.poly (m=2048, 256 outputs)
  Saved: /home/wangfz/bool/cpp/results/dec/dec_d2_opt2_stats.txt (sum_T=6544, union_T=6544)
  Saved: /home/wangfz/bool/cpp/results/dec/dec_d2_opt2_verify.txt

Total time: 3.14124 s
