--- Circuit ---
  Inputs: 8, Outputs to optimize: 8

Phase 1: Computing truth table...
  Truth table: 2^8 = 256 inputs, 4 batches, 8 output(s), 104 thread(s)

Phase 2: Raw ANF baseline...
  Sum T = 162
  Max deg = 7
    om_7: T=84, m=7
    om_6: T=42, m=7
    om_5: T=20, m=5
    om_4: T=10, m=5
    om_3: T=4, m=3
    om_2: T=2, m=3
    om_1: T=0, m=0
    om_0: T=0, m=0

Phase 2c: d1c product-based simplification...
    [d1c] output 0 (t=8): T_nl 84 → 15 (b=0xe0)
      → T_union=52
    [d1c] output 1 (t=7): T_nl 42 → 10 (b=0xd0)
      → T_union=53
    [d1c] output 2 (t=6): T_nl 20 → 7 (b=0xc0)
      → T_union=58
    [d1c] output 3 (t=5): T_nl 10 → 5 (b=0xc0)
      → T_union=58
    [d1c] output 4 (t=4): T_nl 4 → 3 (b=0x20)
      → T_union=103
    [d1c] output 5 (t=3): T_nl 2 → 1 (b=0x40)
      → T_union=94
    Searched 8 output(s), 6 improved
    d1c time: 0.0260618 s

Phase 2b: Computing Aut(F) basis...
  dim(Aut(F)) = 1
  basis vectors: 32
  Aut(F) time: 5.7765e-05 s
  Dependency union: 8/8 bits (0 don't-care)

Phase 3: Computing Walsh correlations...
  Output om_7 top-5 bits: 0(31) 6(31) 7(31) 1(1) 2(1)
  Output om_6 top-5 bits: 1(30) 6(30) 7(30) 2(2) 3(2)
  Output om_5 top-5 bits: 2(28) 6(28) 7(28) 3(4) 4(4)
  Output om_4 top-5 bits: 3(24) 6(24) 7(24) 4(8) 5(8)
  Output om_3 top-5 bits: 4(16) 5(16) 6(16) 7(16) 0(0)
  Output om_2 top-5 bits: 0(0) 1(0) 2(0) 3(0) 4(0)
  Output om_1 top-5 bits: 0(0) 1(0) 2(0) 3(0) 4(0)
  Output om_0 top-5 bits: 0(0) 1(0) 2(0) 3(0) 4(0)
  Walsh time: 0.00112336 s

Phase 4: Searching for M,b...
  4a-pr: Progressive M construction (max m=16)...
    progressive result: m=8 T_union=162
    progressive time: 0.00384415 s
  4a: Single-row Walsh (80 candidates)
  4b: Multi-row Walsh (10 progressive + pair combinations)
  4c: Random M,b (100000 candidates)
  Search time: 56.8325 s
  4e: Hill climbing from top 100000 candidates (+ identity)
    hill climb #0: T=52 -> T=32
    hill climb #1: T=53 -> T=32
    hill climb #2: T=58 -> T=43
    hill climb #3: T=58 -> T=43
    hill climb #4: T=94 -> T=48
    hill climb #5: T=98 -> T=82
    hill climb #6: T=103 -> T=56
    hill climb #7: T=103 -> T=43
    hill climb #8: T=109 -> T=64
    hill climb #9: T=110 -> T=50
    hill climb #10: T=115 -> T=114
    hill climb #11: T=121 -> T=47
    hill climb #12: T=122 -> T=85
    hill climb #13: T=122 -> T=79
    hill climb #14: T=123 -> T=82
    hill climb #15: T=124 -> T=37
    hill climb #16: T=124 -> T=89
    hill climb #17: T=124 -> T=51
    hill climb #18: T=126 -> T=84
    hill climb #19: T=126 -> T=96
    hill climb #20: T=126 -> T=43
    hill climb #21: T=128 -> T=80
    hill climb #22: T=128 -> T=92
    hill climb #23: T=129 -> T=66
    hill climb #24: T=129 -> T=59
    hill climb #25: T=129 -> T=89
    hill climb #26: T=130 -> T=109
    hill climb #27: T=130 -> T=58
    hill climb #28: T=130 -> T=89
    hill climb #29: T=131 -> T=62
    hill climb #30: T=131 -> T=91
    hill climb #31: T=131 -> T=64
    hill climb #32: T=131 -> T=90
    hill climb #33: T=133 -> T=55
    hill climb #34: T=133 -> T=60
    hill climb #35: T=133 -> T=117
    hill climb #36: T=133 -> T=64
    hill climb #37: T=134 -> T=98
    hill climb #38: T=134 -> T=77
    hill climb #39: T=134 -> T=93
    hill climb #40: T=135 -> T=98
    hill climb #41: T=135 -> T=112
    hill climb #42: T=135 -> T=80
    hill climb #43: T=135 -> T=95
    hill climb #44: T=136 -> T=100
    hill climb #45: T=136 -> T=49
    hill climb #46: T=136 -> T=84
    hill climb #47: T=137 -> T=40
    hill climb #48: T=137 -> T=44
    hill climb #49: T=138 -> T=84
    hill climb #50: T=138 -> T=104
    hill climb #51: T=140 -> T=59
    hill climb #52: T=141 -> T=120
    hill climb #53: T=141 -> T=60
    hill climb #54: T=141 -> T=85
    hill climb #55: T=141 -> T=92
    hill climb #56: T=142 -> T=84
    hill climb #57: T=142 -> T=101
    hill climb #58: T=142 -> T=58
    hill climb #59: T=143 -> T=64
    hill climb #60: T=143 -> T=59
    hill climb #61: T=144 -> T=106
    hill climb #62: T=144 -> T=124
    hill climb #63: T=144 -> T=101
    hill climb #64: T=144 -> T=90
    hill climb #65: T=144 -> T=115
    hill climb #66: T=144 -> T=111
    hill climb #67: T=144 -> T=55
    hill climb #68: T=145 -> T=36
    hill climb #69: T=145 -> T=100
    hill climb #70: T=145 -> T=65
    hill climb #71: T=145 -> T=56
    hill climb #72: T=145 -> T=82
    hill climb #73: T=145 -> T=50
    hill climb #74: T=146 -> T=48
    hill climb #75: T=146 -> T=65
    hill climb #76: T=146 -> T=92
    hill climb #77: T=146 -> T=89
    hill climb #78: T=147 -> T=76
    hill climb #79: T=147 -> T=57
    hill climb #80: T=147 -> T=71
    hill climb #81: T=148 -> T=57
    hill climb #82: T=148 -> T=115
    hill climb #83: T=148 -> T=65
    hill climb #84: T=148 -> T=66
    hill climb #85: T=149 -> T=78
    hill climb #86: T=149 -> T=66
    hill climb #87: T=149 -> T=51
    hill climb #88: T=149 -> T=114
    hill climb #89: T=149 -> T=57
    hill climb #90: T=149 -> T=68
    hill climb #91: T=150 -> T=75
    hill climb #92: T=150 -> T=52
    hill climb #93: T=150 -> T=92
    hill climb #94: T=150 -> T=32
    hill climb #95: T=150 -> T=93
    hill climb #96: T=151 -> T=91
    hill climb #97: T=151 -> T=94
    hill climb #98: T=151 -> T=112
    hill climb #99: T=151 -> T=77
    hill climb #100: T=151 -> T=118
    hill climb #101: T=151 -> T=109
    hill climb #102: T=152 -> T=36
    hill climb #103: T=152 -> T=102
    hill climb #104: T=152 -> T=76
    hill climb #105: T=152 -> T=127
    hill climb #106: T=153 -> T=71
    hill climb #107: T=153 -> T=36
    hill climb #108: T=153 -> T=98
    hill climb #109: T=153 -> T=82
    hill climb #110: T=153 -> T=69
    hill climb #111: T=153 -> T=111
    hill climb #112: T=153 -> T=60
    hill climb #113: T=154 -> T=62
    hill climb #114: T=154 -> T=57
    hill climb #115: T=154 -> T=51
    hill climb #116: T=154 -> T=61
    hill climb #117: T=154 -> T=140
    hill climb #118: T=155 -> T=50
    hill climb #119: T=155 -> T=49
    hill climb #120: T=155 -> T=62
    hill climb #121: T=156 -> T=96
    hill climb #122: T=156 -> T=64
    hill climb #123: T=156 -> T=78
    hill climb #124: T=156 -> T=46
    hill climb #125: T=157 -> T=83
    hill climb #126: T=157 -> T=109
    hill climb #127: T=157 -> T=58
    hill climb #128: T=157 -> T=71
    hill climb #129: T=157 -> T=63
    hill climb #130: T=157 -> T=113
    hill climb #131: T=157 -> T=80
    hill climb #132: T=158 -> T=62
    hill climb #133: T=158 -> T=81
    hill climb #134: T=158 -> T=118
    hill climb #135: T=158 -> T=85
    hill climb #136: T=158 -> T=85
    hill climb #137: T=158 -> T=52
    hill climb #138: T=159 -> T=70
    hill climb #139: T=159 -> T=71
    hill climb #140: T=159 -> T=114
    hill climb #141: T=159 -> T=69
    hill climb #142: T=159 -> T=84
    hill climb #143: T=159 -> T=68
    hill climb #144: T=159 -> T=77
    hill climb #145: T=159 -> T=134
    hill climb #146: T=160 -> T=65
    hill climb #147: T=160 -> T=105
    hill climb #148: T=160 -> T=102
    hill climb #149: T=160 -> T=56
    hill climb #150: T=160 -> T=77
    hill climb #151: T=161 -> T=98
    hill climb #152: T=161 -> T=84
    hill climb #153: T=161 -> T=98
    hill climb #154: T=161 -> T=116
    hill climb #155: T=161 -> T=107
    hill climb #156: T=162 -> T=81
    hill climb #157: T=162 -> T=92
    hill climb #158: T=162 -> T=120
    hill climb #159: T=162 -> T=87
    hill climb #160: T=162 -> T=72
    hill climb #161: T=162 -> T=126
    hill climb #162: T=162 -> T=120
    hill climb #163: T=162 -> T=87
    hill climb #164: T=162 -> T=118
    hill climb #165: T=162 -> T=90
    hill climb #166: T=162 -> T=33
    hill climb #167: T=162 -> T=117
    hill climb #168: T=163 -> T=71
    hill climb #169: T=163 -> T=75
    hill climb #170: T=163 -> T=76
    hill climb #171: T=163 -> T=115
    hill climb #172: T=163 -> T=49
    hill climb #173: T=163 -> T=100
    hill climb #174: T=163 -> T=64
    hill climb #175: T=163 -> T=53
    hill climb #176: T=163 -> T=109
    hill climb #177: T=164 -> T=47
    hill climb #178: T=164 -> T=104
    hill climb #179: T=164 -> T=87
    hill climb #180: T=164 -> T=51
    hill climb #181: T=164 -> T=96
    hill climb #182: T=164 -> T=116
    hill climb #183: T=164 -> T=78
    hill climb #184: T=165 -> T=92
    hill climb #185: T=165 -> T=110
    hill climb #186: T=165 -> T=34
    hill climb #187: T=165 -> T=71
    hill climb #188: T=165 -> T=58
    hill climb #189: T=166 -> T=70
    hill climb #190: T=166 -> T=70
    hill climb #191: T=166 -> T=65
    hill climb #192: T=166 -> T=54
    hill climb #193: T=166 -> T=101
    hill climb #194: T=166 -> T=100
    hill climb #195: T=166 -> T=63
    hill climb #196: T=166 -> T=105
    hill climb #197: T=166 -> T=109
    hill climb #198: T=166 -> T=57
    hill climb #199: T=166 -> T=65
    hill climb #200: T=166 -> T=50
    hill climb #201: T=167 -> T=55
    hill climb #202: T=167 -> T=49
    hill climb #203: T=167 -> T=69
    hill climb #204: T=167 -> T=104
    hill climb #205: T=167 -> T=88
    hill climb #206: T=167 -> T=115
    hill climb #207: T=167 -> T=107
    hill climb #208: T=167 -> T=96
    hill climb #209: T=167 -> T=81
    hill climb #210: T=167 -> T=88
    hill climb #211: T=167 -> T=129
    hill climb #212: T=167 -> T=81
    hill climb #213: T=167 -> T=79
    hill climb #214: T=167 -> T=76
    hill climb #215: T=168 -> T=55
    hill climb #216: T=168 -> T=73
    hill climb #217: T=168 -> T=125
    hill climb #218: T=168 -> T=92
    hill climb #219: T=168 -> T=52
    hill climb #220: T=168 -> T=87
    hill climb #221: T=168 -> T=65
    hill climb #222: T=168 -> T=109
    hill climb #223: T=168 -> T=126
    hill climb #224: T=168 -> T=89
    hill climb #225: T=169 -> T=48
    hill climb #226: T=169 -> T=66
    hill climb #227: T=169 -> T=63
    hill climb #228: T=169 -> T=86
    hill climb #229: T=169 -> T=59
    hill climb #230: T=169 -> T=53
    hill climb #231: T=169 -> T=64
    hill climb #232: T=169 -> T=111
    hill climb #233: T=169 -> T=103
    hill climb #234: T=169 -> T=79
    hill climb #235: T=169 -> T=82
    hill climb #236: T=169 -> T=112
    hill climb #237: T=169 -> T=65
    hill climb #238: T=169 -> T=124
    hill climb #239: T=169 -> T=67
    hill climb #240: T=170 -> T=39
    hill climb #241: T=170 -> T=63
    hill climb #242: T=170 -> T=89
    hill climb #243: T=170 -> T=90
    hill climb #244: T=170 -> T=85
    hill climb #245: T=170 -> T=41
    hill climb #246: T=170 -> T=134
    hill climb #247: T=170 -> T=76
    hill climb #248: T=170 -> T=55
    hill climb #249: T=170 -> T=103
    hill climb #250: T=170 -> T=123
    hill climb #251: T=171 -> T=117
    hill climb #252: T=171 -> T=68
    hill climb #253: T=171 -> T=40
    hill climb #254: T=171 -> T=67
    hill climb #255: T=171 -> T=85
    hill climb #256: T=171 -> T=62
    hill climb #257: T=171 -> T=140
    hill climb #258: T=171 -> T=52
    hill climb #259: T=171 -> T=123
    hill climb #260: T=171 -> T=135
    hill climb #261: T=172 -> T=47
    hill climb #262: T=172 -> T=49
    hill climb #263: T=172 -> T=48
    hill climb #264: T=172 -> T=75
    hill climb #265: T=172 -> T=95
    hill climb #266: T=172 -> T=110
    hill climb #267: T=172 -> T=133
    hill climb #268: T=172 -> T=42
    hill climb #269: T=172 -> T=82
    hill climb #270: T=172 -> T=49
    hill climb #271: T=172 -> T=80
    hill climb #272: T=172 -> T=45
    hill climb #273: T=172 -> T=94
    hill climb #274: T=172 -> T=123
    hill climb #275: T=172 -> T=113
    hill climb #276: T=173 -> T=45
    hill climb #277: T=173 -> T=85
    hill climb #278: T=173 -> T=73
    hill climb #279: T=173 -> T=95
    hill climb #280: T=173 -> T=61
    hill climb #281: T=173 -> T=79
    hill climb #282: T=173 -> T=85
    hill climb #283: T=173 -> T=87
    hill climb #284: T=173 -> T=96
    hill climb #285: T=173 -> T=69
    hill climb #286: T=173 -> T=140
    hill climb #287: T=173 -> T=66
    hill climb #288: T=173 -> T=108
    hill climb #289: T=174 -> T=55
    hill climb #290: T=174 -> T=60
    hill climb #291: T=174 -> T=71
    hill climb #292: T=174 -> T=99
    hill climb #293: T=174 -> T=74
    hill climb #294: T=174 -> T=102
    hill climb #295: T=174 -> T=89
    hill climb #296: T=174 -> T=79
    hill climb #297: T=175 -> T=58
    hill climb #298: T=175 -> T=103
    hill climb #299: T=175 -> T=90
    hill climb #300: T=175 -> T=128
    hill climb #301: T=175 -> T=70
    hill climb #302: T=175 -> T=108
    hill climb #303: T=175 -> T=72
    hill climb #304: T=175 -> T=127
    hill climb #305: T=175 -> T=127
    hill climb #306: T=175 -> T=73
    hill climb #307: T=175 -> T=61
    hill climb #308: T=175 -> T=58
    hill climb #309: T=175 -> T=98
    hill climb #310: T=176 -> T=130
    hill climb #311: T=176 -> T=98
    hill climb #312: T=176 -> T=60
    hill climb #313: T=176 -> T=92
    hill climb #314: T=176 -> T=51
    hill climb #315: T=176 -> T=118
    hill climb #316: T=176 -> T=52
    hill climb #317: T=176 -> T=121
    hill climb #318: T=176 -> T=95
    hill climb #319: T=176 -> T=74
    hill climb #320: T=176 -> T=88
    hill climb #321: T=176 -> T=78
    hill climb #322: T=176 -> T=126
    hill climb #323: T=176 -> T=134
    hill climb #324: T=176 -> T=136
    hill climb #325: T=176 -> T=86
    hill climb #326: T=177 -> T=121
    hill climb #327: T=177 -> T=52
    hill climb #328: T=177 -> T=121
    hill climb #329: T=177 -> T=133
    hill climb #330: T=177 -> T=132
    hill climb #331: T=177 -> T=96
    hill climb #332: T=177 -> T=51
    hill climb #333: T=177 -> T=41
    hill climb #334: T=177 -> T=65
    hill climb #335: T=177 -> T=81
    hill climb #336: T=177 -> T=108
    hill climb #337: T=177 -> T=67
    hill climb #338: T=178 -> T=48
    hill climb #339: T=178 -> T=54
    hill climb #340: T=178 -> T=81
    hill climb #341: T=178 -> T=73
    hill climb #342: T=178 -> T=146
    hill climb #343: T=178 -> T=79
    hill climb #344: T=178 -> T=87
    hill climb #345: T=178 -> T=83
    hill climb #346: T=178 -> T=54
    hill climb #347: T=178 -> T=91
    hill climb #348: T=178 -> T=83
    hill climb #349: T=178 -> T=137
    hill climb #350: T=178 -> T=113
    hill climb #351: T=178 -> T=93
    hill climb #352: T=178 -> T=85
    hill climb #353: T=178 -> T=70
    hill climb #354: T=178 -> T=67
    hill climb #355: T=178 -> T=134
    hill climb #356: T=179 -> T=125
    hill climb #357: T=179 -> T=90
    hill climb #358: T=179 -> T=93
    hill climb #359: T=179 -> T=39
    hill climb #360: T=179 -> T=88
    hill climb #361: T=179 -> T=96
    hill climb #362: T=179 -> T=95
    hill climb #363: T=179 -> T=81
    hill climb #364: T=179 -> T=58
    hill climb #365: T=179 -> T=66
    hill climb #366: T=179 -> T=49
    hill climb #367: T=179 -> T=120
    hill climb #368: T=179 -> T=117
    hill climb #369: T=179 -> T=90
    hill climb #370: T=179 -> T=108
    hill climb #371: T=179 -> T=72
    hill climb #372: T=179 -> T=81
    hill climb #373: T=179 -> T=108
    hill climb #374: T=180 -> T=71
    hill climb #375: T=180 -> T=110
    hill climb #376: T=180 -> T=76
    hill climb #377: T=180 -> T=75
    hill climb #378: T=180 -> T=40
    hill climb #379: T=180 -> T=115
    hill climb #380: T=180 -> T=124
    hill climb #381: T=180 -> T=93
    hill climb #382: T=180 -> T=152
    hill climb #383: T=180 -> T=83
    hill climb #384: T=180 -> T=48
    hill climb #385: T=180 -> T=89
    hill climb #386: T=180 -> T=65
    hill climb #387: T=181 -> T=89
    hill climb #388: T=181 -> T=95
    hill climb #389: T=181 -> T=100
    hill climb #390: T=181 -> T=56
    hill climb #391: T=181 -> T=64
    hill climb #392: T=181 -> T=77
    hill climb #393: T=181 -> T=45
    hill climb #394: T=181 -> T=102
    hill climb #395: T=181 -> T=122
    hill climb #396: T=181 -> T=84
    hill climb #397: T=181 -> T=103
    hill climb #398: T=181 -> T=105
    hill climb #399: T=181 -> T=75
    hill climb #400: T=181 -> T=113
    hill climb #401: T=181 -> T=65
    hill climb #402: T=181 -> T=72
    hill climb #403: T=181 -> T=130
    hill climb #404: T=181 -> T=102
    hill climb #405: T=181 -> T=66
    hill climb #406: T=182 -> T=60
    hill climb #407: T=182 -> T=150
    hill climb #408: T=182 -> T=89
    hill climb #409: T=182 -> T=57
    hill climb #410: T=182 -> T=44
    hill climb #411: T=182 -> T=133
    hill climb #412: T=182 -> T=56
    hill climb #413: T=182 -> T=70
    hill climb #414: T=182 -> T=100
    hill climb #415: T=182 -> T=137
    hill climb #416: T=182 -> T=97
    hill climb #417: T=182 -> T=49
    hill climb #418: T=182 -> T=58
    hill climb #419: T=182 -> T=39
    hill climb #420: T=182 -> T=78
    hill climb #421: T=182 -> T=113
    hill climb #422: T=182 -> T=44
    hill climb #423: T=182 -> T=64
    hill climb #424: T=183 -> T=100
    hill climb #425: T=183 -> T=129
    hill climb #426: T=183 -> T=84
    hill climb #427: T=183 -> T=100
    hill climb #428: T=183 -> T=143
    hill climb #429: T=183 -> T=96
    hill climb #430: T=183 -> T=53
    hill climb #431: T=183 -> T=78
    hill climb #432: T=183 -> T=103
    hill climb #433: T=183 -> T=91
    hill climb #434: T=183 -> T=108
    hill climb #435: T=183 -> T=68
    hill climb #436: T=183 -> T=102
    hill climb #437: T=183 -> T=115
    hill climb #438: T=183 -> T=57
    hill climb #439: T=183 -> T=87
    hill climb #440: T=183 -> T=74
    hill climb #441: T=183 -> T=52
    hill climb #442: T=183 -> T=104
    hill climb #443: T=184 -> T=123
    hill climb #444: T=184 -> T=96
    hill climb #445: T=184 -> T=93
    hill climb #446: T=184 -> T=79
    hill climb #447: T=184 -> T=111
    hill climb #448: T=184 -> T=67
    hill climb #449: T=184 -> T=80
    hill climb #450: T=184 -> T=93
    hill climb #451: T=184 -> T=98
    hill climb #452: T=184 -> T=141
    hill climb #453: T=184 -> T=66
    hill climb #454: T=184 -> T=128
    hill climb #455: T=184 -> T=116
    hill climb #456: T=184 -> T=139
    hill climb #457: T=184 -> T=41
    hill climb #458: T=184 -> T=125
    hill climb #459: T=184 -> T=160
    hill climb #460: T=185 -> T=76
    hill climb #461: T=185 -> T=81
    hill climb #462: T=185 -> T=56
    hill climb #463: T=185 -> T=56
    hill climb #464: T=185 -> T=68
    hill climb #465: T=185 -> T=130
    hill climb #466: T=185 -> T=94
    hill climb #467: T=185 -> T=111
    hill climb #468: T=185 -> T=151
    hill climb #469: T=185 -> T=83
    hill climb #470: T=185 -> T=61
    hill climb #471: T=185 -> T=87
    hill climb #472: T=185 -> T=153
    hill climb #473: T=185 -> T=123
    hill climb #474: T=185 -> T=46
    hill climb #475: T=185 -> T=131
    hill climb #476: T=185 -> T=133
    hill climb #477: T=185 -> T=78
    hill climb #478: T=185 -> T=110
    hill climb #479: T=185 -> T=60
    hill climb #480: T=185 -> T=66
    hill climb #481: T=185 -> T=84
    hill climb #482: T=185 -> T=121
    hill climb #483: T=185 -> T=147
    hill climb #484: T=185 -> T=71
    hill climb #485: T=186 -> T=89
    hill climb #486: T=186 -> T=71
    hill climb #487: T=186 -> T=82
    hill climb #488: T=186 -> T=41
    hill climb #489: T=186 -> T=96
    hill climb #490: T=186 -> T=54
    hill climb #491: T=186 -> T=107
    hill climb #492: T=186 -> T=77
    hill climb #493: T=186 -> T=124
    hill climb #494: T=186 -> T=62
    hill climb #495: T=186 -> T=140
    hill climb #496: T=186 -> T=43
    hill climb #497: T=186 -> T=66
    hill climb #498: T=186 -> T=70
    hill climb #499: T=186 -> T=77
    hill climb #500: T=186 -> T=61
    hill climb #501: T=186 -> T=96
    hill climb #502: T=186 -> T=153
    hill climb #503: T=186 -> T=106
    hill climb #504: T=186 -> T=131
    hill climb #505: T=186 -> T=106
    hill climb #506: T=186 -> T=117
    hill climb #507: T=186 -> T=73
    hill climb #508: T=186 -> T=71
    hill climb #509: T=186 -> T=100
    hill climb #510: T=187 -> T=100
    hill climb #511: T=187 -> T=48
    hill climb #512: T=187 -> T=52
    hill climb #513: T=187 -> T=90
    hill climb #514: T=187 -> T=123
    hill climb #515: T=187 -> T=92
    hill climb #516: T=187 -> T=84
    hill climb #517: T=187 -> T=108
    hill climb #518: T=187 -> T=39
    hill climb #519: T=187 -> T=105
    hill climb #520: T=187 -> T=72
    hill climb #521: T=187 -> T=92
    hill climb #522: T=187 -> T=113
    hill climb #523: T=187 -> T=122
    hill climb #524: T=187 -> T=142
    hill climb #525: T=187 -> T=124
    hill climb #526: T=188 -> T=76
    hill climb #527: T=188 -> T=53
    hill climb #528: T=188 -> T=99
    hill climb #529: T=188 -> T=116
    hill climb #530: T=188 -> T=104
    hill climb #531: T=188 -> T=130
    hill climb #532: T=188 -> T=115
    hill climb #533: T=188 -> T=71
    hill climb #534: T=188 -> T=82
    hill climb #535: T=188 -> T=100
    hill climb #536: T=188 -> T=92
    hill climb #537: T=188 -> T=147
    hill climb #538: T=188 -> T=118
    hill climb #539: T=188 -> T=128
    hill climb #540: T=188 -> T=102
    hill climb #541: T=188 -> T=106
    hill climb #542: T=188 -> T=126
    hill climb #543: T=188 -> T=84
    hill climb #544: T=188 -> T=43
    hill climb #545: T=188 -> T=94
    hill climb #546: T=188 -> T=45
    hill climb #547: T=188 -> T=97
    hill climb #548: T=188 -> T=52
    hill climb #549: T=188 -> T=78
    hill climb #550: T=188 -> T=127
    hill climb #551: T=189 -> T=44
    hill climb #552: T=189 -> T=106
    hill climb #553: T=189 -> T=178
    hill climb #554: T=189 -> T=115
    hill climb #555: T=189 -> T=110
    hill climb #556: T=189 -> T=78
    hill climb #557: T=189 -> T=67
    hill climb #558: T=189 -> T=100
    hill climb #559: T=189 -> T=91
    hill climb #560: T=189 -> T=69
    hill climb #561: T=189 -> T=122
    hill climb #562: T=189 -> T=112
    hill climb #563: T=189 -> T=70
    hill climb #564: T=189 -> T=95
    hill climb #565: T=189 -> T=73
    hill climb #566: T=189 -> T=106
    hill climb #567: T=189 -> T=82
    hill climb #568: T=189 -> T=60
    hill climb #569: T=189 -> T=113
    hill climb #570: T=189 -> T=88
    hill climb #571: T=189 -> T=102
    hill climb #572: T=189 -> T=82
    hill climb #573: T=189 -> T=107
    hill climb #574: T=190 -> T=64
    hill climb #575: T=190 -> T=113
    hill climb #576: T=190 -> T=96
    hill climb #577: T=190 -> T=50
    hill climb #578: T=190 -> T=118
    hill climb #579: T=190 -> T=168
    hill climb #580: T=190 -> T=61
    hill climb #581: T=190 -> T=117
    hill climb #582: T=190 -> T=84
    hill climb #583: T=190 -> T=62
    hill climb #584: T=190 -> T=107
    hill climb #585: T=190 -> T=41
    hill climb #586: T=190 -> T=78
    hill climb #587: T=190 -> T=148
    hill climb #588: T=190 -> T=87
    hill climb #589: T=190 -> T=88
    hill climb #590: T=190 -> T=109
    hill climb #591: T=190 -> T=87
    hill climb #592: T=190 -> T=110
    hill climb #593: T=190 -> T=129
    hill climb #594: T=190 -> T=79
    hill climb #595: T=190 -> T=151
    hill climb #596: T=190 -> T=82
    hill climb #597: T=190 -> T=121
    hill climb #598: T=190 -> T=118
    hill climb #599: T=190 -> T=69
    hill climb #600: T=190 -> T=137
    hill climb #601: T=190 -> T=148
    hill climb #602: T=190 -> T=102
    hill climb #603: T=190 -> T=100
    hill climb #604: T=190 -> T=86
    hill climb #605: T=190 -> T=48
    hill climb #606: T=191 -> T=90
    hill climb #607: T=191 -> T=106
    hill climb #608: T=191 -> T=150
    hill climb #609: T=191 -> T=105
    hill climb #610: T=191 -> T=85
    hill climb #611: T=191 -> T=123
    hill climb #612: T=191 -> T=125
    hill climb #613: T=191 -> T=92
    hill climb #614: T=191 -> T=53
    hill climb #615: T=191 -> T=98
    hill climb #616: T=191 -> T=83
    hill climb #617: T=191 -> T=72
    hill climb #618: T=191 -> T=133
    hill climb #619: T=191 -> T=128
    hill climb #620: T=191 -> T=107
    hill climb #621: T=191 -> T=161
    hill climb #622: T=191 -> T=72
    hill climb #623: T=191 -> T=105
    hill climb #624: T=191 -> T=119
    hill climb #625: T=191 -> T=70
    hill climb #626: T=191 -> T=60
    hill climb #627: T=191 -> T=125
    hill climb #628: T=192 -> T=58
    hill climb #629: T=192 -> T=97
    hill climb #630: T=192 -> T=132
    hill climb #631: T=192 -> T=147
    hill climb #632: T=192 -> T=34
    hill climb #633: T=192 -> T=56
    hill climb #634: T=192 -> T=67
    hill climb #635: T=192 -> T=77
    hill climb #636: T=192 -> T=51
    hill climb #637: T=192 -> T=83
    hill climb #638: T=192 -> T=77
    hill climb #639: T=192 -> T=151
    hill climb #640: T=192 -> T=98
    hill climb #641: T=192 -> T=81
    hill climb #642: T=192 -> T=146
    hill climb #643: T=192 -> T=90
    hill climb #644: T=192 -> T=78
    hill climb #645: T=192 -> T=113
    hill climb #646: T=192 -> T=112
    hill climb #647: T=192 -> T=134
    hill climb #648: T=192 -> T=87
    hill climb #649: T=192 -> T=115
    hill climb #650: T=192 -> T=97
    hill climb #651: T=192 -> T=104
    hill climb #652: T=193 -> T=94
    hill climb #653: T=193 -> T=85
    hill climb #654: T=193 -> T=51
    hill climb #655: T=193 -> T=58
    hill climb #656: T=193 -> T=104
    hill climb #657: T=193 -> T=119
    hill climb #658: T=193 -> T=149
    hill climb #659: T=193 -> T=69
    hill climb #660: T=193 -> T=97
    hill climb #661: T=193 -> T=87
    hill climb #662: T=193 -> T=101
    hill climb #663: T=193 -> T=47
    hill climb #664: T=193 -> T=95
    hill climb #665: T=193 -> T=127
    hill climb #666: T=193 -> T=83
    hill climb #667: T=193 -> T=99
    hill climb #668: T=193 -> T=86
    hill climb #669: T=193 -> T=132
    hill climb #670: T=193 -> T=42
    hill climb #671: T=193 -> T=117
    hill climb #672: T=193 -> T=76
    hill climb #673: T=193 -> T=72
    hill climb #674: T=193 -> T=114
    hill climb #675: T=193 -> T=84
    hill climb #676: T=193 -> T=55
    hill climb #677: T=193 -> T=55
    hill climb #678: T=193 -> T=51
    hill climb #679: T=194 -> T=53
    hill climb #680: T=194 -> T=114
    hill climb #681: T=194 -> T=53
    hill climb #682: T=194 -> T=68
    hill climb #683: T=194 -> T=78
    hill climb #684: T=194 -> T=105
    hill climb #685: T=194 -> T=78
    hill climb #686: T=194 -> T=124
    hill climb #687: T=194 -> T=102
    hill climb #688: T=194 -> T=74
    hill climb #689: T=194 -> T=87
    hill climb #690: T=194 -> T=93
    hill climb #691: T=194 -> T=90
    hill climb #692: T=194 -> T=50
    hill climb #693: T=194 -> T=121
    hill climb #694: T=194 -> T=127
    hill climb #695: T=194 -> T=105
    hill climb #696: T=194 -> T=124
    hill climb #697: T=194 -> T=113
    hill climb #698: T=194 -> T=52
    hill climb #699: T=194 -> T=82
    hill climb #700: T=194 -> T=105
    hill climb #701: T=194 -> T=101
    hill climb #702: T=194 -> T=153
    hill climb #703: T=194 -> T=116
    hill climb #704: T=194 -> T=62
    hill climb #705: T=194 -> T=133
    hill climb #706: T=194 -> T=69
    hill climb #707: T=194 -> T=113
    hill climb #708: T=194 -> T=82
    hill climb #709: T=194 -> T=68
    hill climb #710: T=195 -> T=66
    hill climb #711: T=195 -> T=105
    hill climb #712: T=195 -> T=92
    hill climb #713: T=195 -> T=49
    hill climb #714: T=195 -> T=75
    hill climb #715: T=195 -> T=100
    hill climb #716: T=195 -> T=105
    hill climb #717: T=195 -> T=80
    hill climb #718: T=195 -> T=149
    hill climb #719: T=195 -> T=91
    hill climb #720: T=195 -> T=58
    hill climb #721: T=195 -> T=78
    hill climb #722: T=195 -> T=109
    hill climb #723: T=195 -> T=133
    hill climb #724: T=195 -> T=106
    hill climb #725: T=195 -> T=103
    hill climb #726: T=195 -> T=104
    hill climb #727: T=195 -> T=91
    hill climb #728: T=195 -> T=117
    hill climb #729: T=195 -> T=105
    hill climb #730: T=195 -> T=94
    hill climb #731: T=195 -> T=70
    hill climb #732: T=195 -> T=146
    hill climb #733: T=195 -> T=121
    hill climb #734: T=195 -> T=86
    hill climb #735: T=195 -> T=108
    hill climb #736: T=195 -> T=97
    hill climb #737: T=196 -> T=63
    hill climb #738: T=196 -> T=98
    hill climb #739: T=196 -> T=56
    hill climb #740: T=196 -> T=186
    hill climb #741: T=196 -> T=48
    hill climb #742: T=196 -> T=107
    hill climb #743: T=196 -> T=72
    hill climb #744: T=196 -> T=86
    hill climb #745: T=196 -> T=68
    hill climb #746: T=196 -> T=111
    hill climb #747: T=196 -> T=125
    hill climb #748: T=196 -> T=96
    hill climb #749: T=196 -> T=108
    hill climb #750: T=196 -> T=84
    hill climb #751: T=196 -> T=74
    hill climb #752: T=196 -> T=86
    hill climb #753: T=196 -> T=94
    hill climb #754: T=196 -> T=89
    hill climb #755: T=196 -> T=81
    hill climb #756: T=196 -> T=65
    hill climb #757: T=196 -> T=84
    hill climb #758: T=196 -> T=115
    hill climb #759: T=196 -> T=109
    hill climb #760: T=196 -> T=133
    hill climb #761: T=196 -> T=80
    hill climb #762: T=196 -> T=148
    hill climb #763: T=196 -> T=86
    hill climb #764: T=196 -> T=133
    hill climb #765: T=197 -> T=90
    hill climb #766: T=197 -> T=86
    hill climb #767: T=197 -> T=111
    hill climb #768: T=197 -> T=84
    hill climb #769: T=197 -> T=78
    hill climb #770: T=197 -> T=141
    hill climb #771: T=197 -> T=60
    hill climb #772: T=197 -> T=44
    hill climb #773: T=197 -> T=145
    hill climb #774: T=197 -> T=108
    hill climb #775: T=197 -> T=68
    hill climb #776: T=197 -> T=106
    hill climb #777: T=197 -> T=107
    hill climb #778: T=197 -> T=53
    hill climb #779: T=197 -> T=104
    hill climb #780: T=197 -> T=126
    hill climb #781: T=197 -> T=45
    hill climb #782: T=197 -> T=172
    hill climb #783: T=197 -> T=130
    hill climb #784: T=197 -> T=103
    hill climb #785: T=197 -> T=46
    hill climb #786: T=197 -> T=106
    hill climb #787: T=197 -> T=80
    hill climb #788: T=197 -> T=78
    hill climb #789: T=197 -> T=90
    hill climb #790: T=197 -> T=139
    hill climb #791: T=197 -> T=56
    hill climb #792: T=197 -> T=125
    hill climb #793: T=197 -> T=85
    hill climb #794: T=197 -> T=58
    hill climb #795: T=197 -> T=54
    hill climb #796: T=198 -> T=65
    hill climb #797: T=198 -> T=106
    hill climb #798: T=198 -> T=91
    hill climb #799: T=198 -> T=104
    hill climb #800: T=198 -> T=55
    hill climb #801: T=198 -> T=102
    hill climb #802: T=198 -> T=55
    hill climb #803: T=198 -> T=78
    hill climb #804: T=198 -> T=48
    hill climb #805: T=198 -> T=86
    hill climb #806: T=198 -> T=140
    hill climb #807: T=198 -> T=91
    hill climb #808: T=198 -> T=142
    hill climb #809: T=198 -> T=65
    hill climb #810: T=198 -> T=101
    hill climb #811: T=198 -> T=46
    hill climb #812: T=198 -> T=151
    hill climb #813: T=198 -> T=63
    hill climb #814: T=198 -> T=85
    hill climb #815: T=198 -> T=53
    hill climb #816: T=198 -> T=122
    hill climb #817: T=198 -> T=68
    hill climb #818: T=198 -> T=83
    hill climb #819: T=198 -> T=77
    hill climb #820: T=198 -> T=162
    hill climb #821: T=198 -> T=123
    hill climb #822: T=198 -> T=71
    hill climb #823: T=198 -> T=118
    hill climb #824: T=198 -> T=78
    hill climb #825: T=198 -> T=70
    hill climb #826: T=199 -> T=45
    hill climb #827: T=199 -> T=140
    hill climb #828: T=199 -> T=129
    hill climb #829: T=199 -> T=98
    hill climb #830: T=199 -> T=89
    hill climb #831: T=199 -> T=127
    hill climb #832: T=199 -> T=138
    hill climb #833: T=199 -> T=51
    hill climb #834: T=199 -> T=117
    hill climb #835: T=199 -> T=146
    hill climb #836: T=199 -> T=122
    hill climb #837: T=199 -> T=59
    hill climb #838: T=199 -> T=71
    hill climb #839: T=199 -> T=80
    hill climb #840: T=199 -> T=138
    hill climb #841: T=199 -> T=72
    hill climb #842: T=199 -> T=77
    hill climb #843: T=199 -> T=72
    hill climb #844: T=199 -> T=94
    hill climb #845: T=199 -> T=129
    hill climb #846: T=199 -> T=47
    hill climb #847: T=199 -> T=42
    hill climb #848: T=199 -> T=67
    hill climb #849: T=199 -> T=88
    hill climb #850: T=199 -> T=95
    hill climb #851: T=199 -> T=73
    hill climb #852: T=199 -> T=47
    hill climb #853: T=199 -> T=50
    hill climb #854: T=199 -> T=41
    hill climb #855: T=199 -> T=96
    hill climb #856: T=199 -> T=54
    hill climb #857: T=199 -> T=116
    hill climb #858: T=199 -> T=72
    hill climb #859: T=199 -> T=78
    hill climb #860: T=199 -> T=139
    hill climb #861: T=199 -> T=159
    hill climb #862: T=199 -> T=94
    hill climb #863: T=199 -> T=103
    hill climb #864: T=200 -> T=82
    hill climb #865: T=200 -> T=160
    hill climb #866: T=200 -> T=75
    hill climb #867: T=200 -> T=107
    hill climb #868: T=200 -> T=135
    hill climb #869: T=200 -> T=89
    hill climb #870: T=200 -> T=72
    hill climb #871: T=200 -> T=93
    hill climb #872: T=200 -> T=133
    hill climb #873: T=200 -> T=105
    hill climb #874: T=200 -> T=44
    hill climb #875: T=200 -> T=57
    hill climb #876: T=200 -> T=107
    hill climb #877: T=200 -> T=105
    hill climb #878: T=200 -> T=118
    hill climb #879: T=200 -> T=70
    hill climb #880: T=200 -> T=116
    hill climb #881: T=200 -> T=143
    hill climb #882: T=200 -> T=162
    hill climb #883: T=200 -> T=58
    hill climb #884: T=200 -> T=105
    hill climb #885: T=200 -> T=181
    hill climb #886: T=200 -> T=62
    hill climb #887: T=200 -> T=112
    hill climb #888: T=200 -> T=85
    hill climb #889: T=200 -> T=93
    hill climb #890: T=200 -> T=112
    hill climb #891: T=200 -> T=177
    hill climb #892: T=200 -> T=83
    hill climb #893: T=200 -> T=106
    hill climb #894: T=200 -> T=42
    hill climb #895: T=200 -> T=116
    hill climb #896: T=200 -> T=77
    hill climb #897: T=200 -> T=97
    hill climb #898: T=200 -> T=131
    hill climb #899: T=200 -> T=103
    hill climb #900: T=200 -> T=115
    hill climb #901: T=200 -> T=47
    hill climb #902: T=200 -> T=155
    hill climb #903: T=200 -> T=130
    hill climb #904: T=200 -> T=86
    hill climb #905: T=200 -> T=132
    hill climb #906: T=200 -> T=114
    hill climb #907: T=200 -> T=147
    hill climb #908: T=201 -> T=122
    hill climb #909: T=201 -> T=81
    hill climb #910: T=201 -> T=123
    hill climb #911: T=201 -> T=94
    hill climb #912: T=201 -> T=85
    hill climb #913: T=201 -> T=148
    hill climb #914: T=201 -> T=57
    hill climb #915: T=201 -> T=79
    hill climb #916: T=201 -> T=132
    hill climb #917: T=201 -> T=140
    hill climb #918: T=201 -> T=127
    hill climb #919: T=201 -> T=121
    hill climb #920: T=201 -> T=86
    hill climb #921: T=201 -> T=85
    hill climb #922: T=201 -> T=119
    hill climb #923: T=201 -> T=146
    hill climb #924: T=201 -> T=108
    hill climb #925: T=201 -> T=57
    hill climb #926: T=201 -> T=85
    hill climb #927: T=201 -> T=63
    hill climb #928: T=201 -> T=84
    hill climb #929: T=201 -> T=94
    hill climb #930: T=201 -> T=100
    hill climb #931: T=202 -> T=81
    hill climb #932: T=202 -> T=142
    hill climb #933: T=202 -> T=116
    hill climb #934: T=202 -> T=80
    hill climb #935: T=202 -> T=129
    hill climb #936: T=202 -> T=85
    hill climb #937: T=202 -> T=119
    hill climb #938: T=202 -> T=77
    hill climb #939: T=202 -> T=112
    hill climb #940: T=202 -> T=138
    hill climb #941: T=202 -> T=51
    hill climb #942: T=202 -> T=83
    hill climb #943: T=202 -> T=57
    hill climb #944: T=202 -> T=128
    hill climb #945: T=202 -> T=151
    hill climb #946: T=202 -> T=73
    hill climb #947: T=202 -> T=137
    hill climb #948: T=202 -> T=181
    hill climb #949: T=202 -> T=118
    hill climb #950: T=202 -> T=121
    hill climb #951: T=202 -> T=60
    hill climb #952: T=202 -> T=90
    hill climb #953: T=202 -> T=79
    hill climb #954: T=202 -> T=90
    hill climb #955: T=202 -> T=61
    hill climb #956: T=202 -> T=133
    hill climb #957: T=202 -> T=80
    hill climb #958: T=202 -> T=77
    hill climb #959: T=202 -> T=71
    hill climb #960: T=202 -> T=94
    hill climb #961: T=202 -> T=68
    hill climb #962: T=202 -> T=106
    hill climb #963: T=202 -> T=45
    hill climb #964: T=202 -> T=141
    hill climb #965: T=202 -> T=74
    hill climb #966: T=202 -> T=84
    hill climb #967: T=202 -> T=64
    hill climb #968: T=202 -> T=94
    hill climb #969: T=203 -> T=104
    hill climb #970: T=203 -> T=88
    hill climb #971: T=203 -> T=106
    hill climb #972: T=203 -> T=78
    hill climb #973: T=203 -> T=144
    hill climb #974: T=203 -> T=79
    hill climb #975: T=203 -> T=80
    hill climb #976: T=203 -> T=84
    hill climb #977: T=203 -> T=94
    hill climb #978: T=203 -> T=83
    hill climb #979: T=203 -> T=107
    hill climb #980: T=203 -> T=88
    hill climb #981: T=203 -> T=70
    hill climb #982: T=203 -> T=38
    hill climb #983: T=203 -> T=120
    hill climb #984: T=203 -> T=91
    hill climb #985: T=203 -> T=83
    hill climb #986: T=203 -> T=90
    hill climb #987: T=203 -> T=117
    hill climb #988: T=203 -> T=153
    hill climb #989: T=203 -> T=108
    hill climb #990: T=203 -> T=133
    hill climb #991: T=203 -> T=100
    hill climb #992: T=203 -> T=131
    hill climb #993: T=203 -> T=141
    hill climb #994: T=203 -> T=128
    hill climb #995: T=203 -> T=87
    hill climb #996: T=203 -> T=125
    hill climb #997: T=203 -> T=59
    hill climb #998: T=203 -> T=113
    hill climb #999: T=203 -> T=69
    hill climb #1000: T=204 -> T=83
    hill climb #1001: T=204 -> T=77
    hill climb #1002: T=204 -> T=129
    hill climb #1003: T=204 -> T=119
    hill climb #1004: T=204 -> T=75
    hill climb #1005: T=204 -> T=149
    hill climb #1006: T=204 -> T=144
    hill climb #1007: T=204 -> T=98
    hill climb #1008: T=204 -> T=62
    hill climb #1009: T=204 -> T=110
    hill climb #1010: T=204 -> T=163
    hill climb #1011: T=204 -> T=115
    hill climb #1012: T=204 -> T=138
    hill climb #1013: T=204 -> T=76
    hill climb #1014: T=204 -> T=74
    hill climb #1015: T=204 -> T=106
    hill climb #1016: T=204 -> T=85
    hill climb #1017: T=204 -> T=87
    hill climb #1018: T=204 -> T=92
    hill climb #1019: T=204 -> T=116
    hill climb #1020: T=204 -> T=68
    hill climb #1021: T=204 -> T=141
    hill climb #1022: T=204 -> T=125
    hill climb #1023: T=204 -> T=79
    hill climb #1024: T=204 -> T=103
    hill climb #1025: T=204 -> T=80
    hill climb #1026: T=204 -> T=134
    hill climb #1027: T=204 -> T=147
    hill climb #1028: T=204 -> T=133
    hill climb #1029: T=204 -> T=69
    hill climb #1030: T=204 -> T=109
    hill climb #1031: T=204 -> T=58
    hill climb #1032: T=204 -> T=77
    hill climb #1033: T=204 -> T=76
    hill climb #1034: T=204 -> T=124
    hill climb #1035: T=204 -> T=98
    hill climb #1036: T=204 -> T=69
    hill climb #1037: T=205 -> T=62
    hill climb #1038: T=205 -> T=99
    hill climb #1039: T=205 -> T=173
    hill climb #1040: T=205 -> T=171
    hill climb #1041: T=205 -> T=58
    hill climb #1042: T=205 -> T=72
    hill climb #1043: T=205 -> T=69
    hill climb #1044: T=205 -> T=136
    hill climb #1045: T=205 -> T=109
    hill climb #1046: T=205 -> T=82
    hill climb #1047: T=205 -> T=56
    hill climb #1048: T=205 -> T=117
    hill climb #1049: T=205 -> T=106
    hill climb #1050: T=205 -> T=117
    hill climb #1051: T=205 -> T=48
    hill climb #1052: T=205 -> T=155
    hill climb #1053: T=205 -> T=133
    hill climb #1054: T=205 -> T=69
    hill climb #1055: T=205 -> T=82
    hill climb #1056: T=205 -> T=45
    hill climb #1057: T=205 -> T=91
    hill climb #1058: T=205 -> T=114
    hill climb #1059: T=205 -> T=56
    hill climb #1060: T=205 -> T=69
    hill climb #1061: T=205 -> T=161
    hill climb #1062: T=205 -> T=84
    hill climb #1063: T=205 -> T=82
    hill climb #1064: T=205 -> T=72
    hill climb #1065: T=205 -> T=88
    hill climb #1066: T=205 -> T=118
    hill climb #1067: T=205 -> T=118
    hill climb #1068: T=205 -> T=138
    hill climb #1069: T=205 -> T=86
    hill climb #1070: T=205 -> T=31
    hill climb #1071: T=205 -> T=95
    hill climb #1072: T=205 -> T=127
    hill climb #1073: T=205 -> T=97
    hill climb #1074: T=205 -> T=120
    hill climb #1075: T=205 -> T=80
    hill climb #1076: T=205 -> T=124
    hill climb #1077: T=205 -> T=104
    hill climb #1078: T=205 -> T=40
    hill climb #1079: T=205 -> T=142
    hill climb #1080: T=205 -> T=105
    hill climb #1081: T=205 -> T=172
    hill climb #1082: T=205 -> T=121
    hill climb #1083: T=205 -> T=81
    hill climb #1084: T=205 -> T=81
    hill climb #1085: T=205 -> T=99
    hill climb #1086: T=205 -> T=166
    hill climb #1087: T=205 -> T=62
    hill climb #1088: T=205 -> T=149
    hill climb #1089: T=206 -> T=145
    hill climb #1090: T=206 -> T=98
    hill climb #1091: T=206 -> T=42
    hill climb #1092: T=206 -> T=149
    hill climb #1093: T=206 -> T=45
    hill climb #1094: T=206 -> T=71
    hill climb #1095: T=206 -> T=91
    hill climb #1096: T=206 -> T=87
    hill climb #1097: T=206 -> T=74
    hill climb #1098: T=206 -> T=95
    hill climb #1099: T=206 -> T=123
    hill climb #1100: T=206 -> T=105
    hill climb #1101: T=206 -> T=65
    hill climb #1102: T=206 -> T=49
    hill climb #1103: T=206 -> T=125
    hill climb #1104: T=206 -> T=111
    hill climb #1105: T=206 -> T=142
    hill climb #1106: T=206 -> T=87
    hill climb #1107: T=206 -> T=60
    hill climb #1108: T=206 -> T=106
    hill climb #1109: T=206 -> T=164
    hill climb #1110: T=206 -> T=52
    hill climb #1111: T=206 -> T=53
    hill climb #1112: T=206 -> T=49
    hill climb #1113: T=206 -> T=63
    hill climb #1114: T=206 -> T=107
    hill climb #1115: T=206 -> T=85
    hill climb #1116: T=206 -> T=85
    hill climb #1117: T=206 -> T=183
    hill climb #1118: T=206 -> T=123
    hill climb #1119: T=206 -> T=105
    hill climb #1120: T=206 -> T=117
    hill climb #1121: T=206 -> T=106
    hill climb #1122: T=206 -> T=69
    hill climb #1123: T=207 -> T=78
    hill climb #1124: T=207 -> T=97
    hill climb #1125: T=207 -> T=115
    hill climb #1126: T=207 -> T=82
    hill climb #1127: T=207 -> T=80
    hill climb #1128: T=207 -> T=65
    hill climb #1129: T=207 -> T=48
    hill climb #1130: T=207 -> T=127
    hill climb #1131: T=207 -> T=94
    hill climb #1132: T=207 -> T=106
    hill climb #1133: T=207 -> T=97
    hill climb #1134: T=207 -> T=121
    hill climb #1135: T=207 -> T=104
    hill climb #1136: T=207 -> T=73
    hill climb #1137: T=207 -> T=52
    hill climb #1138: T=207 -> T=91
    hill climb #1139: T=207 -> T=82
    hill climb #1140: T=207 -> T=62
    hill climb #1141: T=207 -> T=115
    hill climb #1142: T=207 -> T=76
    hill climb #1143: T=207 -> T=113
    hill climb #1144: T=207 -> T=82
    hill climb #1145: T=207 -> T=143
    hill climb #1146: T=207 -> T=86
    hill climb #1147: T=207 -> T=66
    hill climb #1148: T=207 -> T=96
    hill climb #1149: T=207 -> T=110
    hill climb #1150: T=207 -> T=104
    hill climb #1151: T=207 -> T=92
    hill climb #1152: T=207 -> T=132
    hill climb #1153: T=207 -> T=67
    hill climb #1154: T=207 -> T=77
    hill climb #1155: T=207 -> T=121
    hill climb #1156: T=207 -> T=160
    hill climb #1157: T=207 -> T=94
    hill climb #1158: T=207 -> T=88
    hill climb #1159: T=207 -> T=111
    hill climb #1160: T=207 -> T=51
    hill climb #1161: T=207 -> T=76
    hill climb #1162: T=207 -> T=80
    hill climb #1163: T=207 -> T=102
    hill climb #1164: T=207 -> T=56
    hill climb #1165: T=207 -> T=104
    hill climb #1166: T=207 -> T=64
    hill climb #1167: T=207 -> T=87
    hill climb #1168: T=207 -> T=124
    hill climb #1169: T=208 -> T=61
    hill climb #1170: T=208 -> T=78
    hill climb #1171: T=208 -> T=79
    hill climb #1172: T=208 -> T=127
    hill climb #1173: T=208 -> T=99
    hill climb #1174: T=208 -> T=83
    hill climb #1175: T=208 -> T=157
    hill climb #1176: T=208 -> T=177
    hill climb #1177: T=208 -> T=112
    hill climb #1178: T=208 -> T=123
    hill climb #1179: T=208 -> T=67
    hill climb #1180: T=208 -> T=118
    hill climb #1181: T=208 -> T=75
    hill climb #1182: T=208 -> T=162
    hill climb #1183: T=208 -> T=101
    hill climb #1184: T=208 -> T=136
    hill climb #1185: T=208 -> T=146
    hill climb #1186: T=208 -> T=120
    hill climb #1187: T=208 -> T=103
    hill climb #1188: T=208 -> T=97
    hill climb #1189: T=208 -> T=53
    hill climb #1190: T=208 -> T=59
    hill climb #1191: T=208 -> T=102
    hill climb #1192: T=208 -> T=67
    hill climb #1193: T=208 -> T=71
    hill climb #1194: T=208 -> T=111
    hill climb #1195: T=208 -> T=68
    hill climb #1196: T=208 -> T=142
    hill climb #1197: T=208 -> T=140
    hill climb #1198: T=208 -> T=64
    hill climb #1199: T=208 -> T=140
    hill climb #1200: T=208 -> T=157
    hill climb #1201: T=208 -> T=59
    hill climb #1202: T=208 -> T=139
    hill climb #1203: T=208 -> T=103
    hill climb #1204: T=208 -> T=55
    hill climb #1205: T=208 -> T=100
    hill climb #1206: T=208 -> T=57
    hill climb #1207: T=208 -> T=93
    hill climb #1208: T=208 -> T=108
    hill climb #1209: T=208 -> T=118
    hill climb #1210: T=208 -> T=130
    hill climb #1211: T=209 -> T=117
    hill climb #1212: T=209 -> T=155
    hill climb #1213: T=209 -> T=87
    hill climb #1214: T=209 -> T=123
    hill climb #1215: T=209 -> T=148
    hill climb #1216: T=209 -> T=130
    hill climb #1217: T=209 -> T=172
    hill climb #1218: T=209 -> T=123
    hill climb #1219: T=209 -> T=47
    hill climb #1220: T=209 -> T=53
    hill climb #1221: T=209 -> T=97
    hill climb #1222: T=209 -> T=125
    hill climb #1223: T=209 -> T=131
    hill climb #1224: T=209 -> T=47
    hill climb #1225: T=209 -> T=66
    hill climb #1226: T=209 -> T=89
    hill climb #1227: T=209 -> T=98
    hill climb #1228: T=209 -> T=122
    hill climb #1229: T=209 -> T=83
    hill climb #1230: T=209 -> T=83
    hill climb #1231: T=209 -> T=165
    hill climb #1232: T=209 -> T=105
    hill climb #1233: T=209 -> T=116
    hill climb #1234: T=209 -> T=149
    hill climb #1235: T=209 -> T=107
    hill climb #1236: T=209 -> T=35
    hill climb #1237: T=209 -> T=81
    hill climb #1238: T=209 -> T=147
    hill climb #1239: T=209 -> T=65
    hill climb #1240: T=209 -> T=121
    hill climb #1241: T=209 -> T=171
    hill climb #1242: T=209 -> T=59
    hill climb #1243: T=209 -> T=138
    hill climb #1244: T=209 -> T=135
    hill climb #1245: T=209 -> T=118
    hill climb #1246: T=209 -> T=86
    hill climb #1247: T=209 -> T=120
    hill climb #1248: T=209 -> T=98
    hill climb #1249: T=209 -> T=73
    hill climb #1250: T=209 -> T=53
    hill climb #1251: T=209 -> T=160
    hill climb #1252: T=209 -> T=52
    hill climb #1253: T=209 -> T=66
    hill climb #1254: T=209 -> T=76
    hill climb #1255: T=210 -> T=95
    hill climb #1256: T=210 -> T=114
    hill climb #1257: T=210 -> T=64
    hill climb #1258: T=210 -> T=106
    hill climb #1259: T=210 -> T=103
    hill climb #1260: T=210 -> T=91
    hill climb #1261: T=210 -> T=130
    hill climb #1262: T=210 -> T=72
    hill climb #1263: T=210 -> T=93
    hill climb #1264: T=210 -> T=68
    hill climb #1265: T=210 -> T=79
    hill climb #1266: T=210 -> T=165
    hill climb #1267: T=210 -> T=88
    hill climb #1268: T=210 -> T=72
    hill climb #1269: T=210 -> T=74
    hill climb #1270: T=210 -> T=81
    hill climb #1271: T=210 -> T=82
    hill climb #1272: T=210 -> T=144
    hill climb #1273: T=210 -> T=140
    hill climb #1274: T=210 -> T=138
    hill climb #1275: T=210 -> T=80
    hill climb #1276: T=210 -> T=109
    hill climb #1277: T=210 -> T=123
    hill climb #1278: T=210 -> T=57
    hill climb #1279: T=210 -> T=106
    hill climb #1280: T=210 -> T=150
    hill climb #1281: T=210 -> T=118
    hill climb #1282: T=210 -> T=113
    hill climb #1283: T=210 -> T=151
    hill climb #1284: T=210 -> T=98
    hill climb #1285: T=210 -> T=87
    hill climb #1286: T=210 -> T=117
    hill climb #1287: T=210 -> T=74
    hill climb #1288: T=210 -> T=163
    hill climb #1289: T=210 -> T=57
    hill climb #1290: T=210 -> T=155
    hill climb #1291: T=210 -> T=136
    hill climb #1292: T=210 -> T=92
    hill climb #1293: T=210 -> T=81
    hill climb #1294: T=210 -> T=111
    hill climb #1295: T=210 -> T=157
    hill climb #1296: T=210 -> T=62
    hill climb #1297: T=210 -> T=81
    hill climb #1298: T=211 -> T=144
    hill climb #1299: T=211 -> T=119
    hill climb #1300: T=211 -> T=156
    hill climb #1301: T=211 -> T=60
    hill climb #1302: T=211 -> T=123
    hill climb #1303: T=211 -> T=140
    hill climb #1304: T=211 -> T=107
    hill climb #1305: T=211 -> T=140
    hill climb #1306: T=211 -> T=80
    hill climb #1307: T=211 -> T=59
    hill climb #1308: T=211 -> T=127
    hill climb #1309: T=211 -> T=84
    hill climb #1310: T=211 -> T=69
    hill climb #1311: T=211 -> T=48
    hill climb #1312: T=211 -> T=54
    hill climb #1313: T=211 -> T=53
    hill climb #1314: T=211 -> T=60
    hill climb #1315: T=211 -> T=69
    hill climb #1316: T=211 -> T=123
    hill climb #1317: T=211 -> T=70
    hill climb #1318: T=211 -> T=77
    hill climb #1319: T=211 -> T=68
    hill climb #1320: T=211 -> T=97
    hill climb #1321: T=211 -> T=94
    hill climb #1322: T=211 -> T=64
    hill climb #1323: T=211 -> T=87
    hill climb #1324: T=211 -> T=82
    hill climb #1325: T=211 -> T=185
    hill climb #1326: T=211 -> T=83
    hill climb #1327: T=211 -> T=128
    hill climb #1328: T=211 -> T=86
    hill climb #1329: T=211 -> T=45
    hill climb #1330: T=211 -> T=65
    hill climb #1331: T=211 -> T=116
    hill climb #1332: T=211 -> T=72
    hill climb #1333: T=211 -> T=61
    hill climb #1334: T=211 -> T=71
    hill climb #1335: T=211 -> T=47
    hill climb #1336: T=211 -> T=76
    hill climb #1337: T=211 -> T=85
    hill climb #1338: T=211 -> T=79
    hill climb #1339: T=211 -> T=74
    hill climb #1340: T=211 -> T=66
    hill climb #1341: T=211 -> T=86
    hill climb #1342: T=211 -> T=119
    hill climb #1343: T=211 -> T=118
    hill climb #1344: T=211 -> T=102
    hill climb #1345: T=211 -> T=105
    hill climb #1346: T=211 -> T=83
    hill climb #1347: T=211 -> T=80
    hill climb #1348: T=211 -> T=109
    hill climb #1349: T=211 -> T=53
    hill climb #1350: T=211 -> T=117
    hill climb #1351: T=212 -> T=61
    hill climb #1352: T=212 -> T=115
    hill climb #1353: T=212 -> T=57
    hill climb #1354: T=212 -> T=80
    hill climb #1355: T=212 -> T=143
    hill climb #1356: T=212 -> T=155
    hill climb #1357: T=212 -> T=88
    hill climb #1358: T=212 -> T=115
    hill climb #1359: T=212 -> T=67
    hill climb #1360: T=212 -> T=114
    hill climb #1361: T=212 -> T=116
    hill climb #1362: T=212 -> T=106
    hill climb #1363: T=212 -> T=97
    hill climb #1364: T=212 -> T=90
    hill climb #1365: T=212 -> T=98
    hill climb #1366: T=212 -> T=42
    hill climb #1367: T=212 -> T=92
    hill climb #1368: T=212 -> T=86
    hill climb #1369: T=212 -> T=80
    hill climb #1370: T=212 -> T=83
    hill climb #1371: T=212 -> T=70
    hill climb #1372: T=212 -> T=103
    hill climb #1373: T=212 -> T=111
    hill climb #1374: T=212 -> T=135
    hill climb #1375: T=212 -> T=85
    hill climb #1376: T=212 -> T=87
    hill climb #1377: T=212 -> T=108
    hill climb #1378: T=212 -> T=109
    hill climb #1379: T=212 -> T=98
    hill climb #1380: T=212 -> T=32
    hill climb #1381: T=212 -> T=128
    hill climb #1382: T=212 -> T=44
    hill climb #1383: T=212 -> T=55
    hill climb #1384: T=212 -> T=85
    hill climb #1385: T=212 -> T=52
    hill climb #1386: T=212 -> T=53
    hill climb #1387: T=212 -> T=135
    hill climb #1388: T=212 -> T=108
    hill climb #1389: T=212 -> T=60
    hill climb #1390: T=212 -> T=57
    hill climb #1391: T=212 -> T=128
    hill climb #1392: T=212 -> T=88
    hill climb #1393: T=212 -> T=120
    hill climb #1394: T=212 -> T=53
    hill climb #1395: T=212 -> T=92
    hill climb #1396: T=212 -> T=69
    hill climb #1397: T=212 -> T=66
    hill climb #1398: T=212 -> T=167
    hill climb #1399: T=212 -> T=64
    hill climb #1400: T=212 -> T=143
    hill climb #1401: T=212 -> T=120
    hill climb #1402: T=213 -> T=49
    hill climb #1403: T=213 -> T=45
    hill climb #1404: T=213 -> T=143
    hill climb #1405: T=213 -> T=110
    hill climb #1406: T=213 -> T=136
    hill climb #1407: T=213 -> T=87
    hill climb #1408: T=213 -> T=63
    hill climb #1409: T=213 -> T=70
    hill climb #1410: T=213 -> T=89
    hill climb #1411: T=213 -> T=136
    hill climb #1412: T=213 -> T=88
    hill climb #1413: T=213 -> T=94
    hill climb #1414: T=213 -> T=98
    hill climb #1415: T=213 -> T=133
    hill climb #1416: T=213 -> T=69
    hill climb #1417: T=213 -> T=34
    hill climb #1418: T=213 -> T=158
    hill climb #1419: T=213 -> T=88
    hill climb #1420: T=213 -> T=104
    hill climb #1421: T=213 -> T=65
    hill climb #1422: T=213 -> T=107
    hill climb #1423: T=213 -> T=166
    hill climb #1424: T=213 -> T=119
    hill climb #1425: T=213 -> T=69
    hill climb #1426: T=213 -> T=135
    hill climb #1427: T=213 -> T=80
    hill climb #1428: T=213 -> T=116
    hill climb #1429: T=213 -> T=139
    hill climb #1430: T=213 -> T=95
    hill climb #1431: T=213 -> T=119
    hill climb #1432: T=213 -> T=88
    hill climb #1433: T=213 -> T=80
    hill climb #1434: T=213 -> T=68
    hill climb #1435: T=213 -> T=104
    hill climb #1436: T=213 -> T=47
    hill climb #1437: T=213 -> T=190
    hill climb #1438: T=213 -> T=67
    hill climb #1439: T=213 -> T=95
    hill climb #1440: T=213 -> T=78
    hill climb #1441: T=213 -> T=132
    hill climb #1442: T=213 -> T=65
    hill climb #1443: T=213 -> T=94
    hill climb #1444: T=213 -> T=71
    hill climb #1445: T=213 -> T=102
    hill climb #1446: T=213 -> T=91
    hill climb #1447: T=213 -> T=80
    hill climb #1448: T=213 -> T=102
    hill climb #1449: T=213 -> T=144
    hill climb #1450: T=213 -> T=46
    hill climb #1451: T=213 -> T=64
    hill climb #1452: T=213 -> T=118
    hill climb #1453: T=213 -> T=70
    hill climb #1454: T=213 -> T=96
    hill climb #1455: T=213 -> T=84
    hill climb #1456: T=213 -> T=133
    hill climb #1457: T=213 -> T=109
    hill climb #1458: T=213 -> T=108
    hill climb #1459: T=213 -> T=120
    hill climb #1460: T=213 -> T=104
    hill climb #1461: T=213 -> T=77
    hill climb #1462: T=213 -> T=58
    hill climb #1463: T=213 -> T=103
    hill climb #1464: T=213 -> T=105
    hill climb #1465: T=213 -> T=138
    hill climb #1466: T=214 -> T=95
    hill climb #1467: T=214 -> T=122
    hill climb #1468: T=214 -> T=149
    hill climb #1469: T=214 -> T=55
    hill climb #1470: T=214 -> T=67
    hill climb #1471: T=214 -> T=93
    hill climb #1472: T=214 -> T=62
    hill climb #1473: T=214 -> T=79
    hill climb #1474: T=214 -> T=82
    hill climb #1475: T=214 -> T=139
    hill climb #1476: T=214 -> T=129
    hill climb #1477: T=214 -> T=62
    hill climb #1478: T=214 -> T=97
    hill climb #1479: T=214 -> T=132
    hill climb #1480: T=214 -> T=78
    hill climb #1481: T=214 -> T=115
    hill climb #1482: T=214 -> T=84
    hill climb #1483: T=214 -> T=121
    hill climb #1484: T=214 -> T=109
    hill climb #1485: T=214 -> T=57
    hill climb #1486: T=214 -> T=146
    hill climb #1487: T=214 -> T=43
    hill climb #1488: T=214 -> T=62
    hill climb #1489: T=214 -> T=151
    hill climb #1490: T=214 -> T=96
    hill climb #1491: T=214 -> T=51
    hill climb #1492: T=214 -> T=160
    hill climb #1493: T=214 -> T=47
    hill climb #1494: T=214 -> T=85
    hill climb #1495: T=214 -> T=122
    hill climb #1496: T=214 -> T=98
    hill climb #1497: T=214 -> T=106
    hill climb #1498: T=214 -> T=48
    hill climb #1499: T=214 -> T=158
    hill climb #1500: T=214 -> T=78
    hill climb #1501: T=214 -> T=128
    hill climb #1502: T=214 -> T=54
    hill climb #1503: T=214 -> T=77
    hill climb #1504: T=214 -> T=70
    hill climb #1505: T=214 -> T=113
    hill climb #1506: T=214 -> T=79
    hill climb #1507: T=214 -> T=36
    hill climb #1508: T=214 -> T=71
    hill climb #1509: T=214 -> T=96
    hill climb #1510: T=214 -> T=98
    hill climb #1511: T=214 -> T=101
    hill climb #1512: T=214 -> T=62
    hill climb #1513: T=214 -> T=121
    hill climb #1514: T=214 -> T=94
    hill climb #1515: T=214 -> T=134
    hill climb #1516: T=214 -> T=143
    hill climb #1517: T=215 -> T=96
    hill climb #1518: T=215 -> T=123
    hill climb #1519: T=215 -> T=67
    hill climb #1520: T=215 -> T=73
    hill climb #1521: T=215 -> T=102
    hill climb #1522: T=215 -> T=111
    hill climb #1523: T=215 -> T=114
    hill climb #1524: T=215 -> T=146
    hill climb #1525: T=215 -> T=116
    hill climb #1526: T=215 -> T=152
    hill climb #1527: T=215 -> T=112
    hill climb #1528: T=215 -> T=87
    hill climb #1529: T=215 -> T=149
    hill climb #1530: T=215 -> T=83
    hill climb #1531: T=215 -> T=118
    hill climb #1532: T=215 -> T=61
    hill climb #1533: T=215 -> T=86
    hill climb #1534: T=215 -> T=166
    hill climb #1535: T=215 -> T=100
    hill climb #1536: T=215 -> T=76
    hill climb #1537: T=215 -> T=94
    hill climb #1538: T=215 -> T=102
    hill climb #1539: T=215 -> T=89
    hill climb #1540: T=215 -> T=53
    hill climb #1541: T=215 -> T=75
    hill climb #1542: T=215 -> T=123
    hill climb #1543: T=215 -> T=51
    hill climb #1544: T=215 -> T=94
    hill climb #1545: T=215 -> T=108
    hill climb #1546: T=215 -> T=68
    hill climb #1547: T=215 -> T=135
    hill climb #1548: T=215 -> T=138
    hill climb #1549: T=215 -> T=95
    hill climb #1550: T=215 -> T=87
    hill climb #1551: T=215 -> T=182
    hill climb #1552: T=215 -> T=65
    hill climb #1553: T=215 -> T=140
    hill climb #1554: T=215 -> T=73
    hill climb #1555: T=215 -> T=136
    hill climb #1556: T=215 -> T=99
    hill climb #1557: T=215 -> T=127
    hill climb #1558: T=215 -> T=44
    hill climb #1559: T=215 -> T=64
    hill climb #1560: T=215 -> T=97
    hill climb #1561: T=215 -> T=101
    hill climb #1562: T=215 -> T=119
    hill climb #1563: T=215 -> T=107
    hill climb #1564: T=215 -> T=106
    hill climb #1565: T=215 -> T=56
    hill climb #1566: T=215 -> T=60
    hill climb #1567: T=215 -> T=136
    hill climb #1568: T=215 -> T=102
    hill climb #1569: T=215 -> T=104
    hill climb #1570: T=215 -> T=143
    hill climb #1571: T=215 -> T=88
    hill climb #1572: T=215 -> T=98
    hill climb #1573: T=215 -> T=77
    hill climb #1574: T=215 -> T=157
    hill climb #1575: T=215 -> T=71
    hill climb #1576: T=215 -> T=68
    hill climb #1577: T=215 -> T=90
    hill climb #1578: T=216 -> T=110
    hill climb #1579: T=216 -> T=49
    hill climb #1580: T=216 -> T=102
    hill climb #1581: T=216 -> T=85
    hill climb #1582: T=216 -> T=103
    hill climb #1583: T=216 -> T=89
    hill climb #1584: T=216 -> T=151
    hill climb #1585: T=216 -> T=112
    hill climb #1586: T=216 -> T=49
    hill climb #1587: T=216 -> T=76
    hill climb #1588: T=216 -> T=84
    hill climb #1589: T=216 -> T=82
    hill climb #1590: T=216 -> T=61
    hill climb #1591: T=216 -> T=123
    hill climb #1592: T=216 -> T=154
    hill climb #1593: T=216 -> T=89
    hill climb #1594: T=216 -> T=93
    hill climb #1595: T=216 -> T=58
    hill climb #1596: T=216 -> T=168
    hill climb #1597: T=216 -> T=84
    hill climb #1598: T=216 -> T=78
    hill climb #1599: T=216 -> T=78
    hill climb #1600: T=216 -> T=68
    hill climb #1601: T=216 -> T=66
    hill climb #1602: T=216 -> T=72
    hill climb #1603: T=216 -> T=120
    hill climb #1604: T=216 -> T=122
    hill climb #1605: T=216 -> T=125
    hill climb #1606: T=216 -> T=63
    hill climb #1607: T=216 -> T=124
    hill climb #1608: T=216 -> T=101
    hill climb #1609: T=216 -> T=83
    hill climb #1610: T=216 -> T=132
    hill climb #1611: T=216 -> T=68
    hill climb #1612: T=216 -> T=95
    hill climb #1613: T=216 -> T=131
    hill climb #1614: T=216 -> T=92
    hill climb #1615: T=216 -> T=74
    hill climb #1616: T=216 -> T=77
    hill climb #1617: T=216 -> T=142
    hill climb #1618: T=216 -> T=67
    hill climb #1619: T=216 -> T=60
    hill climb #1620: T=216 -> T=94
    hill climb #1621: T=216 -> T=116
    hill climb #1622: T=217 -> T=73
    hill climb #1623: T=217 -> T=129
    hill climb #1624: T=217 -> T=111
    hill climb #1625: T=217 -> T=110
    hill climb #1626: T=217 -> T=89
    hill climb #1627: T=217 -> T=140
    hill climb #1628: T=217 -> T=111
    hill climb #1629: T=217 -> T=135
    hill climb #1630: T=217 -> T=81
    hill climb #1631: T=217 -> T=101
    hill climb #1632: T=217 -> T=48
    hill climb #1633: T=217 -> T=66
    hill climb #1634: T=217 -> T=55
    hill climb #1635: T=217 -> T=86
    hill climb #1636: T=217 -> T=126
    hill climb #1637: T=217 -> T=76
    hill climb #1638: T=217 -> T=121
    hill climb #1639: T=217 -> T=129
    hill climb #1640: T=217 -> T=123
    hill climb #1641: T=217 -> T=139
    hill climb #1642: T=217 -> T=92
    hill climb #1643: T=217 -> T=88
    hill climb #1644: T=217 -> T=87
    hill climb #1645: T=217 -> T=129
    hill climb #1646: T=217 -> T=61
    hill climb #1647: T=217 -> T=72
    hill climb #1648: T=217 -> T=157
    hill climb #1649: T=217 -> T=76
    hill climb #1650: T=217 -> T=157
    hill climb #1651: T=217 -> T=121
    hill climb #1652: T=217 -> T=94
    hill climb #1653: T=217 -> T=39
    hill climb #1654: T=217 -> T=165
    hill climb #1655: T=217 -> T=85
    hill climb #1656: T=217 -> T=46
    hill climb #1657: T=217 -> T=116
    hill climb #1658: T=217 -> T=152
    hill climb #1659: T=217 -> T=122
    hill climb #1660: T=217 -> T=158
    hill climb #1661: T=217 -> T=105
    hill climb #1662: T=217 -> T=148
    hill climb #1663: T=217 -> T=147
    hill climb #1664: T=217 -> T=141
    hill climb #1665: T=217 -> T=90
    hill climb #1666: T=217 -> T=165
    hill climb #1667: T=217 -> T=84
    hill climb #1668: T=217 -> T=84
    hill climb #1669: T=217 -> T=129
    hill climb #1670: T=217 -> T=83
    hill climb #1671: T=217 -> T=47
    hill climb #1672: T=217 -> T=150
    hill climb #1673: T=217 -> T=131
    hill climb #1674: T=217 -> T=134
    hill climb #1675: T=217 -> T=101
    hill climb #1676: T=218 -> T=160
    hill climb #1677: T=218 -> T=113
    hill climb #1678: T=218 -> T=62
    hill climb #1679: T=218 -> T=57
    hill climb #1680: T=218 -> T=104
    hill climb #1681: T=218 -> T=156
    hill climb #1682: T=218 -> T=51
    hill climb #1683: T=218 -> T=154
    hill climb #1684: T=218 -> T=58
    hill climb #1685: T=218 -> T=89
    hill climb #1686: T=218 -> T=95
    hill climb #1687: T=218 -> T=164
    hill climb #1688: T=218 -> T=45
    hill climb #1689: T=218 -> T=73
    hill climb #1690: T=218 -> T=158
    hill climb #1691: T=218 -> T=97
    hill climb #1692: T=218 -> T=110
    hill climb #1693: T=218 -> T=86
    hill climb #1694: T=218 -> T=112
    hill climb #1695: T=218 -> T=126
    hill climb #1696: T=218 -> T=104
    hill climb #1697: T=218 -> T=135
    hill climb #1698: T=218 -> T=106
    hill climb #1699: T=218 -> T=91
    hill climb #1700: T=218 -> T=97
    hill climb #1701: T=218 -> T=152
    hill climb #1702: T=218 -> T=82
    hill climb #1703: T=218 -> T=139
    hill climb #1704: T=218 -> T=54
    hill climb #1705: T=218 -> T=104
    hill climb #1706: T=218 -> T=108
    hill climb #1707: T=218 -> T=61
    hill climb #1708: T=218 -> T=107
    hill climb #1709: T=218 -> T=130
    hill climb #1710: T=218 -> T=108
    hill climb #1711: T=218 -> T=87
    hill climb #1712: T=218 -> T=162
    hill climb #1713: T=218 -> T=119
    hill climb #1714: T=218 -> T=150
    hill climb #1715: T=218 -> T=70
    hill climb #1716: T=218 -> T=75
    hill climb #1717: T=218 -> T=166
    hill climb #1718: T=218 -> T=86
    hill climb #1719: T=218 -> T=74
    hill climb #1720: T=218 -> T=134
    hill climb #1721: T=218 -> T=105
    hill climb #1722: T=218 -> T=92
    hill climb #1723: T=218 -> T=117
    hill climb #1724: T=218 -> T=74
    hill climb #1725: T=218 -> T=87
    hill climb #1726: T=218 -> T=176
    hill climb #1727: T=218 -> T=134
    hill climb #1728: T=218 -> T=36
    hill climb #1729: T=218 -> T=88
    hill climb #1730: T=218 -> T=109
    hill climb #1731: T=218 -> T=52
    hill climb #1732: T=218 -> T=51
    hill climb #1733: T=218 -> T=118
    hill climb #1734: T=218 -> T=108
    hill climb #1735: T=219 -> T=102
    hill climb #1736: T=219 -> T=58
    hill climb #1737: T=219 -> T=144
    hill climb #1738: T=219 -> T=133
    hill climb #1739: T=219 -> T=98
    hill climb #1740: T=219 -> T=66
    hill climb #1741: T=219 -> T=106
    hill climb #1742: T=219 -> T=152
    hill climb #1743: T=219 -> T=153
    hill climb #1744: T=219 -> T=44
    hill climb #1745: T=219 -> T=108
    hill climb #1746: T=219 -> T=98
    hill climb #1747: T=219 -> T=113
    hill climb #1748: T=219 -> T=99
    hill climb #1749: T=219 -> T=55
    hill climb #1750: T=219 -> T=108
    hill climb #1751: T=219 -> T=95
    hill climb #1752: T=219 -> T=134
    hill climb #1753: T=219 -> T=39
    hill climb #1754: T=219 -> T=103
    hill climb #1755: T=219 -> T=138
    hill climb #1756: T=219 -> T=112
    hill climb #1757: T=219 -> T=152
    hill climb #1758: T=219 -> T=121
    hill climb #1759: T=219 -> T=144
    hill climb #1760: T=219 -> T=66
    hill climb #1761: T=219 -> T=83
    hill climb #1762: T=219 -> T=126
    hill climb #1763: T=219 -> T=143
    hill climb #1764: T=219 -> T=41
    hill climb #1765: T=219 -> T=114
    hill climb #1766: T=219 -> T=82
    hill climb #1767: T=219 -> T=172
    hill climb #1768: T=219 -> T=92
    hill climb #1769: T=219 -> T=99
    hill climb #1770: T=219 -> T=102
    hill climb #1771: T=219 -> T=175
    hill climb #1772: T=219 -> T=92
    hill climb #1773: T=219 -> T=67
    hill climb #1774: T=219 -> T=96
    hill climb #1775: T=219 -> T=65
    hill climb #1776: T=219 -> T=83
    hill climb #1777: T=220 -> T=54
    hill climb #1778: T=220 -> T=71
    hill climb #1779: T=220 -> T=61
    hill climb #1780: T=220 -> T=97
    hill climb #1781: T=220 -> T=90
    hill climb #1782: T=220 -> T=123
    hill climb #1783: T=220 -> T=106
    hill climb #1784: T=220 -> T=118
    hill climb #1785: T=220 -> T=119
    hill climb #1786: T=220 -> T=39
    hill climb #1787: T=220 -> T=54
    hill climb #1788: T=220 -> T=84
    hill climb #1789: T=220 -> T=113
    hill climb #1790: T=220 -> T=124
    hill climb #1791: T=220 -> T=73
    hill climb #1792: T=220 -> T=98
    hill climb #1793: T=220 -> T=139
    hill climb #1794: T=220 -> T=119
    hill climb #1795: T=220 -> T=105
    hill climb #1796: T=220 -> T=40
    hill climb #1797: T=220 -> T=90
    hill climb #1798: T=220 -> T=131
    hill climb #1799: T=220 -> T=65
    hill climb #1800: T=220 -> T=90
    hill climb #1801: T=220 -> T=126
    hill climb #1802: T=220 -> T=82
    hill climb #1803: T=220 -> T=52
    hill climb #1804: T=220 -> T=53
    hill climb #1805: T=220 -> T=121
    hill climb #1806: T=220 -> T=99
    hill climb #1807: T=220 -> T=155
    hill climb #1808: T=220 -> T=101
    hill climb #1809: T=220 -> T=89
    hill climb #1810: T=220 -> T=150
    hill climb #1811: T=220 -> T=106
    hill climb #1812: T=220 -> T=89
    hill climb #1813: T=220 -> T=162
    hill climb #1814: T=220 -> T=69
    hill climb #1815: T=220 -> T=40
    hill climb #1816: T=220 -> T=93
    hill climb #1817: T=220 -> T=72
    hill climb #1818: T=220 -> T=97
    hill climb #1819: T=220 -> T=66
    hill climb #1820: T=220 -> T=116
    hill climb #1821: T=220 -> T=148
    hill climb #1822: T=220 -> T=140
    hill climb #1823: T=220 -> T=94
    hill climb #1824: T=221 -> T=44
    hill climb #1825: T=221 -> T=97
    hill climb #1826: T=221 -> T=98
    hill climb #1827: T=221 -> T=53
    hill climb #1828: T=221 -> T=78
    hill climb #1829: T=221 -> T=88
    hill climb #1830: T=221 -> T=74
    hill climb #1831: T=221 -> T=92
    hill climb #1832: T=221 -> T=85
    hill climb #1833: T=221 -> T=115
    hill climb #1834: T=221 -> T=110
    hill climb #1835: T=221 -> T=49
    hill climb #1836: T=221 -> T=82
    hill climb #1837: T=221 -> T=102
    hill climb #1838: T=221 -> T=85
    hill climb #1839: T=221 -> T=143
    hill climb #1840: T=221 -> T=70
    hill climb #1841: T=221 -> T=81
    hill climb #1842: T=221 -> T=125
    hill climb #1843: T=221 -> T=86
    hill climb #1844: T=221 -> T=87
    hill climb #1845: T=221 -> T=119
    hill climb #1846: T=221 -> T=120
    hill climb #1847: T=221 -> T=91
    hill climb #1848: T=221 -> T=113
    hill climb #1849: T=221 -> T=118
    hill climb #1850: T=221 -> T=123
    hill climb #1851: T=221 -> T=114
    hill climb #1852: T=221 -> T=142
    hill climb #1853: T=221 -> T=67
    hill climb #1854: T=221 -> T=91
    hill climb #1855: T=221 -> T=51
    hill climb #1856: T=221 -> T=61
    hill climb #1857: T=221 -> T=141
    hill climb #1858: T=221 -> T=119
    hill climb #1859: T=221 -> T=103
    hill climb #1860: T=221 -> T=74
    hill climb #1861: T=221 -> T=113
    hill climb #1862: T=221 -> T=48
    hill climb #1863: T=221 -> T=97
    hill climb #1864: T=221 -> T=112
    hill climb #1865: T=221 -> T=124
    hill climb #1866: T=221 -> T=126
    hill climb #1867: T=221 -> T=59
    hill climb #1868: T=221 -> T=63
    hill climb #1869: T=221 -> T=56
    hill climb #1870: T=221 -> T=129
    hill climb #1871: T=221 -> T=118
    hill climb #1872: T=221 -> T=68
    hill climb #1873: T=221 -> T=110
    hill climb #1874: T=221 -> T=51
    hill climb #1875: T=221 -> T=101
    hill climb #1876: T=221 -> T=90
    hill climb #1877: T=221 -> T=134
    hill climb #1878: T=221 -> T=102
    hill climb #1879: T=221 -> T=183
    hill climb #1880: T=221 -> T=112
    hill climb #1881: T=222 -> T=116
    hill climb #1882: T=222 -> T=60
    hill climb #1883: T=222 -> T=105
    hill climb #1884: T=222 -> T=109
    hill climb #1885: T=222 -> T=78
    hill climb #1886: T=222 -> T=156
    hill climb #1887: T=222 -> T=95
    hill climb #1888: T=222 -> T=96
    hill climb #1889: T=222 -> T=158
    hill climb #1890: T=222 -> T=78
    hill climb #1891: T=222 -> T=96
    hill climb #1892: T=222 -> T=74
    hill climb #1893: T=222 -> T=88
    hill climb #1894: T=222 -> T=106
    hill climb #1895: T=222 -> T=118
    hill climb #1896: T=222 -> T=95
    hill climb #1897: T=222 -> T=141
    hill climb #1898: T=222 -> T=79
    hill climb #1899: T=222 -> T=149
    hill climb #1900: T=222 -> T=146
    hill climb #1901: T=222 -> T=55
    hill climb #1902: T=222 -> T=114
    hill climb #1903: T=222 -> T=108
    hill climb #1904: T=222 -> T=180
    hill climb #1905: T=222 -> T=81
    hill climb #1906: T=222 -> T=104
    hill climb #1907: T=222 -> T=105
    hill climb #1908: T=222 -> T=147
    hill climb #1909: T=222 -> T=100
    hill climb #1910: T=222 -> T=133
    hill climb #1911: T=222 -> T=117
    hill climb #1912: T=222 -> T=140
    hill climb #1913: T=222 -> T=42
    hill climb #1914: T=222 -> T=122
    hill climb #1915: T=222 -> T=100
    hill climb #1916: T=222 -> T=41
    hill climb #1917: T=222 -> T=118
    hill climb #1918: T=222 -> T=107
    hill climb #1919: T=222 -> T=122
    hill climb #1920: T=222 -> T=90
    hill climb #1921: T=222 -> T=50
    hill climb #1922: T=222 -> T=81
    hill climb #1923: T=222 -> T=58
    hill climb #1924: T=222 -> T=143
    hill climb #1925: T=222 -> T=119
    hill climb #1926: T=222 -> T=95
    hill climb #1927: T=222 -> T=80
    hill climb #1928: T=222 -> T=128
    hill climb #1929: T=222 -> T=88
    hill climb #1930: T=222 -> T=91
    hill climb #1931: T=222 -> T=159
    hill climb #1932: T=222 -> T=86
    hill climb #1933: T=222 -> T=52
    hill climb #1934: T=223 -> T=96
    hill climb #1935: T=223 -> T=52
    hill climb #1936: T=223 -> T=122
    hill climb #1937: T=223 -> T=88
    hill climb #1938: T=223 -> T=62
    hill climb #1939: T=223 -> T=84
    hill climb #1940: T=223 -> T=65
    hill climb #1941: T=223 -> T=83
    hill climb #1942: T=223 -> T=53
    hill climb #1943: T=223 -> T=140
    hill climb #1944: T=223 -> T=68
    hill climb #1945: T=223 -> T=76
    hill climb #1946: T=223 -> T=52
    hill climb #1947: T=223 -> T=87
    hill climb #1948: T=223 -> T=48
    hill climb #1949: T=223 -> T=74
    hill climb #1950: T=223 -> T=78
    hill climb #1951: T=223 -> T=97
    hill climb #1952: T=223 -> T=87
    hill climb #1953: T=223 -> T=72
    hill climb #1954: T=223 -> T=81
    hill climb #1955: T=223 -> T=118
    hill climb #1956: T=223 -> T=58
    hill climb #1957: T=223 -> T=108
    hill climb #1958: T=223 -> T=93
    hill climb #1959: T=223 -> T=124
    hill climb #1960: T=223 -> T=81
    hill climb #1961: T=223 -> T=94
    hill climb #1962: T=223 -> T=123
    hill climb #1963: T=223 -> T=78
    hill climb #1964: T=224 -> T=148
    hill climb #1965: T=224 -> T=129
    hill climb #1966: T=224 -> T=70
    hill climb #1967: T=224 -> T=152
    hill climb #1968: T=224 -> T=133
    hill climb #1969: T=224 -> T=111
    hill climb #1970: T=224 -> T=90
    hill climb #1971: T=224 -> T=130
    hill climb #1972: T=224 -> T=117
    hill climb #1973: T=224 -> T=147
    hill climb #1974: T=224 -> T=142
    hill climb #1975: T=224 -> T=126
    hill climb #1976: T=224 -> T=69
    hill climb #1977: T=224 -> T=165
    hill climb #1978: T=224 -> T=104
    hill climb #1979: T=224 -> T=88
    hill climb #1980: T=224 -> T=73
    hill climb #1981: T=224 -> T=100
    hill climb #1982: T=224 -> T=146
    hill climb #1983: T=224 -> T=43
    hill climb #1984: T=224 -> T=102
    hill climb #1985: T=225 -> T=153
    hill climb #1986: T=225 -> T=133
    hill climb #1987: T=225 -> T=126
    hill climb #1988: T=225 -> T=144
    hill climb #1989: T=225 -> T=131
    hill climb #1990: T=225 -> T=68
    hill climb #1991: T=225 -> T=69
    hill climb #1992: T=225 -> T=47
    hill climb #1993: T=225 -> T=94
    hill climb #1994: T=225 -> T=156
    hill climb #1995: T=225 -> T=115
    hill climb #1996: T=225 -> T=149
    hill climb #1997: T=225 -> T=76
    hill climb #1998: T=225 -> T=87
    hill climb #1999: T=225 -> T=73
    hill climb #2000: T=225 -> T=94
    hill climb #2001: T=225 -> T=47
    hill climb #2002: T=225 -> T=68
    hill climb #2003: T=225 -> T=164
    hill climb #2004: T=225 -> T=116
    hill climb #2005: T=225 -> T=86
    hill climb #2006: T=225 -> T=60
    hill climb #2007: T=225 -> T=128
    hill climb #2008: T=225 -> T=90
    hill climb #2009: T=225 -> T=102
    hill climb #2010: T=225 -> T=119
    hill climb #2011: T=225 -> T=127
    hill climb #2012: T=225 -> T=81
    hill climb #2013: T=225 -> T=41
    hill climb #2014: T=225 -> T=45
    hill climb #2015: T=225 -> T=53
    hill climb #2016: T=225 -> T=74
    hill climb #2017: T=225 -> T=144
    hill climb #2018: T=225 -> T=166
    hill climb #2019: T=225 -> T=102
    hill climb #2020: T=225 -> T=144
    hill climb #2021: T=226 -> T=108
    hill climb #2022: T=226 -> T=139
    hill climb #2023: T=226 -> T=50
    hill climb #2024: T=226 -> T=143
    hill climb #2025: T=226 -> T=115
    hill climb #2026: T=226 -> T=123
    hill climb #2027: T=226 -> T=134
    hill climb #2028: T=226 -> T=159
    hill climb #2029: T=226 -> T=118
    hill climb #2030: T=226 -> T=112
    hill climb #2031: T=226 -> T=85
    hill climb #2032: T=226 -> T=100
    hill climb #2033: T=226 -> T=96
    hill climb #2034: T=226 -> T=62
    hill climb #2035: T=226 -> T=78
    hill climb #2036: T=226 -> T=132
    hill climb #2037: T=226 -> T=73
    hill climb #2038: T=226 -> T=103
    hill climb #2039: T=226 -> T=133
    hill climb #2040: T=226 -> T=113
    hill climb #2041: T=226 -> T=106
    hill climb #2042: T=226 -> T=66
    hill climb #2043: T=226 -> T=133
    hill climb #2044: T=226 -> T=84
    hill climb #2045: T=226 -> T=86
    hill climb #2046: T=226 -> T=101
    hill climb #2047: T=226 -> T=160
    hill climb #2048: T=226 -> T=74
    hill climb #2049: T=226 -> T=89
    hill climb #2050: T=226 -> T=96
    hill climb #2051: T=226 -> T=79
    hill climb #2052: T=226 -> T=55
    hill climb #2053: T=226 -> T=97
    hill climb #2054: T=226 -> T=107
    hill climb #2055: T=226 -> T=153
    hill climb #2056: T=226 -> T=119
    hill climb #2057: T=227 -> T=93
    hill climb #2058: T=227 -> T=103
    hill climb #2059: T=227 -> T=77
    hill climb #2060: T=227 -> T=73
    hill climb #2061: T=227 -> T=47
    hill climb #2062: T=227 -> T=126
    hill climb #2063: T=227 -> T=110
    hill climb #2064: T=227 -> T=124
    hill climb #2065: T=227 -> T=105
    hill climb #2066: T=227 -> T=133
    hill climb #2067: T=227 -> T=77
    hill climb #2068: T=227 -> T=76
    hill climb #2069: T=227 -> T=65
    hill climb #2070: T=227 -> T=86
    hill climb #2071: T=227 -> T=120
    hill climb #2072: T=227 -> T=153
    hill climb #2073: T=227 -> T=142
    hill climb #2074: T=227 -> T=159
    hill climb #2075: T=227 -> T=97
    hill climb #2076: T=227 -> T=121
    hill climb #2077: T=227 -> T=143
    hill climb #2078: T=227 -> T=84
    hill climb #2079: T=227 -> T=38
    hill climb #2080: T=227 -> T=119
    hill climb #2081: T=227 -> T=64
    hill climb #2082: T=227 -> T=83
    hill climb #2083: T=227 -> T=146
    hill climb #2084: T=227 -> T=83
    hill climb #2085: T=227 -> T=121
    hill climb #2086: T=227 -> T=75
    hill climb #2087: T=227 -> T=110
    hill climb #2088: T=228 -> T=82
    hill climb #2089: T=228 -> T=116
    hill climb #2090: T=228 -> T=176
    hill climb #2091: T=228 -> T=82
    hill climb #2092: T=228 -> T=119
    hill climb #2093: T=228 -> T=96
    hill climb #2094: T=228 -> T=135
    hill climb #2095: T=228 -> T=80
    hill climb #2096: T=228 -> T=63
    hill climb #2097: T=228 -> T=96
    hill climb #2098: T=228 -> T=48
    hill climb #2099: T=228 -> T=86
    hill climb #2100: T=228 -> T=170
    hill climb #2101: T=228 -> T=73
    hill climb #2102: T=228 -> T=93
    hill climb #2103: T=228 -> T=108
    hill climb #2104: T=228 -> T=39
    hill climb #2105: T=228 -> T=68
    hill climb #2106: T=228 -> T=68
    hill climb #2107: T=228 -> T=146
    hill climb #2108: T=228 -> T=54
    hill climb #2109: T=228 -> T=74
    hill climb #2110: T=228 -> T=109
    hill climb #2111: T=228 -> T=144
    hill climb #2112: T=228 -> T=101
    hill climb #2113: T=228 -> T=74
    hill climb #2114: T=228 -> T=145
    hill climb #2115: T=228 -> T=121
    hill climb #2116: T=228 -> T=48
    hill climb #2117: T=228 -> T=87
    hill climb #2118: T=229 -> T=69
    hill climb #2119: T=229 -> T=120
    hill climb #2120: T=229 -> T=69
    hill climb #2121: T=229 -> T=153
    hill climb #2122: T=229 -> T=152
    hill climb #2123: T=229 -> T=153
    hill climb #2124: T=229 -> T=92
    hill climb #2125: T=229 -> T=78
    hill climb #2126: T=229 -> T=82
    hill climb #2127: T=229 -> T=76
    hill climb #2128: T=229 -> T=68
    hill climb #2129: T=229 -> T=146
    hill climb #2130: T=229 -> T=108
    hill climb #2131: T=229 -> T=88
    hill climb #2132: T=229 -> T=59
    hill climb #2133: T=229 -> T=148
    hill climb #2134: T=229 -> T=147
    hill climb #2135: T=229 -> T=111
    hill climb #2136: T=229 -> T=87
    hill climb #2137: T=229 -> T=89
    hill climb #2138: T=229 -> T=82
    hill climb #2139: T=230 -> T=95
    hill climb #2140: T=230 -> T=150
    hill climb #2141: T=230 -> T=126
    hill climb #2142: T=230 -> T=115
    hill climb #2143: T=230 -> T=60
    hill climb #2144: T=230 -> T=67
    hill climb #2145: T=230 -> T=101
    hill climb #2146: T=230 -> T=146
    hill climb #2147: T=230 -> T=98
    hill climb #2148: T=230 -> T=115
    hill climb #2149: T=230 -> T=91
    hill climb #2150: T=230 -> T=84
    hill climb #2151: T=230 -> T=101
    hill climb #2152: T=230 -> T=48
    hill climb #2153: T=230 -> T=103
    hill climb #2154: T=230 -> T=84
    hill climb #2155: T=230 -> T=92
    hill climb #2156: T=230 -> T=146
    hill climb #2157: T=230 -> T=146
    hill climb #2158: T=230 -> T=110
    hill climb #2159: T=230 -> T=193
    hill climb #2160: T=230 -> T=155
    hill climb #2161: T=230 -> T=162
    hill climb #2162: T=230 -> T=160
    hill climb #2163: T=230 -> T=90
    hill climb #2164: T=230 -> T=140
    hill climb #2165: T=230 -> T=55
    hill climb #2166: T=230 -> T=140
    hill climb #2167: T=230 -> T=81
    hill climb #2168: T=230 -> T=106
    hill climb #2169: T=230 -> T=136
    hill climb #2170: T=230 -> T=85
    hill climb #2171: T=230 -> T=58
    hill climb #2172: T=230 -> T=101
    hill climb #2173: T=231 -> T=54
    hill climb #2174: T=231 -> T=130
    hill climb #2175: T=231 -> T=112
    hill climb #2176: T=231 -> T=165
    hill climb #2177: T=231 -> T=136
    hill climb #2178: T=231 -> T=130
    hill climb #2179: T=231 -> T=40
    hill climb #2180: T=231 -> T=101
    hill climb #2181: T=231 -> T=85
    hill climb #2182: T=231 -> T=99
    hill climb #2183: T=231 -> T=60
    hill climb #2184: T=231 -> T=93
    hill climb #2185: T=231 -> T=125
    hill climb #2186: T=231 -> T=126
    hill climb #2187: T=231 -> T=103
    hill climb #2188: T=231 -> T=144
    hill climb #2189: T=231 -> T=96
    hill climb #2190: T=231 -> T=121
    hill climb #2191: T=231 -> T=136
    hill climb #2192: T=231 -> T=83
    hill climb #2193: T=231 -> T=75
    hill climb #2194: T=231 -> T=55
    hill climb #2195: T=231 -> T=88
    hill climb #2196: T=231 -> T=145
    hill climb #2197: T=231 -> T=129
    hill climb #2198: T=231 -> T=107
    hill climb #2199: T=231 -> T=151
    hill climb #2200: T=231 -> T=124
    hill climb #2201: T=231 -> T=88
    hill climb #2202: T=231 -> T=179
    hill climb #2203: T=231 -> T=127
    hill climb #2204: T=231 -> T=124
    hill climb #2205: T=231 -> T=158
    hill climb #2206: T=231 -> T=74
    hill climb #2207: T=231 -> T=129
    hill climb #2208: T=231 -> T=104
    hill climb #2209: T=231 -> T=126
    hill climb #2210: T=231 -> T=158
    hill climb #2211: T=232 -> T=44
    hill climb #2212: T=232 -> T=136
    hill climb #2213: T=232 -> T=44
    hill climb #2214: T=232 -> T=118
    hill climb #2215: T=232 -> T=64
    hill climb #2216: T=232 -> T=79
    hill climb #2217: T=232 -> T=154
    hill climb #2218: T=232 -> T=109
    hill climb #2219: T=232 -> T=60
    hill climb #2220: T=232 -> T=129
    hill climb #2221: T=232 -> T=103
    hill climb #2222: T=232 -> T=100
    hill climb #2223: T=232 -> T=120
    hill climb #2224: T=232 -> T=72
    hill climb #2225: T=232 -> T=114
    hill climb #2226: T=232 -> T=134
    hill climb #2227: T=232 -> T=74
    hill climb #2228: T=232 -> T=126
    hill climb #2229: T=232 -> T=51
    hill climb #2230: T=232 -> T=90
    hill climb #2231: T=232 -> T=57
    hill climb #2232: T=232 -> T=42
    hill climb #2233: T=232 -> T=132
    hill climb #2234: T=232 -> T=35
    hill climb #2235: T=233 -> T=85
    hill climb #2236: T=233 -> T=107
    hill climb #2237: T=233 -> T=104
    hill climb #2238: T=233 -> T=107
    hill climb #2239: T=233 -> T=58
    hill climb #2240: T=233 -> T=101
    hill climb #2241: T=233 -> T=145
    hill climb #2242: T=233 -> T=145
    hill climb #2243: T=233 -> T=72
    hill climb #2244: T=233 -> T=132
    hill climb #2245: T=233 -> T=80
    hill climb #2246: T=233 -> T=80
    hill climb #2247: T=233 -> T=158
    hill climb #2248: T=233 -> T=51
    hill climb #2249: T=233 -> T=100
    hill climb #2250: T=233 -> T=50
    hill climb #2251: T=233 -> T=128
    hill climb #2252: T=233 -> T=99
    hill climb #2253: T=233 -> T=111
    hill climb #2254: T=234 -> T=93
    hill climb #2255: T=234 -> T=88
    hill climb #2256: T=234 -> T=157
    hill climb #2257: T=234 -> T=129
    hill climb #2258: T=234 -> T=73
    hill climb #2259: T=234 -> T=122
    hill climb #2260: T=234 -> T=100
    hill climb #2261: T=234 -> T=60
    hill climb #2262: T=234 -> T=139
    hill climb #2263: T=234 -> T=107
    hill climb #2264: T=234 -> T=74
    hill climb #2265: T=234 -> T=130
    hill climb #2266: T=234 -> T=149
    hill climb #2267: T=234 -> T=46
    hill climb #2268: T=234 -> T=149
    hill climb #2269: T=234 -> T=119
    hill climb #2270: T=234 -> T=107
    hill climb #2271: T=234 -> T=73
    hill climb #2272: T=234 -> T=91
    hill climb #2273: T=235 -> T=92
    hill climb #2274: T=235 -> T=128
    hill climb #2275: T=235 -> T=95
    hill climb #2276: T=235 -> T=81
    hill climb #2277: T=235 -> T=97
    hill climb #2278: T=235 -> T=141
    hill climb #2279: T=235 -> T=94
    hill climb #2280: T=236 -> T=116
    hill climb #2281: T=236 -> T=70
    hill climb #2282: T=236 -> T=116
    hill climb #2283: T=236 -> T=72
    hill climb #2284: T=236 -> T=87
    hill climb #2285: T=236 -> T=105
    hill climb #2286: T=236 -> T=100
    hill climb #2287: T=236 -> T=124
    hill climb #2288: T=236 -> T=74
    hill climb #2289: T=236 -> T=63
    hill climb #2290: T=237 -> T=57
    hill climb #2291: T=237 -> T=72
    hill climb #2292: T=237 -> T=154
    hill climb #2293: T=237 -> T=144
    hill climb #2294: T=237 -> T=95
    hill climb #2295: T=237 -> T=67
    hill climb #2296: T=237 -> T=81
    hill climb #2297: T=237 -> T=47
    hill climb #2298: T=237 -> T=109
    hill climb #2299: T=237 -> T=166
    hill climb #2300: T=237 -> T=107
    hill climb #2301: T=237 -> T=56
    hill climb #2302: T=237 -> T=119
    hill climb #2303: T=237 -> T=85
    hill climb #2304: T=237 -> T=164
    hill climb #2305: T=237 -> T=78
    hill climb #2306: T=237 -> T=94
    hill climb #2307: T=237 -> T=96
    hill climb #2308: T=238 -> T=127
    hill climb #2309: T=238 -> T=48
    hill climb #2310: T=238 -> T=109
    hill climb #2311: T=238 -> T=60
    hill climb #2312: T=238 -> T=120
    hill climb #2313: T=239 -> T=122
    hill climb #2314: T=239 -> T=55
    hill climb #2315: T=239 -> T=102
    hill climb #2316: T=239 -> T=73
    hill climb #2317: T=239 -> T=92
    hill climb #2318: T=239 -> T=81
    hill climb #2319: T=239 -> T=154
    hill climb #2320: T=240 -> T=116
    hill climb #2321: T=240 -> T=116
    hill climb #2322: T=240 -> T=92
    hill climb #2323: T=240 -> T=75
    hill climb #2324: T=240 -> T=86
    hill climb #2325: T=240 -> T=75
    hill climb #2326: T=240 -> T=65
    hill climb #2327: T=240 -> T=81
    hill climb #2328: T=240 -> T=69
    hill climb #2329: T=240 -> T=91
    hill climb #2330: T=240 -> T=61
    hill climb #2331: T=241 -> T=48
    hill climb #2332: T=241 -> T=143
    hill climb #2333: T=241 -> T=82
    hill climb #2334: T=241 -> T=37
    hill climb #2335: T=241 -> T=82
    hill climb #2336: T=242 -> T=60
    hill climb #2337: T=243 -> T=79
    hill climb #2338: T=243 -> T=69
    hill climb #2339: T=243 -> T=59
    hill climb #2340: T=243 -> T=72
    hill climb #2341: T=243 -> T=127
    hill climb #2342: T=243 -> T=167
    hill climb #2343: T=244 -> T=95
    hill climb #2344: T=245 -> T=119
    hill climb #2345: T=245 -> T=97
    hill climb #2346: T=246 -> T=114
    hill climb #2347: T=247 -> T=176
    hill climb (complement) #2380: T=404 -> T=65
    hill climb (complement) #2593: T=543 -> T=95
    hill climb (complement) #2636: T=555 -> T=154
    hill climb (complement) #2650: T=561 -> T=14
    hill climb (complement) #2693: T=573 -> T=22
    hill climb (complement) #3022: T=639 -> T=25
    hill climb (complement) #3094: T=649 -> T=51
    hill climb (complement) #3326: T=681 -> T=74
    hill climb (complement) #5552: T=876 -> T=79
    hill climb (complement) #5958: T=908 -> T=110
    hill climb (complement) #6155: T=925 -> T=160
    hill climb (complement) #6168: T=926 -> T=153
    hill climb (complement) #7373: T=1104 -> T=259
    hill climb (complement) #7437: T=1123 -> T=120
    hill climb (complement) #7609: T=1175 -> T=153
    hill climb (complement) #8104: T=1320 -> T=175
    hill climb (complement) #8333: T=1368 -> T=115
    hill climb (complement) #8407: T=1384 -> T=217
    hill climb (complement) #8964: T=1476 -> T=217
    hill climb (complement) #11174: T=1741 -> T=220
    hill climb (complement) #11554: T=1784 -> T=284
    hill climb (complement) #11659: T=1794 -> T=482
    hill climb (complement) #12152: T=1858 -> T=256
    hill climb (complement) #12741: T=1950 -> T=145
    hill climb (complement) #13245: T=2048 -> T=141
    hill climb (complement) #13450: T=2104 -> T=153
    hill climb (complement) #13682: T=2177 -> T=318
    hill climb (complement) #13696: T=2184 -> T=273
    hill climb (complement) #13729: T=2204 -> T=492
    hill climb (complement) #13807: T=2230 -> T=115
    hill climb (complement) #13850: T=2250 -> T=274
    hill climb (complement) #14167: T=2414 -> T=319
    hill climb (complement) #14315: T=2480 -> T=388
    hill climb (complement) #14341: T=2496 -> T=285
    hill climb (complement) #14544: T=2598 -> T=148
    hill climb (complement) #14574: T=2611 -> T=353
    hill climb (complement) #15269: T=2850 -> T=349
    hill climb (complement) #15328: T=2868 -> T=294
    hill climb (complement) #16230: T=3082 -> T=357
    hill climb (complement) #17282: T=3290 -> T=364
    hill climb (complement) #17740: T=3380 -> T=241
    hill climb (complement) #17862: T=3402 -> T=337
    hill climb (complement) #18727: T=3572 -> T=732
    hill climb (complement) #18797: T=3588 -> T=675
    hill climb (complement) #19586: T=3780 -> T=782
    hill climb (complement) #20663: T=4147 -> T=632
    hill climb (complement) #20891: T=4276 -> T=428
    hill climb (complement) #20900: T=4283 -> T=227
    hill climb (complement) #20962: T=4345 -> T=650
    hill climb (complement) #20991: T=4363 -> T=450
    hill climb (complement) #21174: T=4498 -> T=584
    hill climb (complement) #21191: T=4513 -> T=552
    hill climb (complement) #21431: T=4714 -> T=314
    hill climb (complement) #21433: T=4716 -> T=874
    hill climb (complement) #21477: T=4750 -> T=591
    hill climb (complement) #21509: T=4775 -> T=421
    hill climb (complement) #21582: T=4848 -> T=300
    hill climb (complement) #21752: T=4988 -> T=690
    hill climb (complement) #22064: T=5210 -> T=946
    hill climb (complement) #22115: T=5243 -> T=481
    hill climb (complement) #22253: T=5328 -> T=446
    hill climb (complement) #22318: T=5378 -> T=478
    hill climb (complement) #22605: T=5548 -> T=707
    hill climb (complement) #22678: T=5586 -> T=940
    hill climb (complement) #22726: T=5608 -> T=303
    hill climb (complement) #22832: T=5653 -> T=246
    hill climb (complement) #22895: T=5688 -> T=436
    hill climb (complement) #22910: T=5698 -> T=276
    hill climb (complement) #23041: T=5763 -> T=933
    hill climb (complement) #23048: T=5767 -> T=363
    hill climb (complement) #23667: T=6030 -> T=1120
    hill climb (complement) #24741: T=6456 -> T=1095
    hill climb from identity: T=162 -> T=120
    Hill climb time: 2694.68 s

========================================
  Results (102508 candidates evaluated)
  Raw ANF Sum T = 162
========================================
  1. m=9 T=23 (union=14, compression 11.5714×) M=[00001000..; 00010001..; 00001100..; 00011110..; 00111110..; 11110000..; 00000010..; 00000000..; 01111011..]
    Per-output T: om_7=8 om_6=7 om_5=3 om_4=3 om_3=2 om_2=0 om_1=0 om_0=0
  2. m=9 T=32 (union=22, compression 7.36364×) M=[00000101..; 00100000..; 00000001..; 10100111..; 00100110..; 00000000..; 00111110..; 01001001..; 00101001..]
    Per-output T: om_7=4 om_6=5 om_5=3 om_4=12 om_3=6 om_2=2 om_1=0 om_0=0
  3. m=9 T=36 (union=25, compression 6.48×) M=[10000000..; 10000100..; 00010000..; 00000101..; 10010010..; 00001100..; 00000000..; 00100000..; 01100100..]
    Per-output T: om_7=5 om_6=12 om_5=5 om_4=0 om_3=10 om_2=4 om_1=0 om_0=0
  4. m=8 T=30 (union=31, compression 5.22581×) M=[00000010..; 00001100..; 01110000..; 00010100..; 00100000..; 10000000..; 00010000..; 00000111..]
    Per-output T: om_7=6 om_6=8 om_5=4 om_4=4 om_3=5 om_2=3 om_1=0 om_0=0
  5. m=8 T=29 (union=32, compression 5.0625×) M=[10000000..; 01000000..; 00100000..; 00010000..; 00001000..; 00010100..; 00000010..; 00000101..]
    Per-output T: om_7=8 om_6=6 om_5=4 om_4=4 om_3=4 om_2=3 om_1=0 om_0=0
  6. m=8 T=29 (union=32, compression 5.0625×) M=[10000000..; 01000000..; 00100000..; 00010000..; 00001000..; 00010100..; 00000010..; 00000101..]
    Per-output T: om_7=8 om_6=6 om_5=4 om_4=4 om_3=4 om_2=3 om_1=0 om_0=0
  7. m=8 T=36 (union=32, compression 5.0625×) M=[00010100..; 00000010..; 00010000..; 00000111..; 00100000..; 01000000..; 11000000..; 00011100..]
    Per-output T: om_7=14 om_6=6 om_5=4 om_4=4 om_3=5 om_2=3 om_1=0 om_0=0
  8. m=8 T=34 (union=32, compression 5.0625×) M=[00000010..; 00010100..; 10010000..; 00010000..; 00000101..; 00011100..; 01010000..; 00100000..]
    Per-output T: om_7=10 om_6=8 om_5=4 om_4=4 om_3=5 om_2=3 om_1=0 om_0=0
  9. m=8 T=33 (union=33, compression 4.90909×) M=[01010000..; 00100000..; 00001000..; 00001100..; 10001000..; 00011000..; 00000101..; 00000111..]
    Per-output T: om_7=8 om_6=10 om_5=4 om_4=6 om_3=2 om_2=3 om_1=0 om_0=0
  10. m=8 T=39 (union=34, compression 4.76471×) M=[00000010..; 00010000..; 11010000..; 01110000..; 00100000..; 00011011..; 00011110..; 00001010..]
    Per-output T: om_7=10 om_6=8 om_5=4 om_4=4 om_3=6 om_2=7 om_1=0 om_0=0
  11. m=8 T=33 (union=34, compression 4.76471×) M=[01000000..; 00000101..; 10110000..; 00001000..; 00011100..; 00100000..; 00001100..; 00000010..]
    Per-output T: om_7=10 om_6=8 om_5=4 om_4=6 om_3=2 om_2=3 om_1=0 om_0=0
  12. m=8 T=30 (union=34, compression 4.76471×) M=[10000000..; 00000111..; 00100000..; 00010100..; 00000100..; 00000010..; 01110000..; 00001000..]
    Per-output T: om_7=6 om_6=10 om_5=4 om_4=6 om_3=2 om_2=2 om_1=0 om_0=0
  13. m=8 T=35 (union=35, compression 4.62857×) M=[01010000..; 00001101..; 00000101..; 00100000..; 00010000..; 00011110..; 00011001..; 10000000..]
    Per-output T: om_7=6 om_6=8 om_5=4 om_4=4 om_3=6 om_2=7 om_1=0 om_0=0
  14. m=8 T=39 (union=35, compression 4.62857×) M=[00010100..; 00100000..; 01000000..; 00001010..; 00010000..; 00011011..; 00000010..; 10010000..]
    Per-output T: om_7=12 om_6=6 om_5=4 om_4=4 om_3=6 om_2=7 om_1=0 om_0=0
  15. m=8 T=34 (union=36, compression 4.5×) M=[00101100..; 00000101..; 00011000..; 00001100..; 01010000..; 00000111..; 10000000..; 00010000..]
    Per-output T: om_7=8 om_6=8 om_5=6 om_4=4 om_3=5 om_2=3 om_1=0 om_0=0
  16. m=8 T=32 (union=36, compression 4.5×) M=[00101000..; 00100000..; 00000010..; 00010100..; 10000000..; 00000100..; 00000101..; 01000000..]
    Per-output T: om_7=8 om_6=6 om_5=4 om_4=8 om_3=5 om_2=1 om_1=0 om_0=0
  17. m=8 T=43 (union=36, compression 4.5×) M=[00000101..; 00000111..; 01110000..; 00001100..; 00001000..; 10011100..; 00111100..; 00011100..]
    Per-output T: om_7=14 om_6=12 om_5=6 om_4=6 om_3=2 om_2=3 om_1=0 om_0=0
  18. m=8 T=37 (union=36, compression 4.5×) M=[01010000..; 00011011..; 00100000..; 00001010..; 11010000..; 00010000..; 00001000..; 00000111..]
    Per-output T: om_7=10 om_6=8 om_5=4 om_4=4 om_3=4 om_2=7 om_1=0 om_0=0
  19. m=8 T=34 (union=36, compression 4.5×) M=[00100000..; 00001010..; 01000000..; 00001000..; 00001101..; 10000000..; 00001011..; 00011011..]
    Per-output T: om_7=8 om_6=8 om_5=4 om_4=6 om_3=2 om_2=6 om_1=0 om_0=0
  20. m=8 T=38 (union=37, compression 4.37838×) M=[00010000..; 00001010..; 00000111..; 00000011..; 10001000..; 01010000..; 00001000..; 00101000..]
    Per-output T: om_7=12 om_6=10 om_5=6 om_4=4 om_3=2 om_2=4 om_1=0 om_0=0

Best candidate: m=9, T_sum=23, T_union=14
// Transform z = Mx + b (GF(2)):
// m=9, n=8
// z_0 = i3
// z_1 = i4 + i0
// z_2 = i3 + i2 + 1
// z_3 = i4 + i3 + i2 + i1 + 1
// z_4 = i5 + i4 + i3 + i2 + i1
// z_5 = i7 + i6 + i5 + i4 + 1
// z_6 = i1 + 1
// z_7 = 1
// z_8 = i6 + i5 + i4 + i3 + i1 + i0 + 1
  Evaluating best candidate (m=9) for output...
  Saved affine: /home/wangfz/bool/cpp/results/hd07/hd07_d1a_opt1.affine (s=9, n=8)
  Saved poly: /home/wangfz/bool/cpp/results/hd07/hd07_d1a_opt1.poly (m=9, 8 outputs, 84 terms)
  Saved stats: /home/wangfz/bool/cpp/results/hd07/hd07_d1a_opt1_stats.txt (n=8, k=8, sum_T=81, union_T=59)

Total time: 2751.57 s
