--- Circuit ---
  Inputs: 8, Outputs: 8, Strategy: opt2 (per-output transforms)

Phase 1: Computing truth table...
  Truth table: 2^8 = 256 inputs, 4 batches, 8 outputs

Phase 2: Per-output search
  Output 0/8 (om_7)...
    d1c: support=255 t=8 raw_T=84 best_T=15 best_b=224
    m=8 T=6
  Output 1/8 (om_6)...
    d1c: support=254 t=7 raw_T=42 best_T=10 best_b=208
    m=8 T=6
  Output 2/8 (om_5)...
    d1c: support=252 t=6 raw_T=20 best_T=7 best_b=192
    m=8 T=4
  Output 3/8 (om_4)...
    d1c: support=248 t=5 raw_T=10 best_T=5 best_b=192
    m=8 T=4
  Output 4/8 (om_3)...
    d1c: support=240 t=4 raw_T=4 best_T=3 best_b=32
    m=8 T=2
  Output 5/8 (om_2)...
    d1c: support=224 t=3 raw_T=2 best_T=1 best_b=64
    m=6 T=1
  Output 6/8 (om_1)...
    m=5 T=0
  Output 7/8 (om_0)...
    m=4 T=0

Phase 3: Merging and deduplicating transforms
  Dedup: 55 → 33 z variables
  Sum T = 23
  Union T = 23
  Saved: /home/wangfz/bool/cpp/results/hd07/hd07_d3_opt2.affine (s=33)
  Saved: /home/wangfz/bool/cpp/results/hd07/hd07_d3_opt2.poly (m=33, 8 outputs)
  Saved: /home/wangfz/bool/cpp/results/hd07/hd07_d3_opt2_stats.txt (sum_T=23, union_T=23)

Total time: skipped
