--- Circuit ---
  Inputs: 10, Outputs to optimize: 11
Phase 1: Computing truth table...
  Truth table: 2^10 = 1024 inputs, 16 batches, 11 output(s), 104 thread(s)
  Time: 0.00104222 s

Phase 2: Raw ANF baseline...
  Sum T = 4303
  Max deg = 10
    ocoeff0: T=516, m=10
    ocoeff1: T=504, m=9
    ocoeff2: T=500, m=9
    ocoeff3: T=460, m=9
    ocoeff4: T=32, m=7
    ocoeff5: T=32, m=7
    oclen0: T=533, m=9
    oclen1: T=511, m=10
    oclen2: T=527, m=10
    oclen3: T=464, m=9
    oclen4: T=224, m=9

Phase 3: Computing Walsh correlations...
  Output ocoeff0 top-5 bits: 0(0) 1(0) 2(0) 3(0) 4(0) 
  Output ocoeff1 top-5 bits: 0(0) 1(0) 2(0) 3(0) 4(0) 
  Output ocoeff2 top-5 bits: 0(0) 1(0) 2(0) 3(0) 4(0) 
  Output ocoeff3 top-5 bits: 0(0) 1(0) 2(0) 3(0) 4(0) 
  Output ocoeff4 top-5 bits: 0(0) 1(0) 2(0) 3(0) 4(0) 
  Output ocoeff5 top-5 bits: 0(0) 1(0) 2(0) 3(0) 4(0) 
  Output oclen0 top-5 bits: 6(64) 7(64) 8(64) 9(64) 0(0) 
  Output oclen1 top-5 bits: 6(64) 7(64) 8(64) 9(64) 0(0) 
  Output oclen2 top-5 bits: 6(64) 7(64) 8(64) 9(64) 0(0) 
  Output oclen3 top-5 bits: 0(0) 1(0) 2(0) 3(0) 4(0) 
  Output oclen4 top-5 bits: 0(0) 1(0) 2(0) 3(0) 4(0) 
  Walsh time: 0.0102195 s

Phase 4: Searching for M,b...
  4a: Single-row Walsh (80 candidates)
  4b: Multi-row Walsh (10 progressive + pair combinations)
  4c: Random M,b (500 candidates)
  Search time: 6.48333 s

========================================
  Results (586 candidates evaluated)
  Raw ANF Sum T = 4303
========================================
  1. m=1 T=4 (compression 1075.75×) M=[00000000..]
    Per-output T: ocoeff0=1 ocoeff1=0 ocoeff2=0 ocoeff3=0 ocoeff4=0 ocoeff5=0 oclen0=1 oclen1=1 oclen2=1 oclen3=0 oclen4=0
  2. m=1 T=4 (compression 1075.75×) M=[01010000..]
    Per-output T: ocoeff0=1 ocoeff1=0 ocoeff2=0 ocoeff3=0 ocoeff4=0 ocoeff5=0 oclen0=0 oclen1=1 oclen2=1 oclen3=0 oclen4=1
  3. m=1 T=5 (compression 860.6×) M=[00000010..]
    Per-output T: ocoeff0=1 ocoeff1=1 ocoeff2=0 ocoeff3=0 ocoeff4=0 ocoeff5=0 oclen0=0 oclen1=1 oclen2=1 oclen3=0 oclen4=1
  4. m=1 T=5 (compression 860.6×) M=[00000001..]
    Per-output T: ocoeff0=2 ocoeff1=0 ocoeff2=0 ocoeff3=0 ocoeff4=0 ocoeff5=0 oclen0=1 oclen1=1 oclen2=1 oclen3=0 oclen4=0
  5. m=1 T=5 (compression 860.6×) M=[00000001..]
    Per-output T: ocoeff0=1 ocoeff1=0 ocoeff2=0 ocoeff3=0 ocoeff4=0 ocoeff5=0 oclen0=0 oclen1=2 oclen2=1 oclen3=0 oclen4=1
  6. m=1 T=5 (compression 860.6×) M=[00100010..]
    Per-output T: ocoeff0=2 ocoeff1=0 ocoeff2=0 ocoeff3=0 ocoeff4=0 ocoeff5=0 oclen0=1 oclen1=1 oclen2=1 oclen3=0 oclen4=0
  7. m=1 T=5 (compression 860.6×) M=[00000000..]
    Per-output T: ocoeff0=1 ocoeff1=0 ocoeff2=0 ocoeff3=0 ocoeff4=0 ocoeff5=0 oclen0=0 oclen1=1 oclen2=2 oclen3=0 oclen4=1
  8. m=1 T=5 (compression 860.6×) M=[00000011..]
    Per-output T: ocoeff0=1 ocoeff1=1 ocoeff2=0 ocoeff3=0 ocoeff4=0 ocoeff5=0 oclen0=0 oclen1=2 oclen2=1 oclen3=0 oclen4=0
  9. m=1 T=5 (compression 860.6×) M=[00100000..]
    Per-output T: ocoeff0=1 ocoeff1=1 ocoeff2=0 ocoeff3=0 ocoeff4=0 ocoeff5=0 oclen0=0 oclen1=2 oclen2=1 oclen3=0 oclen4=0
  10. m=1 T=5 (compression 860.6×) M=[11000010..]
    Per-output T: ocoeff0=1 ocoeff1=1 ocoeff2=0 ocoeff3=0 ocoeff4=0 ocoeff5=0 oclen0=0 oclen1=1 oclen2=1 oclen3=1 oclen4=0
  11. m=1 T=6 (compression 717.167×) M=[00000001..]
    Per-output T: ocoeff0=2 ocoeff1=0 ocoeff2=0 ocoeff3=0 ocoeff4=0 ocoeff5=0 oclen0=0 oclen1=1 oclen2=2 oclen3=0 oclen4=1
  12. m=1 T=6 (compression 717.167×) M=[10000000..]
    Per-output T: ocoeff0=1 ocoeff1=0 ocoeff2=1 ocoeff3=1 ocoeff4=0 ocoeff5=0 oclen0=0 oclen1=1 oclen2=2 oclen3=0 oclen4=0
  13. m=1 T=6 (compression 717.167×) M=[00000011..]
    Per-output T: ocoeff0=2 ocoeff1=1 ocoeff2=0 ocoeff3=0 ocoeff4=0 ocoeff5=0 oclen0=0 oclen1=1 oclen2=2 oclen3=0 oclen4=0
  14. m=1 T=6 (compression 717.167×) M=[10101111..]
    Per-output T: ocoeff0=2 ocoeff1=0 ocoeff2=0 ocoeff3=0 ocoeff4=0 ocoeff5=0 oclen0=0 oclen1=1 oclen2=2 oclen3=1 oclen4=0
  15. m=1 T=6 (compression 717.167×) M=[00100001..]
    Per-output T: ocoeff0=1 ocoeff1=1 ocoeff2=0 ocoeff3=0 ocoeff4=0 ocoeff5=0 oclen0=1 oclen1=1 oclen2=2 oclen3=0 oclen4=0
  16. m=1 T=6 (compression 717.167×) M=[00000010..]
    Per-output T: ocoeff0=1 ocoeff1=1 ocoeff2=0 ocoeff3=0 ocoeff4=0 ocoeff5=0 oclen0=1 oclen1=1 oclen2=2 oclen3=0 oclen4=0
  17. m=1 T=6 (compression 717.167×) M=[11110011..]
    Per-output T: ocoeff0=1 ocoeff1=0 ocoeff2=1 ocoeff3=1 ocoeff4=0 ocoeff5=0 oclen0=1 oclen1=1 oclen2=1 oclen3=0 oclen4=0
  18. m=1 T=6 (compression 717.167×) M=[00000010..]
    Per-output T: ocoeff0=1 ocoeff1=1 ocoeff2=0 ocoeff3=0 ocoeff4=0 ocoeff5=0 oclen0=1 oclen1=1 oclen2=1 oclen3=0 oclen4=1
  19. m=1 T=6 (compression 717.167×) M=[00101110..]
    Per-output T: ocoeff0=1 ocoeff1=0 ocoeff2=1 ocoeff3=1 ocoeff4=0 ocoeff5=0 oclen0=0 oclen1=1 oclen2=1 oclen3=1 oclen4=0
  20. m=1 T=6 (compression 717.167×) M=[00000001..]
    Per-output T: ocoeff0=1 ocoeff1=0 ocoeff2=0 ocoeff3=0 ocoeff4=0 ocoeff5=0 oclen0=1 oclen1=2 oclen2=1 oclen3=0 oclen4=1

Best candidate: m=1, T=4
// Transform z = Mx + b (GF(2)):
// m=1, n=10
// z_0 = ingones0 + ingones1

Total time: 6.49643 s
