--- Circuit ---
  Inputs: 8, Outputs to optimize: 256
Phase 1: Computing truth table...
  Truth table: 2^8 = 256 inputs, 4 batches, 256 output(s), 104 thread(s)
  Time: 0.000357797 s

Phase 2: Raw ANF baseline...
  Sum T = 6561
  Max deg = 8
    osel10: T=128, m=8
    osel11: T=64, m=8
    osel12: T=64, m=8
    osel13: T=32, m=8
    osel14: T=64, m=8
    osel15: T=32, m=8
    osel16: T=32, m=8
    osel17: T=16, m=8
    osel18: T=64, m=8
    osel19: T=32, m=8
    osel110: T=32, m=8
    osel111: T=16, m=8
    osel112: T=32, m=8
    osel113: T=16, m=8
    osel114: T=16, m=8
    osel115: T=8, m=8
    osel116: T=64, m=8
    osel117: T=32, m=8
    osel118: T=32, m=8
    osel119: T=16, m=8
    osel120: T=32, m=8
    osel121: T=16, m=8
    osel122: T=16, m=8
    osel123: T=8, m=8
    osel124: T=32, m=8
    osel125: T=16, m=8
    osel126: T=16, m=8
    osel127: T=8, m=8
    osel128: T=16, m=8
    osel129: T=8, m=8
    osel130: T=8, m=8
    osel131: T=4, m=8
    osel132: T=64, m=8
    osel133: T=32, m=8
    osel134: T=32, m=8
    osel135: T=16, m=8
    osel136: T=32, m=8
    osel137: T=16, m=8
    osel138: T=16, m=8
    osel139: T=8, m=8
    osel140: T=32, m=8
    osel141: T=16, m=8
    osel142: T=16, m=8
    osel143: T=8, m=8
    osel144: T=16, m=8
    osel145: T=8, m=8
    osel146: T=8, m=8
    osel147: T=4, m=8
    osel148: T=32, m=8
    osel149: T=16, m=8
    osel150: T=16, m=8
    osel151: T=8, m=8
    osel152: T=16, m=8
    osel153: T=8, m=8
    osel154: T=8, m=8
    osel155: T=4, m=8
    osel156: T=16, m=8
    osel157: T=8, m=8
    osel158: T=8, m=8
    osel159: T=4, m=8
    osel160: T=8, m=8
    osel161: T=4, m=8
    osel162: T=4, m=8
    osel163: T=2, m=8
    osel164: T=64, m=8
    osel165: T=32, m=8
    osel166: T=32, m=8
    osel167: T=16, m=8
    osel168: T=32, m=8
    osel169: T=16, m=8
    osel170: T=16, m=8
    osel171: T=8, m=8
    osel172: T=32, m=8
    osel173: T=16, m=8
    osel174: T=16, m=8
    osel175: T=8, m=8
    osel176: T=16, m=8
    osel177: T=8, m=8
    osel178: T=8, m=8
    osel179: T=4, m=8
    osel180: T=32, m=8
    osel181: T=16, m=8
    osel182: T=16, m=8
    osel183: T=8, m=8
    osel184: T=16, m=8
    osel185: T=8, m=8
    osel186: T=8, m=8
    osel187: T=4, m=8
    osel188: T=16, m=8
    osel189: T=8, m=8
    osel190: T=8, m=8
    osel191: T=4, m=8
    osel192: T=8, m=8
    osel193: T=4, m=8
    osel194: T=4, m=8
    osel195: T=2, m=8
    osel196: T=32, m=8
    osel197: T=16, m=8
    osel198: T=16, m=8
    osel199: T=8, m=8
    osel1100: T=16, m=8
    osel1101: T=8, m=8
    osel1102: T=8, m=8
    osel1103: T=4, m=8
    osel1104: T=16, m=8
    osel1105: T=8, m=8
    osel1106: T=8, m=8
    osel1107: T=4, m=8
    osel1108: T=8, m=8
    osel1109: T=4, m=8
    osel1110: T=4, m=8
    osel1111: T=2, m=8
    osel1112: T=16, m=8
    osel1113: T=8, m=8
    osel1114: T=8, m=8
    osel1115: T=4, m=8
    osel1116: T=8, m=8
    osel1117: T=4, m=8
    osel1118: T=4, m=8
    osel1119: T=2, m=8
    osel1120: T=8, m=8
    osel1121: T=4, m=8
    osel1122: T=4, m=8
    osel1123: T=2, m=8
    osel1124: T=4, m=8
    osel1125: T=2, m=8
    osel1126: T=2, m=8
    osel1127: T=1, m=8
    osel20: T=256, m=8
    osel21: T=128, m=8
    osel22: T=128, m=8
    osel23: T=64, m=8
    osel24: T=128, m=8
    osel25: T=64, m=8
    osel26: T=64, m=8
    osel27: T=32, m=8
    osel28: T=128, m=8
    osel29: T=64, m=8
    osel210: T=64, m=8
    osel211: T=32, m=8
    osel212: T=64, m=8
    osel213: T=32, m=8
    osel214: T=32, m=8
    osel215: T=16, m=8
    osel216: T=128, m=8
    osel217: T=64, m=8
    osel218: T=64, m=8
    osel219: T=32, m=8
    osel220: T=64, m=8
    osel221: T=32, m=8
    osel222: T=32, m=8
    osel223: T=16, m=8
    osel224: T=64, m=8
    osel225: T=32, m=8
    osel226: T=32, m=8
    osel227: T=16, m=8
    osel228: T=32, m=8
    osel229: T=16, m=8
    osel230: T=16, m=8
    osel231: T=8, m=8
    osel232: T=128, m=8
    osel233: T=64, m=8
    osel234: T=64, m=8
    osel235: T=32, m=8
    osel236: T=64, m=8
    osel237: T=32, m=8
    osel238: T=32, m=8
    osel239: T=16, m=8
    osel240: T=64, m=8
    osel241: T=32, m=8
    osel242: T=32, m=8
    osel243: T=16, m=8
    osel244: T=32, m=8
    osel245: T=16, m=8
    osel246: T=16, m=8
    osel247: T=8, m=8
    osel248: T=64, m=8
    osel249: T=32, m=8
    osel250: T=32, m=8
    osel251: T=16, m=8
    osel252: T=32, m=8
    osel253: T=16, m=8
    osel254: T=16, m=8
    osel255: T=8, m=8
    osel256: T=32, m=8
    osel257: T=16, m=8
    osel258: T=16, m=8
    osel259: T=8, m=8
    osel260: T=16, m=8
    osel261: T=8, m=8
    osel262: T=8, m=8
    osel263: T=4, m=8
    osel264: T=128, m=8
    osel265: T=64, m=8
    osel266: T=64, m=8
    osel267: T=32, m=8
    osel268: T=64, m=8
    osel269: T=32, m=8
    osel270: T=32, m=8
    osel271: T=16, m=8
    osel272: T=64, m=8
    osel273: T=32, m=8
    osel274: T=32, m=8
    osel275: T=16, m=8
    osel276: T=32, m=8
    osel277: T=16, m=8
    osel278: T=16, m=8
    osel279: T=8, m=8
    osel280: T=64, m=8
    osel281: T=32, m=8
    osel282: T=32, m=8
    osel283: T=16, m=8
    osel284: T=32, m=8
    osel285: T=16, m=8
    osel286: T=16, m=8
    osel287: T=8, m=8
    osel288: T=32, m=8
    osel289: T=16, m=8
    osel290: T=16, m=8
    osel291: T=8, m=8
    osel292: T=16, m=8
    osel293: T=8, m=8
    osel294: T=8, m=8
    osel295: T=4, m=8
    osel296: T=64, m=8
    osel297: T=32, m=8
    osel298: T=32, m=8
    osel299: T=16, m=8
    osel2100: T=32, m=8
    osel2101: T=16, m=8
    osel2102: T=16, m=8
    osel2103: T=8, m=8
    osel2104: T=32, m=8
    osel2105: T=16, m=8
    osel2106: T=16, m=8
    osel2107: T=8, m=8
    osel2108: T=16, m=8
    osel2109: T=8, m=8
    osel2110: T=8, m=8
    osel2111: T=4, m=8
    osel2112: T=32, m=8
    osel2113: T=16, m=8
    osel2114: T=16, m=8
    osel2115: T=8, m=8
    osel2116: T=16, m=8
    osel2117: T=8, m=8
    osel2118: T=8, m=8
    osel2119: T=4, m=8
    osel2120: T=16, m=8
    osel2121: T=8, m=8
    osel2122: T=8, m=8
    osel2123: T=4, m=8
    osel2124: T=8, m=8
    osel2125: T=4, m=8
    osel2126: T=4, m=8
    osel2127: T=2, m=8

Phase 3: Computing Walsh correlations...
  Output osel10 top-5 bits: 0(0) 1(0) 2(0) 3(0) 4(0) 
  Output osel11 top-5 bits: 0(0) 1(0) 2(0) 3(0) 4(0) 
  Output osel12 top-5 bits: 0(0) 1(0) 2(0) 3(0) 4(0) 
  Output osel13 top-5 bits: 0(0) 1(0) 2(0) 3(0) 4(0) 
  Output osel14 top-5 bits: 0(0) 1(0) 2(0) 3(0) 4(0) 
  Output osel15 top-5 bits: 0(0) 1(0) 2(0) 3(0) 4(0) 
  Output osel16 top-5 bits: 0(0) 1(0) 2(0) 3(0) 4(0) 
  Output osel17 top-5 bits: 0(0) 1(0) 2(0) 3(0) 4(0) 
  Output osel18 top-5 bits: 0(0) 1(0) 2(0) 3(0) 4(0) 
  Output osel19 top-5 bits: 0(0) 1(0) 2(0) 3(0) 4(0) 
  Output osel110 top-5 bits: 0(0) 1(0) 2(0) 3(0) 4(0) 
  Output osel111 top-5 bits: 0(0) 1(0) 2(0) 3(0) 4(0) 
  Output osel112 top-5 bits: 0(0) 1(0) 2(0) 3(0) 4(0) 
  Output osel113 top-5 bits: 0(0) 1(0) 2(0) 3(0) 4(0) 
  Output osel114 top-5 bits: 0(0) 1(0) 2(0) 3(0) 4(0) 
  Output osel115 top-5 bits: 0(0) 1(0) 2(0) 3(0) 4(0) 
  Output osel116 top-5 bits: 0(0) 1(0) 2(0) 3(0) 4(0) 
  Output osel117 top-5 bits: 0(0) 1(0) 2(0) 3(0) 4(0) 
  Output osel118 top-5 bits: 0(0) 1(0) 2(0) 3(0) 4(0) 
  Output osel119 top-5 bits: 0(0) 1(0) 2(0) 3(0) 4(0) 
  Output osel120 top-5 bits: 0(0) 1(0) 2(0) 3(0) 4(0) 
  Output osel121 top-5 bits: 0(0) 1(0) 2(0) 3(0) 4(0) 
  Output osel122 top-5 bits: 0(0) 1(0) 2(0) 3(0) 4(0) 
  Output osel123 top-5 bits: 0(0) 1(0) 2(0) 3(0) 4(0) 
  Output osel124 top-5 bits: 0(0) 1(0) 2(0) 3(0) 4(0) 
  Output osel125 top-5 bits: 0(0) 1(0) 2(0) 3(0) 4(0) 
  Output osel126 top-5 bits: 0(0) 1(0) 2(0) 3(0) 4(0) 
  Output osel127 top-5 bits: 0(0) 1(0) 2(0) 3(0) 4(0) 
  Output osel128 top-5 bits: 0(0) 1(0) 2(0) 3(0) 4(0) 
  Output osel129 top-5 bits: 0(0) 1(0) 2(0) 3(0) 4(0) 
  Output osel130 top-5 bits: 0(0) 1(0) 2(0) 3(0) 4(0) 
  Output osel131 top-5 bits: 0(0) 1(0) 2(0) 3(0) 4(0) 
  Output osel132 top-5 bits: 0(0) 1(0) 2(0) 3(0) 4(0) 
  Output osel133 top-5 bits: 0(0) 1(0) 2(0) 3(0) 4(0) 
  Output osel134 top-5 bits: 0(0) 1(0) 2(0) 3(0) 4(0) 
  Output osel135 top-5 bits: 0(0) 1(0) 2(0) 3(0) 4(0) 
  Output osel136 top-5 bits: 0(0) 1(0) 2(0) 3(0) 4(0) 
  Output osel137 top-5 bits: 0(0) 1(0) 2(0) 3(0) 4(0) 
  Output osel138 top-5 bits: 0(0) 1(0) 2(0) 3(0) 4(0) 
  Output osel139 top-5 bits: 0(0) 1(0) 2(0) 3(0) 4(0) 
  Output osel140 top-5 bits: 0(0) 1(0) 2(0) 3(0) 4(0) 
  Output osel141 top-5 bits: 0(0) 1(0) 2(0) 3(0) 4(0) 
  Output osel142 top-5 bits: 0(0) 1(0) 2(0) 3(0) 4(0) 
  Output osel143 top-5 bits: 0(0) 1(0) 2(0) 3(0) 4(0) 
  Output osel144 top-5 bits: 0(0) 1(0) 2(0) 3(0) 4(0) 
  Output osel145 top-5 bits: 0(0) 1(0) 2(0) 3(0) 4(0) 
  Output osel146 top-5 bits: 0(0) 1(0) 2(0) 3(0) 4(0) 
  Output osel147 top-5 bits: 0(0) 1(0) 2(0) 3(0) 4(0) 
  Output osel148 top-5 bits: 0(0) 1(0) 2(0) 3(0) 4(0) 
  Output osel149 top-5 bits: 0(0) 1(0) 2(0) 3(0) 4(0) 
  Output osel150 top-5 bits: 0(0) 1(0) 2(0) 3(0) 4(0) 
  Output osel151 top-5 bits: 0(0) 1(0) 2(0) 3(0) 4(0) 
  Output osel152 top-5 bits: 0(0) 1(0) 2(0) 3(0) 4(0) 
  Output osel153 top-5 bits: 0(0) 1(0) 2(0) 3(0) 4(0) 
  Output osel154 top-5 bits: 0(0) 1(0) 2(0) 3(0) 4(0) 
  Output osel155 top-5 bits: 0(0) 1(0) 2(0) 3(0) 4(0) 
  Output osel156 top-5 bits: 0(0) 1(0) 2(0) 3(0) 4(0) 
  Output osel157 top-5 bits: 0(0) 1(0) 2(0) 3(0) 4(0) 
  Output osel158 top-5 bits: 0(0) 1(0) 2(0) 3(0) 4(0) 
  Output osel159 top-5 bits: 0(0) 1(0) 2(0) 3(0) 4(0) 
  Output osel160 top-5 bits: 0(0) 1(0) 2(0) 3(0) 4(0) 
  Output osel161 top-5 bits: 0(1) 1(1) 2(1) 3(1) 4(1) 
  Output osel162 top-5 bits: 0(0) 1(0) 2(0) 3(0) 4(0) 
  Output osel163 top-5 bits: 0(0) 1(0) 2(0) 3(0) 4(0) 
  Output osel164 top-5 bits: 0(1) 1(1) 2(1) 3(1) 4(1) 
  Output osel165 top-5 bits: 0(1) 1(1) 2(1) 3(1) 4(1) 
  Output osel166 top-5 bits: 0(1) 1(1) 2(1) 3(1) 4(1) 
  Output osel167 top-5 bits: 0(1) 1(1) 2(1) 3(1) 4(1) 
  Output osel168 top-5 bits: 0(1) 1(1) 2(1) 3(1) 4(1) 
  Output osel169 top-5 bits: 0(1) 1(1) 2(1) 3(1) 4(1) 
  Output osel170 top-5 bits: 0(1) 1(1) 2(1) 3(1) 4(1) 
  Output osel171 top-5 bits: 0(1) 1(1) 2(1) 3(1) 4(1) 
  Output osel172 top-5 bits: 0(1) 1(1) 2(1) 3(1) 4(1) 
  Output osel173 top-5 bits: 0(1) 1(1) 2(1) 3(1) 4(1) 
  Output osel174 top-5 bits: 0(1) 1(1) 2(1) 3(1) 4(1) 
  Output osel175 top-5 bits: 0(1) 1(1) 2(1) 3(1) 4(1) 
  Output osel176 top-5 bits: 0(1) 1(1) 2(1) 3(1) 4(1) 
  Output osel177 top-5 bits: 0(1) 1(1) 2(1) 3(1) 4(1) 
  Output osel178 top-5 bits: 0(1) 1(1) 2(1) 3(1) 4(1) 
  Output osel179 top-5 bits: 0(1) 1(1) 2(1) 3(1) 4(1) 
  Output osel180 top-5 bits: 0(1) 1(1) 2(1) 3(1) 4(1) 
  Output osel181 top-5 bits: 0(1) 1(1) 2(1) 3(1) 4(1) 
  Output osel182 top-5 bits: 0(1) 1(1) 2(1) 3(1) 4(1) 
  Output osel183 top-5 bits: 0(1) 1(1) 2(1) 3(1) 4(1) 
  Output osel184 top-5 bits: 0(1) 1(1) 2(1) 3(1) 4(1) 
  Output osel185 top-5 bits: 0(1) 1(1) 2(1) 3(1) 4(1) 
  Output osel186 top-5 bits: 0(1) 1(1) 2(1) 3(1) 4(1) 
  Output osel187 top-5 bits: 0(1) 1(1) 2(1) 3(1) 4(1) 
  Output osel188 top-5 bits: 0(1) 1(1) 2(1) 3(1) 4(1) 
  Output osel189 top-5 bits: 0(1) 1(1) 2(1) 3(1) 4(1) 
  Output osel190 top-5 bits: 0(1) 1(1) 2(1) 3(1) 4(1) 
  Output osel191 top-5 bits: 0(1) 1(1) 2(1) 3(1) 4(1) 
  Output osel192 top-5 bits: 0(1) 1(1) 2(1) 3(1) 4(1) 
  Output osel193 top-5 bits: 0(1) 1(1) 2(1) 3(1) 4(1) 
  Output osel194 top-5 bits: 0(1) 1(1) 2(1) 3(1) 4(1) 
  Output osel195 top-5 bits: 0(1) 1(1) 2(1) 3(1) 4(1) 
  Output osel196 top-5 bits: 0(1) 1(1) 2(1) 3(1) 4(1) 
  Output osel197 top-5 bits: 0(1) 1(1) 2(1) 3(1) 4(1) 
  Output osel198 top-5 bits: 0(1) 1(1) 2(1) 3(1) 4(1) 
  Output osel199 top-5 bits: 0(1) 1(1) 2(1) 3(1) 4(1) 
  Output osel1100 top-5 bits: 0(1) 1(1) 2(1) 3(1) 4(1) 
  Output osel1101 top-5 bits: 0(1) 1(1) 2(1) 3(1) 4(1) 
  Output osel1102 top-5 bits: 0(1) 1(1) 2(1) 3(1) 4(1) 
  Output osel1103 top-5 bits: 0(1) 1(1) 2(1) 3(1) 4(1) 
  Output osel1104 top-5 bits: 0(1) 1(1) 2(1) 3(1) 4(1) 
  Output osel1105 top-5 bits: 0(1) 1(1) 2(1) 3(1) 4(1) 
  Output osel1106 top-5 bits: 0(0) 1(0) 2(0) 3(0) 4(0) 
  Output osel1107 top-5 bits: 0(1) 1(1) 2(1) 3(1) 4(1) 
  Output osel1108 top-5 bits: 0(1) 1(1) 2(1) 3(1) 4(1) 
  Output osel1109 top-5 bits: 0(1) 1(1) 2(1) 3(1) 4(1) 
  Output osel1110 top-5 bits: 0(1) 1(1) 2(1) 3(1) 4(1) 
  Output osel1111 top-5 bits: 0(1) 1(1) 2(1) 3(1) 4(1) 
  Output osel1112 top-5 bits: 0(1) 1(1) 2(1) 3(1) 4(1) 
  Output osel1113 top-5 bits: 0(1) 1(1) 2(1) 3(1) 4(1) 
  Output osel1114 top-5 bits: 0(1) 1(1) 2(1) 3(1) 4(1) 
  Output osel1115 top-5 bits: 0(1) 1(1) 2(1) 3(1) 4(1) 
  Output osel1116 top-5 bits: 0(1) 1(1) 2(1) 3(1) 4(1) 
  Output osel1117 top-5 bits: 0(1) 1(1) 2(1) 3(1) 4(1) 
  Output osel1118 top-5 bits: 0(1) 1(1) 2(1) 3(1) 4(1) 
  Output osel1119 top-5 bits: 0(1) 1(1) 2(1) 3(1) 4(1) 
  Output osel1120 top-5 bits: 0(1) 1(1) 2(1) 3(1) 4(1) 
  Output osel1121 top-5 bits: 0(1) 1(1) 2(1) 3(1) 4(1) 
  Output osel1122 top-5 bits: 0(1) 1(1) 2(1) 3(1) 4(1) 
  Output osel1123 top-5 bits: 0(1) 1(1) 2(1) 3(1) 4(1) 
  Output osel1124 top-5 bits: 0(1) 1(1) 2(1) 3(1) 4(1) 
  Output osel1125 top-5 bits: 0(1) 1(1) 2(1) 3(1) 4(1) 
  Output osel1126 top-5 bits: 0(1) 1(1) 2(1) 3(1) 4(1) 
  Output osel1127 top-5 bits: 0(1) 1(1) 2(1) 3(1) 4(1) 
  Output osel20 top-5 bits: 0(0) 1(0) 2(0) 3(0) 4(0) 
  Output osel21 top-5 bits: 0(0) 1(0) 2(0) 3(0) 4(0) 
  Output osel22 top-5 bits: 0(0) 1(0) 2(0) 3(0) 4(0) 
  Output osel23 top-5 bits: 0(0) 1(0) 2(0) 3(0) 4(0) 
  Output osel24 top-5 bits: 0(0) 1(0) 2(0) 3(0) 4(0) 
  Output osel25 top-5 bits: 0(0) 1(0) 2(0) 3(0) 4(0) 
  Output osel26 top-5 bits: 0(0) 1(0) 2(0) 3(0) 4(0) 
  Output osel27 top-5 bits: 0(0) 1(0) 2(0) 3(0) 4(0) 
  Output osel28 top-5 bits: 0(0) 1(0) 2(0) 3(0) 4(0) 
  Output osel29 top-5 bits: 0(0) 1(0) 2(0) 3(0) 4(0) 
  Output osel210 top-5 bits: 0(0) 1(0) 2(0) 3(0) 4(0) 
  Output osel211 top-5 bits: 0(0) 1(0) 2(0) 3(0) 4(0) 
  Output osel212 top-5 bits: 0(0) 1(0) 2(0) 3(0) 4(0) 
  Output osel213 top-5 bits: 0(0) 1(0) 2(0) 3(0) 4(0) 
  Output osel214 top-5 bits: 0(0) 1(0) 2(0) 3(0) 4(0) 
  Output osel215 top-5 bits: 0(0) 1(0) 2(0) 3(0) 4(0) 
  Output osel216 top-5 bits: 0(0) 1(0) 2(0) 3(0) 4(0) 
  Output osel217 top-5 bits: 0(0) 1(0) 2(0) 3(0) 4(0) 
  Output osel218 top-5 bits: 0(0) 1(0) 2(0) 3(0) 4(0) 
  Output osel219 top-5 bits: 0(0) 1(0) 2(0) 3(0) 4(0) 
  Output osel220 top-5 bits: 0(0) 1(0) 2(0) 3(0) 4(0) 
  Output osel221 top-5 bits: 0(0) 1(0) 2(0) 3(0) 4(0) 
  Output osel222 top-5 bits: 0(0) 1(0) 2(0) 3(0) 4(0) 
  Output osel223 top-5 bits: 0(0) 1(0) 2(0) 3(0) 4(0) 
  Output osel224 top-5 bits: 0(0) 1(0) 2(0) 3(0) 4(0) 
  Output osel225 top-5 bits: 0(0) 1(0) 2(0) 3(0) 4(0) 
  Output osel226 top-5 bits: 0(0) 1(0) 2(0) 3(0) 4(0) 
  Output osel227 top-5 bits: 0(0) 1(0) 2(0) 3(0) 4(0) 
  Output osel228 top-5 bits: 0(0) 1(0) 2(0) 3(0) 4(0) 
  Output osel229 top-5 bits: 0(0) 1(0) 2(0) 3(0) 4(0) 
  Output osel230 top-5 bits: 0(0) 1(0) 2(0) 3(0) 4(0) 
  Output osel231 top-5 bits: 0(0) 1(0) 2(0) 3(0) 4(0) 
  Output osel232 top-5 bits: 0(0) 1(0) 2(0) 3(0) 4(0) 
  Output osel233 top-5 bits: 0(0) 1(0) 2(0) 3(0) 4(0) 
  Output osel234 top-5 bits: 0(0) 1(0) 2(0) 3(0) 4(0) 
  Output osel235 top-5 bits: 0(0) 1(0) 2(0) 3(0) 4(0) 
  Output osel236 top-5 bits: 0(0) 1(0) 2(0) 3(0) 4(0) 
  Output osel237 top-5 bits: 0(0) 1(0) 2(0) 3(0) 4(0) 
  Output osel238 top-5 bits: 0(0) 1(0) 2(0) 3(0) 4(0) 
  Output osel239 top-5 bits: 0(0) 1(0) 2(0) 3(0) 4(0) 
  Output osel240 top-5 bits: 0(0) 1(0) 2(0) 3(0) 4(0) 
  Output osel241 top-5 bits: 0(0) 1(0) 2(0) 3(0) 4(0) 
  Output osel242 top-5 bits: 0(0) 1(0) 2(0) 3(0) 4(0) 
  Output osel243 top-5 bits: 0(0) 1(0) 2(0) 3(0) 4(0) 
  Output osel244 top-5 bits: 0(0) 1(0) 2(0) 3(0) 4(0) 
  Output osel245 top-5 bits: 0(0) 1(0) 2(0) 3(0) 4(0) 
  Output osel246 top-5 bits: 0(0) 1(0) 2(0) 3(0) 4(0) 
  Output osel247 top-5 bits: 0(0) 1(0) 2(0) 3(0) 4(0) 
  Output osel248 top-5 bits: 0(0) 1(0) 2(0) 3(0) 4(0) 
  Output osel249 top-5 bits: 0(0) 1(0) 2(0) 3(0) 4(0) 
  Output osel250 top-5 bits: 0(0) 1(0) 2(0) 3(0) 4(0) 
  Output osel251 top-5 bits: 0(0) 1(0) 2(0) 3(0) 4(0) 
  Output osel252 top-5 bits: 0(0) 1(0) 2(0) 3(0) 4(0) 
  Output osel253 top-5 bits: 0(0) 1(0) 2(0) 3(0) 4(0) 
  Output osel254 top-5 bits: 0(0) 1(0) 2(0) 3(0) 4(0) 
  Output osel255 top-5 bits: 0(0) 1(0) 2(0) 3(0) 4(0) 
  Output osel256 top-5 bits: 0(0) 1(0) 2(0) 3(0) 4(0) 
  Output osel257 top-5 bits: 0(0) 1(0) 2(0) 3(0) 4(0) 
  Output osel258 top-5 bits: 0(0) 1(0) 2(0) 3(0) 4(0) 
  Output osel259 top-5 bits: 0(0) 1(0) 2(0) 3(0) 4(0) 
  Output osel260 top-5 bits: 0(0) 1(0) 2(0) 3(0) 4(0) 
  Output osel261 top-5 bits: 0(0) 1(0) 2(0) 3(0) 4(0) 
  Output osel262 top-5 bits: 0(0) 1(0) 2(0) 3(0) 4(0) 
  Output osel263 top-5 bits: 0(0) 1(0) 2(0) 3(0) 4(0) 
  Output osel264 top-5 bits: 0(0) 1(0) 2(0) 3(0) 4(0) 
  Output osel265 top-5 bits: 0(0) 1(0) 2(0) 3(0) 4(0) 
  Output osel266 top-5 bits: 0(0) 1(0) 2(0) 3(0) 4(0) 
  Output osel267 top-5 bits: 0(0) 1(0) 2(0) 3(0) 4(0) 
  Output osel268 top-5 bits: 0(0) 1(0) 2(0) 3(0) 4(0) 
  Output osel269 top-5 bits: 0(0) 1(0) 2(0) 3(0) 4(0) 
  Output osel270 top-5 bits: 0(0) 1(0) 2(0) 3(0) 4(0) 
  Output osel271 top-5 bits: 0(0) 1(0) 2(0) 3(0) 4(0) 
  Output osel272 top-5 bits: 0(0) 1(0) 2(0) 3(0) 4(0) 
  Output osel273 top-5 bits: 0(0) 1(0) 2(0) 3(0) 4(0) 
  Output osel274 top-5 bits: 0(0) 1(0) 2(0) 3(0) 4(0) 
  Output osel275 top-5 bits: 0(0) 1(0) 2(0) 3(0) 4(0) 
  Output osel276 top-5 bits: 0(0) 1(0) 2(0) 3(0) 4(0) 
  Output osel277 top-5 bits: 0(0) 1(0) 2(0) 3(0) 4(0) 
  Output osel278 top-5 bits: 0(0) 1(0) 2(0) 3(0) 4(0) 
  Output osel279 top-5 bits: 0(0) 1(0) 2(0) 3(0) 4(0) 
  Output osel280 top-5 bits: 0(0) 1(0) 2(0) 3(0) 4(0) 
  Output osel281 top-5 bits: 0(0) 1(0) 2(0) 3(0) 4(0) 
  Output osel282 top-5 bits: 0(0) 1(0) 2(0) 3(0) 4(0) 
  Output osel283 top-5 bits: 0(0) 1(0) 2(0) 3(0) 4(0) 
  Output osel284 top-5 bits: 0(0) 1(0) 2(0) 3(0) 4(0) 
  Output osel285 top-5 bits: 0(0) 1(0) 2(0) 3(0) 4(0) 
  Output osel286 top-5 bits: 0(0) 1(0) 2(0) 3(0) 4(0) 
  Output osel287 top-5 bits: 0(0) 1(0) 2(0) 3(0) 4(0) 
  Output osel288 top-5 bits: 0(0) 1(0) 2(0) 3(0) 4(0) 
  Output osel289 top-5 bits: 0(0) 1(0) 2(0) 3(0) 4(0) 
  Output osel290 top-5 bits: 0(0) 1(0) 2(0) 3(0) 4(0) 
  Output osel291 top-5 bits: 0(0) 1(0) 2(0) 3(0) 4(0) 
  Output osel292 top-5 bits: 0(0) 1(0) 2(0) 3(0) 4(0) 
  Output osel293 top-5 bits: 0(0) 1(0) 2(0) 3(0) 4(0) 
  Output osel294 top-5 bits: 0(0) 1(0) 2(0) 3(0) 4(0) 
  Output osel295 top-5 bits: 0(0) 1(0) 2(0) 3(0) 4(0) 
  Output osel296 top-5 bits: 0(0) 1(0) 2(0) 3(0) 4(0) 
  Output osel297 top-5 bits: 0(0) 1(0) 2(0) 3(0) 4(0) 
  Output osel298 top-5 bits: 0(0) 1(0) 2(0) 3(0) 4(0) 
  Output osel299 top-5 bits: 0(0) 1(0) 2(0) 3(0) 4(0) 
  Output osel2100 top-5 bits: 0(0) 1(0) 2(0) 3(0) 4(0) 
  Output osel2101 top-5 bits: 0(0) 1(0) 2(0) 3(0) 4(0) 
  Output osel2102 top-5 bits: 0(0) 1(0) 2(0) 3(0) 4(0) 
  Output osel2103 top-5 bits: 0(0) 1(0) 2(0) 3(0) 4(0) 
  Output osel2104 top-5 bits: 0(0) 1(0) 2(0) 3(0) 4(0) 
  Output osel2105 top-5 bits: 0(0) 1(0) 2(0) 3(0) 4(0) 
  Output osel2106 top-5 bits: 0(0) 1(0) 2(0) 3(0) 4(0) 
  Output osel2107 top-5 bits: 0(0) 1(0) 2(0) 3(0) 4(0) 
  Output osel2108 top-5 bits: 0(0) 1(0) 2(0) 3(0) 4(0) 
  Output osel2109 top-5 bits: 0(0) 1(0) 2(0) 3(0) 4(0) 
  Output osel2110 top-5 bits: 0(0) 1(0) 2(0) 3(0) 4(0) 
  Output osel2111 top-5 bits: 0(0) 1(0) 2(0) 3(0) 4(0) 
  Output osel2112 top-5 bits: 0(0) 1(0) 2(0) 3(0) 4(0) 
  Output osel2113 top-5 bits: 0(0) 1(0) 2(0) 3(0) 4(0) 
  Output osel2114 top-5 bits: 0(0) 1(0) 2(0) 3(0) 4(0) 
  Output osel2115 top-5 bits: 0(0) 1(0) 2(0) 3(0) 4(0) 
  Output osel2116 top-5 bits: 0(0) 1(0) 2(0) 3(0) 4(0) 
  Output osel2117 top-5 bits: 0(0) 1(0) 2(0) 3(0) 4(0) 
  Output osel2118 top-5 bits: 0(0) 1(0) 2(0) 3(0) 4(0) 
  Output osel2119 top-5 bits: 0(0) 1(0) 2(0) 3(0) 4(0) 
  Output osel2120 top-5 bits: 0(0) 1(0) 2(0) 3(0) 4(0) 
  Output osel2121 top-5 bits: 0(0) 1(0) 2(0) 3(0) 4(0) 
  Output osel2122 top-5 bits: 0(0) 1(0) 2(0) 3(0) 4(0) 
  Output osel2123 top-5 bits: 0(0) 1(0) 2(0) 3(0) 4(0) 
  Output osel2124 top-5 bits: 0(0) 1(0) 2(0) 3(0) 4(0) 
  Output osel2125 top-5 bits: 0(0) 1(0) 2(0) 3(0) 4(0) 
  Output osel2126 top-5 bits: 0(0) 1(0) 2(0) 3(0) 4(0) 
  Output osel2127 top-5 bits: 0(0) 1(0) 2(0) 3(0) 4(0) 
  Walsh time: 0.0652844 s

Phase 4: Searching for M,b...
  4a: Single-row Walsh (80 candidates)
  4b: Multi-row Walsh (10 progressive + pair combinations)
  4c: Random M,b (500 candidates)
  Search time: 23.4302 s

========================================
  Results (580 candidates evaluated)
  Raw ANF Sum T = 6561
========================================
  1. m=1 T=256 (compression 25.6289×) M=[00000000..]
    Per-output T: osel10=1 osel11=1 osel12=1 osel13=1 osel14=1 osel15=1 osel16=1 osel17=1 osel18=1 osel19=1 osel110=1 osel111=1 osel112=1 osel113=1 osel114=1 osel115=1 osel116=1 osel117=1 osel118=1 osel119=1 osel120=1 osel121=1 osel122=1 osel123=1 osel124=1 osel125=1 osel126=1 osel127=1 osel128=1 osel129=1 osel130=1 osel131=1 osel132=1 osel133=1 osel134=1 osel135=1 osel136=1 osel137=1 osel138=1 osel139=1 osel140=1 osel141=1 osel142=1 osel143=1 osel144=1 osel145=1 osel146=1 osel147=1 osel148=1 osel149=1 osel150=1 osel151=1 osel152=1 osel153=1 osel154=1 osel155=1 osel156=1 osel157=1 osel158=1 osel159=1 osel160=1 osel161=1 osel162=1 osel163=1 osel164=1 osel165=1 osel166=1 osel167=1 osel168=1 osel169=1 osel170=1 osel171=1 osel172=1 osel173=1 osel174=1 osel175=1 osel176=1 osel177=1 osel178=1 osel179=1 osel180=1 osel181=1 osel182=1 osel183=1 osel184=1 osel185=1 osel186=1 osel187=1 osel188=1 osel189=1 osel190=1 osel191=1 osel192=1 osel193=1 osel194=1 osel195=1 osel196=1 osel197=1 osel198=1 osel199=1 osel1100=1 osel1101=1 osel1102=1 osel1103=1 osel1104=1 osel1105=1 osel1106=1 osel1107=1 osel1108=1 osel1109=1 osel1110=1 osel1111=1 osel1112=1 osel1113=1 osel1114=1 osel1115=1 osel1116=1 osel1117=1 osel1118=1 osel1119=1 osel1120=1 osel1121=1 osel1122=1 osel1123=1 osel1124=1 osel1125=1 osel1126=1 osel1127=1 osel20=1 osel21=1 osel22=1 osel23=1 osel24=1 osel25=1 osel26=1 osel27=1 osel28=1 osel29=1 osel210=1 osel211=1 osel212=1 osel213=1 osel214=1 osel215=1 osel216=1 osel217=1 osel218=1 osel219=1 osel220=1 osel221=1 osel222=1 osel223=1 osel224=1 osel225=1 osel226=1 osel227=1 osel228=1 osel229=1 osel230=1 osel231=1 osel232=1 osel233=1 osel234=1 osel235=1 osel236=1 osel237=1 osel238=1 osel239=1 osel240=1 osel241=1 osel242=1 osel243=1 osel244=1 osel245=1 osel246=1 osel247=1 osel248=1 osel249=1 osel250=1 osel251=1 osel252=1 osel253=1 osel254=1 osel255=1 osel256=1 osel257=1 osel258=1 osel259=1 osel260=1 osel261=1 osel262=1 osel263=1 osel264=1 osel265=1 osel266=1 osel267=1 osel268=1 osel269=1 osel270=1 osel271=1 osel272=1 osel273=1 osel274=1 osel275=1 osel276=1 osel277=1 osel278=1 osel279=1 osel280=1 osel281=1 osel282=1 osel283=1 osel284=1 osel285=1 osel286=1 osel287=1 osel288=1 osel289=1 osel290=1 osel291=1 osel292=1 osel293=1 osel294=1 osel295=1 osel296=1 osel297=1 osel298=1 osel299=1 osel2100=1 osel2101=1 osel2102=1 osel2103=1 osel2104=1 osel2105=1 osel2106=1 osel2107=1 osel2108=1 osel2109=1 osel2110=1 osel2111=1 osel2112=1 osel2113=1 osel2114=1 osel2115=1 osel2116=1 osel2117=1 osel2118=1 osel2119=1 osel2120=1 osel2121=1 osel2122=1 osel2123=1 osel2124=1 osel2125=1 osel2126=1 osel2127=1
  2. m=1 T=384 (compression 17.0859×) M=[11000101..]
    Per-output T: osel10=2 osel11=1 osel12=1 osel13=2 osel14=2 osel15=1 osel16=1 osel17=2 osel18=2 osel19=1 osel110=1 osel111=2 osel112=2 osel113=1 osel114=1 osel115=2 osel116=2 osel117=1 osel118=1 osel119=2 osel120=2 osel121=1 osel122=1 osel123=2 osel124=2 osel125=1 osel126=1 osel127=2 osel128=2 osel129=1 osel130=1 osel131=2 osel132=1 osel133=2 osel134=2 osel135=1 osel136=1 osel137=2 osel138=2 osel139=1 osel140=1 osel141=2 osel142=2 osel143=1 osel144=1 osel145=2 osel146=2 osel147=1 osel148=1 osel149=2 osel150=2 osel151=1 osel152=1 osel153=2 osel154=2 osel155=1 osel156=1 osel157=2 osel158=2 osel159=1 osel160=1 osel161=2 osel162=2 osel163=1 osel164=2 osel165=1 osel166=1 osel167=2 osel168=2 osel169=1 osel170=1 osel171=2 osel172=2 osel173=1 osel174=1 osel175=2 osel176=2 osel177=1 osel178=1 osel179=2 osel180=2 osel181=1 osel182=1 osel183=2 osel184=2 osel185=1 osel186=1 osel187=2 osel188=2 osel189=1 osel190=1 osel191=2 osel192=2 osel193=1 osel194=1 osel195=2 osel196=1 osel197=2 osel198=2 osel199=1 osel1100=1 osel1101=2 osel1102=2 osel1103=1 osel1104=1 osel1105=2 osel1106=2 osel1107=1 osel1108=1 osel1109=2 osel1110=2 osel1111=1 osel1112=1 osel1113=2 osel1114=2 osel1115=1 osel1116=1 osel1117=2 osel1118=2 osel1119=1 osel1120=1 osel1121=2 osel1122=2 osel1123=1 osel1124=1 osel1125=2 osel1126=2 osel1127=1 osel20=1 osel21=2 osel22=2 osel23=1 osel24=1 osel25=2 osel26=2 osel27=1 osel28=1 osel29=2 osel210=2 osel211=1 osel212=1 osel213=2 osel214=2 osel215=1 osel216=1 osel217=2 osel218=2 osel219=1 osel220=1 osel221=2 osel222=2 osel223=1 osel224=1 osel225=2 osel226=2 osel227=1 osel228=1 osel229=2 osel230=2 osel231=1 osel232=2 osel233=1 osel234=1 osel235=2 osel236=2 osel237=1 osel238=1 osel239=2 osel240=2 osel241=1 osel242=1 osel243=2 osel244=2 osel245=1 osel246=1 osel247=2 osel248=2 osel249=1 osel250=1 osel251=2 osel252=2 osel253=1 osel254=1 osel255=2 osel256=2 osel257=1 osel258=1 osel259=2 osel260=2 osel261=1 osel262=1 osel263=2 osel264=1 osel265=2 osel266=2 osel267=1 osel268=1 osel269=2 osel270=2 osel271=1 osel272=1 osel273=2 osel274=2 osel275=1 osel276=1 osel277=2 osel278=2 osel279=1 osel280=1 osel281=2 osel282=2 osel283=1 osel284=1 osel285=2 osel286=2 osel287=1 osel288=1 osel289=2 osel290=2 osel291=1 osel292=1 osel293=2 osel294=2 osel295=1 osel296=2 osel297=1 osel298=1 osel299=2 osel2100=2 osel2101=1 osel2102=1 osel2103=2 osel2104=2 osel2105=1 osel2106=1 osel2107=2 osel2108=2 osel2109=1 osel2110=1 osel2111=2 osel2112=2 osel2113=1 osel2114=1 osel2115=2 osel2116=2 osel2117=1 osel2118=1 osel2119=2 osel2120=2 osel2121=1 osel2122=1 osel2123=2 osel2124=2 osel2125=1 osel2126=1 osel2127=2
  3. m=1 T=384 (compression 17.0859×) M=[01101000..]
    Per-output T: osel10=2 osel11=2 osel12=1 osel13=1 osel14=1 osel15=1 osel16=2 osel17=2 osel18=2 osel19=2 osel110=1 osel111=1 osel112=1 osel113=1 osel114=2 osel115=2 osel116=1 osel117=1 osel118=2 osel119=2 osel120=2 osel121=2 osel122=1 osel123=1 osel124=1 osel125=1 osel126=2 osel127=2 osel128=2 osel129=2 osel130=1 osel131=1 osel132=2 osel133=2 osel134=1 osel135=1 osel136=1 osel137=1 osel138=2 osel139=2 osel140=2 osel141=2 osel142=1 osel143=1 osel144=1 osel145=1 osel146=2 osel147=2 osel148=1 osel149=1 osel150=2 osel151=2 osel152=2 osel153=2 osel154=1 osel155=1 osel156=1 osel157=1 osel158=2 osel159=2 osel160=2 osel161=2 osel162=1 osel163=1 osel164=2 osel165=2 osel166=1 osel167=1 osel168=1 osel169=1 osel170=2 osel171=2 osel172=2 osel173=2 osel174=1 osel175=1 osel176=1 osel177=1 osel178=2 osel179=2 osel180=1 osel181=1 osel182=2 osel183=2 osel184=2 osel185=2 osel186=1 osel187=1 osel188=1 osel189=1 osel190=2 osel191=2 osel192=2 osel193=2 osel194=1 osel195=1 osel196=2 osel197=2 osel198=1 osel199=1 osel1100=1 osel1101=1 osel1102=2 osel1103=2 osel1104=2 osel1105=2 osel1106=1 osel1107=1 osel1108=1 osel1109=1 osel1110=2 osel1111=2 osel1112=1 osel1113=1 osel1114=2 osel1115=2 osel1116=2 osel1117=2 osel1118=1 osel1119=1 osel1120=1 osel1121=1 osel1122=2 osel1123=2 osel1124=2 osel1125=2 osel1126=1 osel1127=1 osel20=2 osel21=2 osel22=1 osel23=1 osel24=1 osel25=1 osel26=2 osel27=2 osel28=2 osel29=2 osel210=1 osel211=1 osel212=1 osel213=1 osel214=2 osel215=2 osel216=1 osel217=1 osel218=2 osel219=2 osel220=2 osel221=2 osel222=1 osel223=1 osel224=1 osel225=1 osel226=2 osel227=2 osel228=2 osel229=2 osel230=1 osel231=1 osel232=2 osel233=2 osel234=1 osel235=1 osel236=1 osel237=1 osel238=2 osel239=2 osel240=2 osel241=2 osel242=1 osel243=1 osel244=1 osel245=1 osel246=2 osel247=2 osel248=1 osel249=1 osel250=2 osel251=2 osel252=2 osel253=2 osel254=1 osel255=1 osel256=1 osel257=1 osel258=2 osel259=2 osel260=2 osel261=2 osel262=1 osel263=1 osel264=2 osel265=2 osel266=1 osel267=1 osel268=1 osel269=1 osel270=2 osel271=2 osel272=2 osel273=2 osel274=1 osel275=1 osel276=1 osel277=1 osel278=2 osel279=2 osel280=1 osel281=1 osel282=2 osel283=2 osel284=2 osel285=2 osel286=1 osel287=1 osel288=1 osel289=1 osel290=2 osel291=2 osel292=2 osel293=2 osel294=1 osel295=1 osel296=2 osel297=2 osel298=1 osel299=1 osel2100=1 osel2101=1 osel2102=2 osel2103=2 osel2104=2 osel2105=2 osel2106=1 osel2107=1 osel2108=1 osel2109=1 osel2110=2 osel2111=2 osel2112=1 osel2113=1 osel2114=2 osel2115=2 osel2116=2 osel2117=2 osel2118=1 osel2119=1 osel2120=1 osel2121=1 osel2122=2 osel2123=2 osel2124=2 osel2125=2 osel2126=1 osel2127=1
  4. m=1 T=384 (compression 17.0859×) M=[11110110..]
    Per-output T: osel10=1 osel11=2 osel12=2 osel13=1 osel14=2 osel15=1 osel16=1 osel17=2 osel18=2 osel19=1 osel110=1 osel111=2 osel112=1 osel113=2 osel114=2 osel115=1 osel116=1 osel117=2 osel118=2 osel119=1 osel120=2 osel121=1 osel122=1 osel123=2 osel124=2 osel125=1 osel126=1 osel127=2 osel128=1 osel129=2 osel130=2 osel131=1 osel132=2 osel133=1 osel134=1 osel135=2 osel136=1 osel137=2 osel138=2 osel139=1 osel140=1 osel141=2 osel142=2 osel143=1 osel144=2 osel145=1 osel146=1 osel147=2 osel148=2 osel149=1 osel150=1 osel151=2 osel152=1 osel153=2 osel154=2 osel155=1 osel156=1 osel157=2 osel158=2 osel159=1 osel160=2 osel161=1 osel162=1 osel163=2 osel164=2 osel165=1 osel166=1 osel167=2 osel168=1 osel169=2 osel170=2 osel171=1 osel172=1 osel173=2 osel174=2 osel175=1 osel176=2 osel177=1 osel178=1 osel179=2 osel180=2 osel181=1 osel182=1 osel183=2 osel184=1 osel185=2 osel186=2 osel187=1 osel188=1 osel189=2 osel190=2 osel191=1 osel192=2 osel193=1 osel194=1 osel195=2 osel196=1 osel197=2 osel198=2 osel199=1 osel1100=2 osel1101=1 osel1102=1 osel1103=2 osel1104=2 osel1105=1 osel1106=1 osel1107=2 osel1108=1 osel1109=2 osel1110=2 osel1111=1 osel1112=1 osel1113=2 osel1114=2 osel1115=1 osel1116=2 osel1117=1 osel1118=1 osel1119=2 osel1120=2 osel1121=1 osel1122=1 osel1123=2 osel1124=1 osel1125=2 osel1126=2 osel1127=1 osel20=1 osel21=2 osel22=2 osel23=1 osel24=2 osel25=1 osel26=1 osel27=2 osel28=2 osel29=1 osel210=1 osel211=2 osel212=1 osel213=2 osel214=2 osel215=1 osel216=1 osel217=2 osel218=2 osel219=1 osel220=2 osel221=1 osel222=1 osel223=2 osel224=2 osel225=1 osel226=1 osel227=2 osel228=1 osel229=2 osel230=2 osel231=1 osel232=2 osel233=1 osel234=1 osel235=2 osel236=1 osel237=2 osel238=2 osel239=1 osel240=1 osel241=2 osel242=2 osel243=1 osel244=2 osel245=1 osel246=1 osel247=2 osel248=2 osel249=1 osel250=1 osel251=2 osel252=1 osel253=2 osel254=2 osel255=1 osel256=1 osel257=2 osel258=2 osel259=1 osel260=2 osel261=1 osel262=1 osel263=2 osel264=2 osel265=1 osel266=1 osel267=2 osel268=1 osel269=2 osel270=2 osel271=1 osel272=1 osel273=2 osel274=2 osel275=1 osel276=2 osel277=1 osel278=1 osel279=2 osel280=2 osel281=1 osel282=1 osel283=2 osel284=1 osel285=2 osel286=2 osel287=1 osel288=1 osel289=2 osel290=2 osel291=1 osel292=2 osel293=1 osel294=1 osel295=2 osel296=1 osel297=2 osel298=2 osel299=1 osel2100=2 osel2101=1 osel2102=1 osel2103=2 osel2104=2 osel2105=1 osel2106=1 osel2107=2 osel2108=1 osel2109=2 osel2110=2 osel2111=1 osel2112=1 osel2113=2 osel2114=2 osel2115=1 osel2116=2 osel2117=1 osel2118=1 osel2119=2 osel2120=2 osel2121=1 osel2122=1 osel2123=2 osel2124=1 osel2125=2 osel2126=2 osel2127=1
  5. m=1 T=384 (compression 17.0859×) M=[11000001..]
    Per-output T: osel10=1 osel11=2 osel12=2 osel13=1 osel14=1 osel15=2 osel16=2 osel17=1 osel18=1 osel19=2 osel110=2 osel111=1 osel112=1 osel113=2 osel114=2 osel115=1 osel116=1 osel117=2 osel118=2 osel119=1 osel120=1 osel121=2 osel122=2 osel123=1 osel124=1 osel125=2 osel126=2 osel127=1 osel128=1 osel129=2 osel130=2 osel131=1 osel132=1 osel133=2 osel134=2 osel135=1 osel136=1 osel137=2 osel138=2 osel139=1 osel140=1 osel141=2 osel142=2 osel143=1 osel144=1 osel145=2 osel146=2 osel147=1 osel148=1 osel149=2 osel150=2 osel151=1 osel152=1 osel153=2 osel154=2 osel155=1 osel156=1 osel157=2 osel158=2 osel159=1 osel160=1 osel161=2 osel162=2 osel163=1 osel164=1 osel165=2 osel166=2 osel167=1 osel168=1 osel169=2 osel170=2 osel171=1 osel172=1 osel173=2 osel174=2 osel175=1 osel176=1 osel177=2 osel178=2 osel179=1 osel180=1 osel181=2 osel182=2 osel183=1 osel184=1 osel185=2 osel186=2 osel187=1 osel188=1 osel189=2 osel190=2 osel191=1 osel192=1 osel193=2 osel194=2 osel195=1 osel196=1 osel197=2 osel198=2 osel199=1 osel1100=1 osel1101=2 osel1102=2 osel1103=1 osel1104=1 osel1105=2 osel1106=2 osel1107=1 osel1108=1 osel1109=2 osel1110=2 osel1111=1 osel1112=1 osel1113=2 osel1114=2 osel1115=1 osel1116=1 osel1117=2 osel1118=2 osel1119=1 osel1120=1 osel1121=2 osel1122=2 osel1123=1 osel1124=1 osel1125=2 osel1126=2 osel1127=1 osel20=2 osel21=1 osel22=1 osel23=2 osel24=2 osel25=1 osel26=1 osel27=2 osel28=2 osel29=1 osel210=1 osel211=2 osel212=2 osel213=1 osel214=1 osel215=2 osel216=2 osel217=1 osel218=1 osel219=2 osel220=2 osel221=1 osel222=1 osel223=2 osel224=2 osel225=1 osel226=1 osel227=2 osel228=2 osel229=1 osel230=1 osel231=2 osel232=2 osel233=1 osel234=1 osel235=2 osel236=2 osel237=1 osel238=1 osel239=2 osel240=2 osel241=1 osel242=1 osel243=2 osel244=2 osel245=1 osel246=1 osel247=2 osel248=2 osel249=1 osel250=1 osel251=2 osel252=2 osel253=1 osel254=1 osel255=2 osel256=2 osel257=1 osel258=1 osel259=2 osel260=2 osel261=1 osel262=1 osel263=2 osel264=2 osel265=1 osel266=1 osel267=2 osel268=2 osel269=1 osel270=1 osel271=2 osel272=2 osel273=1 osel274=1 osel275=2 osel276=2 osel277=1 osel278=1 osel279=2 osel280=2 osel281=1 osel282=1 osel283=2 osel284=2 osel285=1 osel286=1 osel287=2 osel288=2 osel289=1 osel290=1 osel291=2 osel292=2 osel293=1 osel294=1 osel295=2 osel296=2 osel297=1 osel298=1 osel299=2 osel2100=2 osel2101=1 osel2102=1 osel2103=2 osel2104=2 osel2105=1 osel2106=1 osel2107=2 osel2108=2 osel2109=1 osel2110=1 osel2111=2 osel2112=2 osel2113=1 osel2114=1 osel2115=2 osel2116=2 osel2117=1 osel2118=1 osel2119=2 osel2120=2 osel2121=1 osel2122=1 osel2123=2 osel2124=2 osel2125=1 osel2126=1 osel2127=2
  6. m=1 T=384 (compression 17.0859×) M=[11010001..]
    Per-output T: osel10=1 osel11=2 osel12=2 osel13=1 osel14=1 osel15=2 osel16=2 osel17=1 osel18=2 osel19=1 osel110=1 osel111=2 osel112=2 osel113=1 osel114=1 osel115=2 osel116=1 osel117=2 osel118=2 osel119=1 osel120=1 osel121=2 osel122=2 osel123=1 osel124=2 osel125=1 osel126=1 osel127=2 osel128=2 osel129=1 osel130=1 osel131=2 osel132=1 osel133=2 osel134=2 osel135=1 osel136=1 osel137=2 osel138=2 osel139=1 osel140=2 osel141=1 osel142=1 osel143=2 osel144=2 osel145=1 osel146=1 osel147=2 osel148=1 osel149=2 osel150=2 osel151=1 osel152=1 osel153=2 osel154=2 osel155=1 osel156=2 osel157=1 osel158=1 osel159=2 osel160=2 osel161=1 osel162=1 osel163=2 osel164=1 osel165=2 osel166=2 osel167=1 osel168=1 osel169=2 osel170=2 osel171=1 osel172=2 osel173=1 osel174=1 osel175=2 osel176=2 osel177=1 osel178=1 osel179=2 osel180=1 osel181=2 osel182=2 osel183=1 osel184=1 osel185=2 osel186=2 osel187=1 osel188=2 osel189=1 osel190=1 osel191=2 osel192=2 osel193=1 osel194=1 osel195=2 osel196=1 osel197=2 osel198=2 osel199=1 osel1100=1 osel1101=2 osel1102=2 osel1103=1 osel1104=2 osel1105=1 osel1106=1 osel1107=2 osel1108=2 osel1109=1 osel1110=1 osel1111=2 osel1112=1 osel1113=2 osel1114=2 osel1115=1 osel1116=1 osel1117=2 osel1118=2 osel1119=1 osel1120=2 osel1121=1 osel1122=1 osel1123=2 osel1124=2 osel1125=1 osel1126=1 osel1127=2 osel20=2 osel21=1 osel22=1 osel23=2 osel24=2 osel25=1 osel26=1 osel27=2 osel28=1 osel29=2 osel210=2 osel211=1 osel212=1 osel213=2 osel214=2 osel215=1 osel216=2 osel217=1 osel218=1 osel219=2 osel220=2 osel221=1 osel222=1 osel223=2 osel224=1 osel225=2 osel226=2 osel227=1 osel228=1 osel229=2 osel230=2 osel231=1 osel232=2 osel233=1 osel234=1 osel235=2 osel236=2 osel237=1 osel238=1 osel239=2 osel240=1 osel241=2 osel242=2 osel243=1 osel244=1 osel245=2 osel246=2 osel247=1 osel248=2 osel249=1 osel250=1 osel251=2 osel252=2 osel253=1 osel254=1 osel255=2 osel256=1 osel257=2 osel258=2 osel259=1 osel260=1 osel261=2 osel262=2 osel263=1 osel264=2 osel265=1 osel266=1 osel267=2 osel268=2 osel269=1 osel270=1 osel271=2 osel272=1 osel273=2 osel274=2 osel275=1 osel276=1 osel277=2 osel278=2 osel279=1 osel280=2 osel281=1 osel282=1 osel283=2 osel284=2 osel285=1 osel286=1 osel287=2 osel288=1 osel289=2 osel290=2 osel291=1 osel292=1 osel293=2 osel294=2 osel295=1 osel296=2 osel297=1 osel298=1 osel299=2 osel2100=2 osel2101=1 osel2102=1 osel2103=2 osel2104=1 osel2105=2 osel2106=2 osel2107=1 osel2108=1 osel2109=2 osel2110=2 osel2111=1 osel2112=2 osel2113=1 osel2114=1 osel2115=2 osel2116=2 osel2117=1 osel2118=1 osel2119=2 osel2120=1 osel2121=2 osel2122=2 osel2123=1 osel2124=1 osel2125=2 osel2126=2 osel2127=1
  7. m=1 T=384 (compression 17.0859×) M=[01001010..]
    Per-output T: osel10=1 osel11=1 osel12=2 osel13=2 osel14=1 osel15=1 osel16=2 osel17=2 osel18=1 osel19=1 osel110=2 osel111=2 osel112=1 osel113=1 osel114=2 osel115=2 osel116=2 osel117=2 osel118=1 osel119=1 osel120=2 osel121=2 osel122=1 osel123=1 osel124=2 osel125=2 osel126=1 osel127=1 osel128=2 osel129=2 osel130=1 osel131=1 osel132=1 osel133=1 osel134=2 osel135=2 osel136=1 osel137=1 osel138=2 osel139=2 osel140=1 osel141=1 osel142=2 osel143=2 osel144=1 osel145=1 osel146=2 osel147=2 osel148=2 osel149=2 osel150=1 osel151=1 osel152=2 osel153=2 osel154=1 osel155=1 osel156=2 osel157=2 osel158=1 osel159=1 osel160=2 osel161=2 osel162=1 osel163=1 osel164=2 osel165=2 osel166=1 osel167=1 osel168=2 osel169=2 osel170=1 osel171=1 osel172=2 osel173=2 osel174=1 osel175=1 osel176=2 osel177=2 osel178=1 osel179=1 osel180=1 osel181=1 osel182=2 osel183=2 osel184=1 osel185=1 osel186=2 osel187=2 osel188=1 osel189=1 osel190=2 osel191=2 osel192=1 osel193=1 osel194=2 osel195=2 osel196=2 osel197=2 osel198=1 osel199=1 osel1100=2 osel1101=2 osel1102=1 osel1103=1 osel1104=2 osel1105=2 osel1106=1 osel1107=1 osel1108=2 osel1109=2 osel1110=1 osel1111=1 osel1112=1 osel1113=1 osel1114=2 osel1115=2 osel1116=1 osel1117=1 osel1118=2 osel1119=2 osel1120=1 osel1121=1 osel1122=2 osel1123=2 osel1124=1 osel1125=1 osel1126=2 osel1127=2 osel20=1 osel21=1 osel22=2 osel23=2 osel24=1 osel25=1 osel26=2 osel27=2 osel28=1 osel29=1 osel210=2 osel211=2 osel212=1 osel213=1 osel214=2 osel215=2 osel216=2 osel217=2 osel218=1 osel219=1 osel220=2 osel221=2 osel222=1 osel223=1 osel224=2 osel225=2 osel226=1 osel227=1 osel228=2 osel229=2 osel230=1 osel231=1 osel232=1 osel233=1 osel234=2 osel235=2 osel236=1 osel237=1 osel238=2 osel239=2 osel240=1 osel241=1 osel242=2 osel243=2 osel244=1 osel245=1 osel246=2 osel247=2 osel248=2 osel249=2 osel250=1 osel251=1 osel252=2 osel253=2 osel254=1 osel255=1 osel256=2 osel257=2 osel258=1 osel259=1 osel260=2 osel261=2 osel262=1 osel263=1 osel264=2 osel265=2 osel266=1 osel267=1 osel268=2 osel269=2 osel270=1 osel271=1 osel272=2 osel273=2 osel274=1 osel275=1 osel276=2 osel277=2 osel278=1 osel279=1 osel280=1 osel281=1 osel282=2 osel283=2 osel284=1 osel285=1 osel286=2 osel287=2 osel288=1 osel289=1 osel290=2 osel291=2 osel292=1 osel293=1 osel294=2 osel295=2 osel296=2 osel297=2 osel298=1 osel299=1 osel2100=2 osel2101=2 osel2102=1 osel2103=1 osel2104=2 osel2105=2 osel2106=1 osel2107=1 osel2108=2 osel2109=2 osel2110=1 osel2111=1 osel2112=1 osel2113=1 osel2114=2 osel2115=2 osel2116=1 osel2117=1 osel2118=2 osel2119=2 osel2120=1 osel2121=1 osel2122=2 osel2123=2 osel2124=1 osel2125=1 osel2126=2 osel2127=2
  8. m=1 T=384 (compression 17.0859×) M=[10010101..]
    Per-output T: osel10=2 osel11=1 osel12=2 osel13=1 osel14=2 osel15=1 osel16=2 osel17=1 osel18=1 osel19=2 osel110=1 osel111=2 osel112=1 osel113=2 osel114=1 osel115=2 osel116=2 osel117=1 osel118=2 osel119=1 osel120=2 osel121=1 osel122=2 osel123=1 osel124=1 osel125=2 osel126=1 osel127=2 osel128=1 osel129=2 osel130=1 osel131=2 osel132=1 osel133=2 osel134=1 osel135=2 osel136=1 osel137=2 osel138=1 osel139=2 osel140=2 osel141=1 osel142=2 osel143=1 osel144=2 osel145=1 osel146=2 osel147=1 osel148=1 osel149=2 osel150=1 osel151=2 osel152=1 osel153=2 osel154=1 osel155=2 osel156=2 osel157=1 osel158=2 osel159=1 osel160=2 osel161=1 osel162=2 osel163=1 osel164=2 osel165=1 osel166=2 osel167=1 osel168=2 osel169=1 osel170=2 osel171=1 osel172=1 osel173=2 osel174=1 osel175=2 osel176=1 osel177=2 osel178=1 osel179=2 osel180=2 osel181=1 osel182=2 osel183=1 osel184=2 osel185=1 osel186=2 osel187=1 osel188=1 osel189=2 osel190=1 osel191=2 osel192=1 osel193=2 osel194=1 osel195=2 osel196=1 osel197=2 osel198=1 osel199=2 osel1100=1 osel1101=2 osel1102=1 osel1103=2 osel1104=2 osel1105=1 osel1106=2 osel1107=1 osel1108=2 osel1109=1 osel1110=2 osel1111=1 osel1112=1 osel1113=2 osel1114=1 osel1115=2 osel1116=1 osel1117=2 osel1118=1 osel1119=2 osel1120=2 osel1121=1 osel1122=2 osel1123=1 osel1124=2 osel1125=1 osel1126=2 osel1127=1 osel20=1 osel21=2 osel22=1 osel23=2 osel24=1 osel25=2 osel26=1 osel27=2 osel28=2 osel29=1 osel210=2 osel211=1 osel212=2 osel213=1 osel214=2 osel215=1 osel216=1 osel217=2 osel218=1 osel219=2 osel220=1 osel221=2 osel222=1 osel223=2 osel224=2 osel225=1 osel226=2 osel227=1 osel228=2 osel229=1 osel230=2 osel231=1 osel232=2 osel233=1 osel234=2 osel235=1 osel236=2 osel237=1 osel238=2 osel239=1 osel240=1 osel241=2 osel242=1 osel243=2 osel244=1 osel245=2 osel246=1 osel247=2 osel248=2 osel249=1 osel250=2 osel251=1 osel252=2 osel253=1 osel254=2 osel255=1 osel256=1 osel257=2 osel258=1 osel259=2 osel260=1 osel261=2 osel262=1 osel263=2 osel264=1 osel265=2 osel266=1 osel267=2 osel268=1 osel269=2 osel270=1 osel271=2 osel272=2 osel273=1 osel274=2 osel275=1 osel276=2 osel277=1 osel278=2 osel279=1 osel280=1 osel281=2 osel282=1 osel283=2 osel284=1 osel285=2 osel286=1 osel287=2 osel288=2 osel289=1 osel290=2 osel291=1 osel292=2 osel293=1 osel294=2 osel295=1 osel296=2 osel297=1 osel298=2 osel299=1 osel2100=2 osel2101=1 osel2102=2 osel2103=1 osel2104=1 osel2105=2 osel2106=1 osel2107=2 osel2108=1 osel2109=2 osel2110=1 osel2111=2 osel2112=2 osel2113=1 osel2114=2 osel2115=1 osel2116=2 osel2117=1 osel2118=2 osel2119=1 osel2120=1 osel2121=2 osel2122=1 osel2123=2 osel2124=1 osel2125=2 osel2126=1 osel2127=2
  9. m=1 T=384 (compression 17.0859×) M=[01100100..]
    Per-output T: osel10=1 osel11=1 osel12=2 osel13=2 osel14=2 osel15=2 osel16=1 osel17=1 osel18=1 osel19=1 osel110=2 osel111=2 osel112=2 osel113=2 osel114=1 osel115=1 osel116=1 osel117=1 osel118=2 osel119=2 osel120=2 osel121=2 osel122=1 osel123=1 osel124=1 osel125=1 osel126=2 osel127=2 osel128=2 osel129=2 osel130=1 osel131=1 osel132=2 osel133=2 osel134=1 osel135=1 osel136=1 osel137=1 osel138=2 osel139=2 osel140=2 osel141=2 osel142=1 osel143=1 osel144=1 osel145=1 osel146=2 osel147=2 osel148=2 osel149=2 osel150=1 osel151=1 osel152=1 osel153=1 osel154=2 osel155=2 osel156=2 osel157=2 osel158=1 osel159=1 osel160=1 osel161=1 osel162=2 osel163=2 osel164=1 osel165=1 osel166=2 osel167=2 osel168=2 osel169=2 osel170=1 osel171=1 osel172=1 osel173=1 osel174=2 osel175=2 osel176=2 osel177=2 osel178=1 osel179=1 osel180=1 osel181=1 osel182=2 osel183=2 osel184=2 osel185=2 osel186=1 osel187=1 osel188=1 osel189=1 osel190=2 osel191=2 osel192=2 osel193=2 osel194=1 osel195=1 osel196=2 osel197=2 osel198=1 osel199=1 osel1100=1 osel1101=1 osel1102=2 osel1103=2 osel1104=2 osel1105=2 osel1106=1 osel1107=1 osel1108=1 osel1109=1 osel1110=2 osel1111=2 osel1112=2 osel1113=2 osel1114=1 osel1115=1 osel1116=1 osel1117=1 osel1118=2 osel1119=2 osel1120=2 osel1121=2 osel1122=1 osel1123=1 osel1124=1 osel1125=1 osel1126=2 osel1127=2 osel20=1 osel21=1 osel22=2 osel23=2 osel24=2 osel25=2 osel26=1 osel27=1 osel28=1 osel29=1 osel210=2 osel211=2 osel212=2 osel213=2 osel214=1 osel215=1 osel216=1 osel217=1 osel218=2 osel219=2 osel220=2 osel221=2 osel222=1 osel223=1 osel224=1 osel225=1 osel226=2 osel227=2 osel228=2 osel229=2 osel230=1 osel231=1 osel232=2 osel233=2 osel234=1 osel235=1 osel236=1 osel237=1 osel238=2 osel239=2 osel240=2 osel241=2 osel242=1 osel243=1 osel244=1 osel245=1 osel246=2 osel247=2 osel248=2 osel249=2 osel250=1 osel251=1 osel252=1 osel253=1 osel254=2 osel255=2 osel256=2 osel257=2 osel258=1 osel259=1 osel260=1 osel261=1 osel262=2 osel263=2 osel264=1 osel265=1 osel266=2 osel267=2 osel268=2 osel269=2 osel270=1 osel271=1 osel272=1 osel273=1 osel274=2 osel275=2 osel276=2 osel277=2 osel278=1 osel279=1 osel280=1 osel281=1 osel282=2 osel283=2 osel284=2 osel285=2 osel286=1 osel287=1 osel288=1 osel289=1 osel290=2 osel291=2 osel292=2 osel293=2 osel294=1 osel295=1 osel296=2 osel297=2 osel298=1 osel299=1 osel2100=1 osel2101=1 osel2102=2 osel2103=2 osel2104=2 osel2105=2 osel2106=1 osel2107=1 osel2108=1 osel2109=1 osel2110=2 osel2111=2 osel2112=2 osel2113=2 osel2114=1 osel2115=1 osel2116=1 osel2117=1 osel2118=2 osel2119=2 osel2120=2 osel2121=2 osel2122=1 osel2123=1 osel2124=1 osel2125=1 osel2126=2 osel2127=2
  10. m=1 T=384 (compression 17.0859×) M=[01000101..]
    Per-output T: osel10=2 osel11=2 osel12=1 osel13=1 osel14=2 osel15=2 osel16=1 osel17=1 osel18=2 osel19=2 osel110=1 osel111=1 osel112=2 osel113=2 osel114=1 osel115=1 osel116=2 osel117=2 osel118=1 osel119=1 osel120=2 osel121=2 osel122=1 osel123=1 osel124=2 osel125=2 osel126=1 osel127=1 osel128=2 osel129=2 osel130=1 osel131=1 osel132=1 osel133=1 osel134=2 osel135=2 osel136=1 osel137=1 osel138=2 osel139=2 osel140=1 osel141=1 osel142=2 osel143=2 osel144=1 osel145=1 osel146=2 osel147=2 osel148=1 osel149=1 osel150=2 osel151=2 osel152=1 osel153=1 osel154=2 osel155=2 osel156=1 osel157=1 osel158=2 osel159=2 osel160=1 osel161=1 osel162=2 osel163=2 osel164=2 osel165=2 osel166=1 osel167=1 osel168=2 osel169=2 osel170=1 osel171=1 osel172=2 osel173=2 osel174=1 osel175=1 osel176=2 osel177=2 osel178=1 osel179=1 osel180=2 osel181=2 osel182=1 osel183=1 osel184=2 osel185=2 osel186=1 osel187=1 osel188=2 osel189=2 osel190=1 osel191=1 osel192=2 osel193=2 osel194=1 osel195=1 osel196=1 osel197=1 osel198=2 osel199=2 osel1100=1 osel1101=1 osel1102=2 osel1103=2 osel1104=1 osel1105=1 osel1106=2 osel1107=2 osel1108=1 osel1109=1 osel1110=2 osel1111=2 osel1112=1 osel1113=1 osel1114=2 osel1115=2 osel1116=1 osel1117=1 osel1118=2 osel1119=2 osel1120=1 osel1121=1 osel1122=2 osel1123=2 osel1124=1 osel1125=1 osel1126=2 osel1127=2 osel20=1 osel21=1 osel22=2 osel23=2 osel24=1 osel25=1 osel26=2 osel27=2 osel28=1 osel29=1 osel210=2 osel211=2 osel212=1 osel213=1 osel214=2 osel215=2 osel216=1 osel217=1 osel218=2 osel219=2 osel220=1 osel221=1 osel222=2 osel223=2 osel224=1 osel225=1 osel226=2 osel227=2 osel228=1 osel229=1 osel230=2 osel231=2 osel232=2 osel233=2 osel234=1 osel235=1 osel236=2 osel237=2 osel238=1 osel239=1 osel240=2 osel241=2 osel242=1 osel243=1 osel244=2 osel245=2 osel246=1 osel247=1 osel248=2 osel249=2 osel250=1 osel251=1 osel252=2 osel253=2 osel254=1 osel255=1 osel256=2 osel257=2 osel258=1 osel259=1 osel260=2 osel261=2 osel262=1 osel263=1 osel264=1 osel265=1 osel266=2 osel267=2 osel268=1 osel269=1 osel270=2 osel271=2 osel272=1 osel273=1 osel274=2 osel275=2 osel276=1 osel277=1 osel278=2 osel279=2 osel280=1 osel281=1 osel282=2 osel283=2 osel284=1 osel285=1 osel286=2 osel287=2 osel288=1 osel289=1 osel290=2 osel291=2 osel292=1 osel293=1 osel294=2 osel295=2 osel296=2 osel297=2 osel298=1 osel299=1 osel2100=2 osel2101=2 osel2102=1 osel2103=1 osel2104=2 osel2105=2 osel2106=1 osel2107=1 osel2108=2 osel2109=2 osel2110=1 osel2111=1 osel2112=2 osel2113=2 osel2114=1 osel2115=1 osel2116=2 osel2117=2 osel2118=1 osel2119=1 osel2120=2 osel2121=2 osel2122=1 osel2123=1 osel2124=2 osel2125=2 osel2126=1 osel2127=1
  11. m=1 T=384 (compression 17.0859×) M=[00110101..]
    Per-output T: osel10=1 osel11=1 osel12=1 osel13=1 osel14=2 osel15=2 osel16=2 osel17=2 osel18=2 osel19=2 osel110=2 osel111=2 osel112=1 osel113=1 osel114=1 osel115=1 osel116=1 osel117=1 osel118=1 osel119=1 osel120=2 osel121=2 osel122=2 osel123=2 osel124=2 osel125=2 osel126=2 osel127=2 osel128=1 osel129=1 osel130=1 osel131=1 osel132=2 osel133=2 osel134=2 osel135=2 osel136=1 osel137=1 osel138=1 osel139=1 osel140=1 osel141=1 osel142=1 osel143=1 osel144=2 osel145=2 osel146=2 osel147=2 osel148=2 osel149=2 osel150=2 osel151=2 osel152=1 osel153=1 osel154=1 osel155=1 osel156=1 osel157=1 osel158=1 osel159=1 osel160=2 osel161=2 osel162=2 osel163=2 osel164=1 osel165=1 osel166=1 osel167=1 osel168=2 osel169=2 osel170=2 osel171=2 osel172=2 osel173=2 osel174=2 osel175=2 osel176=1 osel177=1 osel178=1 osel179=1 osel180=1 osel181=1 osel182=1 osel183=1 osel184=2 osel185=2 osel186=2 osel187=2 osel188=2 osel189=2 osel190=2 osel191=2 osel192=1 osel193=1 osel194=1 osel195=1 osel196=2 osel197=2 osel198=2 osel199=2 osel1100=1 osel1101=1 osel1102=1 osel1103=1 osel1104=1 osel1105=1 osel1106=1 osel1107=1 osel1108=2 osel1109=2 osel1110=2 osel1111=2 osel1112=2 osel1113=2 osel1114=2 osel1115=2 osel1116=1 osel1117=1 osel1118=1 osel1119=1 osel1120=1 osel1121=1 osel1122=1 osel1123=1 osel1124=2 osel1125=2 osel1126=2 osel1127=2 osel20=2 osel21=2 osel22=2 osel23=2 osel24=1 osel25=1 osel26=1 osel27=1 osel28=1 osel29=1 osel210=1 osel211=1 osel212=2 osel213=2 osel214=2 osel215=2 osel216=2 osel217=2 osel218=2 osel219=2 osel220=1 osel221=1 osel222=1 osel223=1 osel224=1 osel225=1 osel226=1 osel227=1 osel228=2 osel229=2 osel230=2 osel231=2 osel232=1 osel233=1 osel234=1 osel235=1 osel236=2 osel237=2 osel238=2 osel239=2 osel240=2 osel241=2 osel242=2 osel243=2 osel244=1 osel245=1 osel246=1 osel247=1 osel248=1 osel249=1 osel250=1 osel251=1 osel252=2 osel253=2 osel254=2 osel255=2 osel256=2 osel257=2 osel258=2 osel259=2 osel260=1 osel261=1 osel262=1 osel263=1 osel264=2 osel265=2 osel266=2 osel267=2 osel268=1 osel269=1 osel270=1 osel271=1 osel272=1 osel273=1 osel274=1 osel275=1 osel276=2 osel277=2 osel278=2 osel279=2 osel280=2 osel281=2 osel282=2 osel283=2 osel284=1 osel285=1 osel286=1 osel287=1 osel288=1 osel289=1 osel290=1 osel291=1 osel292=2 osel293=2 osel294=2 osel295=2 osel296=1 osel297=1 osel298=1 osel299=1 osel2100=2 osel2101=2 osel2102=2 osel2103=2 osel2104=2 osel2105=2 osel2106=2 osel2107=2 osel2108=1 osel2109=1 osel2110=1 osel2111=1 osel2112=1 osel2113=1 osel2114=1 osel2115=1 osel2116=2 osel2117=2 osel2118=2 osel2119=2 osel2120=2 osel2121=2 osel2122=2 osel2123=2 osel2124=1 osel2125=1 osel2126=1 osel2127=1
  12. m=1 T=384 (compression 17.0859×) M=[10011010..]
    Per-output T: osel10=1 osel11=2 osel12=1 osel13=2 osel14=1 osel15=2 osel16=1 osel17=2 osel18=2 osel19=1 osel110=2 osel111=1 osel112=2 osel113=1 osel114=2 osel115=1 osel116=2 osel117=1 osel118=2 osel119=1 osel120=2 osel121=1 osel122=2 osel123=1 osel124=1 osel125=2 osel126=1 osel127=2 osel128=1 osel129=2 osel130=1 osel131=2 osel132=1 osel133=2 osel134=1 osel135=2 osel136=1 osel137=2 osel138=1 osel139=2 osel140=2 osel141=1 osel142=2 osel143=1 osel144=2 osel145=1 osel146=2 osel147=1 osel148=2 osel149=1 osel150=2 osel151=1 osel152=2 osel153=1 osel154=2 osel155=1 osel156=1 osel157=2 osel158=1 osel159=2 osel160=1 osel161=2 osel162=1 osel163=2 osel164=2 osel165=1 osel166=2 osel167=1 osel168=2 osel169=1 osel170=2 osel171=1 osel172=1 osel173=2 osel174=1 osel175=2 osel176=1 osel177=2 osel178=1 osel179=2 osel180=1 osel181=2 osel182=1 osel183=2 osel184=1 osel185=2 osel186=1 osel187=2 osel188=2 osel189=1 osel190=2 osel191=1 osel192=2 osel193=1 osel194=2 osel195=1 osel196=2 osel197=1 osel198=2 osel199=1 osel1100=2 osel1101=1 osel1102=2 osel1103=1 osel1104=1 osel1105=2 osel1106=1 osel1107=2 osel1108=1 osel1109=2 osel1110=1 osel1111=2 osel1112=1 osel1113=2 osel1114=1 osel1115=2 osel1116=1 osel1117=2 osel1118=1 osel1119=2 osel1120=2 osel1121=1 osel1122=2 osel1123=1 osel1124=2 osel1125=1 osel1126=2 osel1127=1 osel20=1 osel21=2 osel22=1 osel23=2 osel24=1 osel25=2 osel26=1 osel27=2 osel28=2 osel29=1 osel210=2 osel211=1 osel212=2 osel213=1 osel214=2 osel215=1 osel216=2 osel217=1 osel218=2 osel219=1 osel220=2 osel221=1 osel222=2 osel223=1 osel224=1 osel225=2 osel226=1 osel227=2 osel228=1 osel229=2 osel230=1 osel231=2 osel232=1 osel233=2 osel234=1 osel235=2 osel236=1 osel237=2 osel238=1 osel239=2 osel240=2 osel241=1 osel242=2 osel243=1 osel244=2 osel245=1 osel246=2 osel247=1 osel248=2 osel249=1 osel250=2 osel251=1 osel252=2 osel253=1 osel254=2 osel255=1 osel256=1 osel257=2 osel258=1 osel259=2 osel260=1 osel261=2 osel262=1 osel263=2 osel264=2 osel265=1 osel266=2 osel267=1 osel268=2 osel269=1 osel270=2 osel271=1 osel272=1 osel273=2 osel274=1 osel275=2 osel276=1 osel277=2 osel278=1 osel279=2 osel280=1 osel281=2 osel282=1 osel283=2 osel284=1 osel285=2 osel286=1 osel287=2 osel288=2 osel289=1 osel290=2 osel291=1 osel292=2 osel293=1 osel294=2 osel295=1 osel296=2 osel297=1 osel298=2 osel299=1 osel2100=2 osel2101=1 osel2102=2 osel2103=1 osel2104=1 osel2105=2 osel2106=1 osel2107=2 osel2108=1 osel2109=2 osel2110=1 osel2111=2 osel2112=1 osel2113=2 osel2114=1 osel2115=2 osel2116=1 osel2117=2 osel2118=1 osel2119=2 osel2120=2 osel2121=1 osel2122=2 osel2123=1 osel2124=2 osel2125=1 osel2126=2 osel2127=1
  13. m=1 T=384 (compression 17.0859×) M=[00100100..]
    Per-output T: osel10=1 osel11=1 osel12=1 osel13=1 osel14=2 osel15=2 osel16=2 osel17=2 osel18=1 osel19=1 osel110=1 osel111=1 osel112=2 osel113=2 osel114=2 osel115=2 osel116=1 osel117=1 osel118=1 osel119=1 osel120=2 osel121=2 osel122=2 osel123=2 osel124=1 osel125=1 osel126=1 osel127=1 osel128=2 osel129=2 osel130=2 osel131=2 osel132=2 osel133=2 osel134=2 osel135=2 osel136=1 osel137=1 osel138=1 osel139=1 osel140=2 osel141=2 osel142=2 osel143=2 osel144=1 osel145=1 osel146=1 osel147=1 osel148=2 osel149=2 osel150=2 osel151=2 osel152=1 osel153=1 osel154=1 osel155=1 osel156=2 osel157=2 osel158=2 osel159=2 osel160=1 osel161=1 osel162=1 osel163=1 osel164=1 osel165=1 osel166=1 osel167=1 osel168=2 osel169=2 osel170=2 osel171=2 osel172=1 osel173=1 osel174=1 osel175=1 osel176=2 osel177=2 osel178=2 osel179=2 osel180=1 osel181=1 osel182=1 osel183=1 osel184=2 osel185=2 osel186=2 osel187=2 osel188=1 osel189=1 osel190=1 osel191=1 osel192=2 osel193=2 osel194=2 osel195=2 osel196=2 osel197=2 osel198=2 osel199=2 osel1100=1 osel1101=1 osel1102=1 osel1103=1 osel1104=2 osel1105=2 osel1106=2 osel1107=2 osel1108=1 osel1109=1 osel1110=1 osel1111=1 osel1112=2 osel1113=2 osel1114=2 osel1115=2 osel1116=1 osel1117=1 osel1118=1 osel1119=1 osel1120=2 osel1121=2 osel1122=2 osel1123=2 osel1124=1 osel1125=1 osel1126=1 osel1127=1 osel20=1 osel21=1 osel22=1 osel23=1 osel24=2 osel25=2 osel26=2 osel27=2 osel28=1 osel29=1 osel210=1 osel211=1 osel212=2 osel213=2 osel214=2 osel215=2 osel216=1 osel217=1 osel218=1 osel219=1 osel220=2 osel221=2 osel222=2 osel223=2 osel224=1 osel225=1 osel226=1 osel227=1 osel228=2 osel229=2 osel230=2 osel231=2 osel232=2 osel233=2 osel234=2 osel235=2 osel236=1 osel237=1 osel238=1 osel239=1 osel240=2 osel241=2 osel242=2 osel243=2 osel244=1 osel245=1 osel246=1 osel247=1 osel248=2 osel249=2 osel250=2 osel251=2 osel252=1 osel253=1 osel254=1 osel255=1 osel256=2 osel257=2 osel258=2 osel259=2 osel260=1 osel261=1 osel262=1 osel263=1 osel264=1 osel265=1 osel266=1 osel267=1 osel268=2 osel269=2 osel270=2 osel271=2 osel272=1 osel273=1 osel274=1 osel275=1 osel276=2 osel277=2 osel278=2 osel279=2 osel280=1 osel281=1 osel282=1 osel283=1 osel284=2 osel285=2 osel286=2 osel287=2 osel288=1 osel289=1 osel290=1 osel291=1 osel292=2 osel293=2 osel294=2 osel295=2 osel296=2 osel297=2 osel298=2 osel299=2 osel2100=1 osel2101=1 osel2102=1 osel2103=1 osel2104=2 osel2105=2 osel2106=2 osel2107=2 osel2108=1 osel2109=1 osel2110=1 osel2111=1 osel2112=2 osel2113=2 osel2114=2 osel2115=2 osel2116=1 osel2117=1 osel2118=1 osel2119=1 osel2120=2 osel2121=2 osel2122=2 osel2123=2 osel2124=1 osel2125=1 osel2126=1 osel2127=1
  14. m=1 T=384 (compression 17.0859×) M=[10111101..]
    Per-output T: osel10=1 osel11=2 osel12=1 osel13=2 osel14=2 osel15=1 osel16=2 osel17=1 osel18=2 osel19=1 osel110=2 osel111=1 osel112=1 osel113=2 osel114=1 osel115=2 osel116=2 osel117=1 osel118=2 osel119=1 osel120=1 osel121=2 osel122=1 osel123=2 osel124=1 osel125=2 osel126=1 osel127=2 osel128=2 osel129=1 osel130=2 osel131=1 osel132=2 osel133=1 osel134=2 osel135=1 osel136=1 osel137=2 osel138=1 osel139=2 osel140=1 osel141=2 osel142=1 osel143=2 osel144=2 osel145=1 osel146=2 osel147=1 osel148=1 osel149=2 osel150=1 osel151=2 osel152=2 osel153=1 osel154=2 osel155=1 osel156=2 osel157=1 osel158=2 osel159=1 osel160=1 osel161=2 osel162=1 osel163=2 osel164=1 osel165=2 osel166=1 osel167=2 osel168=2 osel169=1 osel170=2 osel171=1 osel172=2 osel173=1 osel174=2 osel175=1 osel176=1 osel177=2 osel178=1 osel179=2 osel180=2 osel181=1 osel182=2 osel183=1 osel184=1 osel185=2 osel186=1 osel187=2 osel188=1 osel189=2 osel190=1 osel191=2 osel192=2 osel193=1 osel194=2 osel195=1 osel196=2 osel197=1 osel198=2 osel199=1 osel1100=1 osel1101=2 osel1102=1 osel1103=2 osel1104=1 osel1105=2 osel1106=1 osel1107=2 osel1108=2 osel1109=1 osel1110=2 osel1111=1 osel1112=1 osel1113=2 osel1114=1 osel1115=2 osel1116=2 osel1117=1 osel1118=2 osel1119=1 osel1120=2 osel1121=1 osel1122=2 osel1123=1 osel1124=1 osel1125=2 osel1126=1 osel1127=2 osel20=2 osel21=1 osel22=2 osel23=1 osel24=1 osel25=2 osel26=1 osel27=2 osel28=1 osel29=2 osel210=1 osel211=2 osel212=2 osel213=1 osel214=2 osel215=1 osel216=1 osel217=2 osel218=1 osel219=2 osel220=2 osel221=1 osel222=2 osel223=1 osel224=2 osel225=1 osel226=2 osel227=1 osel228=1 osel229=2 osel230=1 osel231=2 osel232=1 osel233=2 osel234=1 osel235=2 osel236=2 osel237=1 osel238=2 osel239=1 osel240=2 osel241=1 osel242=2 osel243=1 osel244=1 osel245=2 osel246=1 osel247=2 osel248=2 osel249=1 osel250=2 osel251=1 osel252=1 osel253=2 osel254=1 osel255=2 osel256=1 osel257=2 osel258=1 osel259=2 osel260=2 osel261=1 osel262=2 osel263=1 osel264=2 osel265=1 osel266=2 osel267=1 osel268=1 osel269=2 osel270=1 osel271=2 osel272=1 osel273=2 osel274=1 osel275=2 osel276=2 osel277=1 osel278=2 osel279=1 osel280=1 osel281=2 osel282=1 osel283=2 osel284=2 osel285=1 osel286=2 osel287=1 osel288=2 osel289=1 osel290=2 osel291=1 osel292=1 osel293=2 osel294=1 osel295=2 osel296=1 osel297=2 osel298=1 osel299=2 osel2100=2 osel2101=1 osel2102=2 osel2103=1 osel2104=2 osel2105=1 osel2106=2 osel2107=1 osel2108=1 osel2109=2 osel2110=1 osel2111=2 osel2112=2 osel2113=1 osel2114=2 osel2115=1 osel2116=1 osel2117=2 osel2118=1 osel2119=2 osel2120=1 osel2121=2 osel2122=1 osel2123=2 osel2124=2 osel2125=1 osel2126=2 osel2127=1
  15. m=1 T=384 (compression 17.0859×) M=[01100000..]
    Per-output T: osel10=1 osel11=1 osel12=2 osel13=2 osel14=2 osel15=2 osel16=1 osel17=1 osel18=1 osel19=1 osel110=2 osel111=2 osel112=2 osel113=2 osel114=1 osel115=1 osel116=1 osel117=1 osel118=2 osel119=2 osel120=2 osel121=2 osel122=1 osel123=1 osel124=1 osel125=1 osel126=2 osel127=2 osel128=2 osel129=2 osel130=1 osel131=1 osel132=1 osel133=1 osel134=2 osel135=2 osel136=2 osel137=2 osel138=1 osel139=1 osel140=1 osel141=1 osel142=2 osel143=2 osel144=2 osel145=2 osel146=1 osel147=1 osel148=1 osel149=1 osel150=2 osel151=2 osel152=2 osel153=2 osel154=1 osel155=1 osel156=1 osel157=1 osel158=2 osel159=2 osel160=2 osel161=2 osel162=1 osel163=1 osel164=1 osel165=1 osel166=2 osel167=2 osel168=2 osel169=2 osel170=1 osel171=1 osel172=1 osel173=1 osel174=2 osel175=2 osel176=2 osel177=2 osel178=1 osel179=1 osel180=1 osel181=1 osel182=2 osel183=2 osel184=2 osel185=2 osel186=1 osel187=1 osel188=1 osel189=1 osel190=2 osel191=2 osel192=2 osel193=2 osel194=1 osel195=1 osel196=1 osel197=1 osel198=2 osel199=2 osel1100=2 osel1101=2 osel1102=1 osel1103=1 osel1104=1 osel1105=1 osel1106=2 osel1107=2 osel1108=2 osel1109=2 osel1110=1 osel1111=1 osel1112=1 osel1113=1 osel1114=2 osel1115=2 osel1116=2 osel1117=2 osel1118=1 osel1119=1 osel1120=1 osel1121=1 osel1122=2 osel1123=2 osel1124=2 osel1125=2 osel1126=1 osel1127=1 osel20=1 osel21=1 osel22=2 osel23=2 osel24=2 osel25=2 osel26=1 osel27=1 osel28=1 osel29=1 osel210=2 osel211=2 osel212=2 osel213=2 osel214=1 osel215=1 osel216=1 osel217=1 osel218=2 osel219=2 osel220=2 osel221=2 osel222=1 osel223=1 osel224=1 osel225=1 osel226=2 osel227=2 osel228=2 osel229=2 osel230=1 osel231=1 osel232=1 osel233=1 osel234=2 osel235=2 osel236=2 osel237=2 osel238=1 osel239=1 osel240=1 osel241=1 osel242=2 osel243=2 osel244=2 osel245=2 osel246=1 osel247=1 osel248=1 osel249=1 osel250=2 osel251=2 osel252=2 osel253=2 osel254=1 osel255=1 osel256=1 osel257=1 osel258=2 osel259=2 osel260=2 osel261=2 osel262=1 osel263=1 osel264=1 osel265=1 osel266=2 osel267=2 osel268=2 osel269=2 osel270=1 osel271=1 osel272=1 osel273=1 osel274=2 osel275=2 osel276=2 osel277=2 osel278=1 osel279=1 osel280=1 osel281=1 osel282=2 osel283=2 osel284=2 osel285=2 osel286=1 osel287=1 osel288=1 osel289=1 osel290=2 osel291=2 osel292=2 osel293=2 osel294=1 osel295=1 osel296=1 osel297=1 osel298=2 osel299=2 osel2100=2 osel2101=2 osel2102=1 osel2103=1 osel2104=1 osel2105=1 osel2106=2 osel2107=2 osel2108=2 osel2109=2 osel2110=1 osel2111=1 osel2112=1 osel2113=1 osel2114=2 osel2115=2 osel2116=2 osel2117=2 osel2118=1 osel2119=1 osel2120=1 osel2121=1 osel2122=2 osel2123=2 osel2124=2 osel2125=2 osel2126=1 osel2127=1
  16. m=1 T=384 (compression 17.0859×) M=[10010110..]
    Per-output T: osel10=2 osel11=1 osel12=2 osel13=1 osel14=2 osel15=1 osel16=2 osel17=1 osel18=1 osel19=2 osel110=1 osel111=2 osel112=1 osel113=2 osel114=1 osel115=2 osel116=2 osel117=1 osel118=2 osel119=1 osel120=2 osel121=1 osel122=2 osel123=1 osel124=1 osel125=2 osel126=1 osel127=2 osel128=1 osel129=2 osel130=1 osel131=2 osel132=1 osel133=2 osel134=1 osel135=2 osel136=1 osel137=2 osel138=1 osel139=2 osel140=2 osel141=1 osel142=2 osel143=1 osel144=2 osel145=1 osel146=2 osel147=1 osel148=1 osel149=2 osel150=1 osel151=2 osel152=1 osel153=2 osel154=1 osel155=2 osel156=2 osel157=1 osel158=2 osel159=1 osel160=2 osel161=1 osel162=2 osel163=1 osel164=1 osel165=2 osel166=1 osel167=2 osel168=1 osel169=2 osel170=1 osel171=2 osel172=2 osel173=1 osel174=2 osel175=1 osel176=2 osel177=1 osel178=2 osel179=1 osel180=1 osel181=2 osel182=1 osel183=2 osel184=1 osel185=2 osel186=1 osel187=2 osel188=2 osel189=1 osel190=2 osel191=1 osel192=2 osel193=1 osel194=2 osel195=1 osel196=2 osel197=1 osel198=2 osel199=1 osel1100=2 osel1101=1 osel1102=2 osel1103=1 osel1104=1 osel1105=2 osel1106=1 osel1107=2 osel1108=1 osel1109=2 osel1110=1 osel1111=2 osel1112=2 osel1113=1 osel1114=2 osel1115=1 osel1116=2 osel1117=1 osel1118=2 osel1119=1 osel1120=1 osel1121=2 osel1122=1 osel1123=2 osel1124=1 osel1125=2 osel1126=1 osel1127=2 osel20=2 osel21=1 osel22=2 osel23=1 osel24=2 osel25=1 osel26=2 osel27=1 osel28=1 osel29=2 osel210=1 osel211=2 osel212=1 osel213=2 osel214=1 osel215=2 osel216=2 osel217=1 osel218=2 osel219=1 osel220=2 osel221=1 osel222=2 osel223=1 osel224=1 osel225=2 osel226=1 osel227=2 osel228=1 osel229=2 osel230=1 osel231=2 osel232=1 osel233=2 osel234=1 osel235=2 osel236=1 osel237=2 osel238=1 osel239=2 osel240=2 osel241=1 osel242=2 osel243=1 osel244=2 osel245=1 osel246=2 osel247=1 osel248=1 osel249=2 osel250=1 osel251=2 osel252=1 osel253=2 osel254=1 osel255=2 osel256=2 osel257=1 osel258=2 osel259=1 osel260=2 osel261=1 osel262=2 osel263=1 osel264=1 osel265=2 osel266=1 osel267=2 osel268=1 osel269=2 osel270=1 osel271=2 osel272=2 osel273=1 osel274=2 osel275=1 osel276=2 osel277=1 osel278=2 osel279=1 osel280=1 osel281=2 osel282=1 osel283=2 osel284=1 osel285=2 osel286=1 osel287=2 osel288=2 osel289=1 osel290=2 osel291=1 osel292=2 osel293=1 osel294=2 osel295=1 osel296=2 osel297=1 osel298=2 osel299=1 osel2100=2 osel2101=1 osel2102=2 osel2103=1 osel2104=1 osel2105=2 osel2106=1 osel2107=2 osel2108=1 osel2109=2 osel2110=1 osel2111=2 osel2112=2 osel2113=1 osel2114=2 osel2115=1 osel2116=2 osel2117=1 osel2118=2 osel2119=1 osel2120=1 osel2121=2 osel2122=1 osel2123=2 osel2124=1 osel2125=2 osel2126=1 osel2127=2
  17. m=1 T=384 (compression 17.0859×) M=[00111010..]
    Per-output T: osel10=1 osel11=1 osel12=1 osel13=1 osel14=2 osel15=2 osel16=2 osel17=2 osel18=2 osel19=2 osel110=2 osel111=2 osel112=1 osel113=1 osel114=1 osel115=1 osel116=2 osel117=2 osel118=2 osel119=2 osel120=1 osel121=1 osel122=1 osel123=1 osel124=1 osel125=1 osel126=1 osel127=1 osel128=2 osel129=2 osel130=2 osel131=2 osel132=1 osel133=1 osel134=1 osel135=1 osel136=2 osel137=2 osel138=2 osel139=2 osel140=2 osel141=2 osel142=2 osel143=2 osel144=1 osel145=1 osel146=1 osel147=1 osel148=2 osel149=2 osel150=2 osel151=2 osel152=1 osel153=1 osel154=1 osel155=1 osel156=1 osel157=1 osel158=1 osel159=1 osel160=2 osel161=2 osel162=2 osel163=2 osel164=2 osel165=2 osel166=2 osel167=2 osel168=1 osel169=1 osel170=1 osel171=1 osel172=1 osel173=1 osel174=1 osel175=1 osel176=2 osel177=2 osel178=2 osel179=2 osel180=1 osel181=1 osel182=1 osel183=1 osel184=2 osel185=2 osel186=2 osel187=2 osel188=2 osel189=2 osel190=2 osel191=2 osel192=1 osel193=1 osel194=1 osel195=1 osel196=2 osel197=2 osel198=2 osel199=2 osel1100=1 osel1101=1 osel1102=1 osel1103=1 osel1104=1 osel1105=1 osel1106=1 osel1107=1 osel1108=2 osel1109=2 osel1110=2 osel1111=2 osel1112=1 osel1113=1 osel1114=1 osel1115=1 osel1116=2 osel1117=2 osel1118=2 osel1119=2 osel1120=2 osel1121=2 osel1122=2 osel1123=2 osel1124=1 osel1125=1 osel1126=1 osel1127=1 osel20=1 osel21=1 osel22=1 osel23=1 osel24=2 osel25=2 osel26=2 osel27=2 osel28=2 osel29=2 osel210=2 osel211=2 osel212=1 osel213=1 osel214=1 osel215=1 osel216=2 osel217=2 osel218=2 osel219=2 osel220=1 osel221=1 osel222=1 osel223=1 osel224=1 osel225=1 osel226=1 osel227=1 osel228=2 osel229=2 osel230=2 osel231=2 osel232=1 osel233=1 osel234=1 osel235=1 osel236=2 osel237=2 osel238=2 osel239=2 osel240=2 osel241=2 osel242=2 osel243=2 osel244=1 osel245=1 osel246=1 osel247=1 osel248=2 osel249=2 osel250=2 osel251=2 osel252=1 osel253=1 osel254=1 osel255=1 osel256=1 osel257=1 osel258=1 osel259=1 osel260=2 osel261=2 osel262=2 osel263=2 osel264=2 osel265=2 osel266=2 osel267=2 osel268=1 osel269=1 osel270=1 osel271=1 osel272=1 osel273=1 osel274=1 osel275=1 osel276=2 osel277=2 osel278=2 osel279=2 osel280=1 osel281=1 osel282=1 osel283=1 osel284=2 osel285=2 osel286=2 osel287=2 osel288=2 osel289=2 osel290=2 osel291=2 osel292=1 osel293=1 osel294=1 osel295=1 osel296=2 osel297=2 osel298=2 osel299=2 osel2100=1 osel2101=1 osel2102=1 osel2103=1 osel2104=1 osel2105=1 osel2106=1 osel2107=1 osel2108=2 osel2109=2 osel2110=2 osel2111=2 osel2112=1 osel2113=1 osel2114=1 osel2115=1 osel2116=2 osel2117=2 osel2118=2 osel2119=2 osel2120=2 osel2121=2 osel2122=2 osel2123=2 osel2124=1 osel2125=1 osel2126=1 osel2127=1
  18. m=1 T=384 (compression 17.0859×) M=[10111101..]
    Per-output T: osel10=2 osel11=1 osel12=2 osel13=1 osel14=1 osel15=2 osel16=1 osel17=2 osel18=1 osel19=2 osel110=1 osel111=2 osel112=2 osel113=1 osel114=2 osel115=1 osel116=1 osel117=2 osel118=1 osel119=2 osel120=2 osel121=1 osel122=2 osel123=1 osel124=2 osel125=1 osel126=2 osel127=1 osel128=1 osel129=2 osel130=1 osel131=2 osel132=1 osel133=2 osel134=1 osel135=2 osel136=2 osel137=1 osel138=2 osel139=1 osel140=2 osel141=1 osel142=2 osel143=1 osel144=1 osel145=2 osel146=1 osel147=2 osel148=2 osel149=1 osel150=2 osel151=1 osel152=1 osel153=2 osel154=1 osel155=2 osel156=1 osel157=2 osel158=1 osel159=2 osel160=2 osel161=1 osel162=2 osel163=1 osel164=2 osel165=1 osel166=2 osel167=1 osel168=1 osel169=2 osel170=1 osel171=2 osel172=1 osel173=2 osel174=1 osel175=2 osel176=2 osel177=1 osel178=2 osel179=1 osel180=1 osel181=2 osel182=1 osel183=2 osel184=2 osel185=1 osel186=2 osel187=1 osel188=2 osel189=1 osel190=2 osel191=1 osel192=1 osel193=2 osel194=1 osel195=2 osel196=1 osel197=2 osel198=1 osel199=2 osel1100=2 osel1101=1 osel1102=2 osel1103=1 osel1104=2 osel1105=1 osel1106=2 osel1107=1 osel1108=1 osel1109=2 osel1110=1 osel1111=2 osel1112=2 osel1113=1 osel1114=2 osel1115=1 osel1116=1 osel1117=2 osel1118=1 osel1119=2 osel1120=1 osel1121=2 osel1122=1 osel1123=2 osel1124=2 osel1125=1 osel1126=2 osel1127=1 osel20=1 osel21=2 osel22=1 osel23=2 osel24=2 osel25=1 osel26=2 osel27=1 osel28=2 osel29=1 osel210=2 osel211=1 osel212=1 osel213=2 osel214=1 osel215=2 osel216=2 osel217=1 osel218=2 osel219=1 osel220=1 osel221=2 osel222=1 osel223=2 osel224=1 osel225=2 osel226=1 osel227=2 osel228=2 osel229=1 osel230=2 osel231=1 osel232=2 osel233=1 osel234=2 osel235=1 osel236=1 osel237=2 osel238=1 osel239=2 osel240=1 osel241=2 osel242=1 osel243=2 osel244=2 osel245=1 osel246=2 osel247=1 osel248=1 osel249=2 osel250=1 osel251=2 osel252=2 osel253=1 osel254=2 osel255=1 osel256=2 osel257=1 osel258=2 osel259=1 osel260=1 osel261=2 osel262=1 osel263=2 osel264=1 osel265=2 osel266=1 osel267=2 osel268=2 osel269=1 osel270=2 osel271=1 osel272=2 osel273=1 osel274=2 osel275=1 osel276=1 osel277=2 osel278=1 osel279=2 osel280=2 osel281=1 osel282=2 osel283=1 osel284=1 osel285=2 osel286=1 osel287=2 osel288=1 osel289=2 osel290=1 osel291=2 osel292=2 osel293=1 osel294=2 osel295=1 osel296=2 osel297=1 osel298=2 osel299=1 osel2100=1 osel2101=2 osel2102=1 osel2103=2 osel2104=1 osel2105=2 osel2106=1 osel2107=2 osel2108=2 osel2109=1 osel2110=2 osel2111=1 osel2112=1 osel2113=2 osel2114=1 osel2115=2 osel2116=2 osel2117=1 osel2118=2 osel2119=1 osel2120=2 osel2121=1 osel2122=2 osel2123=1 osel2124=1 osel2125=2 osel2126=1 osel2127=2
  19. m=1 T=384 (compression 17.0859×) M=[00101010..]
    Per-output T: osel10=2 osel11=2 osel12=2 osel13=2 osel14=1 osel15=1 osel16=1 osel17=1 osel18=2 osel19=2 osel110=2 osel111=2 osel112=1 osel113=1 osel114=1 osel115=1 osel116=1 osel117=1 osel118=1 osel119=1 osel120=2 osel121=2 osel122=2 osel123=2 osel124=1 osel125=1 osel126=1 osel127=1 osel128=2 osel129=2 osel130=2 osel131=2 osel132=2 osel133=2 osel134=2 osel135=2 osel136=1 osel137=1 osel138=1 osel139=1 osel140=2 osel141=2 osel142=2 osel143=2 osel144=1 osel145=1 osel146=1 osel147=1 osel148=1 osel149=1 osel150=1 osel151=1 osel152=2 osel153=2 osel154=2 osel155=2 osel156=1 osel157=1 osel158=1 osel159=1 osel160=2 osel161=2 osel162=2 osel163=2 osel164=1 osel165=1 osel166=1 osel167=1 osel168=2 osel169=2 osel170=2 osel171=2 osel172=1 osel173=1 osel174=1 osel175=1 osel176=2 osel177=2 osel178=2 osel179=2 osel180=2 osel181=2 osel182=2 osel183=2 osel184=1 osel185=1 osel186=1 osel187=1 osel188=2 osel189=2 osel190=2 osel191=2 osel192=1 osel193=1 osel194=1 osel195=1 osel196=1 osel197=1 osel198=1 osel199=1 osel1100=2 osel1101=2 osel1102=2 osel1103=2 osel1104=1 osel1105=1 osel1106=1 osel1107=1 osel1108=2 osel1109=2 osel1110=2 osel1111=2 osel1112=2 osel1113=2 osel1114=2 osel1115=2 osel1116=1 osel1117=1 osel1118=1 osel1119=1 osel1120=2 osel1121=2 osel1122=2 osel1123=2 osel1124=1 osel1125=1 osel1126=1 osel1127=1 osel20=2 osel21=2 osel22=2 osel23=2 osel24=1 osel25=1 osel26=1 osel27=1 osel28=2 osel29=2 osel210=2 osel211=2 osel212=1 osel213=1 osel214=1 osel215=1 osel216=1 osel217=1 osel218=1 osel219=1 osel220=2 osel221=2 osel222=2 osel223=2 osel224=1 osel225=1 osel226=1 osel227=1 osel228=2 osel229=2 osel230=2 osel231=2 osel232=2 osel233=2 osel234=2 osel235=2 osel236=1 osel237=1 osel238=1 osel239=1 osel240=2 osel241=2 osel242=2 osel243=2 osel244=1 osel245=1 osel246=1 osel247=1 osel248=1 osel249=1 osel250=1 osel251=1 osel252=2 osel253=2 osel254=2 osel255=2 osel256=1 osel257=1 osel258=1 osel259=1 osel260=2 osel261=2 osel262=2 osel263=2 osel264=1 osel265=1 osel266=1 osel267=1 osel268=2 osel269=2 osel270=2 osel271=2 osel272=1 osel273=1 osel274=1 osel275=1 osel276=2 osel277=2 osel278=2 osel279=2 osel280=2 osel281=2 osel282=2 osel283=2 osel284=1 osel285=1 osel286=1 osel287=1 osel288=2 osel289=2 osel290=2 osel291=2 osel292=1 osel293=1 osel294=1 osel295=1 osel296=1 osel297=1 osel298=1 osel299=1 osel2100=2 osel2101=2 osel2102=2 osel2103=2 osel2104=1 osel2105=1 osel2106=1 osel2107=1 osel2108=2 osel2109=2 osel2110=2 osel2111=2 osel2112=2 osel2113=2 osel2114=2 osel2115=2 osel2116=1 osel2117=1 osel2118=1 osel2119=1 osel2120=2 osel2121=2 osel2122=2 osel2123=2 osel2124=1 osel2125=1 osel2126=1 osel2127=1
  20. m=1 T=384 (compression 17.0859×) M=[01100111..]
    Per-output T: osel10=1 osel11=1 osel12=2 osel13=2 osel14=2 osel15=2 osel16=1 osel17=1 osel18=1 osel19=1 osel110=2 osel111=2 osel112=2 osel113=2 osel114=1 osel115=1 osel116=1 osel117=1 osel118=2 osel119=2 osel120=2 osel121=2 osel122=1 osel123=1 osel124=1 osel125=1 osel126=2 osel127=2 osel128=2 osel129=2 osel130=1 osel131=1 osel132=2 osel133=2 osel134=1 osel135=1 osel136=1 osel137=1 osel138=2 osel139=2 osel140=2 osel141=2 osel142=1 osel143=1 osel144=1 osel145=1 osel146=2 osel147=2 osel148=2 osel149=2 osel150=1 osel151=1 osel152=1 osel153=1 osel154=2 osel155=2 osel156=2 osel157=2 osel158=1 osel159=1 osel160=1 osel161=1 osel162=2 osel163=2 osel164=2 osel165=2 osel166=1 osel167=1 osel168=1 osel169=1 osel170=2 osel171=2 osel172=2 osel173=2 osel174=1 osel175=1 osel176=1 osel177=1 osel178=2 osel179=2 osel180=2 osel181=2 osel182=1 osel183=1 osel184=1 osel185=1 osel186=2 osel187=2 osel188=2 osel189=2 osel190=1 osel191=1 osel192=1 osel193=1 osel194=2 osel195=2 osel196=1 osel197=1 osel198=2 osel199=2 osel1100=2 osel1101=2 osel1102=1 osel1103=1 osel1104=1 osel1105=1 osel1106=2 osel1107=2 osel1108=2 osel1109=2 osel1110=1 osel1111=1 osel1112=1 osel1113=1 osel1114=2 osel1115=2 osel1116=2 osel1117=2 osel1118=1 osel1119=1 osel1120=1 osel1121=1 osel1122=2 osel1123=2 osel1124=2 osel1125=2 osel1126=1 osel1127=1 osel20=2 osel21=2 osel22=1 osel23=1 osel24=1 osel25=1 osel26=2 osel27=2 osel28=2 osel29=2 osel210=1 osel211=1 osel212=1 osel213=1 osel214=2 osel215=2 osel216=2 osel217=2 osel218=1 osel219=1 osel220=1 osel221=1 osel222=2 osel223=2 osel224=2 osel225=2 osel226=1 osel227=1 osel228=1 osel229=1 osel230=2 osel231=2 osel232=1 osel233=1 osel234=2 osel235=2 osel236=2 osel237=2 osel238=1 osel239=1 osel240=1 osel241=1 osel242=2 osel243=2 osel244=2 osel245=2 osel246=1 osel247=1 osel248=1 osel249=1 osel250=2 osel251=2 osel252=2 osel253=2 osel254=1 osel255=1 osel256=1 osel257=1 osel258=2 osel259=2 osel260=2 osel261=2 osel262=1 osel263=1 osel264=1 osel265=1 osel266=2 osel267=2 osel268=2 osel269=2 osel270=1 osel271=1 osel272=1 osel273=1 osel274=2 osel275=2 osel276=2 osel277=2 osel278=1 osel279=1 osel280=1 osel281=1 osel282=2 osel283=2 osel284=2 osel285=2 osel286=1 osel287=1 osel288=1 osel289=1 osel290=2 osel291=2 osel292=2 osel293=2 osel294=1 osel295=1 osel296=2 osel297=2 osel298=1 osel299=1 osel2100=1 osel2101=1 osel2102=2 osel2103=2 osel2104=2 osel2105=2 osel2106=1 osel2107=1 osel2108=1 osel2109=1 osel2110=2 osel2111=2 osel2112=2 osel2113=2 osel2114=1 osel2115=1 osel2116=1 osel2117=1 osel2118=2 osel2119=2 osel2120=2 osel2121=2 osel2122=1 osel2123=1 osel2124=1 osel2125=1 osel2126=2 osel2127=2

Best candidate: m=1, T=256
// Transform z = Mx + b (GF(2)):
// m=1, n=8
// z_0 = 1

Total time: 23.5098 s
