--- Circuit ---
  Inputs: 16, Outputs to optimize: 8
Phase 1: Computing truth table...
  Truth table: 2^16 = 65536 inputs, 1024 batches, 8 output(s), 104 thread(s)
  Time: 0.00512685 s

Phase 2: Raw ANF baseline...
  Sum T = 518
  Max deg = 9
    om_7: T=257, m=9
    om_6: T=129, m=8
    om_5: T=65, m=7
    om_4: T=33, m=6
    om_3: T=17, m=5
    om_2: T=9, m=4
    om_1: T=5, m=3
    om_0: T=3, m=2

Phase 3: Computing Walsh correlations...
  Output om_7 top-5 bits: 8(129) 9(129) 10(129) 11(129) 12(129) 
  Output om_6 top-5 bits: 8(128) 9(128) 10(128) 11(128) 12(128) 
  Output om_5 top-5 bits: 8(128) 9(128) 10(128) 11(128) 12(128) 
  Output om_4 top-5 bits: 8(128) 9(128) 10(128) 11(128) 12(128) 
  Output om_3 top-5 bits: 8(128) 9(128) 10(128) 11(128) 12(128) 
  Output om_2 top-5 bits: 8(128) 9(128) 10(128) 11(128) 12(128) 
  Output om_1 top-5 bits: 8(128) 9(128) 10(128) 11(128) 12(128) 
  Output om_0 top-5 bits: 8(128) 9(128) 10(128) 11(128) 12(128) 
  Walsh time: 0.0584594 s

Phase 4: Searching for M,b...
  4a: Single-row Walsh (80 candidates)
  4b: Multi-row Walsh (10 progressive + pair combinations)
  4c: Random M,b (500 candidates)
  Search time: 16.8124 s

========================================
  Results (598 candidates evaluated)
  Raw ANF Sum T = 518
========================================
  1. m=2 T=0 (compression 518×) M=[00000001..; 00110011..]
    Per-output T: om_7=0 om_6=0 om_5=0 om_4=0 om_3=0 om_2=0 om_1=0 om_0=0
  2. m=5 T=0 (compression 518×) M=[00101001..; 11000100..; 00100010..; 11000001..; 00010101..]
    Per-output T: om_7=0 om_6=0 om_5=0 om_4=0 om_3=0 om_2=0 om_1=0 om_0=0
  3. m=6 T=0 (compression 518×) M=[11101101..; 10110111..; 10110000..; 10110001..; 11010111..; 01110110..]
    Per-output T: om_7=0 om_6=0 om_5=0 om_4=0 om_3=0 om_2=0 om_1=0 om_0=0
  4. m=5 T=0 (compression 518×) M=[00010101..; 11010101..; 10010010..; 00010101..; 00100000..]
    Per-output T: om_7=0 om_6=0 om_5=0 om_4=0 om_3=0 om_2=0 om_1=0 om_0=0
  5. m=2 T=0 (compression 518×) M=[01011011..; 01010110..]
    Per-output T: om_7=0 om_6=0 om_5=0 om_4=0 om_3=0 om_2=0 om_1=0 om_0=0
  6. m=1 T=0 (compression 518×) M=[11011100..]
    Per-output T: om_7=0 om_6=0 om_5=0 om_4=0 om_3=0 om_2=0 om_1=0 om_0=0
  7. m=6 T=0 (compression 518×) M=[10001001..; 11010000..; 10010110..; 11100001..; 01100001..; 00100100..]
    Per-output T: om_7=0 om_6=0 om_5=0 om_4=0 om_3=0 om_2=0 om_1=0 om_0=0
  8. m=6 T=0 (compression 518×) M=[10111000..; 10000100..; 01100101..; 10000101..; 01000000..; 00011110..]
    Per-output T: om_7=0 om_6=0 om_5=0 om_4=0 om_3=0 om_2=0 om_1=0 om_0=0
  9. m=7 T=0 (compression 518×) M=[10010000..; 11010010..; 10101001..; 11010111..; 10100010..; 01100001..; 11001000..]
    Per-output T: om_7=0 om_6=0 om_5=0 om_4=0 om_3=0 om_2=0 om_1=0 om_0=0
  10. m=1 T=0 (compression 518×) M=[10111100..]
    Per-output T: om_7=0 om_6=0 om_5=0 om_4=0 om_3=0 om_2=0 om_1=0 om_0=0
  11. m=8 T=0 (compression 518×) M=[01001010..; 11000111..; 10110100..; 00000101..; 01101001..; 10111100..; 11100101..; 00111001..]
    Per-output T: om_7=0 om_6=0 om_5=0 om_4=0 om_3=0 om_2=0 om_1=0 om_0=0
  12. m=1 T=0 (compression 518×) M=[00110001..]
    Per-output T: om_7=0 om_6=0 om_5=0 om_4=0 om_3=0 om_2=0 om_1=0 om_0=0
  13. m=2 T=0 (compression 518×) M=[01111111..; 11000100..]
    Per-output T: om_7=0 om_6=0 om_5=0 om_4=0 om_3=0 om_2=0 om_1=0 om_0=0
  14. m=7 T=0 (compression 518×) M=[00101011..; 11010110..; 10111010..; 00010111..; 11010111..; 11000010..; 01101111..]
    Per-output T: om_7=0 om_6=0 om_5=0 om_4=0 om_3=0 om_2=0 om_1=0 om_0=0
  15. m=6 T=0 (compression 518×) M=[01100001..; 11101001..; 00100100..; 01100100..; 10000101..; 00100000..]
    Per-output T: om_7=0 om_6=0 om_5=0 om_4=0 om_3=0 om_2=0 om_1=0 om_0=0
  16. m=1 T=0 (compression 518×) M=[00000000..]
    Per-output T: om_7=0 om_6=0 om_5=0 om_4=0 om_3=0 om_2=0 om_1=0 om_0=0
  17. m=6 T=0 (compression 518×) M=[00000110..; 11101110..; 00111001..; 11110001..; 10000100..; 11100010..]
    Per-output T: om_7=0 om_6=0 om_5=0 om_4=0 om_3=0 om_2=0 om_1=0 om_0=0
  18. m=5 T=0 (compression 518×) M=[11011100..; 01100001..; 10101010..; 11100001..; 00110110..]
    Per-output T: om_7=0 om_6=0 om_5=0 om_4=0 om_3=0 om_2=0 om_1=0 om_0=0
  19. m=8 T=0 (compression 518×) M=[00110000..; 10110101..; 01101101..; 10000110..; 10001010..; 00000011..; 11100010..; 01111010..]
    Per-output T: om_7=0 om_6=0 om_5=0 om_4=0 om_3=0 om_2=0 om_1=0 om_0=0
  20. m=1 T=0 (compression 518×) M=[10000111..]
    Per-output T: om_7=0 om_6=0 om_5=0 om_4=0 om_3=0 om_2=0 om_1=0 om_0=0

Best candidate: m=2, T=0
// Transform z = Mx + b (GF(2)):
// m=2, n=16
// z_0 = i2 + i15 + i11 + i0
// z_1 = i7 + i6 + i3 + i2 + i14 + i13 + i10 + i1 + i0

Total time: 16.8782 s
