--- Circuit ---
  Inputs: 16, Outputs to optimize: 8
Phase 1: Computing truth table...
  Truth table: 2^16 = 65536 inputs, 1024 batches, 8 output(s), 104 thread(s)
  Time: 0.00590793 s

Phase 2: Raw ANF baseline...
  Sum T = 678
  Max deg = 9
    m_7: T=3, m=2
    m_6: T=5, m=3
    m_5: T=9, m=4
    m_4: T=17, m=5
    m_3: T=33, m=6
    m_2: T=225, m=9
    m_1: T=129, m=8
    m_0: T=257, m=9

Phase 3: Computing Walsh correlations...
  Output m_7 top-5 bits: 8(128) 9(128) 10(128) 11(128) 12(128) 
  Output m_6 top-5 bits: 8(128) 9(128) 10(128) 11(128) 12(128) 
  Output m_5 top-5 bits: 8(128) 9(128) 10(128) 11(128) 12(128) 
  Output m_4 top-5 bits: 8(128) 9(128) 10(128) 11(128) 12(128) 
  Output m_3 top-5 bits: 8(128) 9(128) 10(128) 11(128) 12(128) 
  Output m_2 top-5 bits: 8(192) 9(192) 10(192) 11(192) 12(192) 
  Output m_1 top-5 bits: 8(128) 9(128) 10(128) 11(128) 12(128) 
  Output m_0 top-5 bits: 8(129) 9(129) 10(129) 11(129) 12(129) 
  Walsh time: 0.0584966 s

Phase 4: Searching for M,b...
  4a: Single-row Walsh (80 candidates)
  4b: Multi-row Walsh (10 progressive + pair combinations)
  4c: Random M,b (500 candidates)
  Search time: 16.4225 s

========================================
  Results (598 candidates evaluated)
  Raw ANF Sum T = 678
========================================
  1. m=1 T=0 (compression 678×) M=[10010001..]
    Per-output T: m_7=0 m_6=0 m_5=0 m_4=0 m_3=0 m_2=0 m_1=0 m_0=0
  2. m=6 T=0 (compression 678×) M=[11001100..; 01011000..; 01001010..; 00100011..; 00001100..; 10101110..]
    Per-output T: m_7=0 m_6=0 m_5=0 m_4=0 m_3=0 m_2=0 m_1=0 m_0=0
  3. m=8 T=0 (compression 678×) M=[11000111..; 10110111..; 00101100..; 01001011..; 10010000..; 11011111..; 11001101..; 01111000..]
    Per-output T: m_7=0 m_6=0 m_5=0 m_4=0 m_3=0 m_2=0 m_1=0 m_0=0
  4. m=4 T=0 (compression 678×) M=[10011111..; 01110101..; 10010111..; 10011010..]
    Per-output T: m_7=0 m_6=0 m_5=0 m_4=0 m_3=0 m_2=0 m_1=0 m_0=0
  5. m=4 T=0 (compression 678×) M=[10100001..; 11010010..; 11000111..; 00111000..]
    Per-output T: m_7=0 m_6=0 m_5=0 m_4=0 m_3=0 m_2=0 m_1=0 m_0=0
  6. m=2 T=0 (compression 678×) M=[10001110..; 10010000..]
    Per-output T: m_7=0 m_6=0 m_5=0 m_4=0 m_3=0 m_2=0 m_1=0 m_0=0
  7. m=5 T=0 (compression 678×) M=[01100001..; 01111110..; 00011010..; 00100111..; 10111100..]
    Per-output T: m_7=0 m_6=0 m_5=0 m_4=0 m_3=0 m_2=0 m_1=0 m_0=0
  8. m=2 T=0 (compression 678×) M=[01101101..; 00110010..]
    Per-output T: m_7=0 m_6=0 m_5=0 m_4=0 m_3=0 m_2=0 m_1=0 m_0=0
  9. m=8 T=0 (compression 678×) M=[10000101..; 10101110..; 10100111..; 11111000..; 10101111..; 11101111..; 00011010..; 01101101..]
    Per-output T: m_7=0 m_6=0 m_5=0 m_4=0 m_3=0 m_2=0 m_1=0 m_0=0
  10. m=3 T=0 (compression 678×) M=[01010000..; 10001100..; 01010110..]
    Per-output T: m_7=0 m_6=0 m_5=0 m_4=0 m_3=0 m_2=0 m_1=0 m_0=0
  11. m=4 T=0 (compression 678×) M=[10101110..; 01100000..; 10000110..; 00100000..]
    Per-output T: m_7=0 m_6=0 m_5=0 m_4=0 m_3=0 m_2=0 m_1=0 m_0=0
  12. m=7 T=0 (compression 678×) M=[10100111..; 11101001..; 10000011..; 11100000..; 00010001..; 01010000..; 00101000..]
    Per-output T: m_7=0 m_6=0 m_5=0 m_4=0 m_3=0 m_2=0 m_1=0 m_0=0
  13. m=3 T=0 (compression 678×) M=[01111000..; 01110100..; 01100110..]
    Per-output T: m_7=0 m_6=0 m_5=0 m_4=0 m_3=0 m_2=0 m_1=0 m_0=0
  14. m=3 T=0 (compression 678×) M=[10100000..; 00110001..; 00110011..]
    Per-output T: m_7=0 m_6=0 m_5=0 m_4=0 m_3=0 m_2=0 m_1=0 m_0=0
  15. m=7 T=0 (compression 678×) M=[10111001..; 00110100..; 11100000..; 11100101..; 01111001..; 11011011..; 01001100..]
    Per-output T: m_7=0 m_6=0 m_5=0 m_4=0 m_3=0 m_2=0 m_1=0 m_0=0
  16. m=1 T=0 (compression 678×) M=[10101010..]
    Per-output T: m_7=0 m_6=0 m_5=0 m_4=0 m_3=0 m_2=0 m_1=0 m_0=0
  17. m=4 T=0 (compression 678×) M=[00110011..; 01101111..; 01011100..; 00000011..]
    Per-output T: m_7=0 m_6=0 m_5=0 m_4=0 m_3=0 m_2=0 m_1=0 m_0=0
  18. m=5 T=0 (compression 678×) M=[10110011..; 01111011..; 01100110..; 00001111..; 10001010..]
    Per-output T: m_7=0 m_6=0 m_5=0 m_4=0 m_3=0 m_2=0 m_1=0 m_0=0
  19. m=4 T=0 (compression 678×) M=[10011001..; 01001010..; 01011010..; 10100101..]
    Per-output T: m_7=0 m_6=0 m_5=0 m_4=0 m_3=0 m_2=0 m_1=0 m_0=0
  20. m=7 T=0 (compression 678×) M=[00011110..; 00000111..; 11001010..; 00010000..; 00010011..; 01101110..; 11100110..]
    Per-output T: m_7=0 m_6=0 m_5=0 m_4=0 m_3=0 m_2=0 m_1=0 m_0=0

Best candidate: m=1, T=0
// Transform z = Mx + b (GF(2)):
// m=1, n=16
// z_0 = i_9 + i_6 + i_2 + i_17 + i_15 + i_12 + i_10 + 1

Total time: 16.4892 s
