--- Circuit ---
  Inputs: 16, Outputs to optimize: 8
Phase 1: Computing truth table...
  Truth table: 2^16 = 65536 inputs, 1024 batches, 8 output(s), 104 thread(s)
  Time: 0.00526849 s

Phase 2: Raw ANF baseline...
  Sum T = 678
  Max deg = 9
    m_7: T=3, m=2
    m_6: T=5, m=3
    m_5: T=9, m=4
    m_4: T=17, m=5
    m_3: T=33, m=6
    m_2: T=225, m=9
    m_1: T=129, m=8
    m_0: T=257, m=9

Phase 3: Computing Walsh correlations...
  Output m_7 top-5 bits: 8(128) 9(128) 10(128) 11(128) 12(128) 
  Output m_6 top-5 bits: 8(128) 9(128) 10(128) 11(128) 12(128) 
  Output m_5 top-5 bits: 8(128) 9(128) 10(128) 11(128) 12(128) 
  Output m_4 top-5 bits: 11(320) 12(320) 13(320) 14(320) 15(320) 
  Output m_3 top-5 bits: 8(128) 9(128) 10(128) 11(128) 12(128) 
  Output m_2 top-5 bits: 8(192) 9(192) 10(192) 11(192) 12(192) 
  Output m_1 top-5 bits: 8(128) 9(128) 10(128) 11(128) 12(128) 
  Output m_0 top-5 bits: 8(129) 9(129) 10(129) 11(129) 12(129) 
  Walsh time: 0.0594159 s

Phase 4: Searching for M,b...
  4a: Single-row Walsh (80 candidates)
  4b: Multi-row Walsh (10 progressive + pair combinations)
  4c: Random M,b (500 candidates)
  Search time: 16.9511 s

========================================
  Results (598 candidates evaluated)
  Raw ANF Sum T = 678
========================================
  1. m=6 T=0 (compression 678×) M=[10111000..; 10000100..; 01100101..; 10000101..; 01000000..; 00011110..]
    Per-output T: m_7=0 m_6=0 m_5=0 m_4=0 m_3=0 m_2=0 m_1=0 m_0=0
  2. m=5 T=0 (compression 678×) M=[01001111..; 10001011..; 10011010..; 00110001..; 01111111..]
    Per-output T: m_7=0 m_6=0 m_5=0 m_4=0 m_3=0 m_2=0 m_1=0 m_0=0
  3. m=4 T=0 (compression 678×) M=[00000001..; 10111101..; 11110010..; 11110000..]
    Per-output T: m_7=0 m_6=0 m_5=0 m_4=0 m_3=0 m_2=0 m_1=0 m_0=0
  4. m=5 T=0 (compression 678×) M=[10000001..; 10000101..; 00110101..; 11000010..; 10000000..]
    Per-output T: m_7=0 m_6=0 m_5=0 m_4=0 m_3=0 m_2=0 m_1=0 m_0=0
  5. m=2 T=0 (compression 678×) M=[01111111..; 11000100..]
    Per-output T: m_7=0 m_6=0 m_5=0 m_4=0 m_3=0 m_2=0 m_1=0 m_0=0
  6. m=5 T=0 (compression 678×) M=[00101001..; 11000100..; 00100010..; 11000001..; 00010101..]
    Per-output T: m_7=0 m_6=0 m_5=0 m_4=0 m_3=0 m_2=0 m_1=0 m_0=0
  7. m=7 T=0 (compression 678×) M=[11000010..; 01010100..; 11001111..; 11011100..; 01111101..; 10101101..; 00101010..]
    Per-output T: m_7=0 m_6=0 m_5=0 m_4=0 m_3=0 m_2=0 m_1=0 m_0=0
  8. m=6 T=0 (compression 678×) M=[11101101..; 10110111..; 10110000..; 10110001..; 11010111..; 01110110..]
    Per-output T: m_7=0 m_6=0 m_5=0 m_4=0 m_3=0 m_2=0 m_1=0 m_0=0
  9. m=5 T=0 (compression 678×) M=[00010101..; 11010101..; 10010010..; 00010101..; 00100000..]
    Per-output T: m_7=0 m_6=0 m_5=0 m_4=0 m_3=0 m_2=0 m_1=0 m_0=0
  10. m=2 T=0 (compression 678×) M=[01011011..; 01010110..]
    Per-output T: m_7=0 m_6=0 m_5=0 m_4=0 m_3=0 m_2=0 m_1=0 m_0=0
  11. m=1 T=0 (compression 678×) M=[11011100..]
    Per-output T: m_7=0 m_6=0 m_5=0 m_4=0 m_3=0 m_2=0 m_1=0 m_0=0
  12. m=6 T=0 (compression 678×) M=[10001001..; 11010000..; 10010110..; 11100001..; 01100001..; 00100100..]
    Per-output T: m_7=0 m_6=0 m_5=0 m_4=0 m_3=0 m_2=0 m_1=0 m_0=0
  13. m=2 T=0 (compression 678×) M=[00100111..; 11011110..]
    Per-output T: m_7=0 m_6=0 m_5=0 m_4=0 m_3=0 m_2=0 m_1=0 m_0=0
  14. m=7 T=0 (compression 678×) M=[10010000..; 11010010..; 10101001..; 11010111..; 10100010..; 01100001..; 11001000..]
    Per-output T: m_7=0 m_6=0 m_5=0 m_4=0 m_3=0 m_2=0 m_1=0 m_0=0
  15. m=1 T=0 (compression 678×) M=[10111100..]
    Per-output T: m_7=0 m_6=0 m_5=0 m_4=0 m_3=0 m_2=0 m_1=0 m_0=0
  16. m=8 T=0 (compression 678×) M=[01001010..; 11000111..; 10110100..; 00000101..; 01101001..; 10111100..; 11100101..; 00111001..]
    Per-output T: m_7=0 m_6=0 m_5=0 m_4=0 m_3=0 m_2=0 m_1=0 m_0=0
  17. m=1 T=0 (compression 678×) M=[00110001..]
    Per-output T: m_7=0 m_6=0 m_5=0 m_4=0 m_3=0 m_2=0 m_1=0 m_0=0
  18. m=2 T=0 (compression 678×) M=[00000001..; 00110011..]
    Per-output T: m_7=0 m_6=0 m_5=0 m_4=0 m_3=0 m_2=0 m_1=0 m_0=0
  19. m=7 T=0 (compression 678×) M=[00101011..; 11010110..; 10111010..; 00010111..; 11010111..; 11000010..; 01101111..]
    Per-output T: m_7=0 m_6=0 m_5=0 m_4=0 m_3=0 m_2=0 m_1=0 m_0=0
  20. m=6 T=0 (compression 678×) M=[01100001..; 11101001..; 00100100..; 01100100..; 10000101..; 00100000..]
    Per-output T: m_7=0 m_6=0 m_5=0 m_4=0 m_3=0 m_2=0 m_1=0 m_0=0

Best candidate: m=6, T=0
// Transform z = Mx + b (GF(2)):
// m=6, n=16
// z_0 = i_9 + i_7 + i_6 + i_5 + i_15 + i_14 + i_12 + i_11 + i_10
// z_1 = i_9 + i_4 + i_17 + i_16 + i_15 + i_14 + 1
// z_2 = i_8 + i_7 + i_4 + i_2 + i_17 + i_15 + i_12 + i_11 + i_10
// z_3 = i_9 + i_4 + i_2 + i_17 + i_16 + i_15 + i_12 + i_11 + i_10 + 1
// z_4 = i_8 + i_16 + i_14 + i_12 + i_11 + 1
// z_5 = i_6 + i_5 + i_4 + i_3 + i_17 + i_16 + i_15 + i_13 + i_12

Total time: 17.0182 s
