--- Circuit ---
  Inputs: 8, Outputs to optimize: 8
Phase 1: Computing truth table...
  Truth table: 2^8 = 256 inputs, 4 batches, 8 output(s), 104 thread(s)
  Time: 0.000244401 s

Phase 2: Raw ANF baseline...
  Sum T = 162
  Max deg = 7
    om_7: T=84, m=7
    om_6: T=42, m=7
    om_5: T=20, m=5
    om_4: T=10, m=5
    om_3: T=4, m=3
    om_2: T=2, m=3
    om_1: T=0, m=0
    om_0: T=0, m=0

Phase 3: Computing Walsh correlations...
  Output om_7 top-5 bits: 0(32) 6(32) 7(32) 1(0) 2(0) 
  Output om_6 top-5 bits: 1(32) 6(32) 7(32) 0(0) 2(0) 
  Output om_5 top-5 bits: 2(32) 6(32) 7(32) 0(0) 1(0) 
  Output om_4 top-5 bits: 3(24) 6(24) 7(24) 4(8) 5(8) 
  Output om_3 top-5 bits: 4(32) 6(32) 7(32) 0(0) 1(0) 
  Output om_2 top-5 bits: 0(0) 1(0) 2(0) 3(0) 4(0) 
  Output om_1 top-5 bits: 0(0) 1(0) 2(0) 3(0) 4(0) 
  Output om_0 top-5 bits: 0(0) 1(0) 2(0) 3(0) 4(0) 
  Walsh time: 0.0015633 s

Phase 4: Searching for M,b...
  4a: Single-row Walsh (80 candidates)
  4b: Multi-row Walsh (10 progressive + pair combinations)
  4c: Random M,b (500 candidates)
  Search time: 1.18827 s

========================================
  Results (580 candidates evaluated)
  Raw ANF Sum T = 162
========================================
  1. m=1 T=0 (compression 162×) M=[01011111..]
    Per-output T: om_7=0 om_6=0 om_5=0 om_4=0 om_3=0 om_2=0 om_1=0 om_0=0
  2. m=1 T=0 (compression 162×) M=[01010000..]
    Per-output T: om_7=0 om_6=0 om_5=0 om_4=0 om_3=0 om_2=0 om_1=0 om_0=0
  3. m=1 T=0 (compression 162×) M=[01010000..]
    Per-output T: om_7=0 om_6=0 om_5=0 om_4=0 om_3=0 om_2=0 om_1=0 om_0=0
  4. m=1 T=0 (compression 162×) M=[00000000..]
    Per-output T: om_7=0 om_6=0 om_5=0 om_4=0 om_3=0 om_2=0 om_1=0 om_0=0
  5. m=1 T=0 (compression 162×) M=[01110010..]
    Per-output T: om_7=0 om_6=0 om_5=0 om_4=0 om_3=0 om_2=0 om_1=0 om_0=0
  6. m=1 T=0 (compression 162×) M=[01001100..]
    Per-output T: om_7=0 om_6=0 om_5=0 om_4=0 om_3=0 om_2=0 om_1=0 om_0=0
  7. m=1 T=0 (compression 162×) M=[01100100..]
    Per-output T: om_7=0 om_6=0 om_5=0 om_4=0 om_3=0 om_2=0 om_1=0 om_0=0
  8. m=2 T=0 (compression 162×) M=[01000100..; 00000000..]
    Per-output T: om_7=0 om_6=0 om_5=0 om_4=0 om_3=0 om_2=0 om_1=0 om_0=0
  9. m=1 T=0 (compression 162×) M=[00101000..]
    Per-output T: om_7=0 om_6=0 om_5=0 om_4=0 om_3=0 om_2=0 om_1=0 om_0=0
  10. m=1 T=0 (compression 162×) M=[00101000..]
    Per-output T: om_7=0 om_6=0 om_5=0 om_4=0 om_3=0 om_2=0 om_1=0 om_0=0
  11. m=1 T=0 (compression 162×) M=[01000100..]
    Per-output T: om_7=0 om_6=0 om_5=0 om_4=0 om_3=0 om_2=0 om_1=0 om_0=0
  12. m=1 T=0 (compression 162×) M=[00000010..]
    Per-output T: om_7=0 om_6=0 om_5=0 om_4=0 om_3=0 om_2=0 om_1=0 om_0=0
  13. m=1 T=0 (compression 162×) M=[00101010..]
    Per-output T: om_7=0 om_6=0 om_5=0 om_4=0 om_3=0 om_2=0 om_1=0 om_0=0
  14. m=1 T=0 (compression 162×) M=[00000101..]
    Per-output T: om_7=0 om_6=0 om_5=0 om_4=0 om_3=0 om_2=0 om_1=0 om_0=0
  15. m=1 T=0 (compression 162×) M=[00000101..]
    Per-output T: om_7=0 om_6=0 om_5=0 om_4=0 om_3=0 om_2=0 om_1=0 om_0=0
  16. m=1 T=0 (compression 162×) M=[00010001..]
    Per-output T: om_7=0 om_6=0 om_5=0 om_4=0 om_3=0 om_2=0 om_1=0 om_0=0
  17. m=1 T=0 (compression 162×) M=[00010001..]
    Per-output T: om_7=0 om_6=0 om_5=0 om_4=0 om_3=0 om_2=0 om_1=0 om_0=0
  18. m=1 T=0 (compression 162×) M=[01000001..]
    Per-output T: om_7=0 om_6=0 om_5=0 om_4=0 om_3=0 om_2=0 om_1=0 om_0=0
  19. m=1 T=0 (compression 162×) M=[01000001..]
    Per-output T: om_7=0 om_6=0 om_5=0 om_4=0 om_3=0 om_2=0 om_1=0 om_0=0
  20. m=1 T=0 (compression 162×) M=[01001001..]
    Per-output T: om_7=0 om_6=0 om_5=0 om_4=0 om_3=0 om_2=0 om_1=0 om_0=0

Best candidate: m=1, T=0
// Transform z = Mx + b (GF(2)):
// m=1, n=8
// z_0 = i6 + i4 + i3 + i2 + i1 + i0 + 1

Total time: 1.19132 s
