--- Circuit ---
  Inputs: 11, Outputs to optimize: 7
Phase 1: Computing truth table...
  Truth table: 2^11 = 2048 inputs, 32 batches, 7 output(s), 104 thread(s)
  Time: 0.00180914 s

Phase 2: Raw ANF baseline...
  Sum T = 1613
  Max deg = 11
    oM0: T=255, m=8
    oM1: T=383, m=9
    oM2: T=351, m=10
    oM3: T=255, m=9
    oE0: T=203, m=11
    oE1: T=135, m=11
    oE2: T=31, m=9

Phase 3: Computing Walsh correlations...
  Output oM0 top-5 bits: 6(64) 7(64) 8(64) 9(64) 10(64) 
  Output oM1 top-5 bits: 6(64) 7(64) 8(64) 9(64) 10(64) 
  Output oM2 top-5 bits: 6(64) 7(64) 8(64) 9(64) 10(64) 
  Output oM3 top-5 bits: 6(64) 7(64) 8(64) 9(64) 10(64) 
  Output oE0 top-5 bits: 6(64) 7(64) 8(64) 9(64) 10(64) 
  Output oE1 top-5 bits: 6(64) 7(64) 8(64) 9(64) 10(64) 
  Output oE2 top-5 bits: 6(64) 7(64) 8(64) 9(64) 10(64) 
  Walsh time: 0.0127313 s

Phase 4: Searching for M,b...
  4a: Single-row Walsh (80 candidates)
  4b: Multi-row Walsh (10 progressive + pair combinations)
  4c: Random M,b (500 candidates)
  Search time: 7.93016 s

========================================
  Results (588 candidates evaluated)
  Raw ANF Sum T = 1613
========================================
  1. m=1 T=2 (compression 806.5×) M=[01000001..]
    Per-output T: oM0=0 oM1=0 oM2=0 oM3=0 oE0=1 oE1=1 oE2=0
  2. m=1 T=2 (compression 806.5×) M=[00100001..]
    Per-output T: oM0=0 oM1=0 oM2=0 oM3=0 oE0=1 oE1=1 oE2=0
  3. m=1 T=2 (compression 806.5×) M=[00000011..]
    Per-output T: oM0=0 oM1=0 oM2=0 oM3=0 oE0=1 oE1=1 oE2=0
  4. m=1 T=2 (compression 806.5×) M=[00000010..]
    Per-output T: oM0=0 oM1=0 oM2=0 oM3=0 oE0=1 oE1=1 oE2=0
  5. m=1 T=2 (compression 806.5×) M=[00000010..]
    Per-output T: oM0=0 oM1=0 oM2=0 oM3=0 oE0=1 oE1=1 oE2=0
  6. m=1 T=2 (compression 806.5×) M=[00100010..]
    Per-output T: oM0=0 oM1=0 oM2=0 oM3=0 oE0=1 oE1=1 oE2=0
  7. m=1 T=2 (compression 806.5×) M=[00000010..]
    Per-output T: oM0=0 oM1=0 oM2=0 oM3=0 oE0=1 oE1=1 oE2=0
  8. m=1 T=2 (compression 806.5×) M=[01000010..]
    Per-output T: oM0=0 oM1=0 oM2=0 oM3=0 oE0=1 oE1=1 oE2=0
  9. m=1 T=2 (compression 806.5×) M=[00100010..]
    Per-output T: oM0=0 oM1=0 oM2=0 oM3=0 oE0=1 oE1=1 oE2=0
  10. m=1 T=2 (compression 806.5×) M=[01101100..]
    Per-output T: oM0=0 oM1=0 oM2=0 oM3=0 oE0=1 oE1=1 oE2=0
  11. m=1 T=2 (compression 806.5×) M=[00000001..]
    Per-output T: oM0=0 oM1=0 oM2=0 oM3=0 oE0=1 oE1=1 oE2=0
  12. m=1 T=2 (compression 806.5×) M=[00000001..]
    Per-output T: oM0=0 oM1=0 oM2=0 oM3=0 oE0=1 oE1=1 oE2=0
  13. m=1 T=2 (compression 806.5×) M=[00000001..]
    Per-output T: oM0=0 oM1=0 oM2=0 oM3=0 oE0=1 oE1=1 oE2=0
  14. m=1 T=2 (compression 806.5×) M=[00000010..]
    Per-output T: oM0=0 oM1=0 oM2=0 oM3=0 oE0=1 oE1=1 oE2=0
  15. m=1 T=2 (compression 806.5×) M=[00100001..]
    Per-output T: oM0=0 oM1=0 oM2=0 oM3=0 oE0=1 oE1=1 oE2=0
  16. m=1 T=2 (compression 806.5×) M=[01100000..]
    Per-output T: oM0=0 oM1=0 oM2=0 oM3=0 oE0=1 oE1=1 oE2=0
  17. m=1 T=2 (compression 806.5×) M=[00000000..]
    Per-output T: oM0=0 oM1=0 oM2=0 oM3=0 oE0=1 oE1=1 oE2=0
  18. m=1 T=2 (compression 806.5×) M=[00000000..]
    Per-output T: oM0=0 oM1=0 oM2=0 oM3=0 oE0=1 oE1=1 oE2=0
  19. m=1 T=2 (compression 806.5×) M=[01000000..]
    Per-output T: oM0=0 oM1=0 oM2=0 oM3=0 oE0=1 oE1=1 oE2=0
  20. m=1 T=2 (compression 806.5×) M=[00100000..]
    Per-output T: oM0=0 oM1=0 oM2=0 oM3=0 oE0=1 oE1=1 oE2=0

Best candidate: m=1, T=2
// Transform z = Mx + b (GF(2)):
// m=1, n=11
// z_0 = B1 + B7

Total time: 7.9461 s
