--- Circuit ---
  Inputs: 8, Outputs: 8, Gates: 1991
  Max-m: 6, Pool-rows: 30, Hill-climb: 100000

Phase 1: Per-output sparse-g enumeration
  Output 0/8 (y_0)...
    Scoring 24 pool rows...
    m=8 T=18 [0.000957565 s]
  Output 1/8 (y_1)...
    Scoring 24 pool rows...
    m=8 T=19 [0.000941982 s]
  Output 2/8 (y_2)...
    Scoring 24 pool rows...
    m=8 T=15 [0.000971956 s]
  Output 3/8 (y_3)...
    Scoring 24 pool rows...
    m=8 T=18 [0.000950728 s]
  Output 4/8 (y_4)...
    Scoring 24 pool rows...
    m=8 T=21 [0.000937068 s]
  Output 5/8 (y_5)...
    Scoring 24 pool rows...
    m=8 T=12 [0.00157814 s]
  Output 6/8 (y_6)...
    Scoring 24 pool rows...
    m=8 T=14 [0.000999542 s]
  Output 7/8 (y_7)...
    Scoring 24 pool rows...
    m=8 T=14 [0.00121718 s]

=== Results ===
  Sum T = 131
  y_0: T=18 m=8
  y_1: T=19 m=8
  y_2: T=15 m=8
  y_3: T=18 m=8
  y_4: T=21 m=8
  y_5: T=12 m=8
  y_6: T=14 m=8
  y_7: T=14 m=8
  Sum T = 95
  Union T = 95
  Saved: /home/wangfz/bool/cpp/results/aes_bool/aes_bool_d2_opt2.affine (s=64, n=8)
  Saved: /home/wangfz/bool/cpp/results/aes_bool/aes_bool_d2_opt2.poly (m=64, 8 outputs)
  Saved: /home/wangfz/bool/cpp/results/aes_bool/aes_bool_d2_opt2_stats.txt (sum_T=95, union_T=95)
  Saved: /home/wangfz/bool/cpp/results/aes_bool/aes_bool_d2_opt2_verify.txt

Total time: 0.20126 s
