--- Circuit ---
  Inputs: 8, Outputs to optimize: 8

Phase 1: Computing truth table...
  Truth table: 2^8 = 256 inputs, 4 batches, 8 output(s), 104 thread(s)

Phase 2: Raw ANF baseline...
  Sum T = 978
  Max deg = 7
    y_0: T=127, m=7
    y_1: T=128, m=7
    y_2: T=141, m=7
    y_3: T=132, m=7
    y_4: T=126, m=7
    y_5: T=110, m=7
    y_6: T=108, m=7
    y_7: T=106, m=7

Phase 2c: d1c product-based simplification...
    [d1c] output 0 (t=8): T_nl 127 → 104 (b=0xd8)
      → T_union=255
    [d1c] output 1 (t=8): T_nl 128 → 104 (b=0x73)
      → T_union=255
    [d1c] output 2 (t=8): T_nl 141 → 112 (b=0x1b)
      → T_union=255
    [d1c] output 3 (t=8): T_nl 132 → 106 (b=0xec)
      → T_union=255
    [d1c] output 4 (t=8): T_nl 126 → 105 (b=0x57)
      → T_union=255
    [d1c] output 5 (t=8): T_nl 110 → 96 (b=0x61)
      → T_union=255
    [d1c] output 6 (t=8): T_nl 108 → 99 (b=0xfc)
      → T_union=255
    [d1c] output 7 (t=8): T_nl 106 → 94 (b=0xbe)
      → T_union=255
    Searched 8 output(s), 8 improved
    d1c time: 0.0433836 s

Phase 2b: Computing Aut(F) basis...
  dim(Aut(F)) = 6
  basis vectors: 5 2 12 8 16 32
  Aut(F) time: 6.5958e-05 s
  Dependency union: 8/8 bits (0 don't-care)

Phase 3: Computing Walsh correlations...
  Output y_0 top-5 bits: 6(32) 7(32) 3(10) 2(8) 5(4)
  Output y_1 top-5 bits: 6(28) 7(28) 2(8) 1(6) 5(4)
  Output y_2 top-5 bits: 6(35) 7(35) 1(7) 0(5) 5(5)
  Output y_3 top-5 bits: 6(37) 7(37) 4(7) 3(3) 5(3)
  Output y_4 top-5 bits: 6(32) 7(32) 0(4) 3(4) 1(2)
  Output y_5 top-5 bits: 6(29) 7(29) 2(7) 3(7) 5(5)
  Output y_6 top-5 bits: 6(26) 7(26) 1(8) 2(2) 4(2)
  Output y_7 top-5 bits: 6(34) 7(34) 4(6) 2(4) 5(4)
  Walsh time: 0.000889542 s

Phase 4: Searching for M,b...
  4a-pr: Progressive M construction (max m=16)...
    progressive result: m=8 T_union=255
    progressive time: 0.00514139 s
  4a: Single-row Walsh (80 candidates)
  4b: Multi-row Walsh (10 progressive + pair combinations)
  4c: Random M,b (100000 candidates)
  Search time: 60.0759 s
  4e: Hill climbing from top 100000 candidates (+ identity)
    hill climb #0: T=252 -> T=248
    hill climb #1: T=252 -> T=245
    hill climb #2: T=252 -> T=249
    hill climb #3: T=252 -> T=250
    hill climb #4: T=252 -> T=246
    hill climb #5: T=253 -> T=252
    hill climb #7: T=253 -> T=248
    hill climb #8: T=253 -> T=251
    hill climb #9: T=253 -> T=246
    hill climb #10: T=253 -> T=249
    hill climb #11: T=253 -> T=250
    hill climb #13: T=253 -> T=250
    hill climb #14: T=253 -> T=251
    hill climb #16: T=253 -> T=246
    hill climb #17: T=253 -> T=252
    hill climb #18: T=253 -> T=250
    hill climb #20: T=253 -> T=250
    hill climb #21: T=253 -> T=248
    hill climb #22: T=253 -> T=251
    hill climb #23: T=253 -> T=243
    hill climb #24: T=253 -> T=247
    hill climb #25: T=253 -> T=251
    hill climb #26: T=254 -> T=252
    hill climb #27: T=254 -> T=242
    hill climb #29: T=254 -> T=249
    hill climb #30: T=254 -> T=252
    hill climb #31: T=254 -> T=253
    hill climb #32: T=254 -> T=251
    hill climb #35: T=254 -> T=253
    hill climb #36: T=254 -> T=253
    hill climb #37: T=254 -> T=247
    hill climb #38: T=254 -> T=253
    hill climb #39: T=254 -> T=253
    hill climb #40: T=254 -> T=251
    hill climb #41: T=254 -> T=250
    hill climb #42: T=254 -> T=253
    hill climb #44: T=254 -> T=250
    hill climb #45: T=254 -> T=253
    hill climb #47: T=254 -> T=246
    hill climb #48: T=254 -> T=253
    hill climb #49: T=254 -> T=247
    hill climb #51: T=254 -> T=252
    hill climb #52: T=254 -> T=253
    hill climb #53: T=254 -> T=250
    hill climb #54: T=254 -> T=250
    hill climb #56: T=254 -> T=253
    hill climb #57: T=254 -> T=253
    hill climb #58: T=254 -> T=248
    hill climb #61: T=254 -> T=252
    hill climb #64: T=254 -> T=247
    hill climb #65: T=254 -> T=252
    hill climb #66: T=254 -> T=253
    hill climb #67: T=254 -> T=246
    hill climb #68: T=254 -> T=253
    hill climb #69: T=254 -> T=250
    hill climb #71: T=254 -> T=247
    hill climb #72: T=254 -> T=253
    hill climb #74: T=254 -> T=252
    hill climb #75: T=254 -> T=253
    hill climb #76: T=254 -> T=253
    hill climb #78: T=254 -> T=247
    hill climb #80: T=254 -> T=251
    hill climb #82: T=254 -> T=252
    hill climb #83: T=254 -> T=245
    hill climb #84: T=254 -> T=249
    hill climb #85: T=254 -> T=253
    hill climb #86: T=254 -> T=249
    hill climb #87: T=254 -> T=251
    hill climb #88: T=254 -> T=247
    hill climb #90: T=254 -> T=252
    hill climb #91: T=254 -> T=251
    hill climb #92: T=254 -> T=250
    hill climb #93: T=254 -> T=251
    hill climb #94: T=254 -> T=253
    hill climb #95: T=254 -> T=245
    hill climb #98: T=254 -> T=248
    hill climb #100: T=254 -> T=247
    hill climb #101: T=254 -> T=246
    hill climb #102: T=254 -> T=253
    hill climb #104: T=254 -> T=252
    hill climb #105: T=254 -> T=253
    hill climb #107: T=254 -> T=248
    hill climb #108: T=254 -> T=252
    hill climb #110: T=254 -> T=252
    hill climb #111: T=254 -> T=252
    hill climb #112: T=254 -> T=253
    hill climb #114: T=254 -> T=243
    hill climb #115: T=254 -> T=250
    hill climb #116: T=254 -> T=252
    hill climb #117: T=254 -> T=245
    hill climb #118: T=254 -> T=252
    hill climb #120: T=254 -> T=249
    hill climb #121: T=254 -> T=243
    hill climb #122: T=254 -> T=245
    hill climb #123: T=254 -> T=253
    hill climb #124: T=254 -> T=253
    hill climb #125: T=254 -> T=253
    hill climb #126: T=254 -> T=250
    hill climb #128: T=254 -> T=253
    hill climb #129: T=254 -> T=251
    hill climb #130: T=254 -> T=250
    hill climb #131: T=254 -> T=251
    hill climb #133: T=254 -> T=248
    hill climb #134: T=254 -> T=248
    hill climb #135: T=254 -> T=253
    hill climb #136: T=254 -> T=252
    hill climb #137: T=254 -> T=252
    hill climb #138: T=254 -> T=253
    hill climb #139: T=254 -> T=252
    hill climb #142: T=254 -> T=253
    hill climb #143: T=254 -> T=253
    hill climb #144: T=254 -> T=250
    hill climb #145: T=254 -> T=248
    hill climb #147: T=254 -> T=249
    hill climb #148: T=254 -> T=251
    hill climb #149: T=254 -> T=253
    hill climb #150: T=254 -> T=252
    hill climb #153: T=254 -> T=252
    hill climb #154: T=254 -> T=252
    hill climb #157: T=254 -> T=247
    hill climb #158: T=254 -> T=253
    hill climb #161: T=254 -> T=253
    hill climb #163: T=254 -> T=250
    hill climb #165: T=254 -> T=253
    hill climb #167: T=254 -> T=249
    hill climb #168: T=254 -> T=252
    hill climb #169: T=254 -> T=248
    hill climb #170: T=254 -> T=252
    hill climb #172: T=254 -> T=252
    hill climb #173: T=254 -> T=247
    hill climb #175: T=254 -> T=249
    hill climb #176: T=254 -> T=253
    hill climb #177: T=254 -> T=252
    hill climb #179: T=254 -> T=252
    hill climb #180: T=254 -> T=253
    hill climb #181: T=254 -> T=251
    hill climb #182: T=254 -> T=250
    hill climb #183: T=254 -> T=246
    hill climb #185: T=254 -> T=252
    hill climb #187: T=254 -> T=253
    hill climb #188: T=254 -> T=252
    hill climb #189: T=254 -> T=253
    hill climb #190: T=254 -> T=253
    hill climb #191: T=254 -> T=253
    hill climb #193: T=254 -> T=250
    hill climb #194: T=254 -> T=253
    hill climb #195: T=254 -> T=252
    hill climb #196: T=254 -> T=252
    hill climb #197: T=254 -> T=250
    hill climb #200: T=254 -> T=253
    hill climb #201: T=254 -> T=251
    hill climb #202: T=254 -> T=239
    hill climb #203: T=254 -> T=248
    hill climb #204: T=254 -> T=252
    hill climb #205: T=254 -> T=248
    hill climb #206: T=254 -> T=250
    hill climb #208: T=254 -> T=251
    hill climb #209: T=254 -> T=249
    hill climb #210: T=254 -> T=252
    hill climb #211: T=254 -> T=252
    hill climb #212: T=254 -> T=253
    hill climb #213: T=254 -> T=250
    hill climb #215: T=254 -> T=248
    hill climb #216: T=254 -> T=245
    hill climb #217: T=254 -> T=253
    hill climb #218: T=254 -> T=253
    hill climb #219: T=254 -> T=253
    hill climb #220: T=254 -> T=250
    hill climb #225: T=254 -> T=253
    hill climb #226: T=254 -> T=253
    hill climb #230: T=254 -> T=246
    hill climb #234: T=254 -> T=252
    hill climb #238: T=255 -> T=254
    hill climb #239: T=255 -> T=253
    hill climb #240: T=255 -> T=252
    hill climb #241: T=255 -> T=252
    hill climb #243: T=255 -> T=254
    hill climb #244: T=255 -> T=254
    hill climb #245: T=255 -> T=250
    hill climb #249: T=255 -> T=254
    hill climb #251: T=255 -> T=253
    hill climb #253: T=255 -> T=253
    hill climb #254: T=255 -> T=244
    hill climb #257: T=255 -> T=254
    hill climb #259: T=255 -> T=249
    hill climb #260: T=255 -> T=253
    hill climb #261: T=255 -> T=246
    hill climb #262: T=255 -> T=253
    hill climb #264: T=255 -> T=253
    hill climb #265: T=255 -> T=254
    hill climb #266: T=255 -> T=254
    hill climb #267: T=255 -> T=253
    hill climb #268: T=255 -> T=254
    hill climb #269: T=255 -> T=254
    hill climb #272: T=255 -> T=252
    hill climb #275: T=255 -> T=249
    hill climb #276: T=255 -> T=250
    hill climb #277: T=255 -> T=252
    hill climb #279: T=255 -> T=250
    hill climb #280: T=255 -> T=251
    hill climb #281: T=255 -> T=246
    hill climb #282: T=255 -> T=254
    hill climb #283: T=255 -> T=254
    hill climb #285: T=255 -> T=248
    hill climb #286: T=255 -> T=253
    hill climb #288: T=255 -> T=254
    hill climb #290: T=255 -> T=254
    hill climb #291: T=255 -> T=254
    hill climb #296: T=255 -> T=246
    hill climb #297: T=255 -> T=253
    hill climb #299: T=255 -> T=254
    hill climb #303: T=255 -> T=254
    hill climb #306: T=255 -> T=253
    hill climb #307: T=255 -> T=253
    hill climb #309: T=255 -> T=253
    hill climb #311: T=255 -> T=248
    hill climb #314: T=255 -> T=251
    hill climb #315: T=255 -> T=254
    hill climb #316: T=255 -> T=252
    hill climb #317: T=255 -> T=254
    hill climb #318: T=255 -> T=253
    hill climb #319: T=255 -> T=254
    hill climb #320: T=255 -> T=254
    hill climb #321: T=255 -> T=249
    hill climb #322: T=255 -> T=254
    hill climb #325: T=255 -> T=249
    hill climb #326: T=255 -> T=254
    hill climb #327: T=255 -> T=252
    hill climb #328: T=255 -> T=245
    hill climb #329: T=255 -> T=251
    hill climb #331: T=255 -> T=254
    hill climb #332: T=255 -> T=253
    hill climb #333: T=255 -> T=253
    hill climb #334: T=255 -> T=254
    hill climb #336: T=255 -> T=253
    hill climb #337: T=255 -> T=254
    hill climb #338: T=255 -> T=252
    hill climb #339: T=255 -> T=254
    hill climb #340: T=255 -> T=243
    hill climb #341: T=255 -> T=253
    hill climb #342: T=255 -> T=254
    hill climb #343: T=255 -> T=254
    hill climb #344: T=255 -> T=254
    hill climb #345: T=255 -> T=252
    hill climb #346: T=255 -> T=254
    hill climb #347: T=255 -> T=246
    hill climb #348: T=255 -> T=254
    hill climb #349: T=255 -> T=252
    hill climb #350: T=255 -> T=253
    hill climb #352: T=255 -> T=254
    hill climb #353: T=255 -> T=249
    hill climb #354: T=255 -> T=254
    hill climb #356: T=255 -> T=254
    hill climb #360: T=255 -> T=251
    hill climb #361: T=255 -> T=254
    hill climb #362: T=255 -> T=254
    hill climb #363: T=255 -> T=254
    hill climb #368: T=255 -> T=250
    hill climb #370: T=255 -> T=254
    hill climb #371: T=255 -> T=254
    hill climb #374: T=255 -> T=253
    hill climb #376: T=255 -> T=254
    hill climb #377: T=255 -> T=253
    hill climb #379: T=255 -> T=253
    hill climb #380: T=255 -> T=253
    hill climb #381: T=255 -> T=246
    hill climb #382: T=255 -> T=254
    hill climb #383: T=255 -> T=254
    hill climb #384: T=255 -> T=254
    hill climb #386: T=255 -> T=245
    hill climb #387: T=255 -> T=254
    hill climb #389: T=255 -> T=254
    hill climb #391: T=255 -> T=252
    hill climb #392: T=255 -> T=254
    hill climb #395: T=255 -> T=253
    hill climb #399: T=255 -> T=254
    hill climb #400: T=255 -> T=253
    hill climb #401: T=255 -> T=254
    hill climb #404: T=255 -> T=254
    hill climb #405: T=255 -> T=253
    hill climb #406: T=255 -> T=250
    hill climb #407: T=255 -> T=252
    hill climb #408: T=255 -> T=251
    hill climb #409: T=255 -> T=253
    hill climb #410: T=255 -> T=254
    hill climb #412: T=255 -> T=252
    hill climb #413: T=255 -> T=254
    hill climb #414: T=255 -> T=253
    hill climb #415: T=255 -> T=254
    hill climb #416: T=255 -> T=251
    hill climb #417: T=255 -> T=254
    hill climb #418: T=255 -> T=254
    hill climb #419: T=255 -> T=254
    hill climb #420: T=255 -> T=250
    hill climb #421: T=255 -> T=254
    hill climb #422: T=255 -> T=254
    hill climb #423: T=255 -> T=250
    hill climb #424: T=255 -> T=254
    hill climb #425: T=255 -> T=251
    hill climb #427: T=255 -> T=254
    hill climb #428: T=255 -> T=254
    hill climb #430: T=255 -> T=251
    hill climb #433: T=255 -> T=243
    hill climb #434: T=255 -> T=253
    hill climb #435: T=255 -> T=252
    hill climb #436: T=255 -> T=252
    hill climb #437: T=255 -> T=254
    hill climb #438: T=255 -> T=254
    hill climb #439: T=255 -> T=253
    hill climb #440: T=255 -> T=254
    hill climb #443: T=255 -> T=254
    hill climb #444: T=255 -> T=250
    hill climb #445: T=255 -> T=254
    hill climb #448: T=255 -> T=252
    hill climb #453: T=255 -> T=245
    hill climb #458: T=255 -> T=254
    hill climb #459: T=255 -> T=253
    hill climb #460: T=255 -> T=249
    hill climb #461: T=255 -> T=251
    hill climb #465: T=255 -> T=253
    hill climb #467: T=255 -> T=247
    hill climb #469: T=255 -> T=252
    hill climb #472: T=255 -> T=250
    hill climb #473: T=255 -> T=252
    hill climb #474: T=255 -> T=247
    hill climb #475: T=255 -> T=254
    hill climb #476: T=255 -> T=252
    hill climb #477: T=255 -> T=254
    hill climb #478: T=255 -> T=254
    hill climb #480: T=255 -> T=254
    hill climb #481: T=255 -> T=254
    hill climb #485: T=255 -> T=249
    hill climb #487: T=255 -> T=254
    hill climb #489: T=255 -> T=248
    hill climb #490: T=255 -> T=251
    hill climb #491: T=255 -> T=248
    hill climb #492: T=255 -> T=253
    hill climb #493: T=255 -> T=254
    hill climb #494: T=255 -> T=254
    hill climb #497: T=255 -> T=253
    hill climb #498: T=255 -> T=253
    hill climb #499: T=255 -> T=253
    hill climb #500: T=255 -> T=254
    hill climb #501: T=255 -> T=254
    hill climb #502: T=255 -> T=254
    hill climb #506: T=255 -> T=253
    hill climb #508: T=255 -> T=253
    hill climb #509: T=255 -> T=253
    hill climb #511: T=255 -> T=253
    hill climb #514: T=255 -> T=252
    hill climb #515: T=255 -> T=251
    hill climb #516: T=255 -> T=254
    hill climb #518: T=255 -> T=251
    hill climb #521: T=255 -> T=250
    hill climb #524: T=255 -> T=253
    hill climb #525: T=255 -> T=253
    hill climb #526: T=255 -> T=251
    hill climb #529: T=255 -> T=250
    hill climb #532: T=255 -> T=241
    hill climb #534: T=255 -> T=254
    hill climb #536: T=255 -> T=250
    hill climb #538: T=255 -> T=250
    hill climb #539: T=255 -> T=254
    hill climb #540: T=255 -> T=254
    hill climb #542: T=255 -> T=254
    hill climb #544: T=255 -> T=247
    hill climb #545: T=255 -> T=245
    hill climb #546: T=255 -> T=250
    hill climb #548: T=255 -> T=253
    hill climb #550: T=255 -> T=254
    hill climb #551: T=255 -> T=251
    hill climb #554: T=255 -> T=254
    hill climb #555: T=255 -> T=254
    hill climb #556: T=255 -> T=254
    hill climb #557: T=255 -> T=252
    hill climb #562: T=255 -> T=254
    hill climb #565: T=255 -> T=254
    hill climb #566: T=255 -> T=254
    hill climb #568: T=255 -> T=250
    hill climb #569: T=255 -> T=254
    hill climb #570: T=255 -> T=254
    hill climb #573: T=255 -> T=250
    hill climb #574: T=255 -> T=250
    hill climb #577: T=255 -> T=254
    hill climb #579: T=255 -> T=254
    hill climb #581: T=255 -> T=253
    hill climb #583: T=255 -> T=254
    hill climb #584: T=255 -> T=253
    hill climb #585: T=255 -> T=254
    hill climb #587: T=255 -> T=252
    hill climb #588: T=255 -> T=244
    hill climb #590: T=255 -> T=248
    hill climb #593: T=255 -> T=253
    hill climb #596: T=255 -> T=252
    hill climb #597: T=255 -> T=254
    hill climb #598: T=255 -> T=250
    hill climb #599: T=255 -> T=253
    hill climb #601: T=255 -> T=254
    hill climb #602: T=255 -> T=248
    hill climb #606: T=255 -> T=254
    hill climb #607: T=255 -> T=254
    hill climb #608: T=255 -> T=254
    hill climb #609: T=255 -> T=250
    hill climb #610: T=255 -> T=249
    hill climb #612: T=255 -> T=254
    hill climb #613: T=255 -> T=251
    hill climb #614: T=255 -> T=253
    hill climb #616: T=255 -> T=247
    hill climb #617: T=255 -> T=254
    hill climb #620: T=255 -> T=247
    hill climb #622: T=255 -> T=254
    hill climb #623: T=255 -> T=252
    hill climb #625: T=255 -> T=253
    hill climb #627: T=255 -> T=245
    hill climb #630: T=255 -> T=254
    hill climb #631: T=255 -> T=254
    hill climb #632: T=255 -> T=254
    hill climb #633: T=255 -> T=250
    hill climb #634: T=255 -> T=246
    hill climb #636: T=255 -> T=252
    hill climb #637: T=255 -> T=254
    hill climb #638: T=255 -> T=253
    hill climb #639: T=255 -> T=254
    hill climb #641: T=255 -> T=245
    hill climb #644: T=255 -> T=253
    hill climb #646: T=255 -> T=253
    hill climb #647: T=255 -> T=252
    hill climb #648: T=255 -> T=254
    hill climb #652: T=255 -> T=254
    hill climb #653: T=255 -> T=254
    hill climb #654: T=255 -> T=252
    hill climb #655: T=255 -> T=253
    hill climb #657: T=255 -> T=254
    hill climb #659: T=255 -> T=248
    hill climb #663: T=255 -> T=251
    hill climb #666: T=255 -> T=254
    hill climb #669: T=255 -> T=252
    hill climb #673: T=255 -> T=254
    hill climb #675: T=255 -> T=253
    hill climb #676: T=255 -> T=249
    hill climb #677: T=255 -> T=254
    hill climb #678: T=255 -> T=253
    hill climb #679: T=255 -> T=254
    hill climb #680: T=255 -> T=250
    hill climb #681: T=255 -> T=254
    hill climb #682: T=255 -> T=254
    hill climb #684: T=255 -> T=254
    hill climb #685: T=255 -> T=253
    hill climb #687: T=255 -> T=254
    hill climb #689: T=255 -> T=250
    hill climb #690: T=255 -> T=254
    hill climb #694: T=255 -> T=254
    hill climb #695: T=255 -> T=254
    hill climb #697: T=255 -> T=254
    hill climb #700: T=255 -> T=254
    hill climb #702: T=255 -> T=249
    hill climb #704: T=255 -> T=254
    hill climb #705: T=255 -> T=252
    hill climb #706: T=255 -> T=250
    hill climb #707: T=255 -> T=252
    hill climb #708: T=255 -> T=254
    hill climb #709: T=255 -> T=252
    hill climb #711: T=255 -> T=254
    hill climb #714: T=255 -> T=250
    hill climb #715: T=255 -> T=254
    hill climb #718: T=255 -> T=254
    hill climb #720: T=255 -> T=254
    hill climb #722: T=255 -> T=254
    hill climb #724: T=255 -> T=254
    hill climb #725: T=255 -> T=254
    hill climb #726: T=255 -> T=253
    hill climb #727: T=255 -> T=253
    hill climb #733: T=255 -> T=250
    hill climb #734: T=255 -> T=253
    hill climb #735: T=255 -> T=254
    hill climb #736: T=255 -> T=254
    hill climb #739: T=255 -> T=253
    hill climb #740: T=255 -> T=254
    hill climb #742: T=255 -> T=254
    hill climb #743: T=255 -> T=254
    hill climb #744: T=255 -> T=254
    hill climb #747: T=255 -> T=254
    hill climb #748: T=255 -> T=253
    hill climb #749: T=255 -> T=254
    hill climb #750: T=255 -> T=254
    hill climb #752: T=255 -> T=253
    hill climb #754: T=255 -> T=253
    hill climb #755: T=255 -> T=254
    hill climb #756: T=255 -> T=252
    hill climb #757: T=255 -> T=254
    hill climb #758: T=255 -> T=254
    hill climb #759: T=255 -> T=251
    hill climb #760: T=255 -> T=251
    hill climb #761: T=255 -> T=252
    hill climb #762: T=255 -> T=254
    hill climb #763: T=255 -> T=253
    hill climb #765: T=255 -> T=253
    hill climb #770: T=255 -> T=251
    hill climb #771: T=255 -> T=252
    hill climb #772: T=255 -> T=254
    hill climb #777: T=255 -> T=253
    hill climb #778: T=255 -> T=252
    hill climb #779: T=255 -> T=252
    hill climb #780: T=255 -> T=254
    hill climb #781: T=255 -> T=253
    hill climb #783: T=255 -> T=253
    hill climb #785: T=255 -> T=254
    hill climb #786: T=255 -> T=254
    hill climb #787: T=255 -> T=246
    hill climb #788: T=255 -> T=247
    hill climb #789: T=255 -> T=254
    hill climb #790: T=255 -> T=252
    hill climb #791: T=255 -> T=254
    hill climb #792: T=255 -> T=251
    hill climb #794: T=255 -> T=253
    hill climb #795: T=255 -> T=254
    hill climb #796: T=255 -> T=254
    hill climb #803: T=255 -> T=249
    hill climb #805: T=255 -> T=254
    hill climb #806: T=255 -> T=251
    hill climb #807: T=255 -> T=248
    hill climb #808: T=255 -> T=252
    hill climb #810: T=255 -> T=254
    hill climb #811: T=255 -> T=254
    hill climb #813: T=255 -> T=252
    hill climb #818: T=255 -> T=254
    hill climb #819: T=255 -> T=253
    hill climb #821: T=255 -> T=253
    hill climb #822: T=255 -> T=254
    hill climb #823: T=255 -> T=254
    hill climb #824: T=255 -> T=254
    hill climb #829: T=255 -> T=253
    hill climb #830: T=255 -> T=253
    hill climb #833: T=255 -> T=253
    hill climb #835: T=255 -> T=248
    hill climb #837: T=255 -> T=252
    hill climb #839: T=255 -> T=252
    hill climb #841: T=255 -> T=254
    hill climb #842: T=255 -> T=253
    hill climb #843: T=255 -> T=254
    hill climb #844: T=255 -> T=249
    hill climb #845: T=255 -> T=254
    hill climb #846: T=255 -> T=254
    hill climb #849: T=255 -> T=254
    hill climb #851: T=255 -> T=253
    hill climb #853: T=255 -> T=254
    hill climb #855: T=255 -> T=253
    hill climb #860: T=255 -> T=254
    hill climb #861: T=255 -> T=254
    hill climb #862: T=255 -> T=254
    hill climb #865: T=255 -> T=254
    hill climb #867: T=255 -> T=250
    hill climb #868: T=255 -> T=254
    hill climb #869: T=255 -> T=254
    hill climb #871: T=255 -> T=254
    hill climb #872: T=255 -> T=254
    hill climb #876: T=255 -> T=254
    hill climb #878: T=255 -> T=246
    hill climb #879: T=255 -> T=253
    hill climb #880: T=255 -> T=253
    hill climb #883: T=255 -> T=244
    hill climb #885: T=255 -> T=254
    hill climb #887: T=255 -> T=254
    hill climb #888: T=255 -> T=254
    hill climb #889: T=255 -> T=252
    hill climb #890: T=255 -> T=254
    hill climb #891: T=255 -> T=254
    hill climb #894: T=255 -> T=254
    hill climb #895: T=255 -> T=254
    hill climb #896: T=255 -> T=251
    hill climb #899: T=255 -> T=251
    hill climb #901: T=255 -> T=254
    hill climb #902: T=255 -> T=247
    hill climb #903: T=255 -> T=254
    hill climb #905: T=255 -> T=254
    hill climb #906: T=255 -> T=254
    hill climb #907: T=255 -> T=253
    hill climb #908: T=255 -> T=254
    hill climb #910: T=255 -> T=254
    hill climb #911: T=255 -> T=247
    hill climb #912: T=255 -> T=254
    hill climb #913: T=255 -> T=245
    hill climb #916: T=255 -> T=250
    hill climb #918: T=255 -> T=254
    hill climb #919: T=255 -> T=254
    hill climb #920: T=255 -> T=254
    hill climb #921: T=255 -> T=254
    hill climb #922: T=255 -> T=254
    hill climb #923: T=255 -> T=251
    hill climb #924: T=255 -> T=254
    hill climb #925: T=255 -> T=254
    hill climb #926: T=255 -> T=247
    hill climb #927: T=255 -> T=251
    hill climb #929: T=255 -> T=253
    hill climb #930: T=255 -> T=253
    hill climb #931: T=255 -> T=254
    hill climb #932: T=255 -> T=245
    hill climb #934: T=255 -> T=254
    hill climb #935: T=255 -> T=253
    hill climb #940: T=255 -> T=253
    hill climb #941: T=255 -> T=246
    hill climb #943: T=255 -> T=253
    hill climb #944: T=255 -> T=254
    hill climb #945: T=255 -> T=252
    hill climb #951: T=255 -> T=254
    hill climb #952: T=255 -> T=254
    hill climb #953: T=255 -> T=251
    hill climb #954: T=255 -> T=254
    hill climb #955: T=255 -> T=254
    hill climb #956: T=255 -> T=249
    hill climb #961: T=255 -> T=253
    hill climb #965: T=255 -> T=254
    hill climb #966: T=255 -> T=254
    hill climb #968: T=255 -> T=254
    hill climb #970: T=255 -> T=248
    hill climb #971: T=255 -> T=254
    hill climb #972: T=255 -> T=254
    hill climb #973: T=255 -> T=254
    hill climb #974: T=255 -> T=250
    hill climb #975: T=255 -> T=254
    hill climb #977: T=255 -> T=252
    hill climb #979: T=255 -> T=254
    hill climb #980: T=255 -> T=247
    hill climb #981: T=255 -> T=250
    hill climb #982: T=255 -> T=252
    hill climb #985: T=255 -> T=253
    hill climb #988: T=255 -> T=253
    hill climb #990: T=255 -> T=254
    hill climb #991: T=255 -> T=248
    hill climb #992: T=255 -> T=253
    hill climb #993: T=255 -> T=254
    hill climb #996: T=255 -> T=254
    hill climb #999: T=255 -> T=254
    hill climb #1002: T=255 -> T=254
    hill climb #1004: T=255 -> T=249
    hill climb #1005: T=255 -> T=245
    hill climb #1006: T=255 -> T=253
    hill climb #1008: T=255 -> T=253
    hill climb #1009: T=255 -> T=254
    hill climb #1010: T=255 -> T=254
    hill climb #1012: T=255 -> T=251
    hill climb #1013: T=255 -> T=254
    hill climb #1014: T=255 -> T=253
    hill climb #1016: T=255 -> T=253
    hill climb #1017: T=255 -> T=254
    hill climb #1018: T=255 -> T=249
    hill climb #1019: T=255 -> T=254
    hill climb #1020: T=255 -> T=249
    hill climb #1021: T=255 -> T=254
    hill climb #1022: T=255 -> T=253
    hill climb #1023: T=255 -> T=254
    hill climb #1027: T=255 -> T=253
    hill climb #1028: T=255 -> T=250
    hill climb #1030: T=255 -> T=251
    hill climb #1031: T=255 -> T=254
    hill climb #1032: T=255 -> T=249
    hill climb #1033: T=255 -> T=246
    hill climb #1035: T=255 -> T=248
    hill climb #1036: T=255 -> T=253
    hill climb #1038: T=255 -> T=253
    hill climb #1040: T=255 -> T=253
    hill climb #1042: T=255 -> T=247
    hill climb #1043: T=255 -> T=254
    hill climb #1045: T=255 -> T=253
    hill climb #1046: T=255 -> T=254
    hill climb #1047: T=255 -> T=252
    hill climb #1049: T=255 -> T=253
    hill climb #1050: T=255 -> T=251
    hill climb #1051: T=255 -> T=254
    hill climb #1054: T=255 -> T=245
    hill climb #1055: T=255 -> T=254
    hill climb #1058: T=255 -> T=253
    hill climb #1059: T=255 -> T=253
    hill climb #1060: T=255 -> T=249
    hill climb #1063: T=255 -> T=254
    hill climb #1064: T=255 -> T=253
    hill climb #1065: T=255 -> T=248
    hill climb #1067: T=255 -> T=253
    hill climb #1071: T=255 -> T=253
    hill climb #1073: T=255 -> T=253
    hill climb #1074: T=255 -> T=254
    hill climb #1075: T=255 -> T=254
    hill climb #1076: T=255 -> T=254
    hill climb #1077: T=255 -> T=252
    hill climb #1078: T=255 -> T=254
    hill climb #1079: T=255 -> T=254
    hill climb #1080: T=255 -> T=254
    hill climb #1081: T=255 -> T=253
    hill climb #1084: T=255 -> T=248
    hill climb #1086: T=255 -> T=254
    hill climb #1087: T=255 -> T=254
    hill climb #1088: T=255 -> T=251
    hill climb #1089: T=255 -> T=254
    hill climb #1090: T=255 -> T=254
    hill climb #1091: T=255 -> T=250
    hill climb #1094: T=255 -> T=254
    hill climb #1095: T=255 -> T=251
    hill climb #1098: T=255 -> T=250
    hill climb #1101: T=255 -> T=251
    hill climb #1102: T=255 -> T=254
    hill climb #1103: T=255 -> T=253
    hill climb #1104: T=255 -> T=254
    hill climb #1105: T=255 -> T=252
    hill climb #1106: T=255 -> T=254
    hill climb #1107: T=255 -> T=245
    hill climb #1108: T=255 -> T=254
    hill climb #1109: T=255 -> T=252
    hill climb #1110: T=255 -> T=254
    hill climb #1112: T=255 -> T=253
    hill climb #1115: T=255 -> T=251
    hill climb #1116: T=255 -> T=254
    hill climb #1117: T=255 -> T=253
    hill climb #1120: T=255 -> T=254
    hill climb #1121: T=255 -> T=251
    hill climb #1122: T=255 -> T=253
    hill climb #1123: T=255 -> T=254
    hill climb #1131: T=255 -> T=254
    hill climb #1133: T=255 -> T=251
    hill climb #1135: T=255 -> T=254
    hill climb #1136: T=255 -> T=251
    hill climb #1140: T=255 -> T=254
    hill climb #1141: T=255 -> T=245
    hill climb #1144: T=255 -> T=252
    hill climb #1145: T=255 -> T=252
    hill climb #1150: T=255 -> T=251
    hill climb #1152: T=255 -> T=254
    hill climb #1153: T=255 -> T=252
    hill climb #1157: T=255 -> T=248
    hill climb #1158: T=255 -> T=250
    hill climb #1159: T=255 -> T=254
    hill climb #1160: T=255 -> T=254
    hill climb #1162: T=255 -> T=253
    hill climb #1165: T=255 -> T=239
    hill climb #1166: T=255 -> T=253
    hill climb #1167: T=255 -> T=253
    hill climb #1168: T=255 -> T=252
    hill climb #1169: T=255 -> T=254
    hill climb #1173: T=255 -> T=252
    hill climb #1174: T=255 -> T=254
    hill climb #1176: T=255 -> T=249
    hill climb #1178: T=255 -> T=254
    hill climb #1181: T=255 -> T=253
    hill climb #1184: T=255 -> T=253
    hill climb #1185: T=255 -> T=244
    hill climb #1186: T=255 -> T=254
    hill climb #1187: T=255 -> T=254
    hill climb #1188: T=255 -> T=247
    hill climb #1189: T=255 -> T=253
    hill climb #1191: T=255 -> T=252
    hill climb #1192: T=255 -> T=253
    hill climb #1194: T=255 -> T=254
    hill climb #1195: T=255 -> T=252
    hill climb #1196: T=255 -> T=251
    hill climb #1197: T=255 -> T=250
    hill climb #1198: T=255 -> T=244
    hill climb #1199: T=255 -> T=254
    hill climb #1200: T=255 -> T=254
    hill climb #1202: T=255 -> T=253
    hill climb #1203: T=255 -> T=248
    hill climb #1204: T=255 -> T=241
    hill climb #1206: T=255 -> T=252
    hill climb #1207: T=255 -> T=251
    hill climb #1208: T=255 -> T=254
    hill climb #1209: T=255 -> T=252
    hill climb #1210: T=255 -> T=252
    hill climb #1211: T=255 -> T=254
    hill climb #1212: T=255 -> T=247
    hill climb #1214: T=255 -> T=254
    hill climb #1215: T=255 -> T=253
    hill climb #1221: T=255 -> T=253
    hill climb #1222: T=255 -> T=249
    hill climb #1224: T=255 -> T=254
    hill climb #1225: T=255 -> T=254
    hill climb #1227: T=255 -> T=252
    hill climb #1233: T=255 -> T=254
    hill climb #1235: T=255 -> T=254
    hill climb #1237: T=255 -> T=251
    hill climb #1238: T=255 -> T=254
    hill climb #1239: T=255 -> T=254
    hill climb #1240: T=255 -> T=247
    hill climb #1243: T=255 -> T=248
    hill climb #1244: T=255 -> T=254
    hill climb #1246: T=255 -> T=252
    hill climb #1251: T=255 -> T=252
    hill climb #1252: T=255 -> T=254
    hill climb #1256: T=255 -> T=251
    hill climb #1257: T=255 -> T=248
    hill climb #1258: T=255 -> T=254
    hill climb #1259: T=255 -> T=251
    hill climb #1261: T=255 -> T=253
    hill climb #1264: T=255 -> T=249
    hill climb #1265: T=255 -> T=250
    hill climb #1267: T=255 -> T=252
    hill climb #1268: T=255 -> T=254
    hill climb #1269: T=255 -> T=249
    hill climb #1272: T=255 -> T=254
    hill climb #1278: T=255 -> T=254
    hill climb #1279: T=255 -> T=254
    hill climb #1283: T=255 -> T=254
    hill climb #1286: T=255 -> T=253
    hill climb #1288: T=255 -> T=253
    hill climb #1291: T=255 -> T=251
    hill climb #1292: T=255 -> T=253
    hill climb #1295: T=255 -> T=253
    hill climb #1296: T=255 -> T=254
    hill climb #1298: T=255 -> T=253
    hill climb #1299: T=255 -> T=254
    hill climb #1300: T=255 -> T=253
    hill climb #1301: T=255 -> T=254
    hill climb #1303: T=255 -> T=251
    hill climb #1304: T=255 -> T=254
    hill climb #1305: T=255 -> T=248
    hill climb #1306: T=255 -> T=254
    hill climb #1307: T=255 -> T=254
    hill climb #1310: T=255 -> T=250
    hill climb #1314: T=255 -> T=251
    hill climb #1317: T=255 -> T=249
    hill climb #1318: T=255 -> T=254
    hill climb #1320: T=255 -> T=250
    hill climb #1321: T=255 -> T=254
    hill climb #1323: T=255 -> T=254
    hill climb #1325: T=255 -> T=253
    hill climb #1326: T=255 -> T=253
    hill climb #1327: T=255 -> T=249
    hill climb #1328: T=255 -> T=254
    hill climb #1329: T=255 -> T=251
    hill climb #1330: T=255 -> T=253
    hill climb #1335: T=255 -> T=252
    hill climb #1338: T=255 -> T=252
    hill climb #1340: T=255 -> T=254
    hill climb #1341: T=255 -> T=254
    hill climb #1344: T=255 -> T=250
    hill climb #1345: T=255 -> T=248
    hill climb #1347: T=255 -> T=252
    hill climb #1348: T=255 -> T=254
    hill climb #1349: T=255 -> T=251
    hill climb #1350: T=255 -> T=252
    hill climb #1351: T=255 -> T=254
    hill climb #1352: T=255 -> T=252
    hill climb #1353: T=255 -> T=254
    hill climb #1354: T=255 -> T=253
    hill climb #1355: T=255 -> T=252
    hill climb #1357: T=255 -> T=253
    hill climb #1358: T=255 -> T=252
    hill climb #1359: T=255 -> T=254
    hill climb #1360: T=255 -> T=254
    hill climb #1361: T=255 -> T=254
    hill climb #1362: T=255 -> T=254
    hill climb #1365: T=255 -> T=254
    hill climb #1366: T=255 -> T=252
    hill climb #1368: T=255 -> T=254
    hill climb #1370: T=255 -> T=254
    hill climb #1371: T=255 -> T=254
    hill climb #1372: T=255 -> T=254
    hill climb #1374: T=255 -> T=248
    hill climb #1375: T=255 -> T=253
    hill climb #1383: T=255 -> T=253
    hill climb #1384: T=255 -> T=251
    hill climb #1386: T=255 -> T=254
    hill climb #1387: T=255 -> T=252
    hill climb #1388: T=255 -> T=254
    hill climb #1389: T=255 -> T=250
    hill climb #1390: T=255 -> T=253
    hill climb #1391: T=255 -> T=254
    hill climb #1392: T=255 -> T=254
    hill climb #1393: T=255 -> T=254
    hill climb #1394: T=255 -> T=254
    hill climb #1396: T=255 -> T=245
    hill climb #1397: T=255 -> T=253
    hill climb #1398: T=255 -> T=253
    hill climb #1400: T=255 -> T=254
    hill climb #1401: T=255 -> T=254
    hill climb #1402: T=255 -> T=253
    hill climb #1403: T=255 -> T=252
    hill climb #1405: T=255 -> T=254
    hill climb #1406: T=255 -> T=254
    hill climb #1407: T=255 -> T=254
    hill climb #1410: T=255 -> T=252
    hill climb #1412: T=255 -> T=253
    hill climb #1414: T=255 -> T=251
    hill climb #1415: T=255 -> T=254
    hill climb #1416: T=255 -> T=253
    hill climb #1417: T=255 -> T=252
    hill climb #1418: T=255 -> T=254
    hill climb #1421: T=255 -> T=251
    hill climb #1423: T=255 -> T=247
    hill climb #1424: T=255 -> T=254
    hill climb #1425: T=255 -> T=254
    hill climb #1427: T=255 -> T=250
    hill climb #1428: T=255 -> T=254
    hill climb #1429: T=255 -> T=254
    hill climb #1430: T=255 -> T=246
    hill climb #1431: T=255 -> T=252
    hill climb #1432: T=255 -> T=247
    hill climb #1436: T=255 -> T=249
    hill climb #1437: T=255 -> T=251
    hill climb #1438: T=255 -> T=252
    hill climb #1439: T=255 -> T=253
    hill climb #1440: T=255 -> T=254
    hill climb #1442: T=255 -> T=253
    hill climb #1448: T=255 -> T=254
    hill climb #1451: T=255 -> T=252
    hill climb #1454: T=255 -> T=254
    hill climb #1455: T=255 -> T=252
    hill climb #1456: T=255 -> T=254
    hill climb #1457: T=255 -> T=254
    hill climb #1458: T=255 -> T=254
    hill climb #1460: T=255 -> T=253
    hill climb #1461: T=255 -> T=254
    hill climb #1463: T=255 -> T=252
    hill climb #1464: T=255 -> T=254
    hill climb #1465: T=255 -> T=242
    hill climb #1466: T=255 -> T=251
    hill climb #1468: T=255 -> T=254
    hill climb #1469: T=255 -> T=254
    hill climb #1470: T=255 -> T=248
    hill climb #1471: T=255 -> T=254
    hill climb #1472: T=255 -> T=248
    hill climb #1474: T=255 -> T=254
    hill climb #1475: T=255 -> T=254
    hill climb #1477: T=255 -> T=253
    hill climb #1479: T=255 -> T=254
    hill climb #1480: T=255 -> T=247
    hill climb #1482: T=255 -> T=253
    hill climb #1483: T=255 -> T=254
    hill climb #1484: T=255 -> T=248
    hill climb #1485: T=255 -> T=247
    hill climb #1486: T=255 -> T=254
    hill climb #1488: T=255 -> T=254
    hill climb #1489: T=255 -> T=244
    hill climb #1491: T=255 -> T=246
    hill climb #1492: T=255 -> T=253
    hill climb #1493: T=255 -> T=251
    hill climb #1494: T=255 -> T=254
    hill climb #1497: T=255 -> T=254
    hill climb #1498: T=255 -> T=254
    hill climb #1499: T=255 -> T=254
    hill climb #1501: T=255 -> T=253
    hill climb #1503: T=255 -> T=254
    hill climb #1504: T=255 -> T=253
    hill climb #1505: T=255 -> T=254
    hill climb #1507: T=255 -> T=254
    hill climb #1508: T=255 -> T=254
    hill climb #1510: T=255 -> T=253
    hill climb #1511: T=255 -> T=245
    hill climb #1513: T=255 -> T=254
    hill climb #1516: T=255 -> T=253
    hill climb #1517: T=255 -> T=251
    hill climb #1519: T=255 -> T=254
    hill climb #1526: T=255 -> T=247
    hill climb #1527: T=255 -> T=252
    hill climb #1529: T=255 -> T=250
    hill climb #1530: T=255 -> T=254
    hill climb #1532: T=255 -> T=244
    hill climb #1533: T=255 -> T=250
    hill climb #1534: T=255 -> T=246
    hill climb #1535: T=255 -> T=250
    hill climb #1537: T=255 -> T=254
    hill climb #1538: T=255 -> T=254
    hill climb #1540: T=255 -> T=254
    hill climb #1541: T=255 -> T=253
    hill climb #1542: T=255 -> T=251
    hill climb #1543: T=255 -> T=250
    hill climb #1544: T=255 -> T=253
    hill climb #1545: T=255 -> T=254
    hill climb #1547: T=255 -> T=254
    hill climb #1549: T=255 -> T=250
    hill climb #1552: T=255 -> T=250
    hill climb #1553: T=255 -> T=254
    hill climb #1556: T=255 -> T=254
    hill climb #1557: T=255 -> T=254
    hill climb #1558: T=255 -> T=252
    hill climb #1560: T=255 -> T=253
    hill climb #1561: T=255 -> T=253
    hill climb #1564: T=255 -> T=253
    hill climb #1566: T=255 -> T=250
    hill climb #1567: T=255 -> T=252
    hill climb #1569: T=255 -> T=253
    hill climb #1570: T=255 -> T=253
    hill climb #1572: T=255 -> T=254
    hill climb #1575: T=255 -> T=254
    hill climb #1576: T=255 -> T=254
    hill climb #1577: T=255 -> T=254
    hill climb #1579: T=255 -> T=250
    hill climb #1580: T=255 -> T=254
    hill climb #1584: T=255 -> T=254
    hill climb #1586: T=255 -> T=251
    hill climb #1589: T=255 -> T=254
    hill climb #1590: T=255 -> T=254
    hill climb #1592: T=255 -> T=251
    hill climb #1594: T=255 -> T=253
    hill climb #1597: T=255 -> T=254
    hill climb #1598: T=255 -> T=254
    hill climb #1599: T=255 -> T=254
    hill climb #1600: T=255 -> T=254
    hill climb #1602: T=255 -> T=254
    hill climb #1603: T=255 -> T=253
    hill climb #1604: T=255 -> T=254
    hill climb #1605: T=255 -> T=254
    hill climb #1606: T=255 -> T=248
    hill climb #1607: T=255 -> T=254
    hill climb #1608: T=255 -> T=251
    hill climb #1609: T=255 -> T=254
    hill climb #1610: T=255 -> T=253
    hill climb #1613: T=255 -> T=253
    hill climb #1614: T=255 -> T=254
    hill climb #1616: T=255 -> T=253
    hill climb #1618: T=255 -> T=254
    hill climb #1619: T=255 -> T=252
    hill climb #1620: T=255 -> T=254
    hill climb #1625: T=255 -> T=249
    hill climb #1627: T=255 -> T=254
    hill climb #1628: T=255 -> T=250
    hill climb #1629: T=255 -> T=249
    hill climb #1630: T=255 -> T=252
    hill climb #1632: T=255 -> T=249
    hill climb #1633: T=255 -> T=253
    hill climb #1635: T=255 -> T=251
    hill climb #1636: T=255 -> T=254
    hill climb #1639: T=255 -> T=245
    hill climb #1641: T=255 -> T=253
    hill climb #1642: T=255 -> T=254
    hill climb #1644: T=255 -> T=254
    hill climb #1645: T=255 -> T=250
    hill climb #1646: T=255 -> T=247
    hill climb #1648: T=255 -> T=250
    hill climb #1650: T=255 -> T=254
    hill climb #1651: T=255 -> T=251
    hill climb #1652: T=255 -> T=253
    hill climb #1654: T=255 -> T=254
    hill climb #1655: T=255 -> T=251
    hill climb #1657: T=255 -> T=254
    hill climb #1660: T=255 -> T=254
    hill climb #1661: T=255 -> T=251
    hill climb #1663: T=255 -> T=253
    hill climb #1664: T=255 -> T=254
    hill climb #1665: T=255 -> T=254
    hill climb #1666: T=255 -> T=253
    hill climb #1668: T=255 -> T=253
    hill climb #1669: T=255 -> T=254
    hill climb #1671: T=255 -> T=254
    hill climb #1674: T=255 -> T=250
    hill climb #1675: T=255 -> T=253
    hill climb #1677: T=255 -> T=250
    hill climb #1678: T=255 -> T=252
    hill climb #1679: T=255 -> T=245
    hill climb #1683: T=255 -> T=254
    hill climb #1684: T=255 -> T=254
    hill climb #1685: T=255 -> T=254
    hill climb #1686: T=255 -> T=254
    hill climb #1691: T=255 -> T=253
    hill climb #1692: T=255 -> T=251
    hill climb #1694: T=255 -> T=254
    hill climb #1697: T=255 -> T=253
    hill climb #1698: T=255 -> T=253
    hill climb #1702: T=255 -> T=254
    hill climb #1704: T=255 -> T=253
    hill climb #1707: T=255 -> T=254
    hill climb #1709: T=255 -> T=252
    hill climb #1711: T=255 -> T=254
    hill climb #1713: T=255 -> T=252
    hill climb #1715: T=255 -> T=252
    hill climb #1716: T=255 -> T=254
    hill climb #1717: T=255 -> T=254
    hill climb #1718: T=255 -> T=254
    hill climb #1720: T=255 -> T=254
    hill climb #1724: T=255 -> T=254
    hill climb #1725: T=255 -> T=250
    hill climb #1726: T=255 -> T=249
    hill climb #1727: T=255 -> T=253
    hill climb #1729: T=255 -> T=254
    hill climb #1731: T=255 -> T=253
    hill climb #1732: T=255 -> T=251
    hill climb #1733: T=255 -> T=249
    hill climb #1735: T=255 -> T=252
    hill climb #1736: T=255 -> T=252
    hill climb #1737: T=255 -> T=254
    hill climb #1738: T=255 -> T=254
    hill climb #1740: T=255 -> T=254
    hill climb #1741: T=255 -> T=254
    hill climb #1742: T=255 -> T=247
    hill climb #1745: T=255 -> T=254
    hill climb #1746: T=255 -> T=252
    hill climb #1747: T=255 -> T=254
    hill climb #1748: T=255 -> T=254
    hill climb #1754: T=255 -> T=254
    hill climb #1757: T=255 -> T=253
    hill climb #1759: T=255 -> T=240
    hill climb #1761: T=255 -> T=252
    hill climb #1762: T=255 -> T=254
    hill climb #1763: T=255 -> T=253
    hill climb #1764: T=255 -> T=253
    hill climb #1765: T=255 -> T=252
    hill climb #1766: T=255 -> T=253
    hill climb #1768: T=255 -> T=254
    hill climb #1769: T=255 -> T=253
    hill climb #1771: T=255 -> T=249
    hill climb #1772: T=255 -> T=254
    hill climb #1774: T=255 -> T=253
    hill climb #1776: T=255 -> T=254
    hill climb #1781: T=255 -> T=252
    hill climb #1782: T=255 -> T=254
    hill climb #1784: T=255 -> T=250
    hill climb #1785: T=255 -> T=250
    hill climb #1786: T=255 -> T=254
    hill climb #1787: T=255 -> T=254
    hill climb #1788: T=255 -> T=253
    hill climb #1789: T=255 -> T=248
    hill climb #1791: T=255 -> T=254
    hill climb #1793: T=255 -> T=253
    hill climb #1794: T=255 -> T=254
    hill climb #1796: T=255 -> T=252
    hill climb #1797: T=255 -> T=253
    hill climb #1798: T=255 -> T=254
    hill climb #1800: T=255 -> T=254
    hill climb #1802: T=255 -> T=254
    hill climb #1803: T=255 -> T=248
    hill climb #1805: T=255 -> T=251
    hill climb #1806: T=255 -> T=253
    hill climb #1808: T=255 -> T=248
    hill climb #1809: T=255 -> T=249
    hill climb #1810: T=255 -> T=250
    hill climb #1811: T=255 -> T=254
    hill climb #1813: T=255 -> T=251
    hill climb #1815: T=255 -> T=253
    hill climb #1818: T=255 -> T=254
    hill climb #1820: T=255 -> T=254
    hill climb #1821: T=255 -> T=254
    hill climb #1822: T=255 -> T=254
    hill climb #1824: T=255 -> T=249
    hill climb #1826: T=255 -> T=252
    hill climb #1827: T=255 -> T=253
    hill climb #1830: T=255 -> T=251
    hill climb #1834: T=255 -> T=250
    hill climb #1837: T=255 -> T=246
    hill climb #1838: T=255 -> T=254
    hill climb #1839: T=255 -> T=252
    hill climb #1840: T=255 -> T=252
    hill climb #1841: T=255 -> T=254
    hill climb #1848: T=255 -> T=254
    hill climb #1849: T=255 -> T=254
    hill climb #1851: T=255 -> T=254
    hill climb #1852: T=255 -> T=253
    hill climb #1856: T=255 -> T=252
    hill climb #1858: T=255 -> T=252
    hill climb #1859: T=255 -> T=254
    hill climb #1860: T=255 -> T=246
    hill climb #1862: T=255 -> T=252
    hill climb #1864: T=255 -> T=253
    hill climb #1866: T=255 -> T=254
    hill climb #1867: T=255 -> T=246
    hill climb #1869: T=255 -> T=254
    hill climb #1870: T=255 -> T=251
    hill climb #1872: T=255 -> T=254
    hill climb #1873: T=255 -> T=254
    hill climb #1875: T=255 -> T=252
    hill climb #1877: T=255 -> T=254
    hill climb #1878: T=255 -> T=254
    hill climb #1879: T=255 -> T=254
    hill climb #1880: T=255 -> T=254
    hill climb #1884: T=255 -> T=253
    hill climb #1885: T=255 -> T=254
    hill climb #1887: T=255 -> T=248
    hill climb #1889: T=255 -> T=253
    hill climb #1891: T=255 -> T=252
    hill climb #1892: T=255 -> T=254
    hill climb #1894: T=255 -> T=254
    hill climb #1895: T=255 -> T=252
    hill climb #1896: T=255 -> T=253
    hill climb #1898: T=255 -> T=252
    hill climb #1900: T=255 -> T=254
    hill climb #1902: T=255 -> T=244
    hill climb #1903: T=255 -> T=253
    hill climb #1904: T=255 -> T=250
    hill climb #1905: T=255 -> T=252
    hill climb #1906: T=255 -> T=251
    hill climb #1909: T=255 -> T=254
    hill climb #1910: T=255 -> T=254
    hill climb #1911: T=255 -> T=247
    hill climb #1914: T=255 -> T=247
    hill climb #1915: T=255 -> T=254
    hill climb #1918: T=255 -> T=253
    hill climb #1919: T=255 -> T=254
    hill climb #1921: T=255 -> T=254
    hill climb #1922: T=255 -> T=253
    hill climb #1924: T=255 -> T=253
    hill climb #1928: T=255 -> T=254
    hill climb #1929: T=255 -> T=253
    hill climb #1930: T=255 -> T=246
    hill climb #1937: T=255 -> T=250
    hill climb #1939: T=255 -> T=252
    hill climb #1940: T=255 -> T=252
    hill climb #1941: T=255 -> T=254
    hill climb #1942: T=255 -> T=246
    hill climb #1943: T=255 -> T=251
    hill climb #1945: T=255 -> T=254
    hill climb #1946: T=255 -> T=248
    hill climb #1947: T=255 -> T=254
    hill climb #1949: T=255 -> T=254
    hill climb #1950: T=255 -> T=253
    hill climb #1953: T=255 -> T=250
    hill climb #1954: T=255 -> T=248
    hill climb #1955: T=255 -> T=251
    hill climb #1956: T=255 -> T=254
    hill climb #1957: T=255 -> T=246
    hill climb #1958: T=255 -> T=250
    hill climb #1963: T=255 -> T=249
    hill climb #1969: T=255 -> T=253
    hill climb #1972: T=255 -> T=254
    hill climb #1974: T=255 -> T=254
    hill climb #1975: T=255 -> T=253
    hill climb #1978: T=255 -> T=254
    hill climb #1979: T=255 -> T=251
    hill climb #1980: T=255 -> T=249
    hill climb #1981: T=255 -> T=254
    hill climb #1982: T=255 -> T=254
    hill climb #1983: T=255 -> T=251
    hill climb #1984: T=255 -> T=249
    hill climb #1987: T=255 -> T=254
    hill climb #1988: T=255 -> T=254
    hill climb #1990: T=255 -> T=254
    hill climb #1991: T=255 -> T=254
    hill climb #1993: T=255 -> T=247
    hill climb #1994: T=255 -> T=248
    hill climb #1996: T=255 -> T=254
    hill climb #1997: T=255 -> T=254
    hill climb #1998: T=255 -> T=254
    hill climb #1999: T=255 -> T=250
    hill climb #2000: T=255 -> T=254
    hill climb #2005: T=255 -> T=254
    hill climb #2007: T=255 -> T=254
    hill climb #2008: T=255 -> T=254
    hill climb #2011: T=255 -> T=248
    hill climb #2012: T=255 -> T=253
    hill climb #2013: T=255 -> T=254
    hill climb #2014: T=255 -> T=254
    hill climb #2015: T=255 -> T=253
    hill climb #2016: T=255 -> T=253
    hill climb #2017: T=255 -> T=254
    hill climb #2018: T=255 -> T=250
    hill climb #2020: T=255 -> T=253
    hill climb #2021: T=255 -> T=254
    hill climb #2022: T=255 -> T=254
    hill climb #2023: T=255 -> T=254
    hill climb #2024: T=255 -> T=254
    hill climb #2027: T=255 -> T=254
    hill climb #2028: T=255 -> T=254
    hill climb #2029: T=255 -> T=248
    hill climb #2032: T=255 -> T=251
    hill climb #2034: T=255 -> T=254
    hill climb #2035: T=255 -> T=254
    hill climb #2036: T=255 -> T=253
    hill climb #2038: T=255 -> T=254
    hill climb #2040: T=255 -> T=252
    hill climb #2042: T=255 -> T=254
    hill climb #2043: T=255 -> T=250
    hill climb #2044: T=255 -> T=251
    hill climb #2047: T=255 -> T=252
    hill climb #2048: T=255 -> T=248
    hill climb #2052: T=255 -> T=254
    hill climb #2053: T=255 -> T=246
    hill climb #2055: T=255 -> T=253
    hill climb #2056: T=255 -> T=250
    hill climb #2058: T=255 -> T=253
    hill climb #2059: T=255 -> T=247
    hill climb #2060: T=255 -> T=253
    hill climb #2063: T=255 -> T=250
    hill climb #2064: T=255 -> T=249
    hill climb #2065: T=255 -> T=254
    hill climb #2068: T=255 -> T=251
    hill climb #2069: T=255 -> T=254
    hill climb #2070: T=255 -> T=250
    hill climb #2076: T=255 -> T=252
    hill climb #2077: T=255 -> T=251
    hill climb #2078: T=255 -> T=251
    hill climb #2081: T=255 -> T=253
    hill climb #2082: T=255 -> T=254
    hill climb #2084: T=255 -> T=252
    hill climb #2086: T=255 -> T=254
    hill climb #2088: T=255 -> T=248
    hill climb #2091: T=255 -> T=248
    hill climb #2092: T=255 -> T=250
    hill climb #2093: T=255 -> T=251
    hill climb #2094: T=255 -> T=250
    hill climb #2095: T=255 -> T=254
    hill climb #2096: T=255 -> T=251
    hill climb #2097: T=255 -> T=250
    hill climb #2099: T=255 -> T=253
    hill climb #2101: T=255 -> T=254
    hill climb #2105: T=255 -> T=252
    hill climb #2106: T=255 -> T=254
    hill climb #2107: T=255 -> T=251
    hill climb #2108: T=255 -> T=254
    hill climb #2109: T=255 -> T=250
    hill climb #2111: T=255 -> T=254
    hill climb #2112: T=255 -> T=254
    hill climb #2114: T=255 -> T=249
    hill climb #2115: T=255 -> T=247
    hill climb #2116: T=255 -> T=254
    hill climb #2119: T=255 -> T=250
    hill climb #2120: T=255 -> T=254
    hill climb #2122: T=255 -> T=254
    hill climb #2123: T=255 -> T=249
    hill climb #2124: T=255 -> T=253
    hill climb #2125: T=255 -> T=254
    hill climb #2126: T=255 -> T=254
    hill climb #2128: T=255 -> T=252
    hill climb #2130: T=255 -> T=254
    hill climb #2132: T=255 -> T=253
    hill climb #2133: T=255 -> T=253
    hill climb #2136: T=255 -> T=253
    hill climb #2137: T=255 -> T=254
    hill climb #2140: T=255 -> T=253
    hill climb #2142: T=255 -> T=253
    hill climb #2143: T=255 -> T=252
    hill climb #2144: T=255 -> T=254
    hill climb #2146: T=255 -> T=251
    hill climb #2147: T=255 -> T=253
    hill climb #2148: T=255 -> T=253
    hill climb #2149: T=255 -> T=253
    hill climb #2150: T=255 -> T=250
    hill climb #2151: T=255 -> T=252
    hill climb #2152: T=255 -> T=254
    hill climb #2153: T=255 -> T=250
    hill climb #2155: T=255 -> T=249
    hill climb #2156: T=255 -> T=253
    hill climb #2158: T=255 -> T=254
    hill climb #2160: T=255 -> T=254
    hill climb #2161: T=255 -> T=253
    hill climb #2163: T=255 -> T=254
    hill climb #2164: T=255 -> T=254
    hill climb #2166: T=255 -> T=251
    hill climb #2167: T=255 -> T=254
    hill climb #2168: T=255 -> T=254
    hill climb #2169: T=255 -> T=254
    hill climb #2171: T=255 -> T=250
    hill climb #2172: T=255 -> T=254
    hill climb #2173: T=255 -> T=252
    hill climb #2174: T=255 -> T=253
    hill climb #2176: T=255 -> T=254
    hill climb #2177: T=255 -> T=254
    hill climb #2179: T=255 -> T=253
    hill climb #2181: T=255 -> T=253
    hill climb #2183: T=255 -> T=254
    hill climb #2184: T=255 -> T=248
    hill climb #2186: T=255 -> T=254
    hill climb #2188: T=255 -> T=252
    hill climb #2189: T=255 -> T=251
    hill climb #2190: T=255 -> T=254
    hill climb #2191: T=255 -> T=251
    hill climb #2193: T=255 -> T=254
    hill climb #2194: T=255 -> T=252
    hill climb #2197: T=255 -> T=254
    hill climb #2198: T=255 -> T=252
    hill climb #2199: T=255 -> T=245
    hill climb #2203: T=255 -> T=249
    hill climb #2206: T=255 -> T=254
    hill climb #2207: T=255 -> T=254
    hill climb #2212: T=255 -> T=247
    hill climb #2213: T=255 -> T=254
    hill climb #2214: T=255 -> T=254
    hill climb #2216: T=255 -> T=252
    hill climb #2217: T=255 -> T=244
    hill climb #2218: T=255 -> T=254
    hill climb #2220: T=255 -> T=251
    hill climb #2221: T=255 -> T=254
    hill climb #2222: T=255 -> T=254
    hill climb #2223: T=255 -> T=254
    hill climb #2224: T=255 -> T=252
    hill climb #2225: T=255 -> T=253
    hill climb #2226: T=255 -> T=253
    hill climb #2227: T=255 -> T=250
    hill climb #2228: T=255 -> T=252
    hill climb #2229: T=255 -> T=254
    hill climb #2230: T=255 -> T=253
    hill climb #2231: T=255 -> T=254
    hill climb #2233: T=255 -> T=253
    hill climb #2234: T=255 -> T=249
    hill climb #2235: T=255 -> T=254
    hill climb #2236: T=255 -> T=254
    hill climb #2237: T=255 -> T=254
    hill climb #2239: T=255 -> T=249
    hill climb #2241: T=255 -> T=247
    hill climb #2242: T=255 -> T=254
    hill climb #2244: T=255 -> T=253
    hill climb #2245: T=255 -> T=254
    hill climb #2246: T=255 -> T=254
    hill climb #2247: T=255 -> T=253
    hill climb #2249: T=255 -> T=253
    hill climb #2250: T=255 -> T=254
    hill climb #2252: T=255 -> T=254
    hill climb #2254: T=255 -> T=254
    hill climb #2256: T=255 -> T=250
    hill climb #2259: T=255 -> T=254
    hill climb #2261: T=255 -> T=254
    hill climb #2263: T=255 -> T=253
    hill climb #2264: T=255 -> T=253
    hill climb #2265: T=255 -> T=254
    hill climb #2266: T=255 -> T=254
    hill climb #2267: T=255 -> T=254
    hill climb #2268: T=255 -> T=254
    hill climb #2269: T=255 -> T=252
    hill climb #2270: T=255 -> T=254
    hill climb #2272: T=255 -> T=251
    hill climb #2273: T=255 -> T=248
    hill climb #2277: T=255 -> T=248
    hill climb #2278: T=255 -> T=254
    hill climb #2279: T=255 -> T=244
    hill climb #2281: T=255 -> T=254
    hill climb #2284: T=255 -> T=254
    hill climb #2285: T=255 -> T=254
    hill climb #2286: T=255 -> T=253
    hill climb #2287: T=255 -> T=253
    hill climb #2289: T=255 -> T=254
    hill climb #2291: T=255 -> T=253
    hill climb #2293: T=255 -> T=253
    hill climb #2295: T=255 -> T=249
    hill climb #2298: T=255 -> T=248
    hill climb #2299: T=255 -> T=254
    hill climb #2301: T=255 -> T=246
    hill climb #2307: T=255 -> T=254
    hill climb #2308: T=255 -> T=254
    hill climb #2309: T=255 -> T=254
    hill climb #2311: T=255 -> T=254
    hill climb #2312: T=255 -> T=250
    hill climb #2313: T=255 -> T=245
    hill climb #2314: T=255 -> T=250
    hill climb #2315: T=255 -> T=254
    hill climb #2316: T=255 -> T=254
    hill climb #2317: T=255 -> T=253
    hill climb #2318: T=255 -> T=254
    hill climb #2319: T=255 -> T=252
    hill climb #2320: T=255 -> T=254
    hill climb #2321: T=255 -> T=246
    hill climb #2322: T=255 -> T=251
    hill climb #2323: T=255 -> T=253
    hill climb #2324: T=255 -> T=253
    hill climb #2330: T=255 -> T=254
    hill climb #2334: T=255 -> T=253
    hill climb #2336: T=255 -> T=254
    hill climb #2337: T=255 -> T=254
    hill climb #2341: T=255 -> T=252
    hill climb #2342: T=255 -> T=254
    hill climb #2343: T=255 -> T=254
    hill climb #2344: T=255 -> T=252
    hill climb #2345: T=255 -> T=253
    hill climb #2347: T=255 -> T=254
    hill climb (complement) #2404: T=1490 -> T=254
    hill climb (complement) #2423: T=1507 -> T=125
    hill climb (complement) #2438: T=1515 -> T=254
    hill climb (complement) #2483: T=1533 -> T=254
    hill climb (complement) #2513: T=1546 -> T=127
    hill climb (complement) #2514: T=1547 -> T=254
    hill climb (complement) #2547: T=1567 -> T=254
    hill climb (complement) #2554: T=1582 -> T=253
    hill climb (complement) #7265: T=2358 -> T=192
    hill climb (complement) #7316: T=2852 -> T=192
    hill climb (complement) #7321: T=2865 -> T=384
    hill climb (complement) #7324: T=2868 -> T=446
    hill climb (complement) #7327: T=2874 -> T=239
    hill climb (complement) #7390: T=2962 -> T=192
    hill climb (complement) #7514: T=3038 -> T=448
    hill climb (complement) #7528: T=3045 -> T=223
    hill climb (complement) #7626: T=3108 -> T=192
    hill climb (complement) #7634: T=3115 -> T=384
    hill climb (complement) #13786: T=4578 -> T=720
    hill climb (complement) #13787: T=4578 -> T=703
    hill climb (complement) #13801: T=4914 -> T=768
    hill climb (complement) #13862: T=5304 -> T=831
    hill climb (complement) #13863: T=5304 -> T=352
    hill climb (complement) #13915: T=5490 -> T=832
    hill climb (complement) #13929: T=5522 -> T=670
    hill climb (complement) #13972: T=5602 -> T=418
    hill climb (complement) #14060: T=5725 -> T=720
    hill climb (complement) #14078: T=5748 -> T=448
    hill climb (complement) #14100: T=5779 -> T=400
    hill climb (complement) #14170: T=5866 -> T=672
    hill climb (complement) #14194: T=5896 -> T=671
    hill climb (complement) #14222: T=5924 -> T=796
    hill climb (complement) #14250: T=5950 -> T=671
    hill climb (complement) #14298: T=5987 -> T=783
    hill climb (complement) #14310: T=6000 -> T=240
    hill climb (complement) #14339: T=6040 -> T=512
    hill climb (complement) #14450: T=6155 -> T=784
    hill climb (complement) #14497: T=6218 -> T=352
    hill climb (complement) #21017: T=8536 -> T=608
    hill climb (complement) #21062: T=8648 -> T=624
    hill climb (complement) #21113: T=8942 -> T=862
    hill climb (complement) #21145: T=9550 -> T=752
    hill climb (complement) #21174: T=9884 -> T=1216
    hill climb (complement) #21203: T=10030 -> T=1479
    hill climb (complement) #21257: T=10256 -> T=576
    hill climb (complement) #21352: T=10588 -> T=574
    hill climb (complement) #21364: T=10628 -> T=1530
    hill climb (complement) #21451: T=10878 -> T=1341
    hill climb (complement) #21454: T=10892 -> T=1264
    hill climb (complement) #21549: T=11088 -> T=1216
    hill climb (complement) #21615: T=11200 -> T=768
    hill climb (complement) #21631: T=11232 -> T=636
    hill climb (complement) #21749: T=11430 -> T=1151
    hill climb (complement) #21780: T=11468 -> T=608
    hill climb (complement) #21813: T=11520 -> T=1535
    hill climb (complement) #21892: T=11660 -> T=1055
    hill climb (complement) #21925: T=11724 -> T=776
    hill climb (complement) #21930: T=11732 -> T=1228
    hill climb (complement) #21931: T=11734 -> T=1508
    hill climb (complement) #21934: T=11740 -> T=1008
    hill climb (complement) #21940: T=11752 -> T=1439
    hill climb (complement) #21968: T=11783 -> T=1568
    hill climb (complement) #21972: T=11790 -> T=600
    hill climb (complement) #21998: T=11830 -> T=1616
    hill climb (complement) #22003: T=11833 -> T=1264
    hill climb (complement) #22006: T=11836 -> T=1176
    hill climb (complement) #22129: T=12035 -> T=1055
    hill climb (complement) #22133: T=12038 -> T=384
    hill climb (complement) #22213: T=12144 -> T=659
    hill climb (complement) #22239: T=12183 -> T=1504
    hill climb (complement) #22258: T=12201 -> T=1120
    hill climb (complement) #22394: T=12366 -> T=524
    hill climb from identity: T=255 -> T=250
    Hill climb time: 878.41 s

========================================
  Results (101609 candidates evaluated)
  Raw ANF Sum T = 978
========================================
  1. m=9 T=516 (union=125, compression 7.824×) M=[11010001..; 10010100..; 00010000..; 00100101..; 00000010..; 10001100..; 00000000..; 10100010..; 01100100..]
    Per-output T: y_0=60 y_1=57 y_2=68 y_3=69 y_4=58 y_5=67 y_6=70 y_7=67
  2. m=9 T=506 (union=127, compression 7.70079×) M=[00000100..; 10101110..; 01111000..; 00100010..; 00010010..; 01111010..; 00000000..; 11101000..; 10011101..]
    Per-output T: y_0=61 y_1=57 y_2=63 y_3=62 y_4=68 y_5=63 y_6=67 y_7=65
  3. m=10 T=800 (union=192, compression 5.09375×) M=[00100101..; 00010000..; 00110111..; 00010100..; 00011010..; 00000000..; 10100011..; 01001000..; 01010101..; 00100101..]
    Per-output T: y_0=82 y_1=98 y_2=102 y_3=110 y_4=108 y_5=104 y_6=100 y_7=96
  4. m=10 T=776 (union=192, compression 5.09375×) M=[00101001..; 00100000..; 11000000..; 11001101..; 10001001..; 00000000..; 11000111..; 01010111..; 11000000..; 01110110..]
    Per-output T: y_0=94 y_1=102 y_2=98 y_3=92 y_4=94 y_5=96 y_6=102 y_7=98
  5. m=10 T=778 (union=192, compression 5.09375×) M=[10000000..; 00000000..; 00000101..; 01110100..; 11000101..; 10110000..; 00100000..; 00110011..; 11110100..; 01101001..]
    Per-output T: y_0=78 y_1=100 y_2=108 y_3=94 y_4=96 y_5=88 y_6=110 y_7=104
  6. m=10 T=786 (union=192, compression 5.09375×) M=[00001000..; 00000000..; 10000101..; 10000101..; 10000011..; 10001100..; 11101011..; 00011000..; 00101100..; 00111001..]
    Per-output T: y_0=104 y_1=102 y_2=104 y_3=90 y_4=102 y_5=110 y_6=92 y_7=82
  7. m=10 T=881 (union=223, compression 4.38565×) M=[10000000..; 11010101..; 11011111..; 11111100..; 00101001..; 00000000..; 11110000..; 10111010..; 00100111..; 10010100..]
    Per-output T: y_0=109 y_1=117 y_2=101 y_3=116 y_4=97 y_5=117 y_6=111 y_7=113
  8. m=8 T=922 (union=239, compression 4.09205×) M=[11010101..; 00100000..; 00000011..; 00111011..; 10111010..; 01010010..; 11000101..; 01110000..]
    Per-output T: y_0=111 y_1=102 y_2=114 y_3=121 y_4=128 y_5=113 y_6=121 y_7=112
  9. m=8 T=887 (union=239, compression 4.09205×) M=[11011001..; 01110100..; 11100110..; 10100111..; 10000110..; 01011100..; 01011001..; 11011011..]
    Per-output T: y_0=109 y_1=117 y_2=112 y_3=102 y_4=108 y_5=118 y_6=111 y_7=110
  10. m=10 T=982 (union=239, compression 4.09205×) M=[11101111..; 10000111..; 11110001..; 00111100..; 11010000..; 10111000..; 00000100..; 00000000..; 01100011..; 11011010..]
    Per-output T: y_0=114 y_1=114 y_2=132 y_3=134 y_4=118 y_5=126 y_6=116 y_7=128
  11. m=8 T=912 (union=240, compression 4.075×) M=[10011110..; 01100011..; 01110011..; 10111001..; 01101100..; 01111001..; 11110101..; 11110110..]
    Per-output T: y_0=120 y_1=116 y_2=110 y_3=126 y_4=109 y_5=117 y_6=117 y_7=97
  12. m=11 T=968 (union=240, compression 4.075×) M=[00000010..; 01101001..; 00000000..; 00000000..; 01010001..; 11110111..; 01001000..; 10010111..; 11010111..; 01111111..; 11100001..]
    Per-output T: y_0=130 y_1=124 y_2=120 y_3=128 y_4=128 y_5=104 y_6=118 y_7=116
  13. m=8 T=923 (union=241, compression 4.05809×) M=[01110101..; 00000001..; 10001010..; 10110010..; 10000010..; 00111111..; 10011101..; 01000000..]
    Per-output T: y_0=131 y_1=122 y_2=127 y_3=106 y_4=121 y_5=102 y_6=105 y_7=109
  14. m=8 T=933 (union=241, compression 4.05809×) M=[01101000..; 00111100..; 01100000..; 10001100..; 01100111..; 11001111..; 10011000..; 01000110..]
    Per-output T: y_0=125 y_1=100 y_2=110 y_3=121 y_4=124 y_5=119 y_6=126 y_7=108
  15. m=8 T=905 (union=242, compression 4.04132×) M=[00001101..; 11011010..; 11000001..; 00000100..; 01011110..; 01010101..; 00100100..; 11001101..]
    Per-output T: y_0=115 y_1=103 y_2=109 y_3=121 y_4=100 y_5=115 y_6=127 y_7=115
  16. m=8 T=933 (union=242, compression 4.04132×) M=[00110010..; 01011001..; 01010001..; 11010010..; 11011001..; 10001010..; 00010011..; 11001110..]
    Per-output T: y_0=116 y_1=112 y_2=115 y_3=116 y_4=114 y_5=115 y_6=120 y_7=125
  17. m=8 T=913 (union=243, compression 4.02469×) M=[11000111..; 11110101..; 00110100..; 11010110..; 10000001..; 00111111..; 01101100..; 01101011..]
    Per-output T: y_0=110 y_1=121 y_2=111 y_3=118 y_4=115 y_5=118 y_6=116 y_7=104
  18. m=8 T=914 (union=243, compression 4.02469×) M=[00010001..; 11011010..; 00110001..; 01100110..; 01010011..; 01100100..; 01011011..; 10111111..]
    Per-output T: y_0=121 y_1=101 y_2=104 y_3=113 y_4=107 y_5=125 y_6=130 y_7=113
  19. m=8 T=979 (union=243, compression 4.02469×) M=[10100001..; 10111100..; 00100101..; 10000010..; 11110101..; 11000100..; 11110001..; 10111101..]
    Per-output T: y_0=124 y_1=127 y_2=121 y_3=121 y_4=118 y_5=125 y_6=121 y_7=122
  20. m=8 T=945 (union=243, compression 4.02469×) M=[00000001..; 00101001..; 00111000..; 11110100..; 10100101..; 10011001..; 11011111..; 10111011..]
    Per-output T: y_0=121 y_1=124 y_2=111 y_3=117 y_4=121 y_5=111 y_6=118 y_7=122

Best candidate: m=9, T_sum=516, T_union=125
// Transform z = Mx + b (GF(2)):
// m=9, n=8
// z_0 = x_0 + x_1 + x_3 + x_7 + 1
// z_1 = x_0 + x_3 + x_5
// z_2 = x_3
// z_3 = x_2 + x_5 + x_7 + 1
// z_4 = x_6
// z_5 = x_0 + x_4 + x_5 + 1
// z_6 = 1
// z_7 = x_0 + x_2 + x_6 + 1
// z_8 = x_1 + x_2 + x_5
  Evaluating best candidate (m=9) for output...
  Saved affine: /home/wangfz/bool/cpp/results/aes_bool/aes_bool_d1a_opt1.affine (s=9, n=8)
  Saved poly: /home/wangfz/bool/cpp/results/aes_bool/aes_bool_d1a_opt1.poly (m=9, 8 outputs, 1008 terms)
  Saved stats: /home/wangfz/bool/cpp/results/aes_bool/aes_bool_d1a_opt1_stats.txt (n=8, k=8, sum_T=1004, union_T=252)

Total time: 938.566 s
