--- Circuit ---
  Inputs: 7, Outputs: 26, Gates: 181
  Max-m: 6, Pool-rows: 30, Hill-climb: 10000

Phase 1: Per-output sparse-g enumeration
  Output 0/26 (oseloregdst0)...
    Scoring 21 pool rows...
    m=7 T=9 [0.00044539 s]
  Output 1/26 (oseloregdst1)...
    Scoring 21 pool rows...
    m=7 T=10 [0.000308719 s]
  Output 2/26 (oselopB0)...
    Scoring 21 pool rows...
    m=7 T=12 [0.000311219 s]
  Output 3/26 (oselopB1)...
    Scoring 21 pool rows...
    m=7 T=10 [0.000171783 s]
  Output 4/26 (oaluop0)...
    Scoring 21 pool rows...
    m=7 T=12 [0.000690167 s]
  Output 5/26 (oaluop1)...
    Scoring 21 pool rows...
    m=7 T=6 [0.000500403 s]
  Output 6/26 (oaluop2)...
    Scoring 21 pool rows...
    m=7 T=7 [0.000161998 s]
  Output 7/26 (oaluopext0)...
    Scoring 21 pool rows...
    m=7 T=9 [0.000336737 s]
  Output 8/26 (oaluopext1)...
    Scoring 21 pool rows...
    m=7 T=9 [0.000341229 s]
  Output 9/26 (oaluopext2)...
    Scoring 21 pool rows...
    m=7 T=10 [0.000285197 s]
  Output 10/26 (oaluopext3)...
    Scoring 21 pool rows...
    m=7 T=10 [0.000171887 s]
  Output 11/26 (ohalt)...
    Scoring 21 pool rows...
    m=7 T=32 [0.000101506 s]
  Output 12/26 (oregwrite)...
    Scoring 21 pool rows...
    m=7 T=15 [0.00014878 s]
  Output 13/26 (oselpcopA)...
    Scoring 21 pool rows...
    m=7 T=4 [0.000522546 s]
  Output 14/26 (oselpcopB)...
    Scoring 21 pool rows...
    m=7 T=8 [0.000144999 s]
  Output 15/26 (obeqz)...
    Scoring 21 pool rows...
    m=7 T=8 [0.000410603 s]
  Output 16/26 (obnez)...
    Scoring 21 pool rows...
    m=7 T=4 [0.00109015 s]
  Output 17/26 (obgez)...
    Scoring 21 pool rows...
    m=7 T=2 [0.000973706 s]
  Output 18/26 (obltz)...
    Scoring 21 pool rows...
    m=7 T=4 [0.000914485 s]
  Output 19/26 (ojump)...
    Scoring 21 pool rows...
    m=7 T=4 [0.000134062 s]
  Output 20/26 (oCin)...
    Scoring 21 pool rows...
    m=7 T=8 [0.000399557 s]
  Output 21/26 (oinvA)...
    Scoring 21 pool rows...
    m=7 T=12 [0.000600238 s]
  Output 22/26 (oinvB)...
    Scoring 21 pool rows...
    m=7 T=6 [0.00057361 s]
  Output 23/26 (osign)...
    AFFINE: y = 1 [6.2048e-05 s]
  Output 24/26 (omemwrite)...
    Scoring 21 pool rows...
    m=7 T=12 [0.000159508 s]
  Output 25/26 (oselwb)...
    Scoring 21 pool rows...
    m=7 T=8 [0.000578519 s]

=== Results ===
  Sum T = 231
  oseloregdst0: T=9 m=7
  oseloregdst1: T=10 m=7
  oselopB0: T=12 m=7
  oselopB1: T=10 m=7
  oaluop0: T=12 m=7
  oaluop1: T=6 m=7
  oaluop2: T=7 m=7
  oaluopext0: T=9 m=7
  oaluopext1: T=9 m=7
  oaluopext2: T=10 m=7
  oaluopext3: T=10 m=7
  ohalt: T=32 m=7
  oregwrite: T=15 m=7
  oselpcopA: T=4 m=7
  oselpcopB: T=8 m=7
  obeqz: T=8 m=7
  obnez: T=4 m=7
  obgez: T=2 m=7
  obltz: T=4 m=7
  ojump: T=4 m=7
  oCin: T=8 m=7
  oinvA: T=12 m=7
  oinvB: T=6 m=7
  osign: AFFINE (mask=0x0, b=1)
  omemwrite: T=12 m=7
  oselwb: T=8 m=7
  Sum T = 215
  Union T = 215
  Saved: /home/wangfz/bool/cpp/results/ctrl/ctrl_d2_opt2.affine (s=175, n=7)
  Saved: /home/wangfz/bool/cpp/results/ctrl/ctrl_d2_opt2.poly (m=175, 26 outputs)
  Saved: /home/wangfz/bool/cpp/results/ctrl/ctrl_d2_opt2_stats.txt (sum_T=215, union_T=215)
  Saved: /home/wangfz/bool/cpp/results/ctrl/ctrl_d2_opt2_verify.txt

Total time: 0.0857156 s
