--- Circuit ---
  Inputs: 16, Outputs: 8, Gates: 164
  Max-m: 6, Pool-rows: 30, Hill-climb: 100000

Phase 1: Per-output sparse-g enumeration
  Output 0/8 (m_7)...
    Scoring 48 pool rows...
    m=16 T=3 [0.00126476 s]
  Output 1/8 (m_6)...
    Scoring 48 pool rows...
    m=16 T=5 [0.00123307 s]
  Output 2/8 (m_5)...
    Scoring 48 pool rows...
    m=16 T=9 [0.00126444 s]
  Output 3/8 (m_4)...
    Scoring 48 pool rows...
    m=16 T=17 [0.00124434 s]
  Output 4/8 (m_3)...
    Scoring 48 pool rows...
    m=16 T=33 [0.0012927 s]
  Output 5/8 (m_2)...
    Scoring 48 pool rows...
    m=16 T=225 [0.00130123 s]
  Output 6/8 (m_1)...
    Scoring 48 pool rows...
    m=16 T=129 [0.00132461 s]
  Output 7/8 (m_0)...
    Scoring 48 pool rows...
    m=16 T=257 [0.00143508 s]

=== Results ===
  Sum T = 678
  m_7: T=3 m=16
  m_6: T=5 m=16
  m_5: T=9 m=16
  m_4: T=17 m=16
  m_3: T=33 m=16
  m_2: T=225 m=16
  m_1: T=129 m=16
  m_0: T=257 m=16
  Sum T = 662
  Union T = 662
  Saved: /home/wangfz/bool/cpp/results/hd04/hd04_d2_opt2.affine (s=128, n=16)
  Saved: /home/wangfz/bool/cpp/results/hd04/hd04_d2_opt2.poly (m=128, 8 outputs)
  Saved: /home/wangfz/bool/cpp/results/hd04/hd04_d2_opt2_stats.txt (sum_T=662, union_T=662)
  Saved: /home/wangfz/bool/cpp/results/hd04/hd04_d2_opt2_verify.txt

Total time: 0.0358152 s
