GateBuilder: hd04
  threshold=2147483647 out_dir=/home/wangfz/bool/cpp/results/hd04
  Circuit: 16 inputs, 8 outputs, 164 gates
  Build complete
  Output m_7: m=16 T=3 T_nl=1
    m_used=10 T=3
  Output m_6: m=16 T=5 T_nl=3
    m_used=11 T=5
  Output m_5: m=16 T=9 T_nl=7
    m_used=12 T=9
  Output m_4: m=16 T=17 T_nl=15
    m_used=13 T=17
  Output m_3: m=16 T=33 T_nl=31
    m_used=14 T=33
  Output m_2: m=16 T=225 T_nl=223
    m_used=15 T=225
  Output m_1: m=16 T=129 T_nl=127
    m_used=16 T=129
  Output m_0: m=16 T=257 T_nl=255
    m_used=16 T=257
  Per-output compression complete
    m_7: m=16 T=3
    m_6: m=16 T=5
    m_5: m=16 T=9
    m_4: m=16 T=17
    m_3: m=16 T=33
    m_2: m=16 T=161
    m_1: m=16 T=129
    m_0: m=16 T=257
  Saved: /home/wangfz/bool/cpp/results/hd04/hd04_d1b_opt2.affine (s=128, n=16)
  Saved: /home/wangfz/bool/cpp/results/hd04/hd04_d1b_opt2.poly (m=128, 8 outputs)
  Saved: /home/wangfz/bool/cpp/results/hd04/hd04_d1b_opt2_stats.txt (sum_T=599, union_T=599)
  Done. Files written to /home/wangfz/bool/cpp/results/hd04/hd04_d1b_opt2.*
