--- Circuit ---
  Inputs: 8, Outputs to optimize: 8

Phase 1: Computing truth table...
  Truth table: 2^8 = 256 inputs, 4 batches, 8 output(s), 104 thread(s)

Phase 2: Raw ANF baseline...
  Sum T = 978
  Max deg = 7
    y_0: T=127, m=7
    y_1: T=128, m=7
    y_2: T=141, m=7
    y_3: T=132, m=7
    y_4: T=126, m=7
    y_5: T=110, m=7
    y_6: T=108, m=7
    y_7: T=106, m=7

Phase 2c: d1c product-based simplification...
    [d1c] output 0 (t=8): T_nl 127 → 104 (b=0xd8)
      → T_union=246
    [d1c] output 1 (t=8): T_nl 128 → 104 (b=0x73)
      → T_union=246
    [d1c] output 2 (t=8): T_nl 141 → 112 (b=0x1b)
      → T_union=246
    [d1c] output 3 (t=8): T_nl 132 → 106 (b=0xec)
      → T_union=246
    [d1c] output 4 (t=8): T_nl 126 → 105 (b=0x57)
      → T_union=246
    [d1c] output 5 (t=8): T_nl 110 → 96 (b=0x61)
      → T_union=246
    [d1c] output 6 (t=8): T_nl 108 → 99 (b=0xfc)
      → T_union=246
    [d1c] output 7 (t=8): T_nl 106 → 94 (b=0xbe)
      → T_union=246
    Searched 8 output(s), 8 improved
    d1c time: 0.0424006 s

Phase 2b: Computing Aut(F) basis...
  dim(Aut(F)) = 6
  basis vectors: 5 2 12 8 16 32
  Aut(F) time: 6.7423e-05 s
  Dependency union: 8/8 bits (0 don't-care)

Phase 3: Computing Walsh correlations...
  Output y_0 top-5 bits: 6(32) 7(32) 3(10) 2(8) 5(4)
  Output y_1 top-5 bits: 6(28) 7(28) 2(8) 1(6) 5(4)
  Output y_2 top-5 bits: 6(35) 7(35) 1(7) 0(5) 5(5)
  Output y_3 top-5 bits: 6(37) 7(37) 4(7) 3(3) 5(3)
  Output y_4 top-5 bits: 6(32) 7(32) 0(4) 3(4) 1(2)
  Output y_5 top-5 bits: 6(29) 7(29) 2(7) 3(7) 5(5)
  Output y_6 top-5 bits: 6(26) 7(26) 1(8) 2(2) 4(2)
  Output y_7 top-5 bits: 6(34) 7(34) 4(6) 2(4) 5(4)
  Walsh time: 0.000930831 s

Phase 4: Searching for M,b...
  4a-pr: Progressive M construction (max m=16)...
    progressive result: m=8 T_union=246
    progressive time: 0.00881718 s
  4a: Single-row Walsh (80 candidates)
  4b: Multi-row Walsh (10 progressive + pair combinations)
  4c: Random M,b (100000 candidates)
  Search time: 60.4754 s
  4e: Hill climbing from top 100000 candidates (+ identity)
    hill climb #0: T=243 -> T=240
    hill climb #1: T=243 -> T=237
    hill climb #2: T=243 -> T=239
    hill climb #3: T=243 -> T=241
    hill climb #4: T=243 -> T=236
    hill climb #5: T=244 -> T=240
    hill climb #6: T=244 -> T=241
    hill climb #7: T=244 -> T=237
    hill climb #8: T=244 -> T=242
    hill climb #9: T=244 -> T=241
    hill climb #10: T=244 -> T=243
    hill climb #11: T=244 -> T=241
    hill climb #13: T=244 -> T=237
    hill climb #14: T=244 -> T=242
    hill climb #15: T=244 -> T=241
    hill climb #16: T=244 -> T=238
    hill climb #19: T=244 -> T=243
    hill climb #20: T=244 -> T=239
    hill climb #21: T=244 -> T=242
    hill climb #22: T=244 -> T=239
    hill climb #23: T=244 -> T=234
    hill climb #27: T=245 -> T=244
    hill climb #28: T=245 -> T=241
    hill climb #29: T=245 -> T=240
    hill climb #30: T=245 -> T=244
    hill climb #32: T=245 -> T=236
    hill climb #34: T=245 -> T=241
    hill climb #35: T=245 -> T=239
    hill climb #36: T=245 -> T=244
    hill climb #37: T=245 -> T=241
    hill climb #39: T=245 -> T=239
    hill climb #41: T=245 -> T=242
    hill climb #42: T=245 -> T=242
    hill climb #44: T=245 -> T=242
    hill climb #45: T=245 -> T=238
    hill climb #46: T=245 -> T=239
    hill climb #47: T=245 -> T=244
    hill climb #48: T=245 -> T=240
    hill climb #49: T=245 -> T=244
    hill climb #50: T=245 -> T=238
    hill climb #51: T=245 -> T=236
    hill climb #52: T=245 -> T=236
    hill climb #53: T=245 -> T=243
    hill climb #54: T=245 -> T=242
    hill climb #55: T=245 -> T=244
    hill climb #57: T=245 -> T=242
    hill climb #58: T=245 -> T=242
    hill climb #59: T=245 -> T=237
    hill climb #61: T=245 -> T=244
    hill climb #62: T=245 -> T=238
    hill climb #63: T=245 -> T=244
    hill climb #64: T=245 -> T=244
    hill climb #65: T=245 -> T=243
    hill climb #66: T=245 -> T=244
    hill climb #68: T=245 -> T=243
    hill climb #69: T=245 -> T=241
    hill climb #70: T=245 -> T=244
    hill climb #71: T=245 -> T=241
    hill climb #72: T=245 -> T=242
    hill climb #73: T=245 -> T=244
    hill climb #74: T=245 -> T=244
    hill climb #75: T=245 -> T=239
    hill climb #77: T=245 -> T=241
    hill climb #78: T=245 -> T=243
    hill climb #79: T=245 -> T=236
    hill climb #80: T=245 -> T=244
    hill climb #81: T=245 -> T=243
    hill climb #82: T=245 -> T=244
    hill climb #84: T=245 -> T=234
    hill climb #85: T=245 -> T=243
    hill climb #87: T=245 -> T=238
    hill climb #88: T=245 -> T=242
    hill climb #89: T=245 -> T=240
    hill climb #91: T=245 -> T=244
    hill climb #92: T=245 -> T=244
    hill climb #93: T=245 -> T=243
    hill climb #94: T=245 -> T=244
    hill climb #95: T=245 -> T=243
    hill climb #96: T=245 -> T=230
    hill climb #97: T=245 -> T=244
    hill climb #99: T=245 -> T=243
    hill climb #100: T=245 -> T=241
    hill climb #102: T=245 -> T=239
    hill climb #103: T=245 -> T=243
    hill climb #104: T=245 -> T=244
    hill climb #105: T=245 -> T=243
    hill climb #106: T=245 -> T=244
    hill climb #107: T=245 -> T=241
    hill climb #108: T=245 -> T=244
    hill climb #109: T=245 -> T=239
    hill climb #110: T=245 -> T=243
    hill climb #111: T=245 -> T=244
    hill climb #112: T=245 -> T=240
    hill climb #116: T=245 -> T=244
    hill climb #117: T=245 -> T=241
    hill climb #119: T=245 -> T=243
    hill climb #123: T=245 -> T=244
    hill climb #124: T=245 -> T=244
    hill climb #126: T=245 -> T=242
    hill climb #127: T=245 -> T=237
    hill climb #129: T=245 -> T=238
    hill climb #131: T=245 -> T=244
    hill climb #132: T=245 -> T=243
    hill climb #134: T=245 -> T=243
    hill climb #135: T=245 -> T=244
    hill climb #136: T=245 -> T=239
    hill climb #137: T=245 -> T=243
    hill climb #138: T=245 -> T=242
    hill climb #139: T=245 -> T=240
    hill climb #141: T=245 -> T=243
    hill climb #142: T=245 -> T=243
    hill climb #143: T=245 -> T=237
    hill climb #144: T=245 -> T=244
    hill climb #147: T=245 -> T=244
    hill climb #150: T=245 -> T=234
    hill climb #151: T=245 -> T=243
    hill climb #152: T=245 -> T=243
    hill climb #153: T=245 -> T=240
    hill climb #154: T=245 -> T=242
    hill climb #155: T=245 -> T=236
    hill climb #156: T=245 -> T=243
    hill climb #157: T=245 -> T=241
    hill climb #160: T=245 -> T=243
    hill climb #161: T=245 -> T=244
    hill climb #163: T=245 -> T=243
    hill climb #164: T=245 -> T=244
    hill climb #165: T=245 -> T=238
    hill climb #167: T=245 -> T=243
    hill climb #168: T=245 -> T=238
    hill climb #169: T=245 -> T=244
    hill climb #170: T=245 -> T=244
    hill climb #172: T=245 -> T=244
    hill climb #175: T=245 -> T=241
    hill climb #176: T=245 -> T=244
    hill climb #177: T=245 -> T=243
    hill climb #179: T=245 -> T=244
    hill climb #180: T=245 -> T=237
    hill climb #182: T=245 -> T=241
    hill climb #184: T=245 -> T=240
    hill climb #185: T=245 -> T=243
    hill climb #186: T=245 -> T=244
    hill climb #187: T=245 -> T=243
    hill climb #189: T=245 -> T=244
    hill climb #190: T=245 -> T=241
    hill climb #191: T=245 -> T=241
    hill climb #192: T=245 -> T=241
    hill climb #194: T=245 -> T=243
    hill climb #196: T=245 -> T=241
    hill climb #197: T=245 -> T=238
    hill climb #198: T=245 -> T=242
    hill climb #199: T=245 -> T=244
    hill climb #200: T=245 -> T=244
    hill climb #201: T=245 -> T=237
    hill climb #203: T=245 -> T=243
    hill climb #204: T=245 -> T=244
    hill climb #205: T=245 -> T=243
    hill climb #206: T=245 -> T=243
    hill climb #209: T=245 -> T=244
    hill climb #210: T=245 -> T=244
    hill climb #214: T=245 -> T=244
    hill climb #216: T=245 -> T=244
    hill climb #217: T=245 -> T=244
    hill climb #218: T=245 -> T=239
    hill climb #219: T=245 -> T=244
    hill climb #220: T=245 -> T=239
    hill climb #221: T=245 -> T=243
    hill climb #222: T=245 -> T=239
    hill climb #223: T=246 -> T=243
    hill climb #224: T=246 -> T=241
    hill climb #226: T=246 -> T=245
    hill climb #228: T=246 -> T=245
    hill climb #230: T=246 -> T=244
    hill climb #231: T=246 -> T=244
    hill climb #232: T=246 -> T=244
    hill climb #233: T=246 -> T=235
    hill climb #234: T=246 -> T=237
    hill climb #235: T=246 -> T=245
    hill climb #237: T=246 -> T=237
    hill climb #239: T=246 -> T=245
    hill climb #241: T=246 -> T=244
    hill climb #242: T=246 -> T=244
    hill climb #250: T=246 -> T=243
    hill climb #251: T=246 -> T=245
    hill climb #254: T=246 -> T=244
    hill climb #255: T=246 -> T=245
    hill climb #256: T=246 -> T=237
    hill climb #257: T=246 -> T=244
    hill climb #259: T=246 -> T=242
    hill climb #263: T=246 -> T=239
    hill climb #265: T=246 -> T=244
    hill climb #267: T=246 -> T=245
    hill climb #268: T=246 -> T=245
    hill climb #269: T=246 -> T=244
    hill climb #273: T=246 -> T=244
    hill climb #275: T=246 -> T=244
    hill climb #276: T=246 -> T=243
    hill climb #277: T=246 -> T=236
    hill climb #279: T=246 -> T=245
    hill climb #280: T=246 -> T=242
    hill climb #282: T=246 -> T=245
    hill climb #283: T=246 -> T=240
    hill climb #284: T=246 -> T=245
    hill climb #286: T=246 -> T=244
    hill climb #287: T=246 -> T=243
    hill climb #288: T=246 -> T=245
    hill climb #289: T=246 -> T=237
    hill climb #290: T=246 -> T=245
    hill climb #291: T=246 -> T=245
    hill climb #292: T=246 -> T=241
    hill climb #293: T=246 -> T=244
    hill climb #294: T=246 -> T=245
    hill climb #295: T=246 -> T=244
    hill climb #297: T=246 -> T=244
    hill climb #298: T=246 -> T=245
    hill climb #299: T=246 -> T=245
    hill climb #303: T=246 -> T=242
    hill climb #307: T=246 -> T=241
    hill climb #309: T=246 -> T=245
    hill climb #310: T=246 -> T=240
    hill climb #311: T=246 -> T=245
    hill climb #314: T=246 -> T=245
    hill climb #315: T=246 -> T=245
    hill climb #316: T=246 -> T=240
    hill climb #317: T=246 -> T=245
    hill climb #318: T=246 -> T=240
    hill climb #320: T=246 -> T=241
    hill climb #323: T=246 -> T=245
    hill climb #324: T=246 -> T=243
    hill climb #325: T=246 -> T=243
    hill climb #326: T=246 -> T=244
    hill climb #327: T=246 -> T=241
    hill climb #329: T=246 -> T=245
    hill climb #331: T=246 -> T=245
    hill climb #333: T=246 -> T=245
    hill climb #334: T=246 -> T=243
    hill climb #336: T=246 -> T=237
    hill climb #338: T=246 -> T=244
    hill climb #339: T=246 -> T=244
    hill climb #341: T=246 -> T=244
    hill climb #342: T=246 -> T=245
    hill climb #343: T=246 -> T=245
    hill climb #346: T=246 -> T=243
    hill climb #347: T=246 -> T=245
    hill climb #348: T=246 -> T=245
    hill climb #350: T=246 -> T=240
    hill climb #351: T=246 -> T=234
    hill climb #352: T=246 -> T=244
    hill climb #353: T=246 -> T=239
    hill climb #354: T=246 -> T=245
    hill climb #356: T=246 -> T=245
    hill climb #358: T=246 -> T=245
    hill climb #359: T=246 -> T=245
    hill climb #360: T=246 -> T=245
    hill climb #361: T=246 -> T=245
    hill climb #364: T=246 -> T=244
    hill climb #366: T=246 -> T=245
    hill climb #367: T=246 -> T=244
    hill climb #369: T=246 -> T=244
    hill climb #370: T=246 -> T=244
    hill climb #371: T=246 -> T=237
    hill climb #372: T=246 -> T=245
    hill climb #374: T=246 -> T=245
    hill climb #376: T=246 -> T=236
    hill climb #377: T=246 -> T=245
    hill climb #379: T=246 -> T=245
    hill climb #381: T=246 -> T=243
    hill climb #382: T=246 -> T=245
    hill climb #385: T=246 -> T=244
    hill climb #388: T=246 -> T=243
    hill climb #389: T=246 -> T=245
    hill climb #390: T=246 -> T=244
    hill climb #394: T=246 -> T=245
    hill climb #395: T=246 -> T=244
    hill climb #396: T=246 -> T=241
    hill climb #397: T=246 -> T=243
    hill climb #398: T=246 -> T=239
    hill climb #399: T=246 -> T=244
    hill climb #400: T=246 -> T=245
    hill climb #403: T=246 -> T=245
    hill climb #404: T=246 -> T=244
    hill climb #406: T=246 -> T=242
    hill climb #407: T=246 -> T=245
    hill climb #408: T=246 -> T=245
    hill climb #409: T=246 -> T=245
    hill climb #410: T=246 -> T=241
    hill climb #411: T=246 -> T=245
    hill climb #412: T=246 -> T=245
    hill climb #413: T=246 -> T=241
    hill climb #414: T=246 -> T=245
    hill climb #415: T=246 -> T=245
    hill climb #419: T=246 -> T=242
    hill climb #422: T=246 -> T=234
    hill climb #423: T=246 -> T=244
    hill climb #424: T=246 -> T=243
    hill climb #425: T=246 -> T=243
    hill climb #426: T=246 -> T=245
    hill climb #427: T=246 -> T=245
    hill climb #428: T=246 -> T=242
    hill climb #429: T=246 -> T=245
    hill climb #430: T=246 -> T=245
    hill climb #432: T=246 -> T=245
    hill climb #433: T=246 -> T=241
    hill climb #434: T=246 -> T=245
    hill climb #437: T=246 -> T=243
    hill climb #448: T=246 -> T=245
    hill climb #449: T=246 -> T=244
    hill climb #450: T=246 -> T=240
    hill climb #451: T=246 -> T=242
    hill climb #455: T=246 -> T=244
    hill climb #457: T=246 -> T=236
    hill climb #459: T=246 -> T=243
    hill climb #462: T=246 -> T=241
    hill climb #463: T=246 -> T=243
    hill climb #464: T=246 -> T=238
    hill climb #465: T=246 -> T=245
    hill climb #466: T=246 -> T=243
    hill climb #467: T=246 -> T=245
    hill climb #468: T=246 -> T=245
    hill climb #470: T=246 -> T=244
    hill climb #476: T=246 -> T=240
    hill climb #478: T=246 -> T=245
    hill climb #480: T=246 -> T=239
    hill climb #481: T=246 -> T=242
    hill climb #482: T=246 -> T=239
    hill climb #483: T=246 -> T=245
    hill climb #484: T=246 -> T=245
    hill climb #485: T=246 -> T=245
    hill climb #486: T=246 -> T=245
    hill climb #488: T=246 -> T=244
    hill climb #489: T=246 -> T=244
    hill climb #490: T=246 -> T=244
    hill climb #491: T=246 -> T=245
    hill climb #492: T=246 -> T=245
    hill climb #493: T=246 -> T=245
    hill climb #497: T=246 -> T=244
    hill climb #500: T=246 -> T=244
    hill climb #501: T=246 -> T=244
    hill climb #504: T=246 -> T=243
    hill climb #505: T=246 -> T=242
    hill climb #506: T=246 -> T=245
    hill climb #508: T=246 -> T=242
    hill climb #511: T=246 -> T=241
    hill climb #512: T=246 -> T=244
    hill climb #514: T=246 -> T=245
    hill climb #515: T=246 -> T=244
    hill climb #516: T=246 -> T=242
    hill climb #518: T=246 -> T=245
    hill climb #520: T=246 -> T=241
    hill climb #523: T=246 -> T=232
    hill climb #525: T=246 -> T=245
    hill climb #527: T=246 -> T=245
    hill climb #528: T=246 -> T=242
    hill climb #529: T=246 -> T=241
    hill climb #530: T=246 -> T=245
    hill climb #531: T=246 -> T=245
    hill climb #533: T=246 -> T=245
    hill climb #535: T=246 -> T=238
    hill climb #536: T=246 -> T=236
    hill climb #537: T=246 -> T=241
    hill climb #539: T=246 -> T=244
    hill climb #541: T=246 -> T=241
    hill climb #545: T=246 -> T=245
    hill climb #546: T=246 -> T=245
    hill climb #547: T=246 -> T=245
    hill climb #548: T=246 -> T=243
    hill climb #553: T=246 -> T=245
    hill climb #555: T=246 -> T=238
    hill climb #557: T=246 -> T=245
    hill climb #559: T=246 -> T=241
    hill climb #560: T=246 -> T=245
    hill climb #561: T=246 -> T=245
    hill climb #564: T=246 -> T=241
    hill climb #565: T=246 -> T=241
    hill climb #568: T=246 -> T=245
    hill climb #572: T=246 -> T=244
    hill climb #574: T=246 -> T=245
    hill climb #575: T=246 -> T=244
    hill climb #576: T=246 -> T=245
    hill climb #578: T=246 -> T=243
    hill climb #579: T=246 -> T=235
    hill climb #581: T=246 -> T=239
    hill climb #582: T=246 -> T=245
    hill climb #585: T=246 -> T=244
    hill climb #588: T=246 -> T=243
    hill climb #589: T=246 -> T=245
    hill climb #590: T=246 -> T=241
    hill climb #591: T=246 -> T=244
    hill climb #593: T=246 -> T=245
    hill climb #594: T=246 -> T=239
    hill climb #598: T=246 -> T=245
    hill climb #599: T=246 -> T=245
    hill climb #600: T=246 -> T=245
    hill climb #601: T=246 -> T=241
    hill climb #602: T=246 -> T=240
    hill climb #604: T=246 -> T=245
    hill climb #605: T=246 -> T=242
    hill climb #606: T=246 -> T=244
    hill climb #608: T=246 -> T=238
    hill climb #609: T=246 -> T=245
    hill climb #612: T=246 -> T=238
    hill climb #614: T=246 -> T=245
    hill climb #615: T=246 -> T=243
    hill climb #617: T=246 -> T=244
    hill climb #619: T=246 -> T=236
    hill climb #622: T=246 -> T=245
    hill climb #623: T=246 -> T=245
    hill climb #625: T=246 -> T=241
    hill climb #626: T=246 -> T=236
    hill climb #628: T=246 -> T=243
    hill climb #629: T=246 -> T=245
    hill climb #630: T=246 -> T=244
    hill climb #631: T=246 -> T=245
    hill climb #633: T=246 -> T=236
    hill climb #636: T=246 -> T=244
    hill climb #638: T=246 -> T=244
    hill climb #639: T=246 -> T=243
    hill climb #640: T=246 -> T=242
    hill climb #644: T=246 -> T=245
    hill climb #645: T=246 -> T=245
    hill climb #646: T=246 -> T=243
    hill climb #647: T=246 -> T=244
    hill climb #649: T=246 -> T=245
    hill climb #651: T=246 -> T=239
    hill climb #654: T=246 -> T=245
    hill climb #658: T=246 -> T=245
    hill climb #661: T=246 -> T=243
    hill climb #665: T=246 -> T=245
    hill climb #667: T=246 -> T=244
    hill climb #668: T=246 -> T=240
    hill climb #669: T=246 -> T=240
    hill climb #670: T=246 -> T=245
    hill climb #671: T=246 -> T=244
    hill climb #672: T=246 -> T=245
    hill climb #673: T=246 -> T=241
    hill climb #674: T=246 -> T=245
    hill climb #675: T=246 -> T=245
    hill climb #677: T=246 -> T=245
    hill climb #678: T=246 -> T=244
    hill climb #680: T=246 -> T=245
    hill climb #682: T=246 -> T=241
    hill climb #683: T=246 -> T=245
    hill climb #687: T=246 -> T=245
    hill climb #688: T=246 -> T=245
    hill climb #690: T=246 -> T=245
    hill climb #693: T=246 -> T=245
    hill climb #695: T=246 -> T=240
    hill climb #697: T=246 -> T=245
    hill climb #698: T=246 -> T=243
    hill climb #699: T=246 -> T=241
    hill climb #700: T=246 -> T=243
    hill climb #701: T=246 -> T=245
    hill climb #702: T=246 -> T=243
    hill climb #704: T=246 -> T=245
    hill climb #707: T=246 -> T=241
    hill climb #708: T=246 -> T=245
    hill climb #711: T=246 -> T=245
    hill climb #713: T=246 -> T=245
    hill climb #717: T=246 -> T=245
    hill climb #718: T=246 -> T=245
    hill climb #719: T=246 -> T=244
    hill climb #720: T=246 -> T=244
    hill climb #726: T=246 -> T=241
    hill climb #727: T=246 -> T=244
    hill climb #728: T=246 -> T=245
    hill climb #729: T=246 -> T=245
    hill climb #732: T=246 -> T=244
    hill climb #733: T=246 -> T=245
    hill climb #735: T=246 -> T=245
    hill climb #736: T=246 -> T=245
    hill climb #737: T=246 -> T=245
    hill climb #741: T=246 -> T=244
    hill climb #742: T=246 -> T=245
    hill climb #743: T=246 -> T=245
    hill climb #745: T=246 -> T=244
    hill climb #747: T=246 -> T=244
    hill climb #748: T=246 -> T=245
    hill climb #749: T=246 -> T=243
    hill climb #750: T=246 -> T=245
    hill climb #751: T=246 -> T=245
    hill climb #752: T=246 -> T=242
    hill climb #753: T=246 -> T=242
    hill climb #754: T=246 -> T=243
    hill climb #755: T=246 -> T=245
    hill climb #756: T=246 -> T=244
    hill climb #758: T=246 -> T=244
    hill climb #763: T=246 -> T=242
    hill climb #764: T=246 -> T=243
    hill climb #765: T=246 -> T=245
    hill climb #770: T=246 -> T=244
    hill climb #771: T=246 -> T=243
    hill climb #772: T=246 -> T=243
    hill climb #773: T=246 -> T=245
    hill climb #774: T=246 -> T=245
    hill climb #776: T=246 -> T=244
    hill climb #778: T=246 -> T=245
    hill climb #779: T=246 -> T=245
    hill climb #780: T=246 -> T=237
    hill climb #781: T=246 -> T=238
    hill climb #782: T=246 -> T=245
    hill climb #783: T=246 -> T=243
    hill climb #784: T=246 -> T=245
    hill climb #785: T=246 -> T=242
    hill climb #787: T=246 -> T=244
    hill climb #788: T=246 -> T=245
    hill climb #789: T=246 -> T=245
    hill climb #798: T=246 -> T=245
    hill climb #799: T=246 -> T=242
    hill climb #800: T=246 -> T=239
    hill climb #801: T=246 -> T=243
    hill climb #803: T=246 -> T=245
    hill climb #804: T=246 -> T=245
    hill climb #806: T=246 -> T=243
    hill climb #812: T=246 -> T=244
    hill climb #813: T=246 -> T=245
    hill climb #815: T=246 -> T=245
    hill climb #820: T=246 -> T=245
    hill climb #821: T=246 -> T=244
    hill climb #824: T=246 -> T=245
    hill climb #825: T=246 -> T=244
    hill climb #826: T=246 -> T=239
    hill climb #828: T=246 -> T=243
    hill climb #830: T=246 -> T=243
    hill climb #832: T=246 -> T=245
    hill climb #833: T=246 -> T=244
    hill climb #834: T=246 -> T=245
    hill climb #835: T=246 -> T=240
    hill climb #836: T=246 -> T=245
    hill climb #837: T=246 -> T=245
    hill climb #838: T=246 -> T=245
    hill climb #839: T=246 -> T=245
    hill climb #840: T=246 -> T=245
    hill climb #842: T=246 -> T=244
    hill climb #844: T=246 -> T=245
    hill climb #846: T=246 -> T=244
    hill climb #851: T=246 -> T=245
    hill climb #852: T=246 -> T=245
    hill climb #856: T=246 -> T=245
    hill climb #858: T=246 -> T=241
    hill climb #859: T=246 -> T=245
    hill climb #860: T=246 -> T=245
    hill climb #862: T=246 -> T=245
    hill climb #863: T=246 -> T=245
    hill climb #866: T=246 -> T=245
    hill climb #867: T=246 -> T=243
    hill climb #868: T=246 -> T=245
    hill climb #870: T=246 -> T=237
    hill climb #871: T=246 -> T=244
    hill climb #872: T=246 -> T=244
    hill climb #875: T=246 -> T=235
    hill climb #877: T=246 -> T=245
    hill climb #879: T=246 -> T=245
    hill climb #881: T=246 -> T=245
    hill climb #883: T=246 -> T=245
    hill climb #886: T=246 -> T=245
    hill climb #887: T=246 -> T=245
    hill climb #888: T=246 -> T=242
    hill climb #891: T=246 -> T=242
    hill climb #893: T=246 -> T=245
    hill climb #894: T=246 -> T=241
    hill climb #895: T=246 -> T=245
    hill climb #896: T=246 -> T=244
    hill climb #897: T=246 -> T=245
    hill climb #898: T=246 -> T=244
    hill climb #899: T=246 -> T=245
    hill climb #901: T=246 -> T=245
    hill climb #902: T=246 -> T=238
    hill climb #903: T=246 -> T=245
    hill climb #904: T=246 -> T=236
    hill climb #907: T=246 -> T=238
    hill climb #910: T=246 -> T=245
    hill climb #911: T=246 -> T=245
    hill climb #912: T=246 -> T=245
    hill climb #913: T=246 -> T=245
    hill climb #914: T=246 -> T=242
    hill climb #915: T=246 -> T=245
    hill climb #916: T=246 -> T=245
    hill climb #917: T=246 -> T=238
    hill climb #918: T=246 -> T=242
    hill climb #920: T=246 -> T=245
    hill climb #921: T=246 -> T=245
    hill climb #924: T=246 -> T=236
    hill climb #926: T=246 -> T=245
    hill climb #927: T=246 -> T=244
    hill climb #932: T=246 -> T=244
    hill climb #933: T=246 -> T=237
    hill climb #935: T=246 -> T=244
    hill climb #936: T=246 -> T=244
    hill climb #937: T=246 -> T=243
    hill climb #938: T=246 -> T=245
    hill climb #943: T=246 -> T=245
    hill climb #944: T=246 -> T=245
    hill climb #945: T=246 -> T=242
    hill climb #946: T=246 -> T=245
    hill climb #947: T=246 -> T=245
    hill climb #948: T=246 -> T=240
    hill climb #950: T=246 -> T=245
    hill climb #952: T=246 -> T=245
    hill climb #954: T=246 -> T=244
    hill climb #958: T=246 -> T=245
    hill climb #959: T=246 -> T=245
    hill climb #961: T=246 -> T=245
    hill climb #963: T=246 -> T=239
    hill climb #964: T=246 -> T=245
    hill climb #966: T=246 -> T=244
    hill climb #967: T=246 -> T=241
    hill climb #968: T=246 -> T=245
    hill climb #970: T=246 -> T=243
    hill climb #972: T=246 -> T=245
    hill climb #973: T=246 -> T=238
    hill climb #974: T=246 -> T=241
    hill climb #975: T=246 -> T=243
    hill climb #978: T=246 -> T=244
    hill climb #979: T=246 -> T=245
    hill climb #980: T=246 -> T=245
    hill climb #982: T=246 -> T=245
    hill climb #983: T=246 -> T=239
    hill climb #984: T=246 -> T=244
    hill climb #985: T=246 -> T=245
    hill climb #988: T=246 -> T=245
    hill climb #991: T=246 -> T=245
    hill climb #994: T=246 -> T=244
    hill climb #996: T=246 -> T=240
    hill climb #997: T=246 -> T=236
    hill climb #998: T=246 -> T=244
    hill climb #1000: T=246 -> T=244
    hill climb #1001: T=246 -> T=245
    hill climb #1002: T=246 -> T=245
    hill climb #1004: T=246 -> T=242
    hill climb #1005: T=246 -> T=245
    hill climb #1006: T=246 -> T=241
    hill climb #1008: T=246 -> T=242
    hill climb #1009: T=246 -> T=245
    hill climb #1010: T=246 -> T=240
    hill climb #1011: T=246 -> T=245
    hill climb #1012: T=246 -> T=240
    hill climb #1013: T=246 -> T=245
    hill climb #1014: T=246 -> T=244
    hill climb #1015: T=246 -> T=245
    hill climb #1019: T=246 -> T=244
    hill climb #1020: T=246 -> T=244
    hill climb #1023: T=246 -> T=245
    hill climb #1024: T=246 -> T=240
    hill climb #1025: T=246 -> T=237
    hill climb #1027: T=246 -> T=239
    hill climb #1028: T=246 -> T=244
    hill climb #1030: T=246 -> T=244
    hill climb #1032: T=246 -> T=244
    hill climb #1036: T=246 -> T=244
    hill climb #1037: T=246 -> T=244
    hill climb #1038: T=246 -> T=245
    hill climb #1039: T=246 -> T=243
    hill climb #1041: T=246 -> T=244
    hill climb #1042: T=246 -> T=242
    hill climb #1043: T=246 -> T=245
    hill climb #1046: T=246 -> T=236
    hill climb #1047: T=246 -> T=245
    hill climb #1049: T=246 -> T=238
    hill climb #1050: T=246 -> T=244
    hill climb #1052: T=246 -> T=240
    hill climb #1055: T=246 -> T=245
    hill climb #1056: T=246 -> T=244
    hill climb #1057: T=246 -> T=239
    hill climb #1059: T=246 -> T=244
    hill climb #1065: T=246 -> T=245
    hill climb #1066: T=246 -> T=245
    hill climb #1067: T=246 -> T=245
    hill climb #1068: T=246 -> T=245
    hill climb #1069: T=246 -> T=243
    hill climb #1070: T=246 -> T=245
    hill climb #1071: T=246 -> T=245
    hill climb #1072: T=246 -> T=245
    hill climb #1073: T=246 -> T=244
    hill climb #1076: T=246 -> T=239
    hill climb #1077: T=246 -> T=244
    hill climb #1078: T=246 -> T=245
    hill climb #1080: T=246 -> T=242
    hill climb #1081: T=246 -> T=245
    hill climb #1082: T=246 -> T=245
    hill climb #1083: T=246 -> T=241
    hill climb #1086: T=246 -> T=245
    hill climb #1087: T=246 -> T=242
    hill climb #1090: T=246 -> T=241
    hill climb #1092: T=246 -> T=245
    hill climb #1093: T=246 -> T=242
    hill climb #1094: T=246 -> T=245
    hill climb #1095: T=246 -> T=244
    hill climb #1096: T=246 -> T=245
    hill climb #1097: T=246 -> T=243
    hill climb #1098: T=246 -> T=245
    hill climb #1099: T=246 -> T=236
    hill climb #1100: T=246 -> T=245
    hill climb #1101: T=246 -> T=243
    hill climb #1102: T=246 -> T=245
    hill climb #1104: T=246 -> T=244
    hill climb #1107: T=246 -> T=242
    hill climb #1108: T=246 -> T=245
    hill climb #1109: T=246 -> T=244
    hill climb #1112: T=246 -> T=245
    hill climb #1113: T=246 -> T=242
    hill climb #1114: T=246 -> T=244
    hill climb #1115: T=246 -> T=245
    hill climb #1121: T=246 -> T=243
    hill climb #1122: T=246 -> T=245
    hill climb #1124: T=246 -> T=242
    hill climb #1126: T=246 -> T=245
    hill climb #1127: T=246 -> T=242
    hill climb #1131: T=246 -> T=245
    hill climb #1132: T=246 -> T=236
    hill climb #1135: T=246 -> T=244
    hill climb #1136: T=246 -> T=243
    hill climb #1141: T=246 -> T=242
    hill climb #1143: T=246 -> T=245
    hill climb #1144: T=246 -> T=243
    hill climb #1149: T=246 -> T=243
    hill climb #1150: T=246 -> T=245
    hill climb #1151: T=246 -> T=245
    hill climb #1153: T=246 -> T=244
    hill climb #1156: T=246 -> T=230
    hill climb #1157: T=246 -> T=244
    hill climb #1158: T=246 -> T=244
    hill climb #1159: T=246 -> T=243
    hill climb #1160: T=246 -> T=245
    hill climb #1164: T=246 -> T=241
    hill climb #1165: T=246 -> T=245
    hill climb #1167: T=246 -> T=240
    hill climb #1169: T=246 -> T=245
    hill climb #1172: T=246 -> T=244
    hill climb #1175: T=246 -> T=244
    hill climb #1176: T=246 -> T=245
    hill climb #1179: T=246 -> T=238
    hill climb #1180: T=246 -> T=244
    hill climb #1182: T=246 -> T=243
    hill climb #1183: T=246 -> T=244
    hill climb #1185: T=246 -> T=245
    hill climb #1186: T=246 -> T=243
    hill climb #1187: T=246 -> T=242
    hill climb #1188: T=246 -> T=241
    hill climb #1189: T=246 -> T=235
    hill climb #1190: T=246 -> T=235
    hill climb #1191: T=246 -> T=245
    hill climb #1192: T=246 -> T=239
    hill climb #1193: T=246 -> T=244
    hill climb #1194: T=246 -> T=239
    hill climb #1195: T=246 -> T=232
    hill climb #1197: T=246 -> T=243
    hill climb #1198: T=246 -> T=242
    hill climb #1199: T=246 -> T=245
    hill climb #1200: T=246 -> T=243
    hill climb #1201: T=246 -> T=243
    hill climb #1202: T=246 -> T=245
    hill climb #1203: T=246 -> T=238
    hill climb #1205: T=246 -> T=239
    hill climb #1212: T=246 -> T=244
    hill climb #1213: T=246 -> T=240
    hill climb #1215: T=246 -> T=245
    hill climb #1216: T=246 -> T=245
    hill climb #1220: T=246 -> T=244
    hill climb #1224: T=246 -> T=245
    hill climb #1226: T=246 -> T=245
    hill climb #1228: T=246 -> T=235
    hill climb #1229: T=246 -> T=245
    hill climb #1230: T=246 -> T=245
    hill climb #1231: T=246 -> T=238
    hill climb #1234: T=246 -> T=239
    hill climb #1235: T=246 -> T=245
    hill climb #1237: T=246 -> T=243
    hill climb #1242: T=246 -> T=243
    hill climb #1247: T=246 -> T=242
    hill climb #1248: T=246 -> T=244
    hill climb #1249: T=246 -> T=245
    hill climb #1250: T=246 -> T=242
    hill climb #1252: T=246 -> T=244
    hill climb #1255: T=246 -> T=240
    hill climb #1256: T=246 -> T=241
    hill climb #1258: T=246 -> T=243
    hill climb #1259: T=246 -> T=245
    hill climb #1260: T=246 -> T=243
    hill climb #1261: T=246 -> T=245
    hill climb #1262: T=246 -> T=240
    hill climb #1265: T=246 -> T=245
    hill climb #1271: T=246 -> T=245
    hill climb #1272: T=246 -> T=245
    hill climb #1276: T=246 -> T=245
    hill climb #1279: T=246 -> T=244
    hill climb #1281: T=246 -> T=244
    hill climb #1284: T=246 -> T=242
    hill climb #1285: T=246 -> T=244
    hill climb #1288: T=246 -> T=244
    hill climb #1289: T=246 -> T=245
    hill climb #1291: T=246 -> T=244
    hill climb #1292: T=246 -> T=245
    hill climb #1293: T=246 -> T=244
    hill climb #1294: T=246 -> T=245
    hill climb #1296: T=246 -> T=242
    hill climb #1297: T=246 -> T=245
    hill climb #1298: T=246 -> T=239
    hill climb #1299: T=246 -> T=245
    hill climb #1303: T=246 -> T=241
    hill climb #1307: T=246 -> T=242
    hill climb #1310: T=246 -> T=240
    hill climb #1311: T=246 -> T=245
    hill climb #1313: T=246 -> T=241
    hill climb #1314: T=246 -> T=245
    hill climb #1316: T=246 -> T=245
    hill climb #1318: T=246 -> T=244
    hill climb #1319: T=246 -> T=244
    hill climb #1320: T=246 -> T=240
    hill climb #1321: T=246 -> T=245
    hill climb #1322: T=246 -> T=242
    hill climb #1323: T=246 -> T=244
    hill climb #1328: T=246 -> T=243
    hill climb #1331: T=246 -> T=243
    hill climb #1333: T=246 -> T=245
    hill climb #1334: T=246 -> T=245
    hill climb #1337: T=246 -> T=241
    hill climb #1338: T=246 -> T=239
    hill climb #1340: T=246 -> T=243
    hill climb #1341: T=246 -> T=245
    hill climb #1342: T=246 -> T=242
    hill climb #1343: T=246 -> T=243
    hill climb #1344: T=246 -> T=245
    hill climb #1345: T=246 -> T=243
    hill climb #1346: T=246 -> T=245
    hill climb #1347: T=246 -> T=244
    hill climb #1348: T=246 -> T=243
    hill climb #1350: T=246 -> T=244
    hill climb #1351: T=246 -> T=243
    hill climb #1352: T=246 -> T=245
    hill climb #1353: T=246 -> T=245
    hill climb #1354: T=246 -> T=245
    hill climb #1355: T=246 -> T=245
    hill climb #1358: T=246 -> T=245
    hill climb #1359: T=246 -> T=243
    hill climb #1361: T=246 -> T=245
    hill climb #1364: T=246 -> T=245
    hill climb #1365: T=246 -> T=245
    hill climb #1367: T=246 -> T=239
    hill climb #1368: T=246 -> T=244
    hill climb #1375: T=246 -> T=244
    hill climb #1376: T=246 -> T=242
    hill climb #1378: T=246 -> T=245
    hill climb #1379: T=246 -> T=243
    hill climb #1381: T=246 -> T=241
    hill climb #1382: T=246 -> T=244
    hill climb #1383: T=246 -> T=245
    hill climb #1384: T=246 -> T=245
    hill climb #1385: T=246 -> T=245
    hill climb #1386: T=246 -> T=245
    hill climb #1388: T=246 -> T=236
    hill climb #1390: T=246 -> T=244
    hill climb #1392: T=246 -> T=242
    hill climb #1393: T=246 -> T=245
    hill climb #1394: T=246 -> T=244
    hill climb #1395: T=246 -> T=243
    hill climb #1397: T=246 -> T=245
    hill climb #1398: T=246 -> T=245
    hill climb #1399: T=246 -> T=245
    hill climb #1402: T=246 -> T=243
    hill climb #1403: T=246 -> T=245
    hill climb #1406: T=246 -> T=242
    hill climb #1407: T=246 -> T=245
    hill climb #1408: T=246 -> T=244
    hill climb #1409: T=246 -> T=243
    hill climb #1413: T=246 -> T=242
    hill climb #1415: T=246 -> T=238
    hill climb #1416: T=246 -> T=245
    hill climb #1418: T=246 -> T=245
    hill climb #1419: T=246 -> T=241
    hill climb #1420: T=246 -> T=245
    hill climb #1421: T=246 -> T=245
    hill climb #1422: T=246 -> T=237
    hill climb #1423: T=246 -> T=243
    hill climb #1424: T=246 -> T=238
    hill climb #1428: T=246 -> T=240
    hill climb #1429: T=246 -> T=242
    hill climb #1430: T=246 -> T=244
    hill climb #1431: T=246 -> T=244
    hill climb #1432: T=246 -> T=245
    hill climb #1434: T=246 -> T=244
