--- Circuit ---
  Inputs: 8, Outputs: 8, Strategy: opt2 (per-output transforms)

Phase 1: Computing truth table...
  Truth table: 2^8 = 256 inputs, 4 batches, 8 outputs

Phase 2: Per-output search
  Output 0/8 (y_0)...
    d1c: support=255 t=8 raw_T=132 best_T=104 best_b=216
    m=8 T=104
  Output 1/8 (y_1)...
    d1c: support=255 t=8 raw_T=133 best_T=104 best_b=115
    m=8 T=104
  Output 2/8 (y_2)...
    d1c: support=255 t=8 raw_T=145 best_T=112 best_b=27
    m=8 T=112
  Output 3/8 (y_3)...
    d1c: support=255 t=8 raw_T=136 best_T=106 best_b=236
    m=8 T=106
  Output 4/8 (y_4)...
    d1c: support=255 t=8 raw_T=131 best_T=105 best_b=87
    m=8 T=105
  Output 5/8 (y_5)...
    d1c: support=255 t=8 raw_T=114 best_T=96 best_b=97
    m=8 T=96
  Output 6/8 (y_6)...
    d1c: support=255 t=8 raw_T=112 best_T=99 best_b=252
    m=8 T=99
  Output 7/8 (y_7)...
    d1c: support=255 t=8 raw_T=110 best_T=94 best_b=190
    m=8 T=94

Phase 3: Merging and deduplicating transforms
  Dedup: 64 → 16 z variables
  Sum T = 820
  Union T = 724
  Saved: /home/wangfz/bool/cpp/results/aes_bool/aes_bool_d1c_opt2.affine (s=16)
  Saved: /home/wangfz/bool/cpp/results/aes_bool/aes_bool_d1c_opt2.poly (m=16, 8 outputs)
  Saved: /home/wangfz/bool/cpp/results/aes_bool/aes_bool_d1c_opt2_stats.txt (sum_T=820, union_T=724)

Total time: skipped
