--- Circuit ---
  Inputs: 8, Outputs: 8, Gates: 4033
  Max-m: 6, Pool-rows: 30, Hill-climb: 100000

Phase 1: Per-output sparse-g enumeration
  Output 0/8 (y_0)...
    Scoring 24 pool rows...
    m=8 T=132 [0.00302088 s]
  Output 1/8 (y_1)...
    Scoring 24 pool rows...
    m=8 T=133 [0.00321149 s]
  Output 2/8 (y_2)...
    Scoring 24 pool rows...
    m=8 T=145 [0.0030312 s]
  Output 3/8 (y_3)...
    Scoring 24 pool rows...
    m=8 T=136 [0.00312993 s]
  Output 4/8 (y_4)...
    Scoring 24 pool rows...
    m=8 T=131 [0.00427602 s]
  Output 5/8 (y_5)...
    Scoring 24 pool rows...
    m=8 T=114 [0.00495276 s]
  Output 6/8 (y_6)...
    Scoring 24 pool rows...
    m=8 T=112 [0.00458606 s]
  Output 7/8 (y_7)...
    Scoring 24 pool rows...
    m=8 T=110 [0.00395065 s]

=== Results ===
  Sum T = 1013
  y_0: T=132 m=8
  y_1: T=133 m=8
  y_2: T=145 m=8
  y_3: T=136 m=8
  y_4: T=131 m=8
  y_5: T=114 m=8
  y_6: T=112 m=8
  y_7: T=110 m=8
  Sum T = 978
  Union T = 978
  Saved: /home/wangfz/bool/cpp/results/aes_bool/aes_bool_d2_opt2.affine (s=64, n=8)
  Saved: /home/wangfz/bool/cpp/results/aes_bool/aes_bool_d2_opt2.poly (m=64, 8 outputs)
  Saved: /home/wangfz/bool/cpp/results/aes_bool/aes_bool_d2_opt2_stats.txt (sum_T=978, union_T=978)
  Saved: /home/wangfz/bool/cpp/results/aes_bool/aes_bool_d2_opt2_verify.txt

Total time: 0.66495 s
