--- Circuit ---
  Inputs: 8, Outputs to optimize: 256
Phase 1: Computing truth table...
  Truth table: 2^8 = 256 inputs, 4 batches, 256 output(s), 104 thread(s)
  Time: 0.000338812 s

Phase 2: Raw ANF baseline...
  Sum T = 6561
  Max deg = 8
    osel10: T=128, m=8
    osel11: T=64, m=8
    osel12: T=64, m=8
    osel13: T=32, m=8
    osel14: T=64, m=8
    osel15: T=32, m=8
    osel16: T=32, m=8
    osel17: T=16, m=8
    osel18: T=64, m=8
    osel19: T=32, m=8
    osel110: T=32, m=8
    osel111: T=16, m=8
    osel112: T=32, m=8
    osel113: T=16, m=8
    osel114: T=16, m=8
    osel115: T=8, m=8
    osel116: T=64, m=8
    osel117: T=32, m=8
    osel118: T=32, m=8
    osel119: T=16, m=8
    osel120: T=32, m=8
    osel121: T=16, m=8
    osel122: T=16, m=8
    osel123: T=8, m=8
    osel124: T=32, m=8
    osel125: T=16, m=8
    osel126: T=16, m=8
    osel127: T=8, m=8
    osel128: T=16, m=8
    osel129: T=8, m=8
    osel130: T=8, m=8
    osel131: T=4, m=8
    osel132: T=64, m=8
    osel133: T=32, m=8
    osel134: T=32, m=8
    osel135: T=16, m=8
    osel136: T=32, m=8
    osel137: T=16, m=8
    osel138: T=16, m=8
    osel139: T=8, m=8
    osel140: T=32, m=8
    osel141: T=16, m=8
    osel142: T=16, m=8
    osel143: T=8, m=8
    osel144: T=16, m=8
    osel145: T=8, m=8
    osel146: T=8, m=8
    osel147: T=4, m=8
    osel148: T=32, m=8
    osel149: T=16, m=8
    osel150: T=16, m=8
    osel151: T=8, m=8
    osel152: T=16, m=8
    osel153: T=8, m=8
    osel154: T=8, m=8
    osel155: T=4, m=8
    osel156: T=16, m=8
    osel157: T=8, m=8
    osel158: T=8, m=8
    osel159: T=4, m=8
    osel160: T=8, m=8
    osel161: T=4, m=8
    osel162: T=4, m=8
    osel163: T=2, m=8
    osel164: T=64, m=8
    osel165: T=32, m=8
    osel166: T=32, m=8
    osel167: T=16, m=8
    osel168: T=32, m=8
    osel169: T=16, m=8
    osel170: T=16, m=8
    osel171: T=8, m=8
    osel172: T=32, m=8
    osel173: T=16, m=8
    osel174: T=16, m=8
    osel175: T=8, m=8
    osel176: T=16, m=8
    osel177: T=8, m=8
    osel178: T=8, m=8
    osel179: T=4, m=8
    osel180: T=32, m=8
    osel181: T=16, m=8
    osel182: T=16, m=8
    osel183: T=8, m=8
    osel184: T=16, m=8
    osel185: T=8, m=8
    osel186: T=8, m=8
    osel187: T=4, m=8
    osel188: T=16, m=8
    osel189: T=8, m=8
    osel190: T=8, m=8
    osel191: T=4, m=8
    osel192: T=8, m=8
    osel193: T=4, m=8
    osel194: T=4, m=8
    osel195: T=2, m=8
    osel196: T=32, m=8
    osel197: T=16, m=8
    osel198: T=16, m=8
    osel199: T=8, m=8
    osel1100: T=16, m=8
    osel1101: T=8, m=8
    osel1102: T=8, m=8
    osel1103: T=4, m=8
    osel1104: T=16, m=8
    osel1105: T=8, m=8
    osel1106: T=8, m=8
    osel1107: T=4, m=8
    osel1108: T=8, m=8
    osel1109: T=4, m=8
    osel1110: T=4, m=8
    osel1111: T=2, m=8
    osel1112: T=16, m=8
    osel1113: T=8, m=8
    osel1114: T=8, m=8
    osel1115: T=4, m=8
    osel1116: T=8, m=8
    osel1117: T=4, m=8
    osel1118: T=4, m=8
    osel1119: T=2, m=8
    osel1120: T=8, m=8
    osel1121: T=4, m=8
    osel1122: T=4, m=8
    osel1123: T=2, m=8
    osel1124: T=4, m=8
    osel1125: T=2, m=8
    osel1126: T=2, m=8
    osel1127: T=1, m=8
    osel20: T=256, m=8
    osel21: T=128, m=8
    osel22: T=128, m=8
    osel23: T=64, m=8
    osel24: T=128, m=8
    osel25: T=64, m=8
    osel26: T=64, m=8
    osel27: T=32, m=8
    osel28: T=128, m=8
    osel29: T=64, m=8
    osel210: T=64, m=8
    osel211: T=32, m=8
    osel212: T=64, m=8
    osel213: T=32, m=8
    osel214: T=32, m=8
    osel215: T=16, m=8
    osel216: T=128, m=8
    osel217: T=64, m=8
    osel218: T=64, m=8
    osel219: T=32, m=8
    osel220: T=64, m=8
    osel221: T=32, m=8
    osel222: T=32, m=8
    osel223: T=16, m=8
    osel224: T=64, m=8
    osel225: T=32, m=8
    osel226: T=32, m=8
    osel227: T=16, m=8
    osel228: T=32, m=8
    osel229: T=16, m=8
    osel230: T=16, m=8
    osel231: T=8, m=8
    osel232: T=128, m=8
    osel233: T=64, m=8
    osel234: T=64, m=8
    osel235: T=32, m=8
    osel236: T=64, m=8
    osel237: T=32, m=8
    osel238: T=32, m=8
    osel239: T=16, m=8
    osel240: T=64, m=8
    osel241: T=32, m=8
    osel242: T=32, m=8
    osel243: T=16, m=8
    osel244: T=32, m=8
    osel245: T=16, m=8
    osel246: T=16, m=8
    osel247: T=8, m=8
    osel248: T=64, m=8
    osel249: T=32, m=8
    osel250: T=32, m=8
    osel251: T=16, m=8
    osel252: T=32, m=8
    osel253: T=16, m=8
    osel254: T=16, m=8
    osel255: T=8, m=8
    osel256: T=32, m=8
    osel257: T=16, m=8
    osel258: T=16, m=8
    osel259: T=8, m=8
    osel260: T=16, m=8
    osel261: T=8, m=8
    osel262: T=8, m=8
    osel263: T=4, m=8
    osel264: T=128, m=8
    osel265: T=64, m=8
    osel266: T=64, m=8
    osel267: T=32, m=8
    osel268: T=64, m=8
    osel269: T=32, m=8
    osel270: T=32, m=8
    osel271: T=16, m=8
    osel272: T=64, m=8
    osel273: T=32, m=8
    osel274: T=32, m=8
    osel275: T=16, m=8
    osel276: T=32, m=8
    osel277: T=16, m=8
    osel278: T=16, m=8
    osel279: T=8, m=8
    osel280: T=64, m=8
    osel281: T=32, m=8
    osel282: T=32, m=8
    osel283: T=16, m=8
    osel284: T=32, m=8
    osel285: T=16, m=8
    osel286: T=16, m=8
    osel287: T=8, m=8
    osel288: T=32, m=8
    osel289: T=16, m=8
    osel290: T=16, m=8
    osel291: T=8, m=8
    osel292: T=16, m=8
    osel293: T=8, m=8
    osel294: T=8, m=8
    osel295: T=4, m=8
    osel296: T=64, m=8
    osel297: T=32, m=8
    osel298: T=32, m=8
    osel299: T=16, m=8
    osel2100: T=32, m=8
    osel2101: T=16, m=8
    osel2102: T=16, m=8
    osel2103: T=8, m=8
    osel2104: T=32, m=8
    osel2105: T=16, m=8
    osel2106: T=16, m=8
    osel2107: T=8, m=8
    osel2108: T=16, m=8
    osel2109: T=8, m=8
    osel2110: T=8, m=8
    osel2111: T=4, m=8
    osel2112: T=32, m=8
    osel2113: T=16, m=8
    osel2114: T=16, m=8
    osel2115: T=8, m=8
    osel2116: T=16, m=8
    osel2117: T=8, m=8
    osel2118: T=8, m=8
    osel2119: T=4, m=8
    osel2120: T=16, m=8
    osel2121: T=8, m=8
    osel2122: T=8, m=8
    osel2123: T=4, m=8
    osel2124: T=8, m=8
    osel2125: T=4, m=8
    osel2126: T=4, m=8
    osel2127: T=2, m=8
  Saved ANF: runs/dec.poly (6561 terms)

Phase 3: Computing Walsh correlations...
  Output osel10 top-5 bits: 0(0) 1(0) 2(0) 3(0) 4(0) 
  Output osel11 top-5 bits: 0(0) 1(0) 2(0) 3(0) 4(0) 
  Output osel12 top-5 bits: 0(0) 1(0) 2(0) 3(0) 4(0) 
  Output osel13 top-5 bits: 0(1) 1(1) 2(1) 3(1) 4(1) 
  Output osel14 top-5 bits: 0(0) 1(0) 2(0) 3(0) 4(0) 
  Output osel15 top-5 bits: 0(0) 1(0) 2(0) 3(0) 4(0) 
  Output osel16 top-5 bits: 0(0) 1(0) 2(0) 3(0) 4(0) 
  Output osel17 top-5 bits: 0(0) 1(0) 2(0) 3(0) 4(0) 
  Output osel18 top-5 bits: 0(0) 1(0) 2(0) 3(0) 4(0) 
  Output osel19 top-5 bits: 0(0) 1(0) 2(0) 3(0) 4(0) 
  Output osel110 top-5 bits: 0(0) 1(0) 2(0) 3(0) 4(0) 
  Output osel111 top-5 bits: 0(0) 1(0) 2(0) 3(0) 4(0) 
  Output osel112 top-5 bits: 0(0) 1(0) 2(0) 3(0) 4(0) 
  Output osel113 top-5 bits: 0(0) 1(0) 2(0) 3(0) 4(0) 
  Output osel114 top-5 bits: 0(0) 1(0) 2(0) 3(0) 4(0) 
  Output osel115 top-5 bits: 0(0) 1(0) 2(0) 3(0) 4(0) 
  Output osel116 top-5 bits: 0(0) 1(0) 2(0) 3(0) 4(0) 
  Output osel117 top-5 bits: 0(0) 1(0) 2(0) 3(0) 4(0) 
  Output osel118 top-5 bits: 0(0) 1(0) 2(0) 3(0) 4(0) 
  Output osel119 top-5 bits: 0(0) 1(0) 2(0) 3(0) 4(0) 
  Output osel120 top-5 bits: 0(0) 1(0) 2(0) 3(0) 4(0) 
  Output osel121 top-5 bits: 0(0) 1(0) 2(0) 3(0) 4(0) 
  Output osel122 top-5 bits: 0(0) 1(0) 2(0) 3(0) 4(0) 
  Output osel123 top-5 bits: 0(0) 1(0) 2(0) 3(0) 4(0) 
  Output osel124 top-5 bits: 0(1) 1(1) 2(1) 3(1) 4(1) 
  Output osel125 top-5 bits: 0(0) 1(0) 2(0) 3(0) 4(0) 
  Output osel126 top-5 bits: 0(0) 1(0) 2(0) 3(0) 4(0) 
  Output osel127 top-5 bits: 0(0) 1(0) 2(0) 3(0) 4(0) 
  Output osel128 top-5 bits: 0(0) 1(0) 2(0) 3(0) 4(0) 
  Output osel129 top-5 bits: 0(0) 1(0) 2(0) 3(0) 4(0) 
  Output osel130 top-5 bits: 0(0) 1(0) 2(0) 3(0) 4(0) 
  Output osel131 top-5 bits: 0(0) 1(0) 2(0) 3(0) 4(0) 
  Output osel132 top-5 bits: 0(0) 1(0) 2(0) 3(0) 4(0) 
  Output osel133 top-5 bits: 0(0) 1(0) 2(0) 3(0) 4(0) 
  Output osel134 top-5 bits: 0(0) 1(0) 2(0) 3(0) 4(0) 
  Output osel135 top-5 bits: 0(0) 1(0) 2(0) 3(0) 4(0) 
  Output osel136 top-5 bits: 0(0) 1(0) 2(0) 3(0) 4(0) 
  Output osel137 top-5 bits: 0(0) 1(0) 2(0) 3(0) 4(0) 
  Output osel138 top-5 bits: 0(0) 1(0) 2(0) 3(0) 4(0) 
  Output osel139 top-5 bits: 0(0) 1(0) 2(0) 3(0) 4(0) 
  Output osel140 top-5 bits: 0(0) 1(0) 2(0) 3(0) 4(0) 
  Output osel141 top-5 bits: 0(0) 1(0) 2(0) 3(0) 4(0) 
  Output osel142 top-5 bits: 0(0) 1(0) 2(0) 3(0) 4(0) 
  Output osel143 top-5 bits: 0(0) 1(0) 2(0) 3(0) 4(0) 
  Output osel144 top-5 bits: 0(0) 1(0) 2(0) 3(0) 4(0) 
  Output osel145 top-5 bits: 0(0) 1(0) 2(0) 3(0) 4(0) 
  Output osel146 top-5 bits: 0(0) 1(0) 2(0) 3(0) 4(0) 
  Output osel147 top-5 bits: 0(0) 1(0) 2(0) 3(0) 4(0) 
  Output osel148 top-5 bits: 0(0) 1(0) 2(0) 3(0) 4(0) 
  Output osel149 top-5 bits: 0(0) 1(0) 2(0) 3(0) 4(0) 
  Output osel150 top-5 bits: 0(0) 1(0) 2(0) 3(0) 4(0) 
  Output osel151 top-5 bits: 0(0) 1(0) 2(0) 3(0) 4(0) 
  Output osel152 top-5 bits: 0(0) 1(0) 2(0) 3(0) 4(0) 
  Output osel153 top-5 bits: 0(0) 1(0) 2(0) 3(0) 4(0) 
  Output osel154 top-5 bits: 0(0) 1(0) 2(0) 3(0) 4(0) 
  Output osel155 top-5 bits: 0(0) 1(0) 2(0) 3(0) 4(0) 
  Output osel156 top-5 bits: 0(0) 1(0) 2(0) 3(0) 4(0) 
  Output osel157 top-5 bits: 0(0) 1(0) 2(0) 3(0) 4(0) 
  Output osel158 top-5 bits: 0(0) 1(0) 2(0) 3(0) 4(0) 
  Output osel159 top-5 bits: 0(0) 1(0) 2(0) 3(0) 4(0) 
  Output osel160 top-5 bits: 0(0) 1(0) 2(0) 3(0) 4(0) 
  Output osel161 top-5 bits: 0(0) 1(0) 2(0) 3(0) 4(0) 
  Output osel162 top-5 bits: 0(0) 1(0) 2(0) 3(0) 4(0) 
  Output osel163 top-5 bits: 0(0) 1(0) 2(0) 3(0) 4(0) 
  Output osel164 top-5 bits: 0(1) 1(1) 2(1) 3(1) 4(1) 
  Output osel165 top-5 bits: 0(1) 1(1) 2(1) 3(1) 4(1) 
  Output osel166 top-5 bits: 0(1) 1(1) 2(1) 3(1) 4(1) 
  Output osel167 top-5 bits: 0(1) 1(1) 2(1) 3(1) 4(1) 
  Output osel168 top-5 bits: 0(1) 1(1) 2(1) 3(1) 4(1) 
  Output osel169 top-5 bits: 0(0) 1(0) 2(0) 3(0) 4(0) 
  Output osel170 top-5 bits: 0(1) 1(1) 2(1) 3(1) 4(1) 
  Output osel171 top-5 bits: 0(1) 1(1) 2(1) 3(1) 4(1) 
  Output osel172 top-5 bits: 0(1) 1(1) 2(1) 3(1) 4(1) 
  Output osel173 top-5 bits: 0(1) 1(1) 2(1) 3(1) 4(1) 
  Output osel174 top-5 bits: 0(1) 1(1) 2(1) 3(1) 4(1) 
  Output osel175 top-5 bits: 0(1) 1(1) 2(1) 3(1) 4(1) 
  Output osel176 top-5 bits: 0(1) 1(1) 2(1) 3(1) 4(1) 
  Output osel177 top-5 bits: 0(1) 1(1) 2(1) 3(1) 4(1) 
  Output osel178 top-5 bits: 0(1) 1(1) 2(1) 3(1) 4(1) 
  Output osel179 top-5 bits: 0(1) 1(1) 2(1) 3(1) 4(1) 
  Output osel180 top-5 bits: 0(1) 1(1) 2(1) 3(1) 4(1) 
  Output osel181 top-5 bits: 0(1) 1(1) 2(1) 3(1) 4(1) 
  Output osel182 top-5 bits: 0(1) 1(1) 2(1) 3(1) 4(1) 
  Output osel183 top-5 bits: 0(1) 1(1) 2(1) 3(1) 4(1) 
  Output osel184 top-5 bits: 0(1) 1(1) 2(1) 3(1) 4(1) 
  Output osel185 top-5 bits: 0(1) 1(1) 2(1) 3(1) 4(1) 
  Output osel186 top-5 bits: 0(1) 1(1) 2(1) 3(1) 4(1) 
  Output osel187 top-5 bits: 0(1) 1(1) 2(1) 3(1) 4(1) 
  Output osel188 top-5 bits: 0(1) 1(1) 2(1) 3(1) 4(1) 
  Output osel189 top-5 bits: 0(1) 1(1) 2(1) 3(1) 4(1) 
  Output osel190 top-5 bits: 0(1) 1(1) 2(1) 3(1) 4(1) 
  Output osel191 top-5 bits: 0(1) 1(1) 2(1) 3(1) 4(1) 
  Output osel192 top-5 bits: 0(1) 1(1) 2(1) 3(1) 4(1) 
  Output osel193 top-5 bits: 0(1) 1(1) 2(1) 3(1) 4(1) 
  Output osel194 top-5 bits: 0(1) 1(1) 2(1) 3(1) 4(1) 
  Output osel195 top-5 bits: 0(1) 1(1) 2(1) 3(1) 4(1) 
  Output osel196 top-5 bits: 0(1) 1(1) 2(1) 3(1) 4(1) 
  Output osel197 top-5 bits: 0(1) 1(1) 2(1) 3(1) 4(1) 
  Output osel198 top-5 bits: 0(1) 1(1) 2(1) 3(1) 4(1) 
  Output osel199 top-5 bits: 0(1) 1(1) 2(1) 3(1) 4(1) 
  Output osel1100 top-5 bits: 0(1) 1(1) 2(1) 3(1) 4(1) 
  Output osel1101 top-5 bits: 0(1) 1(1) 2(1) 3(1) 4(1) 
  Output osel1102 top-5 bits: 0(1) 1(1) 2(1) 3(1) 4(1) 
  Output osel1103 top-5 bits: 0(1) 1(1) 2(1) 3(1) 4(1) 
  Output osel1104 top-5 bits: 0(1) 1(1) 2(1) 3(1) 4(1) 
  Output osel1105 top-5 bits: 0(1) 1(1) 2(1) 3(1) 4(1) 
  Output osel1106 top-5 bits: 0(1) 1(1) 2(1) 3(1) 4(1) 
  Output osel1107 top-5 bits: 0(1) 1(1) 2(1) 3(1) 4(1) 
  Output osel1108 top-5 bits: 0(1) 1(1) 2(1) 3(1) 4(1) 
  Output osel1109 top-5 bits: 0(1) 1(1) 2(1) 3(1) 4(1) 
  Output osel1110 top-5 bits: 0(1) 1(1) 2(1) 3(1) 4(1) 
  Output osel1111 top-5 bits: 0(1) 1(1) 2(1) 3(1) 4(1) 
  Output osel1112 top-5 bits: 0(0) 1(0) 2(0) 3(0) 4(0) 
  Output osel1113 top-5 bits: 0(1) 1(1) 2(1) 3(1) 4(1) 
  Output osel1114 top-5 bits: 0(0) 1(0) 2(0) 3(0) 4(0) 
  Output osel1115 top-5 bits: 0(1) 1(1) 2(1) 3(1) 4(1) 
  Output osel1116 top-5 bits: 0(1) 1(1) 2(1) 3(1) 4(1) 
  Output osel1117 top-5 bits: 0(1) 1(1) 2(1) 3(1) 4(1) 
  Output osel1118 top-5 bits: 0(1) 1(1) 2(1) 3(1) 4(1) 
  Output osel1119 top-5 bits: 0(1) 1(1) 2(1) 3(1) 4(1) 
  Output osel1120 top-5 bits: 0(1) 1(1) 2(1) 3(1) 4(1) 
  Output osel1121 top-5 bits: 0(1) 1(1) 2(1) 3(1) 4(1) 
  Output osel1122 top-5 bits: 0(1) 1(1) 2(1) 3(1) 4(1) 
  Output osel1123 top-5 bits: 0(1) 1(1) 2(1) 3(1) 4(1) 
  Output osel1124 top-5 bits: 0(1) 1(1) 2(1) 3(1) 4(1) 
  Output osel1125 top-5 bits: 0(1) 1(1) 2(1) 3(1) 4(1) 
  Output osel1126 top-5 bits: 0(1) 1(1) 2(1) 3(1) 4(1) 
  Output osel1127 top-5 bits: 0(1) 1(1) 2(1) 3(1) 4(1) 
  Output osel20 top-5 bits: 0(0) 1(0) 2(0) 3(0) 4(0) 
  Output osel21 top-5 bits: 0(0) 1(0) 2(0) 3(0) 4(0) 
  Output osel22 top-5 bits: 0(0) 1(0) 2(0) 3(0) 4(0) 
  Output osel23 top-5 bits: 0(0) 1(0) 2(0) 3(0) 4(0) 
  Output osel24 top-5 bits: 0(0) 1(0) 2(0) 3(0) 4(0) 
  Output osel25 top-5 bits: 0(0) 1(0) 2(0) 3(0) 4(0) 
  Output osel26 top-5 bits: 0(0) 1(0) 2(0) 3(0) 4(0) 
  Output osel27 top-5 bits: 0(0) 1(0) 2(0) 3(0) 4(0) 
  Output osel28 top-5 bits: 0(0) 1(0) 2(0) 3(0) 4(0) 
  Output osel29 top-5 bits: 0(0) 1(0) 2(0) 3(0) 4(0) 
  Output osel210 top-5 bits: 0(0) 1(0) 2(0) 3(0) 4(0) 
  Output osel211 top-5 bits: 0(0) 1(0) 2(0) 3(0) 4(0) 
  Output osel212 top-5 bits: 0(0) 1(0) 2(0) 3(0) 4(0) 
  Output osel213 top-5 bits: 0(0) 1(0) 2(0) 3(0) 4(0) 
  Output osel214 top-5 bits: 0(0) 1(0) 2(0) 3(0) 4(0) 
  Output osel215 top-5 bits: 0(0) 1(0) 2(0) 3(0) 4(0) 
  Output osel216 top-5 bits: 0(0) 1(0) 2(0) 3(0) 4(0) 
  Output osel217 top-5 bits: 0(0) 1(0) 2(0) 3(0) 4(0) 
  Output osel218 top-5 bits: 0(0) 1(0) 2(0) 3(0) 4(0) 
  Output osel219 top-5 bits: 0(0) 1(0) 2(0) 3(0) 4(0) 
  Output osel220 top-5 bits: 0(0) 1(0) 2(0) 3(0) 4(0) 
  Output osel221 top-5 bits: 0(0) 1(0) 2(0) 3(0) 4(0) 
  Output osel222 top-5 bits: 0(0) 1(0) 2(0) 3(0) 4(0) 
  Output osel223 top-5 bits: 0(0) 1(0) 2(0) 3(0) 4(0) 
  Output osel224 top-5 bits: 0(0) 1(0) 2(0) 3(0) 4(0) 
  Output osel225 top-5 bits: 0(0) 1(0) 2(0) 3(0) 4(0) 
  Output osel226 top-5 bits: 0(0) 1(0) 2(0) 3(0) 4(0) 
  Output osel227 top-5 bits: 0(0) 1(0) 2(0) 3(0) 4(0) 
  Output osel228 top-5 bits: 0(0) 1(0) 2(0) 3(0) 4(0) 
  Output osel229 top-5 bits: 0(0) 1(0) 2(0) 3(0) 4(0) 
  Output osel230 top-5 bits: 0(0) 1(0) 2(0) 3(0) 4(0) 
  Output osel231 top-5 bits: 0(0) 1(0) 2(0) 3(0) 4(0) 
  Output osel232 top-5 bits: 0(0) 1(0) 2(0) 3(0) 4(0) 
  Output osel233 top-5 bits: 0(0) 1(0) 2(0) 3(0) 4(0) 
  Output osel234 top-5 bits: 0(0) 1(0) 2(0) 3(0) 4(0) 
  Output osel235 top-5 bits: 0(0) 1(0) 2(0) 3(0) 4(0) 
  Output osel236 top-5 bits: 0(0) 1(0) 2(0) 3(0) 4(0) 
  Output osel237 top-5 bits: 0(0) 1(0) 2(0) 3(0) 4(0) 
  Output osel238 top-5 bits: 0(0) 1(0) 2(0) 3(0) 4(0) 
  Output osel239 top-5 bits: 0(0) 1(0) 2(0) 3(0) 4(0) 
  Output osel240 top-5 bits: 0(0) 1(0) 2(0) 3(0) 4(0) 
  Output osel241 top-5 bits: 0(0) 1(0) 2(0) 3(0) 4(0) 
  Output osel242 top-5 bits: 0(0) 1(0) 2(0) 3(0) 4(0) 
  Output osel243 top-5 bits: 0(0) 1(0) 2(0) 3(0) 4(0) 
  Output osel244 top-5 bits: 0(0) 1(0) 2(0) 3(0) 4(0) 
  Output osel245 top-5 bits: 0(0) 1(0) 2(0) 3(0) 4(0) 
  Output osel246 top-5 bits: 0(0) 1(0) 2(0) 3(0) 4(0) 
  Output osel247 top-5 bits: 0(0) 1(0) 2(0) 3(0) 4(0) 
  Output osel248 top-5 bits: 0(0) 1(0) 2(0) 3(0) 4(0) 
  Output osel249 top-5 bits: 0(0) 1(0) 2(0) 3(0) 4(0) 
  Output osel250 top-5 bits: 0(0) 1(0) 2(0) 3(0) 4(0) 
  Output osel251 top-5 bits: 0(0) 1(0) 2(0) 3(0) 4(0) 
  Output osel252 top-5 bits: 0(0) 1(0) 2(0) 3(0) 4(0) 
  Output osel253 top-5 bits: 0(0) 1(0) 2(0) 3(0) 4(0) 
  Output osel254 top-5 bits: 0(0) 1(0) 2(0) 3(0) 4(0) 
  Output osel255 top-5 bits: 0(0) 1(0) 2(0) 3(0) 4(0) 
  Output osel256 top-5 bits: 0(0) 1(0) 2(0) 3(0) 4(0) 
  Output osel257 top-5 bits: 0(0) 1(0) 2(0) 3(0) 4(0) 
  Output osel258 top-5 bits: 0(0) 1(0) 2(0) 3(0) 4(0) 
  Output osel259 top-5 bits: 0(0) 1(0) 2(0) 3(0) 4(0) 
  Output osel260 top-5 bits: 0(0) 1(0) 2(0) 3(0) 4(0) 
  Output osel261 top-5 bits: 0(0) 1(0) 2(0) 3(0) 4(0) 
  Output osel262 top-5 bits: 0(0) 1(0) 2(0) 3(0) 4(0) 
  Output osel263 top-5 bits: 0(0) 1(0) 2(0) 3(0) 4(0) 
  Output osel264 top-5 bits: 0(0) 1(0) 2(0) 3(0) 4(0) 
  Output osel265 top-5 bits: 0(0) 1(0) 2(0) 3(0) 4(0) 
  Output osel266 top-5 bits: 0(0) 1(0) 2(0) 3(0) 4(0) 
  Output osel267 top-5 bits: 0(0) 1(0) 2(0) 3(0) 4(0) 
  Output osel268 top-5 bits: 0(0) 1(0) 2(0) 3(0) 4(0) 
  Output osel269 top-5 bits: 0(0) 1(0) 2(0) 3(0) 4(0) 
  Output osel270 top-5 bits: 0(0) 1(0) 2(0) 3(0) 4(0) 
  Output osel271 top-5 bits: 0(0) 1(0) 2(0) 3(0) 4(0) 
  Output osel272 top-5 bits: 0(0) 1(0) 2(0) 3(0) 4(0) 
  Output osel273 top-5 bits: 0(0) 1(0) 2(0) 3(0) 4(0) 
  Output osel274 top-5 bits: 0(0) 1(0) 2(0) 3(0) 4(0) 
  Output osel275 top-5 bits: 0(0) 1(0) 2(0) 3(0) 4(0) 
  Output osel276 top-5 bits: 0(0) 1(0) 2(0) 3(0) 4(0) 
  Output osel277 top-5 bits: 0(0) 1(0) 2(0) 3(0) 4(0) 
  Output osel278 top-5 bits: 0(0) 1(0) 2(0) 3(0) 4(0) 
  Output osel279 top-5 bits: 0(0) 1(0) 2(0) 3(0) 4(0) 
  Output osel280 top-5 bits: 0(0) 1(0) 2(0) 3(0) 4(0) 
  Output osel281 top-5 bits: 0(0) 1(0) 2(0) 3(0) 4(0) 
  Output osel282 top-5 bits: 0(0) 1(0) 2(0) 3(0) 4(0) 
  Output osel283 top-5 bits: 0(0) 1(0) 2(0) 3(0) 4(0) 
  Output osel284 top-5 bits: 0(0) 1(0) 2(0) 3(0) 4(0) 
  Output osel285 top-5 bits: 0(0) 1(0) 2(0) 3(0) 4(0) 
  Output osel286 top-5 bits: 0(0) 1(0) 2(0) 3(0) 4(0) 
  Output osel287 top-5 bits: 0(0) 1(0) 2(0) 3(0) 4(0) 
  Output osel288 top-5 bits: 0(0) 1(0) 2(0) 3(0) 4(0) 
  Output osel289 top-5 bits: 0(0) 1(0) 2(0) 3(0) 4(0) 
  Output osel290 top-5 bits: 0(0) 1(0) 2(0) 3(0) 4(0) 
  Output osel291 top-5 bits: 0(0) 1(0) 2(0) 3(0) 4(0) 
  Output osel292 top-5 bits: 0(0) 1(0) 2(0) 3(0) 4(0) 
  Output osel293 top-5 bits: 0(0) 1(0) 2(0) 3(0) 4(0) 
  Output osel294 top-5 bits: 0(0) 1(0) 2(0) 3(0) 4(0) 
  Output osel295 top-5 bits: 0(0) 1(0) 2(0) 3(0) 4(0) 
  Output osel296 top-5 bits: 0(0) 1(0) 2(0) 3(0) 4(0) 
  Output osel297 top-5 bits: 0(0) 1(0) 2(0) 3(0) 4(0) 
  Output osel298 top-5 bits: 0(0) 1(0) 2(0) 3(0) 4(0) 
  Output osel299 top-5 bits: 0(0) 1(0) 2(0) 3(0) 4(0) 
  Output osel2100 top-5 bits: 0(0) 1(0) 2(0) 3(0) 4(0) 
  Output osel2101 top-5 bits: 0(0) 1(0) 2(0) 3(0) 4(0) 
  Output osel2102 top-5 bits: 0(0) 1(0) 2(0) 3(0) 4(0) 
  Output osel2103 top-5 bits: 0(0) 1(0) 2(0) 3(0) 4(0) 
  Output osel2104 top-5 bits: 0(0) 1(0) 2(0) 3(0) 4(0) 
  Output osel2105 top-5 bits: 0(0) 1(0) 2(0) 3(0) 4(0) 
  Output osel2106 top-5 bits: 0(0) 1(0) 2(0) 3(0) 4(0) 
  Output osel2107 top-5 bits: 0(0) 1(0) 2(0) 3(0) 4(0) 
  Output osel2108 top-5 bits: 0(0) 1(0) 2(0) 3(0) 4(0) 
  Output osel2109 top-5 bits: 0(0) 1(0) 2(0) 3(0) 4(0) 
  Output osel2110 top-5 bits: 0(0) 1(0) 2(0) 3(0) 4(0) 
  Output osel2111 top-5 bits: 0(0) 1(0) 2(0) 3(0) 4(0) 
  Output osel2112 top-5 bits: 0(0) 1(0) 2(0) 3(0) 4(0) 
  Output osel2113 top-5 bits: 0(0) 1(0) 2(0) 3(0) 4(0) 
  Output osel2114 top-5 bits: 0(0) 1(0) 2(0) 3(0) 4(0) 
  Output osel2115 top-5 bits: 0(0) 1(0) 2(0) 3(0) 4(0) 
  Output osel2116 top-5 bits: 0(0) 1(0) 2(0) 3(0) 4(0) 
  Output osel2117 top-5 bits: 0(0) 1(0) 2(0) 3(0) 4(0) 
  Output osel2118 top-5 bits: 0(0) 1(0) 2(0) 3(0) 4(0) 
  Output osel2119 top-5 bits: 0(0) 1(0) 2(0) 3(0) 4(0) 
  Output osel2120 top-5 bits: 0(0) 1(0) 2(0) 3(0) 4(0) 
  Output osel2121 top-5 bits: 0(0) 1(0) 2(0) 3(0) 4(0) 
  Output osel2122 top-5 bits: 0(0) 1(0) 2(0) 3(0) 4(0) 
  Output osel2123 top-5 bits: 0(0) 1(0) 2(0) 3(0) 4(0) 
  Output osel2124 top-5 bits: 0(0) 1(0) 2(0) 3(0) 4(0) 
  Output osel2125 top-5 bits: 0(0) 1(0) 2(0) 3(0) 4(0) 
  Output osel2126 top-5 bits: 0(0) 1(0) 2(0) 3(0) 4(0) 
  Output osel2127 top-5 bits: 0(0) 1(0) 2(0) 3(0) 4(0) 
  Walsh time: 0.0433958 s

Phase 4: Searching for M,b...
  4a: Single-row Walsh (80 candidates)
  4b: Multi-row Walsh (10 progressive + pair combinations)
  4c: Random M,b (500 candidates)
  Search time: 10.0211 s
  4e: Hill climbing from top 30 candidates (+ identity)
    Hill climb time: 27.9868 s

========================================
  Results (580 candidates evaluated)
  Raw ANF Sum T = 6561
========================================
  1. m=8 T=6561 (compression 1×) M=[10101010..; 11011110..; 00100110..; 10101100..; 10101001..; 10100111..; 11001000..; 10010101..]
  2. m=8 T=6561 (compression 1×) M=[10101010..; 01001101..; 10000001..; 11000001..; 00101101..; 11101110..; 00110000..; 10101011..]
  3. m=8 T=6561 (compression 1×) M=[01111011..; 10101001..; 11000010..; 00111000..; 11011010..; 01110110..; 10110011..; 10011000..]
  4. m=8 T=6561 (compression 1×) M=[00001101..; 01101010..; 10100000..; 01010010..; 10100110..; 01000001..; 01101101..; 10110110..]
  5. m=8 T=6561 (compression 1×) M=[10000011..; 00100011..; 10000000..; 10101101..; 01100111..; 11110010..; 10100110..; 10111001..]
  6. m=8 T=6561 (compression 1×) M=[00101110..; 11111111..; 10100111..; 00000011..; 00111110..; 11110011..; 11010111..; 10010010..]
  7. m=8 T=6561 (compression 1×) M=[00001100..; 00011101..; 11111010..; 10001100..; 11011110..; 00000111..; 10000010..; 00010000..]
  8. m=8 T=6561 (compression 1×) M=[10001001..; 10110101..; 11110110..; 00011001..; 11000111..; 00001011..; 11001101..; 10100011..]
  9. m=8 T=6561 (compression 1×) M=[01101110..; 01000101..; 00100011..; 00100111..; 10001111..; 01010101..; 11100010..; 01010011..]
  10. m=8 T=6561 (compression 1×) M=[01100010..; 10010000..; 01101001..; 01110010..; 01100100..; 01010100..; 01010011..; 00001001..]
  11. m=8 T=6561 (compression 1×) M=[00111101..; 00101000..; 10110001..; 01010010..; 00111010..; 00000010..; 00011000..; 11100111..]
  12. m=8 T=6561 (compression 1×) M=[10100010..; 10111001..; 01001100..; 10101101..; 00000100..; 00110101..; 01001001..; 10011111..]
  13. m=8 T=6561 (compression 1×) M=[00011100..; 01111101..; 10110100..; 10100010..; 00001000..; 01101111..; 00000001..; 11111011..]
  14. m=8 T=6561 (compression 1×) M=[10000000..; 01000000..; 00100000..; 00010000..; 00001000..; 00000100..; 00000010..; 00000001..]
  15. m=8 T=6561 (compression 1×) M=[01101101..; 01110110..; 00111111..; 01001000..; 00110111..; 11000110..; 01111011..; 11001101..]
  16. m=8 T=6561 (compression 1×) M=[10110001..; 01100110..; 01110110..; 10111001..; 00110011..; 00001001..; 01010000..; 10001101..]
  17. m=9 T=9477 (compression 0.692308×) M=[11110101..; 00011101..; 10111010..; 10100011..; 01111010..; 11011001..; 10000111..; 00010010..; 01000101..]
  18. m=9 T=9477 (compression 0.692308×) M=[10011010..; 10110110..; 00110100..; 00101010..; 00001000..; 11000001..; 10011100..; 10110011..; 01100000..]
  19. m=9 T=9477 (compression 0.692308×) M=[01000011..; 10011111..; 10101110..; 00100011..; 00101111..; 10110000..; 10010000..; 01101001..; 00110000..]
  20. m=9 T=9720 (compression 0.675×) M=[01111111..; 10110010..; 00011100..; 00111000..; 00100110..; 01011011..; 01010110..; 01100000..; 10111000..]

Best candidate: m=8, T=6561
// Transform z = Mx + b (GF(2)):
// m=8, n=8
// z_0 = count0 + count2 + count4 + count6
// z_1 = count0 + count1 + count3 + count4 + count5 + count6
// z_2 = count2 + count5 + count6 + 1
// z_3 = count0 + count2 + count4 + count5
// z_4 = count0 + count2 + count4 + count7 + 1
// z_5 = count0 + count2 + count5 + count6 + count7 + 1
// z_6 = count0 + count1 + count4
// z_7 = count0 + count3 + count5 + count7
Verifying best candidate (5000 random tests per output)...
  osel10 ❌ FAILED
  osel11 ❌ FAILED
  osel12 ❌ FAILED
  osel13 ❌ FAILED
  osel14 ❌ FAILED
  osel15 ❌ FAILED
  osel16 ❌ FAILED
  osel17 ❌ FAILED
  osel18 ❌ FAILED
  osel19 ❌ FAILED
  osel110 ❌ FAILED
  osel111 ❌ FAILED
  osel112 ❌ FAILED
  osel113 ❌ FAILED
  osel114 ❌ FAILED
  osel115 ❌ FAILED
  osel116 ❌ FAILED
  osel117 ❌ FAILED
  osel118 ❌ FAILED
  osel119 ❌ FAILED
  osel120 ❌ FAILED
  osel121 ❌ FAILED
  osel122 ❌ FAILED
  osel123 ❌ FAILED
  osel124 ❌ FAILED
  osel125 ❌ FAILED
  osel126 ❌ FAILED
  osel127 ❌ FAILED
  osel128 ❌ FAILED
  osel129 ❌ FAILED
  osel130 ❌ FAILED
  osel131 ❌ FAILED
  osel132 ❌ FAILED
  osel133 ❌ FAILED
  osel134 ❌ FAILED
  osel135 ❌ FAILED
  osel136 ❌ FAILED
  osel137 ❌ FAILED
  osel138 ❌ FAILED
  osel139 ❌ FAILED
  osel140 ❌ FAILED
  osel141 ❌ FAILED
  osel142 ❌ FAILED
  osel143 ❌ FAILED
  osel144 ❌ FAILED
  osel145 ❌ FAILED
  osel146 ❌ FAILED
  osel147 ❌ FAILED
  osel148 ❌ FAILED
  osel149 ❌ FAILED
  osel150 ❌ FAILED
  osel151 ❌ FAILED
  osel152 ❌ FAILED
  osel153 ❌ FAILED
  osel154 ❌ FAILED
  osel155 ❌ FAILED
  osel156 ❌ FAILED
  osel157 ❌ FAILED
  osel158 ❌ FAILED
  osel159 ❌ FAILED
  osel160 ❌ FAILED
  osel161 ❌ FAILED
  osel162 ❌ FAILED
  osel163 ❌ FAILED
