--- Circuit ---
  Inputs: 16, Outputs to optimize: 8
Phase 1: Computing truth table...
  Truth table: 2^16 = 65536 inputs, 1024 batches, 8 output(s), 104 thread(s)
  Time: 0.00597957 s

Phase 2: Raw ANF baseline...
  Sum T = 518
  Max deg = 9
    om_7: T=257, m=9
    om_6: T=129, m=8
    om_5: T=65, m=7
    om_4: T=33, m=6
    om_3: T=17, m=5
    om_2: T=9, m=4
    om_1: T=5, m=3
    om_0: T=3, m=2
  Saved ANF: runs/hd03.poly (518 terms)

Phase 3: Computing Walsh correlations...
  Output om_7 top-5 bits: 8(129) 9(129) 10(129) 11(129) 12(129) 
  Output om_6 top-5 bits: 8(128) 9(128) 10(128) 11(128) 12(128) 
  Output om_5 top-5 bits: 8(128) 9(128) 10(128) 11(128) 12(128) 
  Output om_4 top-5 bits: 8(128) 9(128) 10(128) 11(128) 12(128) 
  Output om_3 top-5 bits: 8(128) 9(128) 10(128) 11(128) 12(128) 
  Output om_2 top-5 bits: 8(128) 9(128) 10(128) 11(128) 12(128) 
  Output om_1 top-5 bits: 8(128) 9(128) 10(128) 11(128) 12(128) 
  Output om_0 top-5 bits: 10(320) 11(320) 12(320) 13(320) 14(320) 
  Walsh time: 0.0458984 s

Phase 4: Searching for M,b...
  4a: Single-row Walsh (80 candidates)
  4b: Multi-row Walsh (10 progressive + pair combinations)
  4c: Random M,b (500 candidates)
  Search time: 2.83128 s
  4e: Hill climbing from top 30 candidates (+ identity)
    hill climb #0: T=26346 -> T=6300
    hill climb #1: T=30682 -> T=6724
    hill climb #2: T=45389 -> T=7199
    hill climb #3: T=46538 -> T=8016
    hill climb #4: T=50472 -> T=13012
    hill climb #5: T=52806 -> T=9250
    hill climb #6: T=57510 -> T=8497
    hill climb #7: T=57709 -> T=18647
    hill climb from identity: T=518 -> T=72
    Hill climb time: 1012.78 s

========================================
  Results (607 candidates evaluated)
  Raw ANF Sum T = 518
========================================
  1. m=16 T=72 (compression 7.19444×) M=[10000000..; 01000000..; 00100000..; 00010000..; 00001000..; 00000100..; 00000010..; 00000001..; 00000000..; 00000000..; 00000000..; 00000000..; 00000000..; 00000000..; 00000000..; 00000000..]
    Per-output T: om_7=16 om_6=14 om_5=12 om_4=10 om_3=8 om_2=6 om_1=4 om_0=2
  2. m=16 T=6300 (compression 0.0822222×) M=[00101011..; 00100111..; 00111010..; 11100110..; 01011110..; 01110101..; 00010010..; 10011010..; 00101110..; 10111011..; 11010110..; 00001010..; 01000001..; 11111111..; 10100100..; 11111011..]
  3. m=16 T=6724 (compression 0.0770375×) M=[10011110..; 10100101..; 01000001..; 01110100..; 11011011..; 00010100..; 01000100..; 11000001..; 10110010..; 01111001..; 00110101..; 01100011..; 01110101..; 01010100..; 00010001..; 11010000..]
  4. m=16 T=7199 (compression 0.0719544×) M=[10001001..; 10011011..; 00011011..; 00000010..; 01111110..; 11111111..; 00001100..; 11010011..; 01100001..; 10101001..; 01100101..; 11110001..; 11111111..; 11101001..; 01011001..; 10000101..]
  5. m=16 T=8016 (compression 0.0646208×) M=[01011010..; 00100111..; 11010000..; 00111110..; 01110000..; 11010001..; 01001001..; 11111000..; 10001111..; 10111010..; 00111000..; 10111100..; 11110001..; 11001010..; 10100010..; 01000000..]
  6. m=16 T=8497 (compression 0.0609627×) M=[01000111..; 11001110..; 01110100..; 00111110..; 00111010..; 01101100..; 01111100..; 11100001..; 01110010..; 10101101..; 01011101..; 10001110..; 01100010..; 11111101..; 11011000..; 11100101..]
  7. m=16 T=9250 (compression 0.056×) M=[10101010..; 11101001..; 01111101..; 01110011..; 11110001..; 00000000..; 01111001..; 11001011..; 00100000..; 11111001..; 11010110..; 00001011..; 11010100..; 11111111..; 11110110..; 00011110..]
  8. m=16 T=13012 (compression 0.0398094×) M=[10111001..; 01100101..; 10100101..; 00101000..; 10101001..; 10100010..; 10110100..; 10000011..; 10000010..; 01011110..; 01010011..; 00001110..; 01011101..; 01111001..; 00111011..; 10101100..]
  9. m=16 T=18647 (compression 0.0277793×) M=[00011100..; 00001011..; 11011010..; 11010011..; 00101011..; 00111110..; 01000010..; 11110001..; 11001011..; 01001010..; 01110001..; 10011110..; 10110011..; 11110010..; 10100101..; 01001110..]
  10. m=16 T=26346 (compression 0.0196614×) M=[10111111..; 00100101..; 00111010..; 10100110..; 01011110..; 01110001..; 11010010..; 11011110..; 00101110..; 10111011..; 01010110..; 00001010..; 01000001..; 11101111..; 10100000..; 11111011..]
  11. m=16 T=30682 (compression 0.0168829×) M=[11011010..; 10101000..; 01000101..; 01110100..; 11011011..; 01010100..; 01000010..; 01000001..; 10110010..; 01101001..; 10010101..; 01100011..; 00110101..; 01010100..; 00010001..; 11010000..]
  12. m=16 T=45389 (compression 0.0114125×) M=[11101001..; 01001000..; 01011010..; 00000011..; 00111111..; 11111111..; 00001100..; 11110011..; 01100001..; 10101011..; 00010101..; 11110001..; 10111111..; 11101001..; 01011000..; 10000101..]
  13. m=16 T=46538 (compression 0.0111307×) M=[01011110..; 00100110..; 11010000..; 00110100..; 11110000..; 11010001..; 10000110..; 11111000..; 11001111..; 01111110..; 00111000..; 10110110..; 11110001..; 11001010..; 10100010..; 00000000..]
  14. m=16 T=50472 (compression 0.0102631×) M=[11101001..; 10100111..; 00010001..; 00111000..; 11101001..; 10100010..; 10110000..; 10000011..; 10000010..; 00011110..; 01010011..; 00001110..; 01011101..; 01111001..; 00111011..; 10101100..]
  15. m=16 T=52806 (compression 0.00980949×) M=[10100011..; 01001001..; 00011110..; 01110010..; 11110001..; 10000000..; 01111100..; 10001001..; 00100100..; 11111001..; 11010110..; 00001010..; 10010101..; 11111111..; 11110110..; 00011110..]
  16. m=16 T=57510 (compression 0.00900713×) M=[01011111..; 11000000..; 11110100..; 00110111..; 00111010..; 01101100..; 01111100..; 10101001..; 10110010..; 10100101..; 01011101..; 10001110..; 01100010..; 11111101..; 11011000..; 00100101..]
  17. m=16 T=57709 (compression 0.00897607×) M=[00010110..; 01001011..; 01001010..; 10011001..; 00100011..; 00011100..; 01000110..; 11110001..; 11011011..; 01011010..; 01100001..; 10011110..; 10110011..; 11110010..; 10100101..; 01001110..]
  18. m=1 T=9223372036854775807 (compression 5.61617e-17×) M=[00000000..]
  19. m=1 T=9223372036854775807 (compression 5.61617e-17×) M=[00000000..]
  20. m=1 T=9223372036854775807 (compression 5.61617e-17×) M=[00000000..]

Best candidate: m=16, T=72
// Transform z = Mx + b (GF(2)):
// m=16, n=16
// z_0 = i9 + i1
// z_1 = i8
// z_2 = i7 + i15
// z_3 = i6 + i14
// z_4 = i5 + i13
// z_5 = i4 + i12
// z_6 = i3 + i11
// z_7 = i2 + i10
// z_8 = i15
// z_9 = i14
// z_10 = i13
// z_11 = i12
// z_12 = i11
// z_13 = i10
// z_14 = i1
// z_15 = i0
Verifying best candidate (5000 random tests per output)...
  om_7 ✅ Verified (5000 tests)
  om_6 ✅ Verified (5000 tests)
  om_5 ✅ Verified (5000 tests)
  om_4 ✅ Verified (5000 tests)
  om_3 ✅ Verified (5000 tests)
  om_2 ❌ FAILED
  om_1 ❌ FAILED
