--- Circuit ---
  Inputs: 16, Outputs to optimize: 8
Phase 1: Computing truth table...
  Truth table: 2^16 = 65536 inputs, 1024 batches, 8 output(s), 104 thread(s)
  Time: 0.0055328 s

Phase 2: Raw ANF baseline...
  Sum T = 678
  Max deg = 9
    m_7: T=3, m=2
    m_6: T=5, m=3
    m_5: T=9, m=4
    m_4: T=17, m=5
    m_3: T=33, m=6
    m_2: T=225, m=9
    m_1: T=129, m=8
    m_0: T=257, m=9
  Saved ANF: runs/hd04.poly (678 terms)

Phase 3: Computing Walsh correlations...
  Output m_7 top-5 bits: 8(128) 9(128) 10(128) 11(128) 12(128) 
  Output m_6 top-5 bits: 8(128) 9(128) 10(128) 11(128) 12(128) 
  Output m_5 top-5 bits: 8(128) 9(128) 10(128) 11(128) 12(128) 
  Output m_4 top-5 bits: 8(128) 9(128) 10(128) 11(128) 12(128) 
  Output m_3 top-5 bits: 8(128) 9(128) 10(128) 11(128) 12(128) 
  Output m_2 top-5 bits: 8(192) 9(192) 10(192) 11(192) 12(192) 
  Output m_1 top-5 bits: 8(128) 9(128) 10(128) 11(128) 12(128) 
  Output m_0 top-5 bits: 8(129) 9(129) 10(129) 11(129) 12(129) 
  Walsh time: 0.0455693 s

Phase 4: Searching for M,b...
  4a: Single-row Walsh (80 candidates)
  4b: Multi-row Walsh (10 progressive + pair combinations)
  4c: Random M,b (500 candidates)
  Search time: 2.64572 s
  4e: Hill climbing from top 30 candidates (+ identity)
    hill climb #0: T=56111 -> T=8642
    hill climb #1: T=57412 -> T=10435
    hill climb #2: T=58880 -> T=10298
    hill climb #3: T=60068 -> T=14398
    hill climb #4: T=60639 -> T=15216
    hill climb #5: T=60780 -> T=19624
    hill climb #6: T=61376 -> T=10861
    hill climb #7: T=62984 -> T=8629
    hill climb from identity: T=678 -> T=88
    Hill climb time: 944.918 s

========================================
  Results (607 candidates evaluated)
  Raw ANF Sum T = 678
========================================
  1. m=16 T=88 (compression 7.70455×) M=[10000000..; 01000000..; 00100000..; 00010000..; 00001000..; 00000100..; 00000010..; 00000001..; 00000000..; 00000000..; 00000000..; 00000000..; 00000000..; 00000000..; 00000000..; 00000000..]
    Per-output T: m_7=2 m_6=4 m_5=6 m_4=8 m_3=10 m_2=28 m_1=14 m_0=16
  2. m=16 T=8629 (compression 0.0785723×) M=[00111010..; 00111110..; 11010000..; 10100000..; 11110000..; 11011111..; 10111111..; 11111000..; 11001111..; 00110010..; 00111000..; 10111010..; 01110001..; 10001010..; 10100010..; 00000000..]
  3. m=16 T=8642 (compression 0.0784541×) M=[01011101..; 01000000..; 01011100..; 00111011..; 00110010..; 01100101..; 01111100..; 11101101..; 10110010..; 11100101..; 01011101..; 10001110..; 01100010..; 11111101..; 10011000..; 00100101..]
  4. m=16 T=10298 (compression 0.065838×) M=[10111110..; 11100000..; 01000101..; 01111100..; 10011011..; 00010100..; 01000010..; 10000000..; 10110010..; 01101101..; 10010001..; 11100010..; 00110100..; 01010100..; 00110000..; 10010001..]
  5. m=16 T=10435 (compression 0.0649736×) M=[10101001..; 10110011..; 11000001..; 10001000..; 11101001..; 10100110..; 10110100..; 10000011..; 10000010..; 01011010..; 11010011..; 01001110..; 01011101..; 11111001..; 00111011..; 10101100..]
  6. m=16 T=10861 (compression 0.0624252×) M=[00011001..; 10010001..; 00111110..; 11110010..; 11110001..; 11000000..; 11101100..; 10011001..; 00100100..; 11111001..; 00000110..; 00001010..; 10010101..; 11111111..; 11110110..; 00011110..]
  7. m=16 T=14398 (compression 0.0470899×) M=[10010010..; 11101011..; 11101010..; 11111011..; 00000011..; 00011110..; 01001110..; 01110011..; 11011011..; 11011010..; 01100001..; 10011110..; 10110011..; 11110010..; 00100001..; 01001110..]
  8. m=16 T=15216 (compression 0.0445584×) M=[10111101..; 11000010..; 00011010..; 00001111..; 01111101..; 10111111..; 00101100..; 00110011..; 01100001..; 10001011..; 01010101..; 11100001..; 10111111..; 11101001..; 01011000..; 10000101..]
  9. m=16 T=19624 (compression 0.0345495×) M=[10110111..; 00111101..; 00011010..; 10110010..; 01011110..; 11110001..; 00010010..; 10011110..; 10100110..; 10111011..; 01010010..; 00001010..; 01000001..; 01101111..; 10100000..; 01111011..]
  10. m=16 T=56111 (compression 0.0120832×) M=[01011111..; 11000000..; 11110100..; 00110111..; 00111010..; 01101100..; 01111100..; 10101001..; 10110010..; 10100101..; 01011101..; 10001110..; 01100010..; 11111101..; 11011000..; 00100101..]
  11. m=16 T=57412 (compression 0.0118094×) M=[11101001..; 10100111..; 00010001..; 00111000..; 11101001..; 10100010..; 10110000..; 10000011..; 10000010..; 00011110..; 01010011..; 00001110..; 01011101..; 01111001..; 00111011..; 10101100..]
  12. m=16 T=58880 (compression 0.0115149×) M=[11011010..; 10101000..; 01000101..; 01110100..; 11011011..; 01010100..; 01000010..; 01000001..; 10110010..; 01101001..; 10010101..; 01100011..; 00110101..; 01010100..; 00010001..; 11010000..]
  13. m=16 T=60068 (compression 0.0112872×) M=[00010110..; 01001011..; 01001010..; 10011001..; 00100011..; 00011100..; 01000110..; 11110001..; 11011011..; 01011010..; 01100001..; 10011110..; 10110011..; 11110010..; 10100101..; 01001110..]
  14. m=16 T=60639 (compression 0.0111809×) M=[11101001..; 01001000..; 01011010..; 00000011..; 00111111..; 11111111..; 00001100..; 11110011..; 01100001..; 10101011..; 00010101..; 11110001..; 10111111..; 11101001..; 01011000..; 10000101..]
  15. m=16 T=60780 (compression 0.011155×) M=[10111111..; 00100101..; 00111010..; 10100110..; 01011110..; 01110001..; 11010010..; 11011110..; 00101110..; 10111011..; 01010110..; 00001010..; 01000001..; 11101111..; 10100000..; 11111011..]
  16. m=16 T=61376 (compression 0.0110467×) M=[10100011..; 01001001..; 00011110..; 01110010..; 11110001..; 10000000..; 01111100..; 10001001..; 00100100..; 11111001..; 11010110..; 00001010..; 10010101..; 11111111..; 11110110..; 00011110..]
  17. m=16 T=62984 (compression 0.0107646×) M=[01011110..; 00100110..; 11010000..; 00110100..; 11110000..; 11010001..; 10000110..; 11111000..; 11001111..; 01111110..; 00111000..; 10110110..; 11110001..; 11001010..; 10100010..; 00000000..]
  18. m=1 T=9223372036854775807 (compression 7.35089e-17×) M=[00000000..]
  19. m=1 T=9223372036854775807 (compression 7.35089e-17×) M=[00000000..]
  20. m=1 T=9223372036854775807 (compression 7.35089e-17×) M=[00000000..]

Best candidate: m=16, T=88
// Transform z = Mx + b (GF(2)):
// m=16, n=16
// z_0 = i_9
// z_1 = i_8 + i_16
// z_2 = i_7 + i_15
// z_3 = i_6 + i_14
// z_4 = i_5 + i_13
// z_5 = i_4 + i_12
// z_6 = i_3 + i_11
// z_7 = i_2 + i_10
// z_8 = i_17
// z_9 = i_16
// z_10 = i_15
// z_11 = i_14
// z_12 = i_13
// z_13 = i_12
// z_14 = i_11
// z_15 = i_10
Verifying best candidate (5000 random tests per output)...
  m_7 ✅ Verified (5000 tests)
  m_6 ✅ Verified (5000 tests)
  m_5 ✅ Verified (5000 tests)
  m_4 ✅ Verified (5000 tests)
  m_3 ✅ Verified (5000 tests)
