--- Circuit ---
  Inputs: 8, Outputs to optimize: 8
Phase 1: Computing truth table...
  Truth table: 2^8 = 256 inputs, 4 batches, 8 output(s), 104 thread(s)
  Time: 0.000287061 s

Phase 2: Raw ANF baseline...
  Sum T = 162
  Max deg = 7
    om_7: T=84, m=7
    om_6: T=42, m=7
    om_5: T=20, m=5
    om_4: T=10, m=5
    om_3: T=4, m=3
    om_2: T=2, m=3
    om_1: T=0, m=0
    om_0: T=0, m=0
  Saved ANF: runs/hd07.poly (162 terms)

Phase 3: Computing Walsh correlations...
  Output om_7 top-5 bits: 0(32) 6(32) 7(32) 1(0) 2(0) 
  Output om_6 top-5 bits: 1(32) 6(32) 7(32) 0(0) 2(0) 
  Output om_5 top-5 bits: 2(28) 6(28) 7(28) 3(4) 4(4) 
  Output om_4 top-5 bits: 3(32) 6(32) 7(32) 0(0) 1(0) 
  Output om_3 top-5 bits: 4(16) 5(16) 6(16) 7(16) 0(0) 
  Output om_2 top-5 bits: 0(0) 1(0) 2(0) 3(0) 4(0) 
  Output om_1 top-5 bits: 0(0) 1(0) 2(0) 3(0) 4(0) 
  Output om_0 top-5 bits: 0(0) 1(0) 2(0) 3(0) 4(0) 
  Walsh time: 0.00189215 s

Phase 4: Searching for M,b...
  4a: Single-row Walsh (80 candidates)
  4b: Multi-row Walsh (10 progressive + pair combinations)
  4c: Random M,b (500 candidates)
  Search time: 0.374191 s
  4e: Hill climbing from top 30 candidates (+ identity)
    hill climb #0: T=162 -> T=156
    hill climb #1: T=198 -> T=83
    hill climb #2: T=213 -> T=47
    hill climb #3: T=291 -> T=193
    hill climb #4: T=360 -> T=166
    hill climb #5: T=378 -> T=155
    hill climb #6: T=382 -> T=212
    hill climb #7: T=383 -> T=108
    hill climb #8: T=391 -> T=126
    hill climb #9: T=400 -> T=161
    hill climb #10: T=402 -> T=185
    hill climb #11: T=403 -> T=134
    hill climb #12: T=405 -> T=210
    hill climb #13: T=409 -> T=253
    hill climb #14: T=454 -> T=154
    hill climb #15: T=504 -> T=76
    hill climb from identity: T=162 -> T=156
    Hill climb time: 7.08798 s

========================================
  Results (597 candidates evaluated)
  Raw ANF Sum T = 162
========================================
  1. m=8 T=47 (compression 3.44681×) M=[00101100..; 00000101..; 00011000..; 00011100..; 01011000..; 00000111..; 10000000..; 00010000..]
    Per-output T: om_7=11 om_6=12 om_5=9 om_4=5 om_3=7 om_2=3 om_1=0 om_0=0
  2. m=8 T=76 (compression 2.13158×) M=[00010000..; 00010110..; 00001100..; 00011000..; 00110110..; 00001101..; 01110000..; 10001101..]
    Per-output T: om_7=16 om_6=20 om_5=10 om_4=6 om_3=14 om_2=10 om_1=0 om_0=0
  3. m=8 T=83 (compression 1.95181×) M=[00111101..; 00001010..; 00110001..; 01010010..; 00111010..; 00000010..; 00011000..; 11100011..]
    Per-output T: om_7=21 om_6=18 om_5=14 om_4=16 om_3=8 om_2=6 om_1=0 om_0=0
  4. m=8 T=108 (compression 1.5×) M=[00010101..; 00001101..; 01100000..; 00111011..; 00001100..; 01100011..; 00001000..; 10111011..]
    Per-output T: om_7=30 om_6=25 om_5=21 om_4=14 om_3=6 om_2=12 om_1=0 om_0=0
  5. m=8 T=126 (compression 1.28571×) M=[10101001..; 00001111..; 00000001..; 01100001..; 00100000..; 10101100..; 01110000..; 10101011..]
    Per-output T: om_7=26 om_6=32 om_5=20 om_4=30 om_3=10 om_2=8 om_1=0 om_0=0
  6. m=8 T=134 (compression 1.20896×) M=[01010111..; 00000001..; 01000000..; 00101111..; 00001101..; 01010100..; 10100010..; 01010011..]
    Per-output T: om_7=31 om_6=15 om_5=37 om_4=30 om_3=13 om_2=8 om_1=0 om_0=0
  7. m=8 T=154 (compression 1.05195×) M=[00001000..; 00001101..; 11110110..; 00010101..; 11000111..; 00001011..; 11001101..; 10100011..]
    Per-output T: om_7=43 om_6=52 om_5=30 om_4=16 om_3=3 om_2=10 om_1=0 om_0=0
  8. m=8 T=155 (compression 1.04516×) M=[00110000..; 10011101..; 00001010..; 00101111..; 00101100..; 00110101..; 01011001..; 10011111..]
    Per-output T: om_7=41 om_6=28 om_5=28 om_4=34 om_3=12 om_2=12 om_1=0 om_0=0
  9. m=8 T=156 (compression 1.03846×) M=[10000000..; 01100000..; 00100000..; 00011000..; 00001100..; 00000110..; 00000011..; 00000001..]
    Per-output T: om_7=63 om_6=62 om_5=15 om_4=11 om_3=4 om_2=1 om_1=0 om_0=0
  10. m=8 T=156 (compression 1.03846×) M=[00000011..; 00000001..; 00011000..; 10000000..; 01100000..; 00100000..; 00001100..; 00000110..]
    Per-output T: om_7=63 om_6=62 om_5=15 om_4=11 om_3=4 om_2=1 om_1=0 om_0=0
  11. m=8 T=161 (compression 1.00621×) M=[00001000..; 01110011..; 10000011..; 01010011..; 01101110..; 00010001..; 01101101..; 01111110..]
    Per-output T: om_7=36 om_6=33 om_5=34 om_4=25 om_3=9 om_2=24 om_1=0 om_0=0
  12. m=8 T=162 (compression 1×) M=[00000010..; 00000001..; 00010000..; 10000000..; 01000000..; 00100000..; 00001000..; 00000100..]
  13. m=8 T=166 (compression 0.975904×) M=[00101110..; 11111111..; 00000111..; 00000011..; 00111111..; 11110011..; 11010011..; 10100000..]
  14. m=8 T=185 (compression 0.875676×) M=[00111101..; 00110110..; 00111011..; 11011000..; 00110111..; 11100110..; 01011011..; 11000101..]
  15. m=8 T=193 (compression 0.839378×) M=[01000110..; 11010011..; 00101000..; 01100010..; 01100100..; 01010100..; 01010011..; 01001001..]
  16. m=8 T=198 (compression 0.818182×) M=[00111101..; 00101000..; 10110001..; 01010010..; 00111010..; 00000010..; 00011000..; 11100111..]
  17. m=8 T=210 (compression 0.771429×) M=[10101000..; 00011101..; 10101111..; 10101100..; 10101001..; 10100111..; 11001000..; 10010101..]
  18. m=8 T=212 (compression 0.764151×) M=[00010011..; 10101011..; 10101110..; 10101101..; 00100101..; 01110010..; 10100110..; 10111001..]
  19. m=8 T=213 (compression 0.760563×) M=[00001100..; 00011101..; 11111010..; 10001100..; 11011110..; 00000111..; 10000010..; 00010000..]
  20. m=8 T=253 (compression 0.640316×) M=[01111011..; 10100011..; 11000001..; 10110010..; 11000011..; 01110110..; 10110011..; 10011000..]

Best candidate: m=8, T=47
// Transform z = Mx + b (GF(2)):
// m=8, n=8
// z_0 = i5 + i3 + i2
// z_1 = i2 + i0 + 1
// z_2 = i4 + i3 + 1
// z_3 = i4 + i3 + i2
// z_4 = i6 + i4 + i3 + 1
// z_5 = i2 + i1 + i0 + 1
// z_6 = i7
// z_7 = i4
Verifying best candidate (5000 random tests per output)...
  om_7 ✅ Verified (5000 tests)
  om_6 ✅ Verified (5000 tests)
  om_5 ✅ Verified (5000 tests)
  om_4 ✅ Verified (5000 tests)
  om_3 ❌ FAILED
  om_2 ❌ FAILED
