--- Circuit ---
  Inputs: 8, Outputs to optimize: 1
Phase 1: Computing truth table...
  Truth table: 2^8 = 256 inputs, 4 batches, 1 output(s), 104 thread(s)
  Time: 0.000244573 s

Phase 2: Raw ANF baseline...
  Sum T = 128
  Max deg = 7
    om_0: T=128, m=7
  Saved ANF: runs/hd08.poly (128 terms)

Phase 3: Computing Walsh correlations...
  Output om_0 top-5 bits: 0(0) 1(0) 2(0) 3(0) 4(0) 
  Walsh time: 0.000281284 s

Phase 4: Searching for M,b...
  4a: Single-row Walsh (80 candidates)
  4b: Multi-row Walsh (10 progressive + pair combinations)
  4c: Random M,b (500 candidates)
  Search time: 0.11759 s
  4e: Hill climbing from top 30 candidates (+ identity)
    hill climb #0: T=36 -> T=8
    hill climb #1: T=36 -> T=9
    hill climb #2: T=40 -> T=12
    hill climb #4: T=62 -> T=22
    hill climb #5: T=68 -> T=8
    hill climb #6: T=70 -> T=22
    hill climb #7: T=74 -> T=14
    hill climb #8: T=78 -> T=14
    hill climb #12: T=84 -> T=18
    hill climb #14: T=96 -> T=30
    hill climb #17: T=100 -> T=10
    hill climb #20: T=112 -> T=14
    hill climb #21: T=112 -> T=14
    Hill climb time: 0.883913 s

========================================
  Results (593 candidates evaluated)
  Raw ANF Sum T = 128
========================================
  1. m=8 T=8 (compression 16×) M=[10111111..; 10000100..; 11111111..; 00011011..; 11100111..; 00000001..; 11101101..; 10100011..]
    Per-output T: om_0=8
  2. m=8 T=8 (compression 16×) M=[10000010..; 11111111..; 10010011..; 00000011..; 10111110..; 11110011..; 11010111..; 10010010..]
    Per-output T: om_0=8
  3. m=8 T=9 (compression 14.2222×) M=[00011110..; 11111111..; 10110000..; 10111110..; 00001000..; 01101111..; 00001001..; 11111011..]
    Per-output T: om_0=9
  4. m=8 T=10 (compression 12.8×) M=[11111111..; 01111111..; 00000100..; 10101100..; 10101001..; 00000011..; 10001000..; 10011111..]
    Per-output T: om_0=10
  5. m=8 T=12 (compression 10.6667×) M=[00100011..; 00110110..; 00111111..; 01001000..; 10110111..; 11001110..; 01111011..; 11001101..]
    Per-output T: om_0=12
  6. m=8 T=14 (compression 9.14286×) M=[11011011..; 00001000..; 00000001..; 10000001..; 10101101..; 01100110..; 00110000..; 10001011..]
    Per-output T: om_0=14
  7. m=8 T=14 (compression 9.14286×) M=[00011000..; 00000100..; 11100000..; 10011100..; 11011000..; 00000011..; 11100010..; 00010000..]
    Per-output T: om_0=14
  8. m=8 T=14 (compression 9.14286×) M=[00000101..; 01111111..; 01110010..; 00111001..; 10111111..; 00001001..; 01010000..; 10001101..]
    Per-output T: om_0=14
  9. m=8 T=14 (compression 9.14286×) M=[01011111..; 10101010..; 10000001..; 01000000..; 00111010..; 00000010..; 00011000..; 11100111..]
    Per-output T: om_0=14
  10. m=8 T=18 (compression 7.11111×) M=[10100010..; 11111111..; 01000000..; 10101001..; 00000100..; 00110101..; 01001101..; 10011111..]
    Per-output T: om_0=18
  11. m=8 T=22 (compression 5.81818×) M=[11000110..; 10100011..; 10000000..; 11111101..; 01100011..; 01010000..; 10100110..; 00111001..]
    Per-output T: om_0=22
  12. m=8 T=22 (compression 5.81818×) M=[01100110..; 11110110..; 01001001..; 00100000..; 00100100..; 01110100..; 01010011..; 00001001..]
    Per-output T: om_0=22
  13. m=8 T=30 (compression 4.26667×) M=[01011111..; 10111110..; 10100100..; 01010010..; 10100110..; 01011001..; 01101101..; 10110110..]
    Per-output T: om_0=30
  14. m=8 T=36 (compression 3.55556×) M=[00011100..; 01111101..; 10110100..; 10100010..; 00001000..; 01101111..; 00000001..; 11111011..]
    Per-output T: om_0=36
  15. m=8 T=36 (compression 3.55556×) M=[00101110..; 11111111..; 10100111..; 00000011..; 00111110..; 11110011..; 11010111..; 10010010..]
    Per-output T: om_0=36
  16. m=8 T=40 (compression 3.2×) M=[01101101..; 01110110..; 00111111..; 01001000..; 00110111..; 11000110..; 01111011..; 11001101..]
    Per-output T: om_0=40
  17. m=9 T=58 (compression 2.2069×) M=[01011111..; 01110110..; 10011101..; 10010101..; 00010001..; 11001110..; 00001101..; 10100101..; 11011101..]
    Per-output T: om_0=58
  18. m=8 T=62 (compression 2.06452×) M=[01100010..; 10010000..; 01101001..; 01110010..; 01100100..; 01010100..; 01010011..; 00001001..]
    Per-output T: om_0=62
  19. m=8 T=68 (compression 1.88235×) M=[10001001..; 10110101..; 11110110..; 00011001..; 11000111..; 00001011..; 11001101..; 10100011..]
    Per-output T: om_0=68
  20. m=8 T=70 (compression 1.82857×) M=[10000011..; 00100011..; 10000000..; 10101101..; 01100111..; 11110010..; 10100110..; 10111001..]
    Per-output T: om_0=70

Best candidate: m=8, T=8
// Transform z = Mx + b (GF(2)):
// m=8, n=8
// z_0 = i7 + i5 + i4 + i3 + i2 + i1 + i0
// z_1 = i7 + i2 + 1
// z_2 = i7 + i6 + i5 + i4 + i3 + i2 + i1 + i0
// z_3 = i4 + i3 + i1 + i0
// z_4 = i7 + i6 + i5 + i2 + i1 + i0
// z_5 = i0 + 1
// z_6 = i7 + i6 + i5 + i3 + i2 + i0
// z_7 = i7 + i5 + i1 + i0 + 1
Verifying best candidate (5000 random tests per output)...
  om_0 ✅ Verified (5000 tests)
✅ All outputs verified!
  Saved: runs/hd08_best_trans.txt
  Saved: runs/hd08_best_anf.poly (8 terms)
  Saved: runs/hd08_verify.txt

Total time: 1.00584 s
