--- Circuit ---
  Inputs: 11, Outputs to optimize: 7
Phase 1: Computing truth table...
  Truth table: 2^11 = 2048 inputs, 32 batches, 7 output(s), 104 thread(s)
  Time: 0.00161188 s

Phase 2: Raw ANF baseline...
  Sum T = 1613
  Max deg = 11
    oM0: T=255, m=8
    oM1: T=383, m=9
    oM2: T=351, m=10
    oM3: T=255, m=9
    oE0: T=203, m=11
    oE1: T=135, m=11
    oE2: T=31, m=9
  Saved ANF: runs/int2float.poly (1613 terms)

Phase 3: Computing Walsh correlations...
  Output oM0 top-5 bits: 6(64) 7(64) 8(64) 9(64) 10(64) 
  Output oM1 top-5 bits: 6(64) 7(64) 8(64) 9(64) 10(64) 
  Output oM2 top-5 bits: 6(64) 7(64) 8(64) 9(64) 10(64) 
  Output oM3 top-5 bits: 6(64) 7(64) 8(64) 9(64) 10(64) 
  Output oE0 top-5 bits: 6(64) 7(64) 8(64) 9(64) 10(64) 
  Output oE1 top-5 bits: 6(64) 7(64) 8(64) 9(64) 10(64) 
  Output oE2 top-5 bits: 6(64) 7(64) 8(64) 9(64) 10(64) 
  Walsh time: 0.0106551 s

Phase 4: Searching for M,b...
  4a: Single-row Walsh (80 candidates)
  4b: Multi-row Walsh (10 progressive + pair combinations)
  4c: Random M,b (500 candidates)
  Search time: 1.24614 s
  4e: Hill climbing from top 30 candidates (+ identity)
    hill climb #0: T=4570 -> T=558
    hill climb #1: T=4633 -> T=1195
    hill climb #2: T=4677 -> T=1408
    hill climb #3: T=5405 -> T=1153
    hill climb #4: T=5472 -> T=2118
    hill climb #5: T=5498 -> T=1485
    hill climb #6: T=5522 -> T=1499
    hill climb #7: T=5810 -> T=1728
    hill climb #8: T=6073 -> T=3040
    hill climb #9: T=7145 -> T=1363
    hill climb from identity: T=1613 -> T=238
    Hill climb time: 116.007 s

========================================
  Results (599 candidates evaluated)
  Raw ANF Sum T = 1613
========================================
  1. m=11 T=238 (compression 6.77731×) M=[11100000..; 01000011..; 00100001..; 00010000..; 00000000..; 00000110..; 00000011..; 00000001..; 00000000..; 00001000..; 00001000..]
    Per-output T: oM0=48 oM1=68 oM2=50 oM3=13 oE0=34 oE1=19 oE2=6
  2. m=11 T=558 (compression 2.89068×) M=[00001000..; 00000010..; 00000001..; 01111111..; 01111111..; 00101110..; 00000001..; 00000000..; 11101011..; 11110101..; 11101110..]
    Per-output T: oM0=67 oM1=125 oM2=120 oM3=33 oE0=145 oE1=49 oE2=19
  3. m=11 T=1153 (compression 1.39896×) M=[00000001..; 11111100..; 11100101..; 00110000..; 11101011..; 00001010..; 11111111..; 00001110..; 11100101..; 11101011..; 01100000..]
    Per-output T: oM0=182 oM1=298 oM2=279 oM3=29 oE0=181 oE1=137 oE2=47
  4. m=11 T=1195 (compression 1.34979×) M=[00001111..; 00101100..; 00001111..; 01111111..; 00101001..; 01111110..; 01101111..; 00000011..; 11101101..; 00001110..; 01111110..]
    Per-output T: oM0=190 oM1=269 oM2=284 oM3=97 oE0=177 oE1=137 oE2=41
  5. m=11 T=1363 (compression 1.18342×) M=[01111101..; 00000101..; 00000111..; 00000001..; 00100010..; 00111000..; 01010110..; 10011111..; 01010100..; 00111001..; 01111101..]
    Per-output T: oM0=190 oM1=337 oM2=304 oM3=63 oE0=265 oE1=135 oE2=69
  6. m=11 T=1408 (compression 1.1456×) M=[10111010..; 00001101..; 00000000..; 11101100..; 11100000..; 00010000..; 10110010..; 10111001..; 00001101..; 01011110..; 11000000..]
    Per-output T: oM0=188 oM1=340 oM2=337 oM3=109 oE0=175 oE1=174 oE2=85
  7. m=11 T=1485 (compression 1.0862×) M=[11011011..; 11011011..; 00001111..; 00000011..; 00100001..; 11111110..; 11011000..; 11111111..; 01001100..; 11011011..; 00010110..]
    Per-output T: oM0=186 oM1=357 oM2=376 oM3=121 oE0=237 oE1=147 oE2=61
  8. m=11 T=1499 (compression 1.07605×) M=[11011101..; 11010011..; 00101111..; 00100001..; 00011111..; 11011001..; 00000000..; 00101111..; 11011000..; 01000010..; 11010001..]
    Per-output T: oM0=250 oM1=401 oM2=264 oM3=91 oE0=269 oE1=179 oE2=45
  9. m=11 T=1728 (compression 0.933449×) M=[01100110..; 00001100..; 00001100..; 01101101..; 01101101..; 01100001..; 00010000..; 10000100..; 00111011..; 01100011..; 01100000..]
  10. m=11 T=2118 (compression 0.761568×) M=[00101000..; 00110111..; 00011000..; 10001010..; 00110111..; 00011010..; 10100100..; 00101111..; 01010101..; 10110001..; 10111101..]
  11. m=11 T=3040 (compression 0.530592×) M=[01011110..; 00001110..; 10100111..; 10010110..; 00101010..; 01011110..; 11111001..; 10010111..; 10100000..; 00001000..; 01100011..]
  12. m=11 T=4570 (compression 0.352954×) M=[00011010..; 11010011..; 10100100..; 01111110..; 01111111..; 00100101..; 10001101..; 10001100..; 01101111..; 11110101..; 11101110..]
  13. m=11 T=4633 (compression 0.348155×) M=[01100111..; 01101101..; 10101111..; 11011011..; 00101001..; 01111110..; 11101101..; 01000011..; 10001101..; 01011110..; 01111110..]
  14. m=11 T=4677 (compression 0.344879×) M=[10111010..; 00110101..; 00100101..; 00100101..; 11101000..; 00010000..; 10110010..; 10111001..; 00001100..; 01011110..; 11000000..]
  15. m=11 T=5405 (compression 0.298427×) M=[10100011..; 11111001..; 11001101..; 10100001..; 10011010..; 00011010..; 11111111..; 00001110..; 11100101..; 11101011..; 01100100..]
  16. m=11 T=5472 (compression 0.294773×) M=[01010111..; 01101100..; 00111000..; 10001111..; 10110111..; 00011111..; 10100100..; 00101111..; 11010101..; 10110011..; 10111101..]
  17. m=11 T=5498 (compression 0.293379×) M=[10110101..; 01010110..; 00101111..; 00010001..; 00111100..; 10111110..; 11001100..; 01111111..; 01101100..; 11011011..; 00010110..]
  18. m=11 T=5522 (compression 0.292104×) M=[10111100..; 10011111..; 00111011..; 00110000..; 00111111..; 11001101..; 10100000..; 00101111..; 11011000..; 01001010..; 11010001..]
  19. m=11 T=5810 (compression 0.277625×) M=[11110111..; 11010100..; 01011111..; 01101101..; 00101101..; 11000010..; 00010100..; 11101100..; 00110011..; 01110011..; 01110000..]
  20. m=11 T=6073 (compression 0.265602×) M=[01110100..; 00101110..; 10100100..; 10011010..; 00101011..; 01011110..; 11111000..; 10010111..; 10100000..; 00000000..; 01100010..]

Best candidate: m=11, T=238
// Transform z = Mx + b (GF(2)):
// m=11, n=11
// z_0 = B0 + B1 + B2
// z_1 = B1 + B6 + B7
// z_2 = B2 + B7
// z_3 = B3 + B8
// z_4 = B9 + 1
// z_5 = B5 + B6 + 1
// z_6 = B6 + B7 + 1
// z_7 = B7 + B9 + 1
// z_8 = B8 + B10 + 1
// z_9 = B4 + B9 + B10
// z_10 = B4
Verifying best candidate (5000 random tests per output)...
  oM0 ✅ Verified (5000 tests)
  oM1 ✅ Verified (5000 tests)
  oM2 ✅ Verified (5000 tests)
  oM3 ✅ Verified (5000 tests)
  oE0 ✅ Verified (5000 tests)
  oE1 ✅ Verified (5000 tests)
  oE2 ❌ FAILED
  Saved: runs/int2float_best_trans.txt
  Saved: runs/int2float_best_anf.poly (464 terms)
  Saved: runs/int2float_verify.txt

Total time: 117.28 s
munmap_chunk(): invalid pointer
