--- Circuit ---
  Inputs: 16, Outputs to optimize: 8

Phase 1: Computing truth table...
  Truth table: 2^16 = 65536 inputs, 1024 batches, 8 output(s), 104 thread(s)

Phase 2: Raw ANF baseline...
  Sum T = 502
  Max deg = 9
    om_7: T=255, m=9
    om_6: T=127, m=8
    om_5: T=63, m=7
    om_4: T=31, m=6
    om_3: T=15, m=5
    om_2: T=7, m=4
    om_1: T=3, m=3
    om_0: T=1, m=2

Phase 2c: d1c product-based simplification...
    Searched 8 output(s), 0 improved
    d1c time: 9.91226 s

Phase 2b: Computing Aut(F) basis...
  dim(Aut(F)) = 4
  basis vectors: 1 8 16 32
  Aut(F) time: 0.0126338 s
  Dependency union: 16/16 bits (0 don't-care)

Phase 3: Computing Walsh correlations...
  Output om_7 top-5 bits: 8(129) 9(129) 10(129) 11(129) 12(129)
  Output om_6 top-5 bits: 8(128) 9(128) 10(128) 11(128) 12(128)
  Output om_5 top-5 bits: 8(128) 9(128) 10(128) 11(128) 12(128)
  Output om_4 top-5 bits: 8(128) 9(128) 10(128) 11(128) 12(128)
  Output om_3 top-5 bits: 8(128) 9(128) 10(128) 11(128) 12(128)
  Output om_2 top-5 bits: 8(128) 9(128) 10(128) 11(128) 12(128)
  Output om_1 top-5 bits: 8(128) 9(128) 10(128) 11(128) 12(128)
  Output om_0 top-5 bits: 8(128) 9(128) 10(128) 11(128) 12(128)
  Walsh time: 0.0290985 s

Phase 4: Searching for M,b...
  4a-pr: Progressive M construction (max m=24)...
    progressive result: m=16 T_union=516
    progressive time: 0.00536735 s
  4a: Single-row Walsh (80 candidates)
  4b: Multi-row Walsh (10 progressive + pair combinations)
  4c: Random M,b (100000 candidates)
  Search time: 202.192 s
  4e: Hill climbing from top 100000 candidates (+ identity)
    hill climb #0: T=516 -> T=50
    hill climb from identity: T=516 -> T=50
    Hill climb time: 17.3103 s

========================================
  Results (100101 candidates evaluated)
  Raw ANF Sum T = 502
========================================
  1. m=16 T=36 (union=50, compression 10.04×) M=[10000000..; 01000000..; 00100000..; 00010000..; 00001000..; 00000100..; 00000010..; 00000001..; 00000000..; 00000000..; 00000000..; 00000000..; 00000000..; 00000000..; 00000000..; 00000000..]
    Per-output T: om_7=8 om_6=7 om_5=6 om_4=5 om_3=4 om_2=3 om_1=2 om_0=1
  2. m=16 T=36 (union=50, compression 10.04×) M=[10000000..; 01000000..; 00100000..; 00010000..; 00001000..; 00000100..; 00000010..; 00000001..; 00000000..; 00000000..; 00000000..; 00000000..; 00000000..; 00000000..; 00000000..; 00000000..]
    Per-output T: om_7=8 om_6=7 om_5=6 om_4=5 om_3=4 om_2=3 om_1=2 om_0=1
  3. m=16 T=502 (union=516, compression 0.972868×) M=[10000000..; 01000000..; 00100000..; 00010000..; 00001000..; 00000100..; 00000010..; 00000001..; 00000000..; 00000000..; 00000000..; 00000000..; 00000000..; 00000000..; 00000000..; 00000000..]
  4. m=1 T=9223372036854775807 (union=9223372036854775807, compression 5.44269e-17×) M=[00000000..]
  5. m=1 T=9223372036854775807 (union=9223372036854775807, compression 5.44269e-17×) M=[00000000..]
  6. m=1 T=9223372036854775807 (union=9223372036854775807, compression 5.44269e-17×) M=[00000000..]
  7. m=1 T=9223372036854775807 (union=9223372036854775807, compression 5.44269e-17×) M=[00000000..]
  8. m=1 T=9223372036854775807 (union=9223372036854775807, compression 5.44269e-17×) M=[00000000..]
  9. m=1 T=9223372036854775807 (union=9223372036854775807, compression 5.44269e-17×) M=[00000000..]
  10. m=1 T=9223372036854775807 (union=9223372036854775807, compression 5.44269e-17×) M=[00000000..]
  11. m=1 T=9223372036854775807 (union=9223372036854775807, compression 5.44269e-17×) M=[00000000..]
  12. m=1 T=9223372036854775807 (union=9223372036854775807, compression 5.44269e-17×) M=[00000000..]
  13. m=1 T=9223372036854775807 (union=9223372036854775807, compression 5.44269e-17×) M=[00000000..]
  14. m=1 T=9223372036854775807 (union=9223372036854775807, compression 5.44269e-17×) M=[00000010..]
  15. m=1 T=9223372036854775807 (union=9223372036854775807, compression 5.44269e-17×) M=[00000000..]
  16. m=1 T=9223372036854775807 (union=9223372036854775807, compression 5.44269e-17×) M=[00000000..]
  17. m=1 T=9223372036854775807 (union=9223372036854775807, compression 5.44269e-17×) M=[00000000..]
  18. m=1 T=9223372036854775807 (union=9223372036854775807, compression 5.44269e-17×) M=[00000000..]
  19. m=1 T=9223372036854775807 (union=9223372036854775807, compression 5.44269e-17×) M=[00100000..]
  20. m=1 T=9223372036854775807 (union=9223372036854775807, compression 5.44269e-17×) M=[00100000..]

Best candidate: m=16, T_sum=36, T_union=50
// Transform z = Mx + b (GF(2)):
// m=16, n=16
// z_0 = i9 + i1
// z_1 = i8
// z_2 = i7 + i15
// z_3 = i6 + i14
// z_4 = i5 + i13
// z_5 = i4 + i12
// z_6 = i3 + i11
// z_7 = i2 + i10
// z_8 = i15 + i14
// z_9 = i14 + i13
// z_10 = i13 + i12
// z_11 = i12 + i11
// z_12 = i11 + i10
// z_13 = i10 + i1
// z_14 = i1
// z_15 = i0
  Evaluating best candidate for output...
  Saved affine: /home/wangfz/bool/cpp/results/hd03/hd03_d3_opt1.affine (s=16, n=16)
  Saved poly: /home/wangfz/bool/cpp/results/hd03/hd03_d3_opt1.poly (m=16, 8 outputs, 72 terms)
  Saved stats: /home/wangfz/bool/cpp/results/hd03/hd03_d3_opt1_stats.txt (n=16, k=8, sum_T=36, union_T=50)

Total time: 229.455 s
