--- Circuit ---
  Inputs: 16, Outputs: 8, Gates: 64
  Max-m: 6, Pool-rows: 30, Hill-climb: 100000

Phase 1: Per-output sparse-g enumeration
  Output 0/8 (om_7)...
    Scoring 48 pool rows...
    m=16 T=257 [0.00080478 s]
  Output 1/8 (om_6)...
    Scoring 48 pool rows...
    m=16 T=129 [0.000893778 s]
  Output 2/8 (om_5)...
    Scoring 48 pool rows...
    m=16 T=65 [0.00107097 s]
  Output 3/8 (om_4)...
    Scoring 48 pool rows...
    m=16 T=33 [0.00135797 s]
  Output 4/8 (om_3)...
    Scoring 48 pool rows...
    m=16 T=17 [0.00194834 s]
  Output 5/8 (om_2)...
    Scoring 48 pool rows...
    m=16 T=9 [0.00310683 s]
  Output 6/8 (om_1)...
    Scoring 48 pool rows...
    m=16 T=5 [0.00526712 s]
  Output 7/8 (om_0)...
    Scoring 48 pool rows...
    m=16 T=3 [0.00968889 s]

=== Results ===
  Sum T = 518
  om_7: T=257 m=16
  om_6: T=129 m=16
  om_5: T=65 m=16
  om_4: T=33 m=16
  om_3: T=17 m=16
  om_2: T=9 m=16
  om_1: T=5 m=16
  om_0: T=3 m=16
  Sum T = 502
  Union T = 502
  Saved: /home/wangfz/bool/cpp/results/hd03/hd03_d2_opt2.affine (s=128, n=16)
  Saved: /home/wangfz/bool/cpp/results/hd03/hd03_d2_opt2.poly (m=128, 8 outputs)
  Saved: /home/wangfz/bool/cpp/results/hd03/hd03_d2_opt2_stats.txt (sum_T=502, union_T=502)
  Saved: /home/wangfz/bool/cpp/results/hd03/hd03_d2_opt2_verify.txt

Total time: 0.0394392 s
